#
# A fatal error has been detected by the Java Runtime Environment:
#
#  EXCEPTION_ACCESS_VIOLATION (0xc0000005) at pc=0x00007ff8b90044da, pid=4468, tid=0x0000000000004cd8
#
# JRE version: Java(TM) SE Runtime Environment (8.0_131-b11) (build 1.8.0_131-b11)
# Java VM: Java HotSpot(TM) 64-Bit Server VM (25.131-b11 mixed mode windows-amd64 compressed oops)
# Problematic frame:
# C  [msvcrt.dll+0x744da]
#
# Failed to write core dump. Minidumps are not enabled by default on client versions of Windows
#
# If you would like to submit a bug report, please visit:
#   http://bugreport.java.com/bugreport/crash.jsp
# The crash happened outside the Java Virtual Machine in native code.
# See problematic frame for where to report the bug.
#

---------------  T H R E A D  ---------------

Current thread (0x0000000021816800):  JavaThread "Thread-71" daemon [_thread_in_native, id=19672, stack(0x000000003ba10000,0x000000003bb10000)]

siginfo: ExceptionCode=0xc0000005, reading address 0x0000000039ed00c0

Registers:
RAX=0x000000003bb0e91c, RBX=0x00000000364dabc0, RCX=0xfffffffffffffff4, RDX=0xfffffffffe3c17b4
RSP=0x000000003bb0e718, RBP=0x000000003bb0e91c, RSI=0x0000000000000050, RDI=0x0000000000000000
R8 =0x0000000000000044, R9 =0x0000000000000053, R10=0x0000000000000007, R11=0x000000003bb0e8cc
R12=0x0000000000008000, R13=0x0000000000000050, R14=0x0000000000000050, R15=0x0000000000000000
RIP=0x00007ff8b90044da, EFLAGS=0x0000000000010293

Top of Stack: (sp=0x000000003bb0e718)
0x000000003bb0e718:   00007ff88db37703 0000000000000000
0x000000003bb0e728:   0000000039ed0080 0000000000008000
0x000000003bb0e738:   000000003bb0e9f0 0000000035e60140
0x000000003bb0e748:   000000003bb0e8e8 0000000036a17a00
0x000000003bb0e758:   0000000031ad1f00 000000003bb0e9f0
0x000000003bb0e768:   0000000000000001 000000003bb0e860
0x000000003bb0e778:   000000003bb0e858 000000003583c280
0x000000003bb0e788:   00000000362bb800 000000003bb0e858
0x000000003bb0e798:   00000000000000bc 0000000000000000
0x000000003bb0e7a8:   00007ff88dbe4c65 0000000035d5ecc0
0x000000003bb0e7b8:   00000000370d4250 80000000000000bc
0x000000003bb0e7c8:   0000000000000000 00000000017b0000
0x000000003bb0e7d8:   00000000364dabc0 00000000017b0000
0x000000003bb0e7e8:   0000000000000001 000000003bb0e860
0x000000003bb0e7f8:   000000003bb0e858 000000003583c280
0x000000003bb0e808:   00000000362bb800 0000000000000000 

Instructions: (pc=0x00007ff8b90044da)
0x00007ff8b90044ba:   84 00 00 00 00 00 90 90 90 90 90 90 48 83 fa f0
0x00007ff8b90044ca:   77 74 48 8b c1 83 e1 0f 74 11 4c 2b c1 48 f7 d9
0x00007ff8b90044da:   f3 0f 6f 44 10 f0 f3 0f 7f 40 f0 48 03 c8 4d 8b
0x00007ff8b90044ea:   c8 49 c1 e9 05 49 81 f9 00 20 00 00 0f 87 76 00 


Register to memory mapping:

RAX=0x000000003bb0e91c is pointing into the stack for thread: 0x0000000021816800
RBX=0x00000000364dabc0 is an unknown value
RCX=0xfffffffffffffff4 is an unknown value
RDX=0xfffffffffe3c17b4 is an unknown value
RSP=0x000000003bb0e718 is pointing into the stack for thread: 0x0000000021816800
RBP=0x000000003bb0e91c is pointing into the stack for thread: 0x0000000021816800
RSI=0x0000000000000050 is an unknown value
RDI=0x0000000000000000 is an unknown value
R8 =0x0000000000000044 is an unknown value
R9 =0x0000000000000053 is an unknown value
R10=0x0000000000000007 is an unknown value
R11=0x000000003bb0e8cc is pointing into the stack for thread: 0x0000000021816800
R12=0x0000000000008000 is an unknown value
R13=0x0000000000000050 is an unknown value
R14=0x0000000000000050 is an unknown value
R15=0x0000000000000000 is an unknown value


Stack: [0x000000003ba10000,0x000000003bb10000],  sp=0x000000003bb0e718,  free space=1017k
Native frames: (J=compiled Java code, j=interpreted, Vv=VM code, C=native code)
C  [msvcrt.dll+0x744da]
C  [avformat-58.dll+0x27703]
C  [avformat-58.dll+0xd4c65]
C  [avformat-58.dll+0xd5b2e]
C  [avformat-58.dll+0xd5c52]
C  [avformat-58.dll+0x168c4b]
C  [avformat-58.dll+0x16c13b]
C  [avformat-58.dll+0x16d11b]
C  [avformat-58.dll+0x67232]
C  [avformat-58.dll+0x168c4b]
C  [avformat-58.dll+0x16c13b]
C  [avformat-58.dll+0x1708a0]
C  0x00000000035b7f74

Java frames: (J=compiled Java code, j=interpreted, Vv=VM code)
j  org.bytedeco.javacpp.avformat.avformat_find_stream_info(Lorg/bytedeco/javacpp/avformat$AVFormatContext;Lorg/bytedeco/javacpp/PointerPointer;)I+0
j  org.bytedeco.javacv.FFmpegFrameGrabber.startUnsafe()V+727
j  org.bytedeco.javacv.FFmpegFrameGrabber.start()V+1
j  com.nieyue.util.CVUtil$1.run()V+123
v  ~StubRoutines::call_stub

---------------  P R O C E S S  ---------------

Java Threads: ( => current thread )
=>0x0000000021816800 JavaThread "Thread-71" daemon [_thread_in_native, id=19672, stack(0x000000003ba10000,0x000000003bb10000)]
  0x0000000021809000 JavaThread "Thread-70" daemon [_thread_in_native, id=13640, stack(0x000000003a910000,0x000000003aa10000)]
  0x000000002180f000 JavaThread "JavaCPP Deallocator" daemon [_thread_blocked, id=25756, stack(0x00000000350f0000,0x00000000351f0000)]
  0x000000002180d800 JavaThread "commons-pool-evictor-thread" daemon [_thread_blocked, id=18232, stack(0x0000000034ff0000,0x00000000350f0000)]
  0x000000002180c000 JavaThread "RMI TCP Connection(idle)" daemon [_thread_blocked, id=15172, stack(0x0000000034df0000,0x0000000034ef0000)]
  0x0000000021816000 JavaThread "elastic-evictor-1" daemon [_thread_blocked, id=22208, stack(0x0000000034af0000,0x0000000034bf0000)]
  0x0000000021810000 JavaThread "SimplePauseDetectorThread_2" daemon [_thread_blocked, id=10936, stack(0x00000000349f0000,0x0000000034af0000)]
  0x0000000021811800 JavaThread "SimplePauseDetectorThread_1" daemon [_thread_blocked, id=10980, stack(0x00000000348f0000,0x00000000349f0000)]
  0x0000000021815000 JavaThread "SimplePauseDetectorThread_0" daemon [_thread_blocked, id=2504, stack(0x00000000347f0000,0x00000000348f0000)]
  0x0000000021813800 JavaThread "Thread-63" daemon [_thread_blocked, id=25016, stack(0x00000000346f0000,0x00000000347f0000)]
  0x0000000021807800 JavaThread "lettuce-eventExecutorLoop-1-2" daemon [_thread_blocked, id=17468, stack(0x00000000345f0000,0x00000000346f0000)]
  0x000000002180e800 JavaThread "lettuce-nioEventLoop-4-1" daemon [_thread_in_native, id=11840, stack(0x00000000334d0000,0x00000000335d0000)]
  0x000000002180d000 JavaThread "ObjectCleanerThread" daemon [_thread_blocked, id=27964, stack(0x00000000333d0000,0x00000000334d0000)]
  0x000000002180a000 JavaThread "DestroyJavaVM" [_thread_blocked, id=21840, stack(0x00000000032a0000,0x00000000033a0000)]
  0x000000002180a800 JavaThread "SessionValidationThread-1" daemon [_thread_blocked, id=15780, stack(0x0000000032300000,0x0000000032400000)]
  0x0000000021808800 JavaThread "http-nio-8080-AsyncTimeout" daemon [_thread_blocked, id=23992, stack(0x0000000031800000,0x0000000031900000)]
  0x0000000021800000 JavaThread "http-nio-8080-Acceptor-0" daemon [_thread_in_native, id=30112, stack(0x0000000031700000,0x0000000031800000)]
  0x0000000021804800 JavaThread "http-nio-8080-ClientPoller-1" daemon [_thread_in_native, id=10200, stack(0x0000000031600000,0x0000000031700000)]
  0x0000000021804000 JavaThread "http-nio-8080-ClientPoller-0" daemon [_thread_in_native, id=16024, stack(0x0000000031500000,0x0000000031600000)]
  0x0000000021807000 JavaThread "http-nio-8080-exec-200" daemon [_thread_blocked, id=28456, stack(0x0000000031400000,0x0000000031500000)]
  0x0000000021803000 JavaThread "http-nio-8080-exec-199" daemon [_thread_blocked, id=22116, stack(0x0000000031300000,0x0000000031400000)]
  0x0000000021801800 JavaThread "http-nio-8080-exec-198" daemon [_thread_blocked, id=18344, stack(0x0000000031200000,0x0000000031300000)]
  0x00000000217ff800 JavaThread "http-nio-8080-exec-197" daemon [_thread_blocked, id=12180, stack(0x0000000031100000,0x0000000031200000)]
  0x0000000021806000 JavaThread "http-nio-8080-exec-196" daemon [_thread_blocked, id=24476, stack(0x0000000031000000,0x0000000031100000)]
  0x0000000021805800 JavaThread "http-nio-8080-exec-195" daemon [_thread_blocked, id=8048, stack(0x0000000030cc0000,0x0000000030dc0000)]
  0x0000000021801000 JavaThread "http-nio-8080-exec-194" daemon [_thread_blocked, id=11360, stack(0x0000000030bc0000,0x0000000030cc0000)]
  0x0000000021802800 JavaThread "http-nio-8080-exec-193" daemon [_thread_blocked, id=5784, stack(0x0000000030ac0000,0x0000000030bc0000)]
  0x00000000217bc800 JavaThread "http-nio-8080-exec-192" daemon [_thread_blocked, id=1528, stack(0x00000000309c0000,0x0000000030ac0000)]
  0x00000000217b5000 JavaThread "http-nio-8080-exec-191" daemon [_thread_blocked, id=11408, stack(0x00000000308c0000,0x00000000309c0000)]
  0x00000000217bc000 JavaThread "http-nio-8080-exec-190" daemon [_thread_blocked, id=21496, stack(0x00000000307c0000,0x00000000308c0000)]
  0x00000000217b4800 JavaThread "http-nio-8080-exec-189" daemon [_thread_blocked, id=16800, stack(0x00000000306c0000,0x00000000307c0000)]
  0x00000000217bb000 JavaThread "http-nio-8080-exec-188" daemon [_thread_blocked, id=12080, stack(0x00000000305c0000,0x00000000306c0000)]
  0x00000000217b3800 JavaThread "http-nio-8080-exec-187" daemon [_thread_blocked, id=8980, stack(0x00000000304c0000,0x00000000305c0000)]
  0x00000000217b9000 JavaThread "http-nio-8080-exec-186" daemon [_thread_blocked, id=23932, stack(0x00000000303c0000,0x00000000304c0000)]
  0x00000000217b9800 JavaThread "http-nio-8080-exec-185" daemon [_thread_blocked, id=12404, stack(0x00000000302c0000,0x00000000303c0000)]
  0x00000000217b8000 JavaThread "http-nio-8080-exec-184" daemon [_thread_blocked, id=1328, stack(0x00000000301c0000,0x00000000302c0000)]
  0x00000000217b6000 JavaThread "http-nio-8080-exec-183" daemon [_thread_blocked, id=24012, stack(0x00000000300c0000,0x00000000301c0000)]
  0x00000000217ba800 JavaThread "http-nio-8080-exec-182" daemon [_thread_blocked, id=18768, stack(0x000000002ffc0000,0x00000000300c0000)]
  0x00000000217b6800 JavaThread "http-nio-8080-exec-181" daemon [_thread_blocked, id=17708, stack(0x000000002fec0000,0x000000002ffc0000)]
  0x00000000217b7800 JavaThread "http-nio-8080-exec-180" daemon [_thread_blocked, id=18276, stack(0x000000002fdc0000,0x000000002fec0000)]
  0x00000000217ad000 JavaThread "http-nio-8080-exec-179" daemon [_thread_blocked, id=23668, stack(0x000000002fcc0000,0x000000002fdc0000)]
  0x00000000217ac000 JavaThread "http-nio-8080-exec-178" daemon [_thread_blocked, id=28368, stack(0x000000002fbc0000,0x000000002fcc0000)]
  0x00000000217b0000 JavaThread "http-nio-8080-exec-177" daemon [_thread_blocked, id=25896, stack(0x000000002fac0000,0x000000002fbc0000)]
  0x00000000217b3000 JavaThread "http-nio-8080-exec-176" daemon [_thread_blocked, id=8588, stack(0x000000002f9c0000,0x000000002fac0000)]
  0x00000000217ab800 JavaThread "http-nio-8080-exec-175" daemon [_thread_blocked, id=28444, stack(0x000000002f8c0000,0x000000002f9c0000)]
  0x00000000217b2000 JavaThread "http-nio-8080-exec-174" daemon [_thread_blocked, id=18172, stack(0x000000002f7c0000,0x000000002f8c0000)]
  0x00000000217b1800 JavaThread "http-nio-8080-exec-173" daemon [_thread_blocked, id=15600, stack(0x000000002f6c0000,0x000000002f7c0000)]
  0x00000000217af000 JavaThread "http-nio-8080-exec-172" daemon [_thread_blocked, id=8296, stack(0x000000002f5c0000,0x000000002f6c0000)]
  0x00000000217ae800 JavaThread "http-nio-8080-exec-171" daemon [_thread_blocked, id=25712, stack(0x000000002f4c0000,0x000000002f5c0000)]
  0x00000000217b0800 JavaThread "http-nio-8080-exec-170" daemon [_thread_blocked, id=24220, stack(0x000000002f3c0000,0x000000002f4c0000)]
  0x00000000217ad800 JavaThread "http-nio-8080-exec-169" daemon [_thread_blocked, id=3688, stack(0x000000002f2c0000,0x000000002f3c0000)]
  0x00000000217a9800 JavaThread "http-nio-8080-exec-168" daemon [_thread_blocked, id=30400, stack(0x000000002f1c0000,0x000000002f2c0000)]
  0x00000000217a7800 JavaThread "http-nio-8080-exec-167" daemon [_thread_blocked, id=9872, stack(0x000000002f0c0000,0x000000002f1c0000)]
  0x00000000217a9000 JavaThread "http-nio-8080-exec-166" daemon [_thread_blocked, id=8528, stack(0x000000002efc0000,0x000000002f0c0000)]
  0x00000000217aa800 JavaThread "http-nio-8080-exec-165" daemon [_thread_blocked, id=13296, stack(0x000000002eec0000,0x000000002efc0000)]
  0x00000000217a8000 JavaThread "http-nio-8080-exec-164" daemon [_thread_blocked, id=26428, stack(0x000000002edc0000,0x000000002eec0000)]
  0x00000000217a0000 JavaThread "http-nio-8080-exec-163" daemon [_thread_blocked, id=20228, stack(0x000000002ecc0000,0x000000002edc0000)]
  0x00000000217a6800 JavaThread "http-nio-8080-exec-162" daemon [_thread_blocked, id=13556, stack(0x000000002ebc0000,0x000000002ecc0000)]
  0x000000002179f000 JavaThread "http-nio-8080-exec-161" daemon [_thread_blocked, id=8480, stack(0x000000002eac0000,0x000000002ebc0000)]
  0x00000000217a4800 JavaThread "http-nio-8080-exec-160" daemon [_thread_blocked, id=18608, stack(0x000000002e9c0000,0x000000002eac0000)]
  0x00000000217a3000 JavaThread "http-nio-8080-exec-159" daemon [_thread_blocked, id=26732, stack(0x000000002e8c0000,0x000000002e9c0000)]
  0x00000000217a6000 JavaThread "http-nio-8080-exec-158" daemon [_thread_blocked, id=27860, stack(0x000000002e7c0000,0x000000002e8c0000)]
  0x000000002179e800 JavaThread "http-nio-8080-exec-157" daemon [_thread_blocked, id=11116, stack(0x000000002e6c0000,0x000000002e7c0000)]
  0x00000000217a2000 JavaThread "http-nio-8080-exec-156" daemon [_thread_blocked, id=14380, stack(0x000000002e5c0000,0x000000002e6c0000)]
  0x00000000217a3800 JavaThread "http-nio-8080-exec-155" daemon [_thread_blocked, id=19684, stack(0x000000002e4c0000,0x000000002e5c0000)]
  0x00000000217a1800 JavaThread "http-nio-8080-exec-154" daemon [_thread_blocked, id=20556, stack(0x000000002e3c0000,0x000000002e4c0000)]
  0x00000000217a0800 JavaThread "http-nio-8080-exec-153" daemon [_thread_blocked, id=24140, stack(0x000000002e2c0000,0x000000002e3c0000)]
  0x00000000217a5000 JavaThread "http-nio-8080-exec-152" daemon [_thread_blocked, id=25768, stack(0x000000002e1c0000,0x000000002e2c0000)]
  0x000000002179d800 JavaThread "http-nio-8080-exec-151" daemon [_thread_blocked, id=15232, stack(0x000000002e0c0000,0x000000002e1c0000)]
  0x0000000021784800 JavaThread "http-nio-8080-exec-150" daemon [_thread_blocked, id=29912, stack(0x000000002dfc0000,0x000000002e0c0000)]
  0x0000000021784000 JavaThread "http-nio-8080-exec-149" daemon [_thread_blocked, id=13068, stack(0x000000002dec0000,0x000000002dfc0000)]
  0x0000000021783000 JavaThread "http-nio-8080-exec-148" daemon [_thread_blocked, id=16588, stack(0x000000002ddc0000,0x000000002dec0000)]
  0x0000000021782800 JavaThread "http-nio-8080-exec-147" daemon [_thread_blocked, id=15972, stack(0x000000002dcc0000,0x000000002ddc0000)]
  0x0000000021781800 JavaThread "http-nio-8080-exec-146" daemon [_thread_blocked, id=12700, stack(0x000000002dbc0000,0x000000002dcc0000)]
  0x0000000021781000 JavaThread "http-nio-8080-exec-145" daemon [_thread_blocked, id=17160, stack(0x000000002dac0000,0x000000002dbc0000)]
  0x0000000021780000 JavaThread "http-nio-8080-exec-144" daemon [_thread_blocked, id=4624, stack(0x000000002d9c0000,0x000000002dac0000)]
  0x0000000021779800 JavaThread "http-nio-8080-exec-143" daemon [_thread_blocked, id=21220, stack(0x000000002d8c0000,0x000000002d9c0000)]
  0x000000002177f800 JavaThread "http-nio-8080-exec-142" daemon [_thread_blocked, id=16512, stack(0x000000002d7c0000,0x000000002d8c0000)]
  0x000000002177e800 JavaThread "http-nio-8080-exec-141" daemon [_thread_blocked, id=22696, stack(0x000000002d6c0000,0x000000002d7c0000)]
  0x0000000021777000 JavaThread "http-nio-8080-exec-140" daemon [_thread_blocked, id=22740, stack(0x000000002d5c0000,0x000000002d6c0000)]
  0x000000002177e000 JavaThread "http-nio-8080-exec-139" daemon [_thread_blocked, id=10072, stack(0x000000002d4c0000,0x000000002d5c0000)]
  0x000000002177d000 JavaThread "http-nio-8080-exec-138" daemon [_thread_blocked, id=22848, stack(0x000000002d3c0000,0x000000002d4c0000)]
  0x0000000021775800 JavaThread "http-nio-8080-exec-137" daemon [_thread_blocked, id=20920, stack(0x000000002d2c0000,0x000000002d3c0000)]
  0x0000000021778800 JavaThread "http-nio-8080-exec-136" daemon [_thread_blocked, id=11924, stack(0x000000002d1c0000,0x000000002d2c0000)]
  0x000000002177c800 JavaThread "http-nio-8080-exec-135" daemon [_thread_blocked, id=26760, stack(0x000000002d0c0000,0x000000002d1c0000)]
  0x0000000021778000 JavaThread "http-nio-8080-exec-134" daemon [_thread_blocked, id=23628, stack(0x000000002cfc0000,0x000000002d0c0000)]
  0x000000002177b800 JavaThread "http-nio-8080-exec-133" daemon [_thread_blocked, id=25072, stack(0x000000002cec0000,0x000000002cfc0000)]
  0x000000002177b000 JavaThread "http-nio-8080-exec-132" daemon [_thread_blocked, id=12868, stack(0x000000002cdc0000,0x000000002cec0000)]
  0x000000002177a000 JavaThread "http-nio-8080-exec-131" daemon [_thread_blocked, id=21964, stack(0x000000002ccc0000,0x000000002cdc0000)]
  0x0000000021776800 JavaThread "http-nio-8080-exec-130" daemon [_thread_blocked, id=16088, stack(0x000000002cbc0000,0x000000002ccc0000)]
  0x0000000021742000 JavaThread "http-nio-8080-exec-129" daemon [_thread_blocked, id=10520, stack(0x000000002cac0000,0x000000002cbc0000)]
  0x0000000021741800 JavaThread "http-nio-8080-exec-128" daemon [_thread_blocked, id=21812, stack(0x000000002c9c0000,0x000000002cac0000)]
  0x0000000021740800 JavaThread "http-nio-8080-exec-127" daemon [_thread_blocked, id=6184, stack(0x000000002c8c0000,0x000000002c9c0000)]
  0x0000000021743000 JavaThread "http-nio-8080-exec-126" daemon [_thread_blocked, id=20440, stack(0x000000002c7c0000,0x000000002c8c0000)]
  0x0000000021743800 JavaThread "http-nio-8080-exec-125" daemon [_thread_blocked, id=25168, stack(0x000000002c6c0000,0x000000002c7c0000)]
  0x0000000021740000 JavaThread "http-nio-8080-exec-124" daemon [_thread_blocked, id=21340, stack(0x000000002c5c0000,0x000000002c6c0000)]
  0x0000000021738800 JavaThread "http-nio-8080-exec-123" daemon [_thread_blocked, id=30172, stack(0x000000002c4c0000,0x000000002c5c0000)]
  0x000000002173d800 JavaThread "http-nio-8080-exec-122" daemon [_thread_blocked, id=26700, stack(0x000000002c3c0000,0x000000002c4c0000)]
  0x000000002173d000 JavaThread "http-nio-8080-exec-121" daemon [_thread_blocked, id=15544, stack(0x000000002c2c0000,0x000000002c3c0000)]
  0x000000002173a800 JavaThread "http-nio-8080-exec-120" daemon [_thread_blocked, id=28860, stack(0x000000002c1c0000,0x000000002c2c0000)]
  0x0000000021739000 JavaThread "http-nio-8080-exec-119" daemon [_thread_blocked, id=3744, stack(0x000000002c0c0000,0x000000002c1c0000)]
  0x000000002173f000 JavaThread "http-nio-8080-exec-118" daemon [_thread_blocked, id=26540, stack(0x000000002bfc0000,0x000000002c0c0000)]
  0x0000000021737800 JavaThread "http-nio-8080-exec-117" daemon [_thread_blocked, id=15948, stack(0x000000002bec0000,0x000000002bfc0000)]
  0x000000002173e800 JavaThread "http-nio-8080-exec-116" daemon [_thread_blocked, id=15812, stack(0x000000002bdc0000,0x000000002bec0000)]
  0x000000002173c000 JavaThread "http-nio-8080-exec-115" daemon [_thread_blocked, id=24312, stack(0x000000002bcc0000,0x000000002bdc0000)]
  0x0000000021736000 JavaThread "http-nio-8080-exec-114" daemon [_thread_blocked, id=17564, stack(0x000000002bbc0000,0x000000002bcc0000)]
  0x0000000021734800 JavaThread "http-nio-8080-exec-113" daemon [_thread_blocked, id=10344, stack(0x000000002bac0000,0x000000002bbc0000)]
  0x000000002173b800 JavaThread "http-nio-8080-exec-112" daemon [_thread_blocked, id=12552, stack(0x000000002b9c0000,0x000000002bac0000)]
  0x0000000021737000 JavaThread "http-nio-8080-exec-111" daemon [_thread_blocked, id=16860, stack(0x000000002b8c0000,0x000000002b9c0000)]
  0x000000002173a000 JavaThread "http-nio-8080-exec-110" daemon [_thread_blocked, id=26208, stack(0x000000002b7c0000,0x000000002b8c0000)]
  0x0000000021735800 JavaThread "http-nio-8080-exec-109" daemon [_thread_blocked, id=20436, stack(0x000000002b6c0000,0x000000002b7c0000)]
  0x00000000212dd000 JavaThread "http-nio-8080-exec-108" daemon [_thread_blocked, id=16108, stack(0x000000002b5c0000,0x000000002b6c0000)]
  0x00000000212d5800 JavaThread "http-nio-8080-exec-107" daemon [_thread_blocked, id=1804, stack(0x000000002b4c0000,0x000000002b5c0000)]
  0x00000000212db800 JavaThread "http-nio-8080-exec-106" daemon [_thread_blocked, id=28712, stack(0x000000002b3c0000,0x000000002b4c0000)]
  0x00000000212da800 JavaThread "http-nio-8080-exec-105" daemon [_thread_blocked, id=22360, stack(0x000000002b2c0000,0x000000002b3c0000)]
  0x00000000212da000 JavaThread "http-nio-8080-exec-104" daemon [_thread_blocked, id=16796, stack(0x000000002b1c0000,0x000000002b2c0000)]
  0x00000000212d9000 JavaThread "http-nio-8080-exec-103" daemon [_thread_blocked, id=18104, stack(0x000000002b0c0000,0x000000002b1c0000)]
  0x00000000212dc000 JavaThread "http-nio-8080-exec-102" daemon [_thread_blocked, id=27080, stack(0x000000002afc0000,0x000000002b0c0000)]
  0x00000000212d1800 JavaThread "http-nio-8080-exec-101" daemon [_thread_blocked, id=9212, stack(0x000000002aec0000,0x000000002afc0000)]
  0x00000000212d8800 JavaThread "http-nio-8080-exec-100" daemon [_thread_blocked, id=13456, stack(0x000000002adc0000,0x000000002aec0000)]
  0x00000000212d7800 JavaThread "http-nio-8080-exec-99" daemon [_thread_blocked, id=9316, stack(0x000000002acc0000,0x000000002adc0000)]
  0x00000000212d7000 JavaThread "http-nio-8080-exec-98" daemon [_thread_blocked, id=4456, stack(0x000000002abc0000,0x000000002acc0000)]
  0x00000000212d6000 JavaThread "http-nio-8080-exec-97" daemon [_thread_blocked, id=22564, stack(0x000000002aac0000,0x000000002abc0000)]
  0x00000000212cd800 JavaThread "http-nio-8080-exec-96" daemon [_thread_blocked, id=7796, stack(0x000000002a9c0000,0x000000002aac0000)]
  0x00000000212ce800 JavaThread "http-nio-8080-exec-95" daemon [_thread_blocked, id=14124, stack(0x000000002a8c0000,0x000000002a9c0000)]
  0x00000000212d4800 JavaThread "http-nio-8080-exec-94" daemon [_thread_blocked, id=17088, stack(0x000000002a7c0000,0x000000002a8c0000)]
  0x00000000212cf000 JavaThread "http-nio-8080-exec-93" daemon [_thread_blocked, id=1340, stack(0x000000002a6c0000,0x000000002a7c0000)]
  0x00000000212d0800 JavaThread "http-nio-8080-exec-92" daemon [_thread_blocked, id=6028, stack(0x000000002a5c0000,0x000000002a6c0000)]
  0x00000000212d2000 JavaThread "http-nio-8080-exec-91" daemon [_thread_blocked, id=26144, stack(0x000000002a4c0000,0x000000002a5c0000)]
  0x00000000212d3800 JavaThread "http-nio-8080-exec-90" daemon [_thread_blocked, id=19620, stack(0x000000002a3c0000,0x000000002a4c0000)]
  0x00000000212d3000 JavaThread "http-nio-8080-exec-89" daemon [_thread_blocked, id=9456, stack(0x000000002a2c0000,0x000000002a3c0000)]
  0x00000000212d0000 JavaThread "http-nio-8080-exec-88" daemon [_thread_blocked, id=20984, stack(0x000000002a1c0000,0x000000002a2c0000)]
  0x0000000021350000 JavaThread "http-nio-8080-exec-87" daemon [_thread_blocked, id=27812, stack(0x000000002a0c0000,0x000000002a1c0000)]
  0x000000002134f800 JavaThread "http-nio-8080-exec-86" daemon [_thread_blocked, id=15652, stack(0x0000000029fc0000,0x000000002a0c0000)]
  0x000000002134e800 JavaThread "http-nio-8080-exec-85" daemon [_thread_blocked, id=6604, stack(0x0000000029ec0000,0x0000000029fc0000)]
  0x000000002134e000 JavaThread "http-nio-8080-exec-84" daemon [_thread_blocked, id=16964, stack(0x0000000029dc0000,0x0000000029ec0000)]
  0x000000002134d000 JavaThread "http-nio-8080-exec-83" daemon [_thread_blocked, id=18968, stack(0x0000000029cc0000,0x0000000029dc0000)]
  0x0000000021345800 JavaThread "http-nio-8080-exec-82" daemon [_thread_blocked, id=21892, stack(0x0000000029bc0000,0x0000000029cc0000)]
  0x000000002134c800 JavaThread "http-nio-8080-exec-81" daemon [_thread_blocked, id=10584, stack(0x0000000029ac0000,0x0000000029bc0000)]
  0x0000000021345000 JavaThread "http-nio-8080-exec-80" daemon [_thread_blocked, id=29004, stack(0x00000000299c0000,0x0000000029ac0000)]
  0x000000002134b800 JavaThread "http-nio-8080-exec-79" daemon [_thread_blocked, id=11456, stack(0x00000000298c0000,0x00000000299c0000)]
  0x0000000021344000 JavaThread "http-nio-8080-exec-78" daemon [_thread_blocked, id=10648, stack(0x00000000297c0000,0x00000000298c0000)]
  0x000000002134b000 JavaThread "http-nio-8080-exec-77" daemon [_thread_blocked, id=16000, stack(0x00000000296c0000,0x00000000297c0000)]
  0x000000002134a000 JavaThread "http-nio-8080-exec-76" daemon [_thread_blocked, id=30276, stack(0x00000000295c0000,0x00000000296c0000)]
  0x0000000021342800 JavaThread "http-nio-8080-exec-75" daemon [_thread_blocked, id=6872, stack(0x00000000294c0000,0x00000000295c0000)]
  0x0000000021346800 JavaThread "http-nio-8080-exec-74" daemon [_thread_blocked, id=23244, stack(0x00000000293c0000,0x00000000294c0000)]
  0x0000000021349800 JavaThread "http-nio-8080-exec-73" daemon [_thread_blocked, id=16076, stack(0x00000000292c0000,0x00000000293c0000)]
  0x0000000021348800 JavaThread "http-nio-8080-exec-72" daemon [_thread_blocked, id=27284, stack(0x00000000291c0000,0x00000000292c0000)]
  0x0000000021343800 JavaThread "http-nio-8080-exec-71" daemon [_thread_blocked, id=7072, stack(0x00000000290c0000,0x00000000291c0000)]
  0x0000000021348000 JavaThread "http-nio-8080-exec-70" daemon [_thread_blocked, id=4412, stack(0x0000000028fc0000,0x00000000290c0000)]
  0x0000000021341000 JavaThread "http-nio-8080-exec-69" daemon [_thread_blocked, id=19084, stack(0x0000000028ec0000,0x0000000028fc0000)]
  0x0000000021347000 JavaThread "http-nio-8080-exec-68" daemon [_thread_blocked, id=19444, stack(0x0000000028dc0000,0x0000000028ec0000)]
  0x0000000021342000 JavaThread "http-nio-8080-exec-67" daemon [_thread_blocked, id=4428, stack(0x0000000028cc0000,0x0000000028dc0000)]
  0x0000000021312000 JavaThread "http-nio-8080-exec-66" daemon [_thread_blocked, id=17780, stack(0x0000000028bc0000,0x0000000028cc0000)]
  0x0000000021315000 JavaThread "http-nio-8080-exec-65" daemon [_thread_blocked, id=19896, stack(0x0000000028ac0000,0x0000000028bc0000)]
  0x0000000021310000 JavaThread "http-nio-8080-exec-64" daemon [_thread_blocked, id=17208, stack(0x00000000289c0000,0x0000000028ac0000)]
  0x000000002130f800 JavaThread "http-nio-8080-exec-63" daemon [_thread_blocked, id=324, stack(0x00000000288c0000,0x00000000289c0000)]
  0x000000002130e800 JavaThread "http-nio-8080-exec-62" daemon [_thread_blocked, id=12692, stack(0x00000000287c0000,0x00000000288c0000)]
  0x0000000021311000 JavaThread "http-nio-8080-exec-61" daemon [_thread_blocked, id=7788, stack(0x00000000286c0000,0x00000000287c0000)]
  0x0000000021313800 JavaThread "http-nio-8080-exec-60" daemon [_thread_blocked, id=27660, stack(0x00000000285c0000,0x00000000286c0000)]
  0x0000000021314000 JavaThread "http-nio-8080-exec-59" daemon [_thread_blocked, id=13056, stack(0x00000000284c0000,0x00000000285c0000)]
  0x0000000021312800 JavaThread "http-nio-8080-exec-58" daemon [_thread_blocked, id=27720, stack(0x00000000283c0000,0x00000000284c0000)]
  0x0000000021307000 JavaThread "http-nio-8080-exec-57" daemon [_thread_blocked, id=10184, stack(0x00000000282c0000,0x00000000283c0000)]
  0x000000002130b800 JavaThread "http-nio-8080-exec-56" daemon [_thread_blocked, id=8932, stack(0x00000000281c0000,0x00000000282c0000)]
  0x000000002130b000 JavaThread "http-nio-8080-exec-55" daemon [_thread_blocked, id=24556, stack(0x00000000280c0000,0x00000000281c0000)]
  0x000000002130a000 JavaThread "http-nio-8080-exec-54" daemon [_thread_blocked, id=19420, stack(0x0000000027fc0000,0x00000000280c0000)]
  0x000000002130d000 JavaThread "http-nio-8080-exec-53" daemon [_thread_blocked, id=26324, stack(0x0000000027ec0000,0x0000000027fc0000)]
  0x000000002130e000 JavaThread "http-nio-8080-exec-52" daemon [_thread_blocked, id=6300, stack(0x0000000027dc0000,0x0000000027ec0000)]
  0x0000000021305800 JavaThread "http-nio-8080-exec-51" daemon [_thread_blocked, id=26432, stack(0x0000000027cc0000,0x0000000027dc0000)]
  0x0000000021308000 JavaThread "http-nio-8080-exec-50" daemon [_thread_blocked, id=30380, stack(0x0000000027bc0000,0x0000000027cc0000)]
  0x0000000021308800 JavaThread "http-nio-8080-exec-49" daemon [_thread_blocked, id=30632, stack(0x0000000027ac0000,0x0000000027bc0000)]
  0x000000002130c800 JavaThread "http-nio-8080-exec-48" daemon [_thread_blocked, id=10472, stack(0x00000000279c0000,0x0000000027ac0000)]
  0x0000000021309800 JavaThread "http-nio-8080-exec-47" daemon [_thread_blocked, id=15104, stack(0x00000000278c0000,0x00000000279c0000)]
  0x0000000021306800 JavaThread "http-nio-8080-exec-46" daemon [_thread_blocked, id=10108, stack(0x00000000277c0000,0x00000000278c0000)]
  0x000000001ebb5800 JavaThread "http-nio-8080-exec-45" daemon [_thread_blocked, id=15748, stack(0x00000000276c0000,0x00000000277c0000)]
  0x000000001ebb8800 JavaThread "http-nio-8080-exec-44" daemon [_thread_blocked, id=28564, stack(0x00000000275c0000,0x00000000276c0000)]
  0x000000001ebb7800 JavaThread "http-nio-8080-exec-43" daemon [_thread_blocked, id=8808, stack(0x00000000274c0000,0x00000000275c0000)]
  0x000000001ebb7000 JavaThread "http-nio-8080-exec-42" daemon [_thread_blocked, id=30472, stack(0x00000000273c0000,0x00000000274c0000)]
  0x000000001ebb4000 JavaThread "http-nio-8080-exec-41" daemon [_thread_blocked, id=7924, stack(0x00000000272c0000,0x00000000273c0000)]
  0x000000001ebb4800 JavaThread "http-nio-8080-exec-40" daemon [_thread_blocked, id=10464, stack(0x00000000271c0000,0x00000000272c0000)]
  0x000000001ebb3000 JavaThread "http-nio-8080-exec-39" daemon [_thread_blocked, id=8244, stack(0x00000000270c0000,0x00000000271c0000)]
  0x000000001ebb6000 JavaThread "http-nio-8080-exec-38" daemon [_thread_blocked, id=17856, stack(0x0000000026fc0000,0x00000000270c0000)]
  0x000000001ebab800 JavaThread "http-nio-8080-exec-37" daemon [_thread_blocked, id=18872, stack(0x0000000026ec0000,0x0000000026fc0000)]
  0x000000001ebb2800 JavaThread "http-nio-8080-exec-36" daemon [_thread_blocked, id=27352, stack(0x0000000026dc0000,0x0000000026ec0000)]
  0x000000001ebab000 JavaThread "http-nio-8080-exec-35" daemon [_thread_blocked, id=5456, stack(0x0000000026cc0000,0x0000000026dc0000)]
  0x000000001ebb1800 JavaThread "http-nio-8080-exec-34" daemon [_thread_blocked, id=26076, stack(0x0000000026bc0000,0x0000000026cc0000)]
  0x000000001ebaa000 JavaThread "http-nio-8080-exec-33" daemon [_thread_blocked, id=8372, stack(0x0000000026ac0000,0x0000000026bc0000)]
  0x000000001ebb1000 JavaThread "http-nio-8080-exec-32" daemon [_thread_blocked, id=7048, stack(0x00000000269c0000,0x0000000026ac0000)]
  0x000000001eba9800 JavaThread "http-nio-8080-exec-31" daemon [_thread_blocked, id=22132, stack(0x00000000268c0000,0x00000000269c0000)]
  0x000000001ebae800 JavaThread "http-nio-8080-exec-30" daemon [_thread_blocked, id=23828, stack(0x00000000267c0000,0x00000000268c0000)]
  0x000000001ebae000 JavaThread "http-nio-8080-exec-29" daemon [_thread_blocked, id=11228, stack(0x00000000266c0000,0x00000000267c0000)]
  0x000000001ebad000 JavaThread "http-nio-8080-exec-28" daemon [_thread_blocked, id=11920, stack(0x00000000265c0000,0x00000000266c0000)]
  0x000000001ebac800 JavaThread "http-nio-8080-exec-27" daemon [_thread_blocked, id=22196, stack(0x00000000264c0000,0x00000000265c0000)]
  0x000000001ebb0000 JavaThread "http-nio-8080-exec-26" daemon [_thread_blocked, id=18272, stack(0x00000000263c0000,0x00000000264c0000)]
  0x000000001ebaf800 JavaThread "http-nio-8080-exec-25" daemon [_thread_blocked, id=3956, stack(0x00000000262c0000,0x00000000263c0000)]
  0x000000002137c000 JavaThread "http-nio-8080-exec-24" daemon [_thread_blocked, id=11200, stack(0x00000000261c0000,0x00000000262c0000)]
  0x000000002137b800 JavaThread "http-nio-8080-exec-23" daemon [_thread_blocked, id=16052, stack(0x00000000260c0000,0x00000000261c0000)]
  0x000000002137d000 JavaThread "http-nio-8080-exec-22" daemon [_thread_blocked, id=29048, stack(0x0000000025fc0000,0x00000000260c0000)]
  0x0000000021374000 JavaThread "http-nio-8080-exec-21" daemon [_thread_blocked, id=14144, stack(0x0000000025ec0000,0x0000000025fc0000)]
  0x000000002137a800 JavaThread "http-nio-8080-exec-20" daemon [_thread_blocked, id=19228, stack(0x0000000025dc0000,0x0000000025ec0000)]
  0x000000002137a000 JavaThread "http-nio-8080-exec-19" daemon [_thread_blocked, id=20152, stack(0x0000000025cc0000,0x0000000025dc0000)]
  0x0000000021379000 JavaThread "http-nio-8080-exec-18" daemon [_thread_blocked, id=29192, stack(0x0000000025bc0000,0x0000000025cc0000)]
  0x0000000021377800 JavaThread "http-nio-8080-exec-17" daemon [_thread_blocked, id=9620, stack(0x0000000025ac0000,0x0000000025bc0000)]
  0x0000000021378800 JavaThread "http-nio-8080-exec-16" daemon [_thread_blocked, id=15428, stack(0x00000000259c0000,0x0000000025ac0000)]
  0x0000000021370000 JavaThread "http-nio-8080-exec-15" daemon [_thread_blocked, id=4596, stack(0x00000000258c0000,0x00000000259c0000)]
  0x0000000021377000 JavaThread "http-nio-8080-exec-14" daemon [_thread_blocked, id=8348, stack(0x00000000257c0000,0x00000000258c0000)]
  0x0000000021376000 JavaThread "http-nio-8080-exec-13" daemon [_thread_blocked, id=27424, stack(0x00000000256c0000,0x00000000257c0000)]
  0x0000000021373000 JavaThread "http-nio-8080-exec-12" daemon [_thread_blocked, id=28028, stack(0x00000000255c0000,0x00000000256c0000)]
  0x000000002136e800 JavaThread "http-nio-8080-exec-11" daemon [_thread_blocked, id=17868, stack(0x00000000254c0000,0x00000000255c0000)]
  0x0000000021375800 JavaThread "http-nio-8080-exec-10" daemon [_thread_blocked, id=27848, stack(0x00000000253c0000,0x00000000254c0000)]
  0x000000002136e000 JavaThread "http-nio-8080-exec-9" daemon [_thread_blocked, id=16564, stack(0x00000000252c0000,0x00000000253c0000)]
  0x0000000021371800 JavaThread "http-nio-8080-exec-8" daemon [_thread_blocked, id=23776, stack(0x00000000251c0000,0x00000000252c0000)]
  0x0000000021372800 JavaThread "http-nio-8080-exec-7" daemon [_thread_blocked, id=5624, stack(0x00000000250c0000,0x00000000251c0000)]
  0x000000002136f800 JavaThread "http-nio-8080-exec-6" daemon [_thread_blocked, id=18420, stack(0x0000000024fc0000,0x00000000250c0000)]
  0x0000000021374800 JavaThread "http-nio-8080-exec-5" daemon [_thread_blocked, id=10380, stack(0x0000000024ec0000,0x0000000024fc0000)]
  0x0000000021371000 JavaThread "http-nio-8080-exec-4" daemon [_thread_blocked, id=1916, stack(0x0000000024dc0000,0x0000000024ec0000)]
  0x0000000021473800 JavaThread "http-nio-8080-exec-3" daemon [_thread_blocked, id=14844, stack(0x0000000024cc0000,0x0000000024dc0000)]
  0x0000000021472800 JavaThread "http-nio-8080-exec-2" daemon [_thread_blocked, id=27132, stack(0x0000000024bc0000,0x0000000024cc0000)]
  0x0000000021472000 JavaThread "http-nio-8080-exec-1" daemon [_thread_blocked, id=3104, stack(0x0000000024ac0000,0x0000000024bc0000)]
  0x0000000021471000 JavaThread "NioBlockingSelector.BlockPoller-1" daemon [_thread_in_native, id=2620, stack(0x00000000249c0000,0x0000000024ac0000)]
  0x0000000021470800 JavaThread "Live Reload Server" daemon [_thread_in_native, id=13944, stack(0x00000000241c0000,0x00000000242c0000)]
  0x000000002146f800 JavaThread "File Watcher" daemon [_thread_blocked, id=460, stack(0x0000000023fc0000,0x00000000240c0000)]
  0x000000002146f000 JavaThread "Timer-0" daemon [_thread_blocked, id=12496, stack(0x0000000023dc0000,0x0000000023ec0000)]
  0x000000002146e000 JavaThread "quartzScheduler_QuartzSchedulerThread" [_thread_blocked, id=21204, stack(0x0000000023cc0000,0x0000000023dc0000)]
  0x0000000021466800 JavaThread "quartzScheduler_Worker-10" [_thread_blocked, id=10600, stack(0x0000000023bc0000,0x0000000023cc0000)]
  0x0000000021467800 JavaThread "quartzScheduler_Worker-9" [_thread_blocked, id=16492, stack(0x0000000023ac0000,0x0000000023bc0000)]
  0x000000002146a800 JavaThread "quartzScheduler_Worker-8" [_thread_blocked, id=17628, stack(0x00000000239c0000,0x0000000023ac0000)]
  0x0000000021469800 JavaThread "quartzScheduler_Worker-7" [_thread_blocked, id=15924, stack(0x00000000238c0000,0x00000000239c0000)]
  0x000000002146d800 JavaThread "quartzScheduler_Worker-6" [_thread_blocked, id=5564, stack(0x00000000237c0000,0x00000000238c0000)]
  0x0000000021469000 JavaThread "quartzScheduler_Worker-5" [_thread_blocked, id=1476, stack(0x00000000236c0000,0x00000000237c0000)]
  0x0000000021466000 JavaThread "quartzScheduler_Worker-4" [_thread_blocked, id=23356, stack(0x00000000235c0000,0x00000000236c0000)]
  0x0000000021468000 JavaThread "quartzScheduler_Worker-3" [_thread_blocked, id=27496, stack(0x00000000234c0000,0x00000000235c0000)]
  0x000000002146c800 JavaThread "quartzScheduler_Worker-2" [_thread_blocked, id=6224, stack(0x00000000233c0000,0x00000000234c0000)]
  0x000000002146c000 JavaThread "quartzScheduler_Worker-1" [_thread_blocked, id=18096, stack(0x00000000232c0000,0x00000000233c0000)]
  0x000000002146b000 JavaThread "SimplePauseDetectorThread_0" daemon [_thread_blocked, id=30612, stack(0x0000000022ac0000,0x0000000022bc0000)]
  0x0000000021464800 JavaThread "Thread-31" daemon [_thread_blocked, id=30204, stack(0x00000000229c0000,0x0000000022ac0000)]
  0x0000000021465000 JavaThread "container-0" [_thread_blocked, id=26728, stack(0x00000000227c0000,0x00000000228c0000)]
  0x000000001c210000 JavaThread "ContainerBackgroundProcessor[StandardEngine[Tomcat]]" daemon [_thread_blocked, id=27700, stack(0x00000000226c0000,0x00000000227c0000)]
  0x000000001c214000 JavaThread "lettuce-eventExecutorLoop-1-1" daemon [_thread_blocked, id=19524, stack(0x00000000209f0000,0x0000000020af0000)]
  0x000000001c211800 JavaThread "mybatis-plus MapperRefresh" [_thread_blocked, id=2560, stack(0x00000000202f0000,0x00000000203f0000)]
  0x000000001c211000 JavaThread "System Clock" daemon [_thread_blocked, id=11184, stack(0x00000000201f0000,0x00000000202f0000)]
  0x000000001c20e800 JavaThread "Druid-ConnectionPool-Destroy-1836666508" daemon [_thread_blocked, id=6036, stack(0x00000000200f0000,0x00000000201f0000)]
  0x000000001c212800 JavaThread "Druid-ConnectionPool-Create-1836666508" daemon [_thread_blocked, id=22012, stack(0x000000001fff0000,0x00000000200f0000)]
  0x000000001c213000 JavaThread "Abandoned connection cleanup thread" daemon [_thread_blocked, id=13908, stack(0x000000001fdf0000,0x000000001fef0000)]
  0x000000001b91a000 JavaThread "RMI Scheduler(0)" daemon [_thread_blocked, id=7748, stack(0x000000001d170000,0x000000001d270000)]
  0x000000001b759800 JavaThread "RMI TCP Accept-0" daemon [_thread_in_native, id=3060, stack(0x000000001cb70000,0x000000001cc70000)]
  0x000000001b72d000 JavaThread "RMI TCP Accept-60470" daemon [_thread_in_native, id=22628, stack(0x000000001ca70000,0x000000001cb70000)]
  0x000000001b72c000 JavaThread "RMI TCP Accept-0" daemon [_thread_in_native, id=28864, stack(0x000000001c970000,0x000000001ca70000)]
  0x000000001b4fe800 JavaThread "Service Thread" daemon [_thread_blocked, id=30532, stack(0x000000001c870000,0x000000001c970000)]
  0x000000001b46b000 JavaThread "C1 CompilerThread3" daemon [_thread_blocked, id=26140, stack(0x000000001c770000,0x000000001c870000)]
  0x000000001b460800 JavaThread "C2 CompilerThread2" daemon [_thread_blocked, id=4620, stack(0x000000001c670000,0x000000001c770000)]
  0x000000001b45e800 JavaThread "C2 CompilerThread1" daemon [_thread_blocked, id=25108, stack(0x000000001c570000,0x000000001c670000)]
  0x000000001b45c000 JavaThread "C2 CompilerThread0" daemon [_thread_blocked, id=10528, stack(0x000000001c470000,0x000000001c570000)]
  0x000000001b3b0800 JavaThread "Monitor Ctrl-Break" daemon [_thread_in_native, id=21080, stack(0x000000001c370000,0x000000001c470000)]
  0x000000001a478000 JavaThread "Attach Listener" daemon [_thread_blocked, id=14556, stack(0x000000001aaa0000,0x000000001aba0000)]
  0x000000001a477000 JavaThread "Signal Dispatcher" daemon [_thread_blocked, id=25024, stack(0x000000001a9a0000,0x000000001aaa0000)]
  0x0000000003599000 JavaThread "Finalizer" daemon [_thread_blocked, id=12672, stack(0x000000001a840000,0x000000001a940000)]
  0x0000000003598000 JavaThread "Reference Handler" daemon [_thread_blocked, id=25936, stack(0x000000001a340000,0x000000001a440000)]

Other Threads:
  0x0000000018569000 VMThread [stack: 0x000000001a240000,0x000000001a340000] [id=29472]
  0x000000001b75a000 WatcherThread [stack: 0x000000001cc70000,0x000000001cd70000] [id=27088]

VM state:not at safepoint (normal execution)

VM Mutex/Monitor currently owned by a thread: None

Heap:
 PSYoungGen      total 470016K, used 272470K [0x00000000d5b80000, 0x00000000f4400000, 0x0000000100000000)
  eden space 452096K, 57% used [0x00000000d5b80000,0x00000000e5a645b8,0x00000000f1500000)
  from space 17920K, 63% used [0x00000000f3280000,0x00000000f3db1348,0x00000000f4400000)
  to   space 24064K, 0% used [0x00000000f1500000,0x00000000f1500000,0x00000000f2c80000)
 ParOldGen       total 154624K, used 48085K [0x0000000081200000, 0x000000008a900000, 0x00000000d5b80000)
  object space 154624K, 31% used [0x0000000081200000,0x00000000840f5548,0x000000008a900000)
 Metaspace       used 68788K, capacity 72492K, committed 72832K, reserved 1112064K
  class space    used 9132K, capacity 9763K, committed 9856K, reserved 1048576K

Card table byte_map: [0x0000000012960000,0x0000000012d60000] byte_map_base: 0x0000000012557000

Marking Bits: (ParMarkBitMap*) 0x0000000076f5c720
 Begin Bits: [0x0000000013810000, 0x00000000157c8000)
 End Bits:   [0x00000000157c8000, 0x0000000017780000)

Polling page: 0x0000000000df0000

CodeCache: size=245760Kb used=15882Kb max_used=15890Kb free=229877Kb
 bounds [0x00000000035a0000, 0x0000000004530000, 0x00000000125a0000]
 total_blobs=9037 nmethods=8381 adapters=566
 compilation: enabled

Compilation events (10 events):
Event: 168.476 Thread 0x000000001b46b000 8563       1       org.springframework.web.servlet.mvc.condition.ProducesRequestCondition::getContent (5 bytes)
Event: 168.476 Thread 0x000000001b46b000 nmethod 8563 0x0000000004527d50 code [0x0000000004527ea0, 0x0000000004527fb0]
Event: 168.476 Thread 0x000000001b46b000 8564       1       org.apache.tomcat.util.buf.ByteChunk::recycle (10 bytes)
Event: 168.477 Thread 0x000000001b46b000 nmethod 8564 0x0000000004528010 code [0x0000000004528160, 0x0000000004528290]
Event: 168.477 Thread 0x000000001b46b000 8565       1       org.apache.ibatis.cache.CacheKey::update (68 bytes)
Event: 168.478 Thread 0x000000001b46b000 nmethod 8565 0x0000000003c17e50 code [0x0000000003c17fc0, 0x0000000003c18158]
Event: 168.478 Thread 0x000000001b46b000 8566       1       org.apache.ibatis.reflection.ArrayUtil::hashCode (207 bytes)
Event: 168.479 Thread 0x000000001b46b000 nmethod 8566 0x0000000004528310 code [0x0000000004528540, 0x0000000004528b58]
Event: 168.480 Thread 0x000000001b46b000 8567       1       com.alibaba.druid.filter.FilterAdapter::statement_getMoreResults (8 bytes)
Event: 168.481 Thread 0x000000001b46b000 nmethod 8567 0x0000000003c4b6d0 code [0x0000000003c4b880, 0x0000000003c4bbb8]

GC Heap History (10 events):
Event: 18.484 GC heap before
{Heap before GC invocations=17 (full 2):
 PSYoungGen      total 352256K, used 352248K [0x00000000d5b80000, 0x00000000ecc00000, 0x0000000100000000)
  eden space 333824K, 100% used [0x00000000d5b80000,0x00000000ea180000,0x00000000ea180000)
  from space 18432K, 99% used [0x00000000eb680000,0x00000000ec87e130,0x00000000ec880000)
  to   space 21504K, 0% used [0x00000000ea180000,0x00000000ea180000,0x00000000eb680000)
 ParOldGen       total 99840K, used 25316K [0x0000000081200000, 0x0000000087380000, 0x00000000d5b80000)
  object space 99840K, 25% used [0x0000000081200000,0x0000000082ab9140,0x0000000087380000)
 Metaspace       used 54871K, capacity 57668K, committed 57984K, reserved 1099776K
  class space    used 7190K, capacity 7703K, committed 7808K, reserved 1048576K
Event: 18.507 GC heap after
Heap after GC invocations=17 (full 2):
 PSYoungGen      total 355328K, used 18369K [0x00000000d5b80000, 0x00000000f1980000, 0x0000000100000000)
  eden space 333824K, 0% used [0x00000000d5b80000,0x00000000d5b80000,0x00000000ea180000)
  from space 21504K, 85% used [0x00000000ea180000,0x00000000eb3706b8,0x00000000eb680000)
  to   space 23552K, 0% used [0x00000000f0280000,0x00000000f0280000,0x00000000f1980000)
 ParOldGen       total 99840K, used 34177K [0x0000000081200000, 0x0000000087380000, 0x00000000d5b80000)
  object space 99840K, 34% used [0x0000000081200000,0x0000000083360618,0x0000000087380000)
 Metaspace       used 54871K, capacity 57668K, committed 57984K, reserved 1099776K
  class space    used 7190K, capacity 7703K, committed 7808K, reserved 1048576K
}
Event: 19.205 GC heap before
{Heap before GC invocations=18 (full 2):
 PSYoungGen      total 355328K, used 98387K [0x00000000d5b80000, 0x00000000f1980000, 0x0000000100000000)
  eden space 333824K, 23% used [0x00000000d5b80000,0x00000000da9a4810,0x00000000ea180000)
  from space 21504K, 85% used [0x00000000ea180000,0x00000000eb3706b8,0x00000000eb680000)
  to   space 23552K, 0% used [0x00000000f0280000,0x00000000f0280000,0x00000000f1980000)
 ParOldGen       total 99840K, used 34177K [0x0000000081200000, 0x0000000087380000, 0x00000000d5b80000)
  object space 99840K, 34% used [0x0000000081200000,0x0000000083360618,0x0000000087380000)
 Metaspace       used 56321K, capacity 59078K, committed 59136K, reserved 1099776K
  class space    used 7410K, capacity 7910K, committed 7936K, reserved 1048576K
Event: 19.221 GC heap after
Heap after GC invocations=18 (full 2):
 PSYoungGen      total 432128K, used 18536K [0x00000000d5b80000, 0x00000000f2600000, 0x0000000100000000)
  eden space 408576K, 0% used [0x00000000d5b80000,0x00000000d5b80000,0x00000000eea80000)
  from space 23552K, 78% used [0x00000000f0280000,0x00000000f149a2a8,0x00000000f1980000)
  to   space 24576K, 0% used [0x00000000eea80000,0x00000000eea80000,0x00000000f0280000)
 ParOldGen       total 99840K, used 34185K [0x0000000081200000, 0x0000000087380000, 0x00000000d5b80000)
  object space 99840K, 34% used [0x0000000081200000,0x0000000083362618,0x0000000087380000)
 Metaspace       used 56321K, capacity 59078K, committed 59136K, reserved 1099776K
  class space    used 7410K, capacity 7910K, committed 7936K, reserved 1048576K
}
Event: 19.221 GC heap before
{Heap before GC invocations=19 (full 3):
 PSYoungGen      total 432128K, used 18536K [0x00000000d5b80000, 0x00000000f2600000, 0x0000000100000000)
  eden space 408576K, 0% used [0x00000000d5b80000,0x00000000d5b80000,0x00000000eea80000)
  from space 23552K, 78% used [0x00000000f0280000,0x00000000f149a2a8,0x00000000f1980000)
  to   space 24576K, 0% used [0x00000000eea80000,0x00000000eea80000,0x00000000f0280000)
 ParOldGen       total 99840K, used 34185K [0x0000000081200000, 0x0000000087380000, 0x00000000d5b80000)
  object space 99840K, 34% used [0x0000000081200000,0x0000000083362618,0x0000000087380000)
 Metaspace       used 56321K, capacity 59078K, committed 59136K, reserved 1099776K
  class space    used 7410K, capacity 7910K, committed 7936K, reserved 1048576K
Event: 19.697 GC heap after
Heap after GC invocations=19 (full 3):
 PSYoungGen      total 432128K, used 0K [0x00000000d5b80000, 0x00000000f2600000, 0x0000000100000000)
  eden space 408576K, 0% used [0x00000000d5b80000,0x00000000d5b80000,0x00000000eea80000)
  from space 23552K, 0% used [0x00000000f0280000,0x00000000f0280000,0x00000000f1980000)
  to   space 24576K, 0% used [0x00000000eea80000,0x00000000eea80000,0x00000000f0280000)
 ParOldGen       total 154624K, used 48069K [0x0000000081200000, 0x000000008a900000, 0x00000000d5b80000)
  object space 154624K, 31% used [0x0000000081200000,0x00000000840f1548,0x000000008a900000)
 Metaspace       used 56287K, capacity 59024K, committed 59136K, reserved 1099776K
  class space    used 7405K, capacity 7901K, committed 7936K, reserved 1048576K
}
Event: 21.866 GC heap before
{Heap before GC invocations=20 (full 3):
 PSYoungGen      total 432128K, used 408576K [0x00000000d5b80000, 0x00000000f2600000, 0x0000000100000000)
  eden space 408576K, 100% used [0x00000000d5b80000,0x00000000eea80000,0x00000000eea80000)
  from space 23552K, 0% used [0x00000000f0280000,0x00000000f0280000,0x00000000f1980000)
  to   space 24576K, 0% used [0x00000000eea80000,0x00000000eea80000,0x00000000f0280000)
 ParOldGen       total 154624K, used 48069K [0x0000000081200000, 0x000000008a900000, 0x00000000d5b80000)
  object space 154624K, 31% used [0x0000000081200000,0x00000000840f1548,0x000000008a900000)
 Metaspace       used 57073K, capacity 59956K, committed 60160K, reserved 1101824K
  class space    used 7550K, capacity 8073K, committed 8192K, reserved 1048576K
Event: 21.871 GC heap after
Heap after GC invocations=20 (full 3):
 PSYoungGen      total 433152K, used 1712K [0x00000000d5b80000, 0x00000000f4b80000, 0x0000000100000000)
  eden space 408576K, 0% used [0x00000000d5b80000,0x00000000d5b80000,0x00000000eea80000)
  from space 24576K, 6% used [0x00000000eea80000,0x00000000eec2c1b0,0x00000000f0280000)
  to   space 25600K, 0% used [0x00000000f3280000,0x00000000f3280000,0x00000000f4b80000)
 ParOldGen       total 154624K, used 48077K [0x0000000081200000, 0x000000008a900000, 0x00000000d5b80000)
  object space 154624K, 31% used [0x0000000081200000,0x00000000840f3548,0x000000008a900000)
 Metaspace       used 57073K, capacity 59956K, committed 60160K, reserved 1101824K
  class space    used 7550K, capacity 8073K, committed 8192K, reserved 1048576K
}
Event: 24.541 GC heap before
{Heap before GC invocations=21 (full 3):
 PSYoungGen      total 433152K, used 410288K [0x00000000d5b80000, 0x00000000f4b80000, 0x0000000100000000)
  eden space 408576K, 100% used [0x00000000d5b80000,0x00000000eea80000,0x00000000eea80000)
  from space 24576K, 6% used [0x00000000eea80000,0x00000000eec2c1b0,0x00000000f0280000)
  to   space 25600K, 0% used [0x00000000f3280000,0x00000000f3280000,0x00000000f4b80000)
 ParOldGen       total 154624K, used 48077K [0x0000000081200000, 0x000000008a900000, 0x00000000d5b80000)
  object space 154624K, 31% used [0x0000000081200000,0x00000000840f3548,0x000000008a900000)
 Metaspace       used 64612K, capacity 68062K, committed 68352K, reserved 1107968K
  class space    used 8576K, capacity 9150K, committed 9216K, reserved 1048576K
Event: 24.555 GC heap after
Heap after GC invocations=21 (full 3):
 PSYoungGen      total 470016K, used 11460K [0x00000000d5b80000, 0x00000000f4400000, 0x0000000100000000)
  eden space 452096K, 0% used [0x00000000d5b80000,0x00000000d5b80000,0x00000000f1500000)
  from space 17920K, 63% used [0x00000000f3280000,0x00000000f3db1348,0x00000000f4400000)
  to   space 24064K, 0% used [0x00000000f1500000,0x00000000f1500000,0x00000000f2c80000)
 ParOldGen       total 154624K, used 48085K [0x0000000081200000, 0x000000008a900000, 0x00000000d5b80000)
  object space 154624K, 31% used [0x0000000081200000,0x00000000840f5548,0x000000008a900000)
 Metaspace       used 64612K, capacity 68062K, committed 68352K, reserved 1107968K
  class space    used 8576K, capacity 9150K, committed 9216K, reserved 1048576K
}

Deoptimization events (0 events):
No events

Internal exceptions (10 events):
Event: 24.341 Thread 0x000000001b91d800 Exception <a 'java/net/ConnectException': Connection refused: connect> (0x00000000eb516168) thrown at [C:\re\workspace\8-2-build-windows-amd64-cygwin\jdk8u131\8869\hotspot\src\share\vm\prims\jni.cpp, line 735]
Event: 24.383 Thread 0x000000001b91d800 Exception <a 'java/lang/ArrayIndexOutOfBoundsException'> (0x00000000edc83f38) thrown at [C:\re\workspace\8-2-build-windows-amd64-cygwin\jdk8u131\8869\hotspot\src\share\vm\runtime\sharedRuntime.cpp, line 605]
Event: 25.367 Thread 0x000000002180e800 Exception <a 'java/lang/ArrayIndexOutOfBoundsException'> (0x00000000d657dad0) thrown at [C:\re\workspace\8-2-build-windows-amd64-cygwin\jdk8u131\8869\hotspot\src\share\vm\runtime\sharedRuntime.cpp, line 605]
Event: 25.367 Thread 0x000000002180e800 Exception <a 'java/lang/ArrayIndexOutOfBoundsException'> (0x00000000d657e9c0) thrown at [C:\re\workspace\8-2-build-windows-amd64-cygwin\jdk8u131\8869\hotspot\src\share\vm\runtime\sharedRuntime.cpp, line 605]
Event: 25.526 Thread 0x000000001b91d800 Exception <a 'java/lang/ArrayIndexOutOfBoundsException'> (0x00000000d71b7e18) thrown at [C:\re\workspace\8-2-build-windows-amd64-cygwin\jdk8u131\8869\hotspot\src\share\vm\runtime\sharedRuntime.cpp, line 605]
Event: 134.815 Thread 0x0000000021371000 Exception <a 'java/lang/ArrayIndexOutOfBoundsException'> (0x00000000dac0cdc0) thrown at [C:\re\workspace\8-2-build-windows-amd64-cygwin\jdk8u131\8869\hotspot\src\share\vm\runtime\sharedRuntime.cpp, line 605]
Event: 134.823 Thread 0x0000000021473800 Exception <a 'java/lang/ArrayIndexOutOfBoundsException'> (0x00000000dabc21e0) thrown at [C:\re\workspace\8-2-build-windows-amd64-cygwin\jdk8u131\8869\hotspot\src\share\vm\runtime\sharedRuntime.cpp, line 605]
Event: 134.823 Thread 0x0000000021473800 Exception <a 'java/lang/ArrayIndexOutOfBoundsException'> (0x00000000dabc3790) thrown at [C:\re\workspace\8-2-build-windows-amd64-cygwin\jdk8u131\8869\hotspot\src\share\vm\runtime\sharedRuntime.cpp, line 605]
Event: 145.536 Thread 0x0000000021371800 Exception <a 'java/lang/ArrayIndexOutOfBoundsException'> (0x00000000db4bb138) thrown at [C:\re\workspace\8-2-build-windows-amd64-cygwin\jdk8u131\8869\hotspot\src\share\vm\runtime\sharedRuntime.cpp, line 605]
Event: 147.279 Thread 0x0000000021371800 Exception <a 'java/lang/ArrayIndexOutOfBoundsException'> (0x00000000e0efb1b0) thrown at [C:\re\workspace\8-2-build-windows-amd64-cygwin\jdk8u131\8869\hotspot\src\share\vm\runtime\sharedRuntime.cpp, line 605]

Events (10 events):
Event: 168.473 Thread 0x000000001b46b000 flushing nmethod 0x000000000376bd50
Event: 168.474 Thread 0x000000001b46b000 flushing nmethod 0x00000000038b6b90
Event: 168.477 Thread 0x000000001b46b000 flushing nmethod 0x0000000003c17bd0
Event: 168.477 Thread 0x000000001b46b000 flushing nmethod 0x0000000003c17f10
Event: 168.477 Thread 0x000000001b46b000 flushing nmethod 0x0000000003c4b590
Event: 168.478 Thread 0x000000001b46b000 flushing nmethod 0x0000000003d3a250
Event: 168.478 Thread 0x000000001b46b000 flushing nmethod 0x0000000003d3a5d0
Event: 168.478 Thread 0x000000001b46b000 flushing nmethod 0x0000000003d43590
Event: 168.478 Thread 0x000000001b46b000 flushing nmethod 0x0000000003d62750
Event: 168.478 Thread 0x000000001b46b000 flushing nmethod 0x0000000003d6f310


Dynamic libraries:
0x00007ff7edab0000 - 0x00007ff7edae7000 	C:\Program Files\Java\jdk1.8.0_131\bin\java.exe
0x00007ff8b9600000 - 0x00007ff8b97e1000 	C:\WINDOWS\SYSTEM32\ntdll.dll
0x00007ff8b9030000 - 0x00007ff8b90e2000 	C:\WINDOWS\System32\KERNEL32.DLL
0x00007ff8b5c10000 - 0x00007ff8b5e83000 	C:\WINDOWS\System32\KERNELBASE.dll
0x00007ff8b7190000 - 0x00007ff8b7231000 	C:\WINDOWS\System32\ADVAPI32.dll
0x00007ff8b8f90000 - 0x00007ff8b902e000 	C:\WINDOWS\System32\msvcrt.dll
0x00007ff8b6b00000 - 0x00007ff8b6b5b000 	C:\WINDOWS\System32\sechost.dll
0x00007ff8b8e60000 - 0x00007ff8b8f84000 	C:\WINDOWS\System32\RPCRT4.dll
0x00007ff8b7240000 - 0x00007ff8b73d0000 	C:\WINDOWS\System32\USER32.dll
0x00007ff8b59b0000 - 0x00007ff8b59d0000 	C:\WINDOWS\System32\win32u.dll
0x00007ff8b6ad0000 - 0x00007ff8b6af8000 	C:\WINDOWS\System32\GDI32.dll
0x00007ff8b56d0000 - 0x00007ff8b5862000 	C:\WINDOWS\System32\gdi32full.dll
0x00007ff8b58e0000 - 0x00007ff8b597f000 	C:\WINDOWS\System32\msvcp_win.dll
0x00007ff8b65a0000 - 0x00007ff8b669a000 	C:\WINDOWS\System32\ucrtbase.dll
0x00007ff8a9a60000 - 0x00007ff8a9cc9000 	C:\WINDOWS\WinSxS\amd64_microsoft.windows.common-controls_6595b64144ccf1df_6.0.17134.472_none_fb3f9af53068156d\COMCTL32.dll
0x00007ff8b6bf0000 - 0x00007ff8b6f12000 	C:\WINDOWS\System32\combase.dll
0x00007ff8b6860000 - 0x00007ff8b68da000 	C:\WINDOWS\System32\bcryptPrimitives.dll
0x00007ff8b6bc0000 - 0x00007ff8b6bed000 	C:\WINDOWS\System32\IMM32.DLL
0x0000000077990000 - 0x0000000077a62000 	C:\Program Files\Java\jdk1.8.0_131\jre\bin\msvcr100.dll
0x0000000076740000 - 0x0000000076fdc000 	C:\Program Files\Java\jdk1.8.0_131\jre\bin\server\jvm.dll
0x00007ff8b5980000 - 0x00007ff8b59a3000 	C:\WINDOWS\System32\WINMM.dll
0x00007ff8b5630000 - 0x00007ff8b565a000 	C:\WINDOWS\System32\WINMMBASE.dll
0x00007ff8b59d0000 - 0x00007ff8b5a19000 	C:\WINDOWS\System32\cfgmgr32.dll
0x00007ff8b7010000 - 0x00007ff8b7018000 	C:\WINDOWS\System32\PSAPI.DLL
0x00007ff8a4090000 - 0x00007ff8a4099000 	C:\WINDOWS\SYSTEM32\WSOCK32.dll
0x00007ff8b6f20000 - 0x00007ff8b6f8c000 	C:\WINDOWS\System32\WS2_32.dll
0x00007ff8ae740000 - 0x00007ff8ae74a000 	C:\WINDOWS\SYSTEM32\VERSION.dll
0x00000000500d0000 - 0x00000000500df000 	C:\Program Files\Java\jdk1.8.0_131\jre\bin\verify.dll
0x0000000077bb0000 - 0x0000000077bd9000 	C:\Program Files\Java\jdk1.8.0_131\jre\bin\java.dll
0x0000000077b60000 - 0x0000000077b83000 	C:\Program Files\Java\jdk1.8.0_131\jre\bin\instrument.dll
0x0000000077b90000 - 0x0000000077ba6000 	C:\Program Files\Java\jdk1.8.0_131\jre\bin\zip.dll
0x00007ff8b7a00000 - 0x00007ff8b8e40000 	C:\WINDOWS\System32\SHELL32.dll
0x00007ff8b9520000 - 0x00007ff8b95c9000 	C:\WINDOWS\System32\shcore.dll
0x00007ff8b5e90000 - 0x00007ff8b659d000 	C:\WINDOWS\System32\windows.storage.dll
0x00007ff8b6b60000 - 0x00007ff8b6bb1000 	C:\WINDOWS\System32\shlwapi.dll
0x00007ff8b5690000 - 0x00007ff8b56a1000 	C:\WINDOWS\System32\kernel.appcore.dll
0x00007ff8b56b0000 - 0x00007ff8b56cf000 	C:\WINDOWS\System32\profapi.dll
0x00007ff8b66a0000 - 0x00007ff8b66ec000 	C:\WINDOWS\System32\powrprof.dll
0x00007ff8b5680000 - 0x00007ff8b568a000 	C:\WINDOWS\System32\FLTLIB.DLL
0x00007ff8b0d10000 - 0x00007ff8b0d2a000 	C:\Program Files\JetBrains\IntelliJ IDEA 2018.3.2\bin\breakgen64.dll
0x0000000077970000 - 0x000000007798a000 	C:\Program Files\Java\jdk1.8.0_131\jre\bin\net.dll
0x00007ff8b4e90000 - 0x00007ff8b4ef6000 	C:\WINDOWS\system32\mswsock.dll
0x00000000500c0000 - 0x00000000500cd000 	C:\Program Files\Java\jdk1.8.0_131\jre\bin\management.dll
0x0000000077950000 - 0x0000000077961000 	C:\Program Files\Java\jdk1.8.0_131\jre\bin\nio.dll
0x00007ff8a1160000 - 0x00007ff8a1176000 	C:\WINDOWS\system32\napinsp.dll
0x00007ff8a1100000 - 0x00007ff8a111a000 	C:\WINDOWS\system32\pnrpnsp.dll
0x00007ff8b0260000 - 0x00007ff8b0279000 	C:\WINDOWS\system32\NLAapi.dll
0x00007ff8b4c50000 - 0x00007ff8b4d0e000 	C:\WINDOWS\SYSTEM32\DNSAPI.dll
0x00007ff8b9270000 - 0x00007ff8b9278000 	C:\WINDOWS\System32\NSI.dll
0x00007ff8b4c10000 - 0x00007ff8b4c48000 	C:\WINDOWS\SYSTEM32\IPHLPAPI.DLL
0x00007ff8a0d90000 - 0x00007ff8a0d9e000 	C:\WINDOWS\System32\winrnr.dll
0x00007ff8aecd0000 - 0x00007ff8aece5000 	C:\WINDOWS\System32\wshbth.dll
0x00007ff8aac20000 - 0x00007ff8aac2a000 	C:\Windows\System32\rasadhlp.dll
0x00007ff8aacc0000 - 0x00007ff8aad32000 	C:\WINDOWS\System32\fwpuclnt.dll
0x00007ff8b5170000 - 0x00007ff8b5195000 	C:\WINDOWS\SYSTEM32\bcrypt.dll
0x00007ff8b5040000 - 0x00007ff8b5057000 	C:\WINDOWS\SYSTEM32\CRYPTSP.dll
0x00007ff8b4a70000 - 0x00007ff8b4aa3000 	C:\WINDOWS\system32\rsaenh.dll
0x00007ff8b5560000 - 0x00007ff8b5588000 	C:\WINDOWS\SYSTEM32\USERENV.dll
0x00007ff8b5060000 - 0x00007ff8b506b000 	C:\WINDOWS\SYSTEM32\CRYPTBASE.dll
0x00007ff8ad250000 - 0x00007ff8ad266000 	C:\WINDOWS\SYSTEM32\dhcpcsvc6.DLL
0x00007ff8ae470000 - 0x00007ff8ae48a000 	C:\WINDOWS\SYSTEM32\dhcpcsvc.DLL
0x0000000077920000 - 0x0000000077944000 	C:\Program Files\Java\jdk1.8.0_131\jre\bin\sunec.dll
0x00000000765a0000 - 0x0000000076738000 	C:\Program Files\Java\jdk1.8.0_131\jre\bin\awt.dll
0x00007ff8b7930000 - 0x00007ff8b79f2000 	C:\WINDOWS\System32\OLEAUT32.dll
0x00007ff8b2a60000 - 0x00007ff8b2aeb000 	C:\WINDOWS\SYSTEM32\apphelp.dll
0x00007ff89e550000 - 0x00007ff89e60b000 	C:\Users\Administrator\.javacpp\cache\ffmpeg-4.0.2-1.4.3-windows-x86_64.jar\org\bytedeco\javacpp\windows-x86_64\avutil-56.dll
0x000000006fe00000 - 0x000000006fee7000 	C:\Users\Administrator\.javacpp\cache\ffmpeg-4.0.2-1.4.3-windows-x86_64.jar\org\bytedeco\javacpp\windows-x86_64\jniavutil.dll
0x00007ff8ae330000 - 0x00007ff8ae357000 	C:\Users\Administrator\.javacpp\cache\ffmpeg-4.0.2-1.4.3-windows-x86_64.jar\org\bytedeco\javacpp\windows-x86_64\swresample-3.dll
0x0000000070080000 - 0x00000000700ae000 	C:\Users\Administrator\.javacpp\cache\ffmpeg-4.0.2-1.4.3-windows-x86_64.jar\org\bytedeco\javacpp\windows-x86_64\jniswresample.dll
0x00007ff879ee0000 - 0x00007ff87c161000 	C:\Users\Administrator\.javacpp\cache\ffmpeg-4.0.2-1.4.3-windows-x86_64.jar\org\bytedeco\javacpp\windows-x86_64\avcodec-58.dll
0x00007ff8b6970000 - 0x00007ff8b6ac1000 	C:\WINDOWS\System32\ole32.dll
0x000000006a1c0000 - 0x000000006a424000 	C:\Users\Administrator\.javacpp\cache\ffmpeg-4.0.2-1.4.3-windows-x86_64.jar\org\bytedeco\javacpp\windows-x86_64\jniavcodec.dll
0x00007ff88db10000 - 0x00007ff88dfd1000 	C:\Users\Administrator\.javacpp\cache\ffmpeg-4.0.2-1.4.3-windows-x86_64.jar\org\bytedeco\javacpp\windows-x86_64\avformat-58.dll
0x00007ff8b5a20000 - 0x00007ff8b5c02000 	C:\WINDOWS\System32\CRYPT32.dll
0x00007ff8b5660000 - 0x00007ff8b5672000 	C:\WINDOWS\System32\MSASN1.dll
0x000000006abc0000 - 0x000000006ad0a000 	C:\Users\Administrator\.javacpp\cache\ffmpeg-4.0.2-1.4.3-windows-x86_64.jar\org\bytedeco\javacpp\windows-x86_64\jniavformat.dll
0x00007ff89d3e0000 - 0x00007ff89d475000 	C:\Users\Administrator\.javacpp\cache\ffmpeg-4.0.2-1.4.3-windows-x86_64.jar\org\bytedeco\javacpp\windows-x86_64\swscale-5.dll
0x0000000067cc0000 - 0x0000000067cf6000 	C:\Users\Administrator\.javacpp\cache\ffmpeg-4.0.2-1.4.3-windows-x86_64.jar\org\bytedeco\javacpp\windows-x86_64\jniswscale.dll
0x00007ff8aa540000 - 0x00007ff8aa56a000 	C:\Users\Administrator\.javacpp\cache\ffmpeg-4.0.2-1.4.3-windows-x86_64.jar\org\bytedeco\javacpp\windows-x86_64\postproc-55.dll
0x000000006a0c0000 - 0x000000006a0ed000 	C:\Users\Administrator\.javacpp\cache\ffmpeg-4.0.2-1.4.3-windows-x86_64.jar\org\bytedeco\javacpp\windows-x86_64\jnipostproc.dll
0x00007ff896a50000 - 0x00007ff896dd1000 	C:\Users\Administrator\.javacpp\cache\ffmpeg-4.0.2-1.4.3-windows-x86_64.jar\org\bytedeco\javacpp\windows-x86_64\avfilter-7.dll
0x0000000064400000 - 0x0000000064477000 	C:\Users\Administrator\.javacpp\cache\ffmpeg-4.0.2-1.4.3-windows-x86_64.jar\org\bytedeco\javacpp\windows-x86_64\jniavfilter.dll
0x00007ff8a7c00000 - 0x00007ff8a7c2c000 	C:\Users\Administrator\.javacpp\cache\ffmpeg-4.0.2-1.4.3-windows-x86_64.jar\org\bytedeco\javacpp\windows-x86_64\avdevice-58.dll
0x00007ff8b3400000 - 0x00007ff8b3418000 	C:\WINDOWS\SYSTEM32\AVICAP32.dll
0x00007ff8a7bd0000 - 0x00007ff8a7bf9000 	C:\WINDOWS\SYSTEM32\MSVFW32.dll
0x00000000015c0000 - 0x00000000015f9000 	C:\Users\Administrator\.javacpp\cache\ffmpeg-4.0.2-1.4.3-windows-x86_64.jar\org\bytedeco\javacpp\windows-x86_64\jniavdevice.dll
0x00007ff8af910000 - 0x00007ff8afad9000 	C:\WINDOWS\SYSTEM32\dbghelp.dll

VM Arguments:
jvm_args: -XX:TieredStopAtLevel=1 -Xverify:none -Dspring.output.ansi.enabled=always -Dcom.sun.management.jmxremote -Dcom.sun.management.jmxremote.port=60470 -Dcom.sun.management.jmxremote.authenticate=false -Dcom.sun.management.jmxremote.ssl=false -Djava.rmi.server.hostname=localhost -Dspring.liveBeansView.mbeanDomain -Dspring.application.admin.enabled=true -javaagent:C:\Program Files\JetBrains\IntelliJ IDEA 2018.3.2\lib\idea_rt.jar=60471:C:\Program Files\JetBrains\IntelliJ IDEA 2018.3.2\bin -Dfile.encoding=UTF-8 
java_command: com.nieyue.Application
java_class_path (initial): C:\Users\Administrator\AppData\Local\Temp\classpath1039534729.jar;C:\Program Files\JetBrains\IntelliJ IDEA 2018.3.2\lib\idea_rt.jar
Launcher Type: SUN_STANDARD

Environment Variables:
JAVA_HOME=C:\Program Files\Java\jdk1.8.0_131
CLASSPATH=.;C:\Program Files\Java\jdk1.8.0_131\lib\dt.jar;C:\Program Files\Java\jdk1.8.0_131\lib\tools.jar;
PATH=C:\ProgramData\Oracle\Java\javapath;C:\Program Files\Java\jdk1.8.0_131\bin;C:\Program Files\Java\jdk1.8.0_131\jre\bin;C:\windows\system32;C:\windows;C:\windows\System32\Wbem;C:\windows\System32\WindowsPowerShell\v1.0\;C:\Program Files\nodejs\;C:\Program Files\nodejs;C:\Program Files (x86)\MySQL\MySQL Fabric 1.5.2 & MySQL Utilities 1.5.2 1.5\;C:\Program Files (x86)\MySQL\MySQL Fabric 1.5.2 & MySQL Utilities 1.5.2 1.5\Doctrine extensions for PHP\;C:\Program Files\MySQL\MySQL Server 5.6\bin;C:\Program Files\Git\bin;C:\Program Files\Intel\WiFi\bin\;C:\Program Files\Common Files\Intel\WirelessCommon\;C:\Program Files (x86)\NVIDIA Corporation\PhysX\Common;E:\nieyue\gradle\gradle-3.5\bin;C:\Python27;C:\Program Files\Git;E:\nieyue\AndroidStudio\SDKTools\android-sdk-windows\platforms;E:\nieyue\AndroidStudio\SDKTools\android-sdk-windows\tools;E:\nieyue\AndroidStudio\SDKTools\android-sdk-windows\platform-tools;C:\Program Files\TortoiseSVN\bin;C:\Program Files\MongoDB\Server\3.6\bin;E:\nieyue\PHP;C:\Program Files (x86)\Microsoft SQL Server\100\Tools\Binn\;C:\Program Files (x86)\Microsoft SQL Server\100\DTS\Binn\;C:\Program Files (x86)\Microsoft SQL Server\100\Tools\Binn\VSShell\Common7\IDE\;C:\Program Files (x86)\Microsoft VS Code\bin;C:\WINDOWS\system32;C:\WINDOWS;C:\WINDOWS\System32\Wbem;C:\WINDOWS\System32\WindowsPowerShell\v1.0\;C:\WINDOWS\System32\OpenSSH\;E:\nieyue\maven\apache-maven-3.3.3\bin;C:\Go\bin;E:\nieyue\IntelliJIDE\golang\bin;E:\nieyue\Python\Scripts\;E:\nieyue\Python\;C:\Users\Administrator\AppData\Local\Microsoft\WindowsApps;C:\Users\Administrator\AppData\Roaming\npm;C:\Program Files (x86)\Microsoft VS Code\bin;C:\Program Files\Intel\WiFi\bin\;C:\Program Files\Common Files\Intel\WirelessCommon\;;C:\Program Files\JetBrains\IntelliJ IDEA 2018.3.2\bin;;C:\Users\Administrator\go\bin
USERNAME=Administrator
OS=Windows_NT
PROCESSOR_IDENTIFIER=Intel64 Family 6 Model 70 Stepping 1, GenuineIntel



---------------  S Y S T E M  ---------------

OS: Windows 10.0 , 64 bit Build 17134 (10.0.17134.1)

CPU:total 8 (initial active 8) (4 cores per cpu, 2 threads per core) family 6 model 70 stepping 1, cmov, cx8, fxsr, mmx, sse, sse2, sse3, ssse3, sse4.1, sse4.2, popcnt, avx, avx2, aes, clmul, erms, lzcnt, ht, tsc, tscinvbit, bmi1, bmi2

Memory: 4k page, physical 8313132k(2318884k free), swap 14175964k(1907860k free)

vm_info: Java HotSpot(TM) 64-Bit Server VM (25.131-b11) for windows-amd64 JRE (1.8.0_131-b11), built on Mar 15 2017 01:23:53 by "java_re" with MS VC++ 10.0 (VS2010)

time: Sun Jan 06 19:04:06 2019
elapsed time: 168 seconds (0d 0h 2m 48s)

