#
# A fatal error has been detected by the Java Runtime Environment:
#
#  EXCEPTION_ACCESS_VIOLATION (0xc0000005) at pc=0x00007ff8b90044da, pid=7568, tid=0x0000000000002934
#
# JRE version: Java(TM) SE Runtime Environment (8.0_131-b11) (build 1.8.0_131-b11)
# Java VM: Java HotSpot(TM) 64-Bit Server VM (25.131-b11 mixed mode windows-amd64 compressed oops)
# Problematic frame:
# C  [msvcrt.dll+0x744da]
#
# Failed to write core dump. Minidumps are not enabled by default on client versions of Windows
#
# If you would like to submit a bug report, please visit:
#   http://bugreport.java.com/bugreport/crash.jsp
# The crash happened outside the Java Virtual Machine in native code.
# See problematic frame for where to report the bug.
#

---------------  T H R E A D  ---------------

Current thread (0x0000000021b78800):  JavaThread "Thread-88" daemon [_thread_in_native, id=10548, stack(0x0000000046ee0000,0x0000000046fe0000)]

siginfo: ExceptionCode=0xc0000005, reading address 0x0000000031d4211c

Registers:
RAX=0x0000000046fde7ac, RBX=0x000000001dee0840, RCX=0xfffffffffffffff4, RDX=0xffffffffead63980
RSP=0x0000000046fde5a8, RBP=0x0000000046fde7ac, RSI=0x00000000000000ac, RDI=0x0000000000000000
R8 =0x00000000000000a0, R9 =0x0000000000000053, R10=0x0000000000000007, R11=0x0000000046fde700
R12=0x0000000000008000, R13=0x00000000000000ac, R14=0x00000000000000ac, R15=0x0000000000000000
RIP=0x00007ff8b90044da, EFLAGS=0x0000000000010293

Top of Stack: (sp=0x0000000046fde5a8)
0x0000000046fde5a8:   00007ff88db37703 0000000000000000
0x0000000046fde5b8:   0000000031d42080 0000000000008000
0x0000000046fde5c8:   0000000046fde880 00000000365a22c0
0x0000000046fde5d8:   0000000046fde778 000000001df54f00
0x0000000046fde5e8:   0000000031d42070 0000000000000000
0x0000000046fde5f8:   0000000000000037 0000000046fde6f0
0x0000000046fde608:   0000000046fde6e8 0000000031ccd6c0
0x0000000046fde618:   00000000319c2940 0000000046fde6e8
0x0000000046fde628:   00000000000000bc 0000000000000000
0x0000000046fde638:   00007ff88dbe4c65 0000000031ba2180
0x0000000046fde648:   0000000031a4db00 00000000000000bc
0x0000000046fde658:   0000000000000000 0000000000000000
0x0000000046fde668:   000000001dee0840 00000000012b0000
0x0000000046fde678:   0000000000000037 0000000046fde6f0
0x0000000046fde688:   0000000046fde6e8 0000000031ccd6c0
0x0000000046fde698:   00000000319c2940 0000000000000000 

Instructions: (pc=0x00007ff8b90044da)
0x00007ff8b90044ba:   84 00 00 00 00 00 90 90 90 90 90 90 48 83 fa f0
0x00007ff8b90044ca:   77 74 48 8b c1 83 e1 0f 74 11 4c 2b c1 48 f7 d9
0x00007ff8b90044da:   f3 0f 6f 44 10 f0 f3 0f 7f 40 f0 48 03 c8 4d 8b
0x00007ff8b90044ea:   c8 49 c1 e9 05 49 81 f9 00 20 00 00 0f 87 76 00 


Register to memory mapping:

RAX=0x0000000046fde7ac is pointing into the stack for thread: 0x0000000021b78800
RBX=0x000000001dee0840 is an unknown value
RCX=0xfffffffffffffff4 is an unknown value
RDX=0xffffffffead63980 is an unknown value
RSP=0x0000000046fde5a8 is pointing into the stack for thread: 0x0000000021b78800
RBP=0x0000000046fde7ac is pointing into the stack for thread: 0x0000000021b78800
RSI=0x00000000000000ac is an unknown value
RDI=0x0000000000000000 is an unknown value
R8 =0x00000000000000a0 is an unknown value
R9 =0x0000000000000053 is an unknown value
R10=0x0000000000000007 is an unknown value
R11=0x0000000046fde700 is pointing into the stack for thread: 0x0000000021b78800
R12=0x0000000000008000 is an unknown value
R13=0x00000000000000ac is an unknown value
R14=0x00000000000000ac is an unknown value
R15=0x0000000000000000 is an unknown value


Stack: [0x0000000046ee0000,0x0000000046fe0000],  sp=0x0000000046fde5a8,  free space=1017k
Native frames: (J=compiled Java code, j=interpreted, Vv=VM code, C=native code)
C  [msvcrt.dll+0x744da]
C  [avformat-58.dll+0x27703]
C  [avformat-58.dll+0xd4c65]
C  [avformat-58.dll+0xd5b2e]
C  [avformat-58.dll+0xd5c52]
C  [avformat-58.dll+0x168c4b]
C  [avformat-58.dll+0x16c13b]
C  [avformat-58.dll+0x16d11b]
C  [avformat-58.dll+0x67232]
C  [avformat-58.dll+0x168c4b]
C  [avformat-58.dll+0x16c13b]
C  [avformat-58.dll+0x1708a0]
C  0x0000000003247f74

Java frames: (J=compiled Java code, j=interpreted, Vv=VM code)
j  org.bytedeco.javacpp.avformat.avformat_find_stream_info(Lorg/bytedeco/javacpp/avformat$AVFormatContext;Lorg/bytedeco/javacpp/PointerPointer;)I+0
j  org.bytedeco.javacv.FFmpegFrameGrabber.startUnsafe()V+727
J 8988 C1 com.nieyue.util.CVUtil$1.run()V (492 bytes) @ 0x000000000427ad14 [0x000000000427a7c0+0x554]
v  ~StubRoutines::call_stub

---------------  P R O C E S S  ---------------

Java Threads: ( => current thread )
=>0x0000000021b78800 JavaThread "Thread-88" daemon [_thread_in_native, id=10548, stack(0x0000000046ee0000,0x0000000046fe0000)]
  0x0000000021b6e800 JavaThread "Thread-82" daemon [_thread_in_vm, id=6996, stack(0x00000000418e0000,0x00000000419e0000)]
  0x0000000021b75800 JavaThread "Thread-81" daemon [_thread_in_Java, id=12568, stack(0x00000000417e0000,0x00000000418e0000)]
  0x0000000021b74000 JavaThread "Thread-80" daemon [_thread_in_vm, id=29100, stack(0x00000000416e0000,0x00000000417e0000)]
  0x0000000021b73000 JavaThread "JavaCPP Deallocator" daemon [_thread_blocked, id=27256, stack(0x0000000034fe0000,0x00000000350e0000)]
  0x0000000021b74800 JavaThread "commons-pool-evictor-thread" daemon [_thread_blocked, id=7408, stack(0x0000000034ee0000,0x0000000034fe0000)]
  0x0000000021b77800 JavaThread "elastic-evictor-1" daemon [_thread_blocked, id=25052, stack(0x00000000349e0000,0x0000000034ae0000)]
  0x0000000021b72800 JavaThread "SimplePauseDetectorThread_2" daemon [_thread_blocked, id=12060, stack(0x00000000348e0000,0x00000000349e0000)]
  0x0000000021b6b000 JavaThread "SimplePauseDetectorThread_1" daemon [_thread_blocked, id=24728, stack(0x00000000347e0000,0x00000000348e0000)]
  0x0000000021b71800 JavaThread "SimplePauseDetectorThread_0" daemon [_thread_blocked, id=15736, stack(0x00000000346e0000,0x00000000347e0000)]
  0x0000000021b71000 JavaThread "Thread-65" daemon [_thread_blocked, id=26592, stack(0x00000000345e0000,0x00000000346e0000)]
  0x0000000021b6b800 JavaThread "lettuce-eventExecutorLoop-1-2" daemon [_thread_blocked, id=8400, stack(0x00000000344e0000,0x00000000345e0000)]
  0x0000000021b6e000 JavaThread "lettuce-nioEventLoop-4-1" daemon [_thread_in_native, id=7844, stack(0x00000000333d0000,0x00000000334d0000)]
  0x0000000021b6d000 JavaThread "ObjectCleanerThread" daemon [_thread_blocked, id=9644, stack(0x00000000332d0000,0x00000000333d0000)]
  0x0000000021b6c800 JavaThread "DestroyJavaVM" [_thread_blocked, id=7836, stack(0x0000000002b20000,0x0000000002c20000)]
  0x00000000216f8800 JavaThread "SessionValidationThread-1" daemon [_thread_blocked, id=1292, stack(0x0000000031800000,0x0000000031900000)]
  0x00000000216f7800 JavaThread "http-nio-8080-AsyncTimeout" daemon [_thread_blocked, id=8556, stack(0x0000000031700000,0x0000000031800000)]
  0x00000000216fe800 JavaThread "http-nio-8080-Acceptor-0" daemon [_thread_in_native, id=9324, stack(0x0000000031600000,0x0000000031700000)]
  0x00000000216f7000 JavaThread "http-nio-8080-ClientPoller-1" daemon [_thread_in_native, id=21872, stack(0x0000000031500000,0x0000000031600000)]
  0x00000000216fb800 JavaThread "http-nio-8080-ClientPoller-0" daemon [_thread_in_native, id=23820, stack(0x0000000031400000,0x0000000031500000)]
  0x00000000216fa000 JavaThread "http-nio-8080-exec-200" daemon [_thread_blocked, id=9368, stack(0x0000000031300000,0x0000000031400000)]
  0x00000000216fd800 JavaThread "http-nio-8080-exec-199" daemon [_thread_blocked, id=9420, stack(0x0000000031200000,0x0000000031300000)]
  0x00000000216fd000 JavaThread "http-nio-8080-exec-198" daemon [_thread_blocked, id=17356, stack(0x0000000031100000,0x0000000031200000)]
  0x00000000216fc000 JavaThread "http-nio-8080-exec-197" daemon [_thread_blocked, id=27276, stack(0x0000000031000000,0x0000000031100000)]
  0x00000000216f9000 JavaThread "http-nio-8080-exec-196" daemon [_thread_blocked, id=13756, stack(0x0000000030f00000,0x0000000031000000)]
  0x00000000216fa800 JavaThread "http-nio-8080-exec-195" daemon [_thread_blocked, id=7540, stack(0x0000000030e00000,0x0000000030f00000)]
  0x00000000216ef800 JavaThread "http-nio-8080-exec-194" daemon [_thread_blocked, id=27188, stack(0x0000000030b00000,0x0000000030c00000)]
  0x00000000216f5800 JavaThread "http-nio-8080-exec-193" daemon [_thread_blocked, id=13748, stack(0x0000000030a00000,0x0000000030b00000)]
  0x00000000216f6000 JavaThread "http-nio-8080-exec-192" daemon [_thread_blocked, id=24580, stack(0x0000000030900000,0x0000000030a00000)]
  0x00000000216f4800 JavaThread "http-nio-8080-exec-191" daemon [_thread_blocked, id=14012, stack(0x0000000030800000,0x0000000030900000)]
  0x00000000216f4000 JavaThread "http-nio-8080-exec-190" daemon [_thread_blocked, id=29772, stack(0x0000000030700000,0x0000000030800000)]
  0x00000000216f3000 JavaThread "http-nio-8080-exec-189" daemon [_thread_blocked, id=26572, stack(0x0000000030600000,0x0000000030700000)]
  0x00000000216f0000 JavaThread "http-nio-8080-exec-188" daemon [_thread_blocked, id=19564, stack(0x0000000030500000,0x0000000030600000)]
  0x00000000216f1800 JavaThread "http-nio-8080-exec-187" daemon [_thread_blocked, id=13568, stack(0x0000000030400000,0x0000000030500000)]
  0x00000000216f2800 JavaThread "http-nio-8080-exec-186" daemon [_thread_blocked, id=18916, stack(0x0000000030300000,0x0000000030400000)]
  0x00000000216f1000 JavaThread "http-nio-8080-exec-185" daemon [_thread_blocked, id=6180, stack(0x0000000030200000,0x0000000030300000)]
  0x00000000216e8000 JavaThread "http-nio-8080-exec-184" daemon [_thread_blocked, id=1396, stack(0x0000000030100000,0x0000000030200000)]
  0x00000000216ee800 JavaThread "http-nio-8080-exec-183" daemon [_thread_blocked, id=28940, stack(0x0000000030000000,0x0000000030100000)]
  0x00000000216ec800 JavaThread "http-nio-8080-exec-182" daemon [_thread_blocked, id=11420, stack(0x000000002ff00000,0x0000000030000000)]
  0x00000000216eb000 JavaThread "http-nio-8080-exec-181" daemon [_thread_blocked, id=1424, stack(0x000000002fe00000,0x000000002ff00000)]
  0x00000000216ea000 JavaThread "http-nio-8080-exec-180" daemon [_thread_blocked, id=19668, stack(0x000000002fd00000,0x000000002fe00000)]
  0x00000000216ed000 JavaThread "http-nio-8080-exec-179" daemon [_thread_blocked, id=19360, stack(0x000000002fc00000,0x000000002fd00000)]
  0x00000000216eb800 JavaThread "http-nio-8080-exec-178" daemon [_thread_blocked, id=10736, stack(0x000000002fb00000,0x000000002fc00000)]
  0x00000000216e8800 JavaThread "http-nio-8080-exec-177" daemon [_thread_blocked, id=19012, stack(0x000000002fa00000,0x000000002fb00000)]
  0x00000000216e9800 JavaThread "http-nio-8080-exec-176" daemon [_thread_blocked, id=14864, stack(0x000000002f900000,0x000000002fa00000)]
  0x00000000216ee000 JavaThread "http-nio-8080-exec-175" daemon [_thread_blocked, id=9764, stack(0x000000002f800000,0x000000002f900000)]
  0x00000000216e0800 JavaThread "http-nio-8080-exec-174" daemon [_thread_blocked, id=21588, stack(0x000000002f700000,0x000000002f800000)]
  0x00000000216e2000 JavaThread "http-nio-8080-exec-173" daemon [_thread_blocked, id=12280, stack(0x000000002f600000,0x000000002f700000)]
  0x00000000216e6800 JavaThread "http-nio-8080-exec-172" daemon [_thread_blocked, id=17180, stack(0x000000002f500000,0x000000002f600000)]
  0x00000000216e7000 JavaThread "http-nio-8080-exec-171" daemon [_thread_blocked, id=1796, stack(0x000000002f400000,0x000000002f500000)]
  0x00000000216e5000 JavaThread "http-nio-8080-exec-170" daemon [_thread_blocked, id=10660, stack(0x000000002f300000,0x000000002f400000)]
  0x00000000216e2800 JavaThread "http-nio-8080-exec-169" daemon [_thread_blocked, id=14148, stack(0x000000002f200000,0x000000002f300000)]
  0x00000000216e1000 JavaThread "http-nio-8080-exec-168" daemon [_thread_blocked, id=9508, stack(0x000000002f100000,0x000000002f200000)]
  0x00000000216e5800 JavaThread "http-nio-8080-exec-167" daemon [_thread_blocked, id=24352, stack(0x000000002f000000,0x000000002f100000)]
  0x00000000216e3800 JavaThread "http-nio-8080-exec-166" daemon [_thread_blocked, id=16788, stack(0x000000002ef00000,0x000000002f000000)]
  0x00000000216e4000 JavaThread "http-nio-8080-exec-165" daemon [_thread_blocked, id=10304, stack(0x000000002ee00000,0x000000002ef00000)]
  0x00000000216ca800 JavaThread "http-nio-8080-exec-164" daemon [_thread_blocked, id=23528, stack(0x000000002ed00000,0x000000002ee00000)]
  0x00000000216c9000 JavaThread "http-nio-8080-exec-163" daemon [_thread_blocked, id=2816, stack(0x000000002ec00000,0x000000002ed00000)]
  0x00000000216c9800 JavaThread "http-nio-8080-exec-162" daemon [_thread_blocked, id=6480, stack(0x000000002eb00000,0x000000002ec00000)]
  0x00000000216c8000 JavaThread "http-nio-8080-exec-161" daemon [_thread_blocked, id=1904, stack(0x000000002ea00000,0x000000002eb00000)]
  0x00000000216c7800 JavaThread "http-nio-8080-exec-160" daemon [_thread_blocked, id=20212, stack(0x000000002e900000,0x000000002ea00000)]
  0x00000000216c6800 JavaThread "http-nio-8080-exec-159" daemon [_thread_blocked, id=4028, stack(0x000000002e800000,0x000000002e900000)]
  0x00000000216bf000 JavaThread "http-nio-8080-exec-158" daemon [_thread_blocked, id=26520, stack(0x000000002e700000,0x000000002e800000)]
  0x00000000216c6000 JavaThread "http-nio-8080-exec-157" daemon [_thread_blocked, id=17576, stack(0x000000002e600000,0x000000002e700000)]
  0x00000000216c5000 JavaThread "http-nio-8080-exec-156" daemon [_thread_blocked, id=6852, stack(0x000000002e500000,0x000000002e600000)]
  0x00000000216c4800 JavaThread "http-nio-8080-exec-155" daemon [_thread_blocked, id=22092, stack(0x000000002e400000,0x000000002e500000)]
  0x00000000216be800 JavaThread "http-nio-8080-exec-154" daemon [_thread_blocked, id=30152, stack(0x000000002e300000,0x000000002e400000)]
  0x00000000216c3800 JavaThread "http-nio-8080-exec-153" daemon [_thread_blocked, id=5968, stack(0x000000002e200000,0x000000002e300000)]
  0x00000000216c3000 JavaThread "http-nio-8080-exec-152" daemon [_thread_blocked, id=11192, stack(0x000000002e100000,0x000000002e200000)]
  0x00000000216bb000 JavaThread "http-nio-8080-exec-151" daemon [_thread_blocked, id=22240, stack(0x000000002e000000,0x000000002e100000)]
  0x00000000216bd800 JavaThread "http-nio-8080-exec-150" daemon [_thread_blocked, id=26452, stack(0x000000002df00000,0x000000002e000000)]
  0x00000000216c2000 JavaThread "http-nio-8080-exec-149" daemon [_thread_blocked, id=25192, stack(0x000000002de00000,0x000000002df00000)]
  0x00000000216c1800 JavaThread "http-nio-8080-exec-148" daemon [_thread_blocked, id=16640, stack(0x000000002dd00000,0x000000002de00000)]
  0x00000000216c0800 JavaThread "http-nio-8080-exec-147" daemon [_thread_blocked, id=22764, stack(0x000000002dc00000,0x000000002dd00000)]
  0x00000000216bc000 JavaThread "http-nio-8080-exec-146" daemon [_thread_blocked, id=17596, stack(0x000000002db00000,0x000000002dc00000)]
  0x00000000216bc800 JavaThread "http-nio-8080-exec-145" daemon [_thread_blocked, id=22076, stack(0x000000002da00000,0x000000002db00000)]
  0x00000000216c0000 JavaThread "http-nio-8080-exec-144" daemon [_thread_blocked, id=3516, stack(0x000000002d900000,0x000000002da00000)]
  0x00000000216a1800 JavaThread "http-nio-8080-exec-143" daemon [_thread_blocked, id=13576, stack(0x000000002d800000,0x000000002d900000)]
  0x000000002169d800 JavaThread "http-nio-8080-exec-142" daemon [_thread_blocked, id=21276, stack(0x000000002d700000,0x000000002d800000)]
  0x000000002169b800 JavaThread "http-nio-8080-exec-141" daemon [_thread_blocked, id=10336, stack(0x000000002d600000,0x000000002d700000)]
  0x000000002169c000 JavaThread "http-nio-8080-exec-140" daemon [_thread_blocked, id=9532, stack(0x000000002d500000,0x000000002d600000)]
  0x000000002169f000 JavaThread "http-nio-8080-exec-139" daemon [_thread_blocked, id=1784, stack(0x000000002d300000,0x000000002d400000)]
  0x000000002169e800 JavaThread "http-nio-8080-exec-138" daemon [_thread_blocked, id=11520, stack(0x000000002d200000,0x000000002d300000)]
  0x00000000216a0000 JavaThread "http-nio-8080-exec-137" daemon [_thread_blocked, id=2280, stack(0x000000002d100000,0x000000002d200000)]
  0x000000002169d000 JavaThread "http-nio-8080-exec-136" daemon [_thread_blocked, id=27996, stack(0x000000002d000000,0x000000002d100000)]
  0x000000002169a800 JavaThread "http-nio-8080-exec-135" daemon [_thread_blocked, id=4520, stack(0x000000002cf00000,0x000000002d000000)]
  0x0000000021693000 JavaThread "http-nio-8080-exec-134" daemon [_thread_blocked, id=23984, stack(0x000000002ce00000,0x000000002cf00000)]
  0x000000002169a000 JavaThread "http-nio-8080-exec-133" daemon [_thread_blocked, id=15952, stack(0x000000002cd00000,0x000000002ce00000)]
  0x0000000021696800 JavaThread "http-nio-8080-exec-132" daemon [_thread_blocked, id=8132, stack(0x000000002cc00000,0x000000002cd00000)]
  0x0000000021693800 JavaThread "http-nio-8080-exec-131" daemon [_thread_blocked, id=23148, stack(0x000000002cb00000,0x000000002cc00000)]
  0x0000000021695000 JavaThread "http-nio-8080-exec-130" daemon [_thread_blocked, id=20648, stack(0x000000002ca00000,0x000000002cb00000)]
  0x0000000021692000 JavaThread "http-nio-8080-exec-129" daemon [_thread_blocked, id=13980, stack(0x000000002c900000,0x000000002ca00000)]
  0x0000000021694800 JavaThread "http-nio-8080-exec-128" daemon [_thread_blocked, id=29404, stack(0x000000002c800000,0x000000002c900000)]
  0x0000000021698800 JavaThread "http-nio-8080-exec-127" daemon [_thread_blocked, id=29800, stack(0x000000002c700000,0x000000002c800000)]
  0x0000000021697800 JavaThread "http-nio-8080-exec-126" daemon [_thread_blocked, id=17988, stack(0x000000002c600000,0x000000002c700000)]
  0x0000000021696000 JavaThread "http-nio-8080-exec-125" daemon [_thread_blocked, id=19676, stack(0x000000002c500000,0x000000002c600000)]
  0x0000000021699000 JavaThread "http-nio-8080-exec-124" daemon [_thread_blocked, id=14288, stack(0x000000002c400000,0x000000002c500000)]
  0x0000000021679800 JavaThread "http-nio-8080-exec-123" daemon [_thread_blocked, id=22864, stack(0x000000002c300000,0x000000002c400000)]
  0x0000000021678800 JavaThread "http-nio-8080-exec-122" daemon [_thread_blocked, id=16212, stack(0x000000002c200000,0x000000002c300000)]
  0x0000000021677000 JavaThread "http-nio-8080-exec-121" daemon [_thread_blocked, id=6992, stack(0x000000002c100000,0x000000002c200000)]
  0x0000000021676800 JavaThread "http-nio-8080-exec-120" daemon [_thread_blocked, id=27892, stack(0x000000002c000000,0x000000002c100000)]
  0x0000000021678000 JavaThread "http-nio-8080-exec-119" daemon [_thread_blocked, id=25780, stack(0x000000002bf00000,0x000000002c000000)]
  0x0000000021675800 JavaThread "http-nio-8080-exec-118" daemon [_thread_blocked, id=17680, stack(0x000000002be00000,0x000000002bf00000)]
  0x000000002166e000 JavaThread "http-nio-8080-exec-117" daemon [_thread_blocked, id=19788, stack(0x000000002bd00000,0x000000002be00000)]
  0x0000000021674000 JavaThread "http-nio-8080-exec-116" daemon [_thread_blocked, id=6280, stack(0x000000002bc00000,0x000000002bd00000)]
  0x0000000021675000 JavaThread "http-nio-8080-exec-115" daemon [_thread_blocked, id=29184, stack(0x000000002bb00000,0x000000002bc00000)]
  0x0000000021673800 JavaThread "http-nio-8080-exec-114" daemon [_thread_blocked, id=4104, stack(0x000000002ba00000,0x000000002bb00000)]
  0x0000000021671800 JavaThread "http-nio-8080-exec-113" daemon [_thread_blocked, id=22812, stack(0x000000002b900000,0x000000002ba00000)]
  0x0000000021672800 JavaThread "http-nio-8080-exec-112" daemon [_thread_blocked, id=10196, stack(0x000000002b800000,0x000000002b900000)]
  0x000000002166d000 JavaThread "http-nio-8080-exec-111" daemon [_thread_blocked, id=8920, stack(0x000000002b700000,0x000000002b800000)]
  0x000000002166e800 JavaThread "http-nio-8080-exec-110" daemon [_thread_blocked, id=9264, stack(0x000000002b600000,0x000000002b700000)]
  0x000000002166f800 JavaThread "http-nio-8080-exec-109" daemon [_thread_blocked, id=7720, stack(0x000000002b500000,0x000000002b600000)]
  0x0000000021671000 JavaThread "http-nio-8080-exec-108" daemon [_thread_blocked, id=3824, stack(0x000000002b400000,0x000000002b500000)]
  0x000000002166c800 JavaThread "http-nio-8080-exec-107" daemon [_thread_blocked, id=28380, stack(0x000000002b300000,0x000000002b400000)]
  0x000000002166a000 JavaThread "http-nio-8080-exec-106" daemon [_thread_blocked, id=8520, stack(0x000000002b200000,0x000000002b300000)]
  0x0000000021670000 JavaThread "http-nio-8080-exec-105" daemon [_thread_blocked, id=26704, stack(0x000000002b100000,0x000000002b200000)]
  0x000000002166b800 JavaThread "http-nio-8080-exec-104" daemon [_thread_blocked, id=28420, stack(0x000000002b000000,0x000000002b100000)]
  0x000000002166b000 JavaThread "http-nio-8080-exec-103" daemon [_thread_blocked, id=18820, stack(0x000000002af00000,0x000000002b000000)]
  0x0000000021644000 JavaThread "http-nio-8080-exec-102" daemon [_thread_blocked, id=14116, stack(0x000000002ae00000,0x000000002af00000)]
  0x0000000021647800 JavaThread "http-nio-8080-exec-101" daemon [_thread_blocked, id=15784, stack(0x000000002ad00000,0x000000002ae00000)]
  0x0000000021642000 JavaThread "http-nio-8080-exec-100" daemon [_thread_blocked, id=17536, stack(0x000000002ac00000,0x000000002ad00000)]
  0x0000000021646800 JavaThread "http-nio-8080-exec-99" daemon [_thread_blocked, id=5356, stack(0x000000002ab00000,0x000000002ac00000)]
  0x0000000021641000 JavaThread "http-nio-8080-exec-98" daemon [_thread_blocked, id=8332, stack(0x000000002aa00000,0x000000002ab00000)]
  0x0000000021646000 JavaThread "http-nio-8080-exec-97" daemon [_thread_blocked, id=20352, stack(0x000000002a900000,0x000000002aa00000)]
  0x0000000021643800 JavaThread "http-nio-8080-exec-96" daemon [_thread_blocked, id=10688, stack(0x000000002a800000,0x000000002a900000)]
  0x0000000021645000 JavaThread "http-nio-8080-exec-95" daemon [_thread_blocked, id=23604, stack(0x000000002a700000,0x000000002a800000)]
  0x0000000021642800 JavaThread "http-nio-8080-exec-94" daemon [_thread_blocked, id=23224, stack(0x000000002a600000,0x000000002a700000)]
  0x0000000021639800 JavaThread "http-nio-8080-exec-93" daemon [_thread_blocked, id=9424, stack(0x000000002a500000,0x000000002a600000)]
  0x0000000021640800 JavaThread "http-nio-8080-exec-92" daemon [_thread_blocked, id=21440, stack(0x000000002a400000,0x000000002a500000)]
  0x000000002163d800 JavaThread "http-nio-8080-exec-91" daemon [_thread_blocked, id=14688, stack(0x000000002a300000,0x000000002a400000)]
  0x000000002163c800 JavaThread "http-nio-8080-exec-90" daemon [_thread_blocked, id=25868, stack(0x000000002a200000,0x000000002a300000)]
  0x0000000021639000 JavaThread "http-nio-8080-exec-89" daemon [_thread_blocked, id=18076, stack(0x000000002a100000,0x000000002a200000)]
  0x000000002163a800 JavaThread "http-nio-8080-exec-88" daemon [_thread_blocked, id=9604, stack(0x000000002a000000,0x000000002a100000)]
  0x000000002163c000 JavaThread "http-nio-8080-exec-87" daemon [_thread_blocked, id=29644, stack(0x0000000029f00000,0x000000002a000000)]
  0x000000002163e000 JavaThread "http-nio-8080-exec-86" daemon [_thread_blocked, id=28244, stack(0x0000000029e00000,0x0000000029f00000)]
  0x000000002163f800 JavaThread "http-nio-8080-exec-85" daemon [_thread_blocked, id=216, stack(0x0000000029d00000,0x0000000029e00000)]
  0x000000002163b000 JavaThread "http-nio-8080-exec-84" daemon [_thread_blocked, id=1888, stack(0x0000000029c00000,0x0000000029d00000)]
  0x0000000021638000 JavaThread "http-nio-8080-exec-83" daemon [_thread_blocked, id=29280, stack(0x0000000029b00000,0x0000000029c00000)]
  0x000000002163f000 JavaThread "http-nio-8080-exec-82" daemon [_thread_blocked, id=2644, stack(0x0000000029a00000,0x0000000029b00000)]
  0x000000001e99f800 JavaThread "http-nio-8080-exec-81" daemon [_thread_blocked, id=3808, stack(0x0000000029900000,0x0000000029a00000)]
  0x000000001e99e800 JavaThread "http-nio-8080-exec-80" daemon [_thread_blocked, id=24232, stack(0x0000000029800000,0x0000000029900000)]
  0x000000001e99b000 JavaThread "http-nio-8080-exec-79" daemon [_thread_blocked, id=19848, stack(0x0000000029700000,0x0000000029800000)]
  0x000000001e99e000 JavaThread "http-nio-8080-exec-78" daemon [_thread_blocked, id=312, stack(0x0000000029600000,0x0000000029700000)]
  0x000000001e99b800 JavaThread "http-nio-8080-exec-77" daemon [_thread_blocked, id=500, stack(0x0000000029500000,0x0000000029600000)]
  0x000000001e99d000 JavaThread "http-nio-8080-exec-76" daemon [_thread_blocked, id=21880, stack(0x0000000029400000,0x0000000029500000)]
  0x000000001e99c800 JavaThread "http-nio-8080-exec-75" daemon [_thread_blocked, id=27736, stack(0x0000000029300000,0x0000000029400000)]
  0x000000001e99a000 JavaThread "http-nio-8080-exec-74" daemon [_thread_blocked, id=19060, stack(0x0000000029200000,0x0000000029300000)]
  0x000000001e999800 JavaThread "http-nio-8080-exec-73" daemon [_thread_blocked, id=18996, stack(0x0000000029100000,0x0000000029200000)]
  0x000000001e992000 JavaThread "http-nio-8080-exec-72" daemon [_thread_blocked, id=10640, stack(0x0000000029000000,0x0000000029100000)]
  0x000000001e998800 JavaThread "http-nio-8080-exec-71" daemon [_thread_blocked, id=16452, stack(0x0000000028f00000,0x0000000029000000)]
  0x000000001e998000 JavaThread "http-nio-8080-exec-70" daemon [_thread_blocked, id=15604, stack(0x0000000028e00000,0x0000000028f00000)]
  0x000000001e991000 JavaThread "http-nio-8080-exec-69" daemon [_thread_blocked, id=17704, stack(0x0000000028d00000,0x0000000028e00000)]
  0x000000001e992800 JavaThread "http-nio-8080-exec-68" daemon [_thread_blocked, id=29104, stack(0x0000000028c00000,0x0000000028d00000)]
  0x000000001e997000 JavaThread "http-nio-8080-exec-67" daemon [_thread_blocked, id=9768, stack(0x0000000028b00000,0x0000000028c00000)]
  0x000000001e996800 JavaThread "http-nio-8080-exec-66" daemon [_thread_blocked, id=18184, stack(0x0000000028a00000,0x0000000028b00000)]
  0x000000001e995800 JavaThread "http-nio-8080-exec-65" daemon [_thread_blocked, id=716, stack(0x0000000028900000,0x0000000028a00000)]
  0x000000001e995000 JavaThread "http-nio-8080-exec-64" daemon [_thread_blocked, id=20564, stack(0x0000000028800000,0x0000000028900000)]
  0x000000001e994000 JavaThread "http-nio-8080-exec-63" daemon [_thread_blocked, id=29144, stack(0x0000000028700000,0x0000000028800000)]
  0x000000001e993800 JavaThread "http-nio-8080-exec-62" daemon [_thread_blocked, id=28232, stack(0x0000000028600000,0x0000000028700000)]
  0x000000001e990800 JavaThread "http-nio-8080-exec-61" daemon [_thread_blocked, id=16604, stack(0x0000000028500000,0x0000000028600000)]
  0x0000000021529000 JavaThread "http-nio-8080-exec-60" daemon [_thread_blocked, id=26848, stack(0x0000000028400000,0x0000000028500000)]
  0x0000000021530000 JavaThread "http-nio-8080-exec-59" daemon [_thread_blocked, id=22412, stack(0x0000000028300000,0x0000000028400000)]
  0x000000002152d800 JavaThread "http-nio-8080-exec-58" daemon [_thread_blocked, id=18084, stack(0x0000000028200000,0x0000000028300000)]
  0x000000002152b800 JavaThread "http-nio-8080-exec-57" daemon [_thread_blocked, id=11484, stack(0x0000000028100000,0x0000000028200000)]
  0x000000002152e800 JavaThread "http-nio-8080-exec-56" daemon [_thread_blocked, id=18440, stack(0x0000000028000000,0x0000000028100000)]
  0x000000002152f000 JavaThread "http-nio-8080-exec-55" daemon [_thread_blocked, id=16220, stack(0x0000000027f00000,0x0000000028000000)]
  0x000000002152d000 JavaThread "http-nio-8080-exec-54" daemon [_thread_blocked, id=25504, stack(0x0000000027e00000,0x0000000027f00000)]
  0x000000002152c000 JavaThread "http-nio-8080-exec-53" daemon [_thread_blocked, id=14292, stack(0x0000000027d00000,0x0000000027e00000)]
  0x000000002152a800 JavaThread "http-nio-8080-exec-52" daemon [_thread_blocked, id=24288, stack(0x0000000027c00000,0x0000000027d00000)]
  0x000000002152a000 JavaThread "http-nio-8080-exec-51" daemon [_thread_blocked, id=8252, stack(0x0000000027b00000,0x0000000027c00000)]
  0x0000000021521800 JavaThread "http-nio-8080-exec-50" daemon [_thread_blocked, id=20696, stack(0x0000000027a00000,0x0000000027b00000)]
  0x0000000021528800 JavaThread "http-nio-8080-exec-49" daemon [_thread_blocked, id=27300, stack(0x0000000027900000,0x0000000027a00000)]
  0x0000000021527800 JavaThread "http-nio-8080-exec-48" daemon [_thread_blocked, id=19308, stack(0x0000000027800000,0x0000000027900000)]
  0x0000000021525800 JavaThread "http-nio-8080-exec-47" daemon [_thread_blocked, id=18700, stack(0x0000000027700000,0x0000000027800000)]
  0x0000000021526000 JavaThread "http-nio-8080-exec-46" daemon [_thread_blocked, id=28328, stack(0x0000000027600000,0x0000000027700000)]
  0x0000000021520800 JavaThread "http-nio-8080-exec-45" daemon [_thread_blocked, id=8620, stack(0x0000000027500000,0x0000000027600000)]
  0x0000000021524800 JavaThread "http-nio-8080-exec-44" daemon [_thread_blocked, id=11416, stack(0x0000000027400000,0x0000000027500000)]
  0x0000000021523800 JavaThread "http-nio-8080-exec-43" daemon [_thread_blocked, id=28136, stack(0x0000000027300000,0x0000000027400000)]
  0x0000000021522000 JavaThread "http-nio-8080-exec-42" daemon [_thread_blocked, id=19868, stack(0x0000000027200000,0x0000000027300000)]
  0x0000000021523000 JavaThread "http-nio-8080-exec-41" daemon [_thread_blocked, id=17876, stack(0x0000000027100000,0x0000000027200000)]
  0x0000000021527000 JavaThread "http-nio-8080-exec-40" daemon [_thread_blocked, id=6636, stack(0x0000000027000000,0x0000000027100000)]
  0x000000001e9f8800 JavaThread "http-nio-8080-exec-39" daemon [_thread_blocked, id=9808, stack(0x0000000026f00000,0x0000000027000000)]
  0x000000001e9f8000 JavaThread "http-nio-8080-exec-38" daemon [_thread_blocked, id=26024, stack(0x0000000026e00000,0x0000000026f00000)]
  0x000000001e9f7000 JavaThread "http-nio-8080-exec-37" daemon [_thread_blocked, id=21764, stack(0x0000000026d00000,0x0000000026e00000)]
  0x000000001e9f4000 JavaThread "http-nio-8080-exec-36" daemon [_thread_blocked, id=20960, stack(0x0000000026c00000,0x0000000026d00000)]
  0x000000001e9f5000 JavaThread "http-nio-8080-exec-35" daemon [_thread_blocked, id=16572, stack(0x0000000026b00000,0x0000000026c00000)]
  0x000000001e9f6800 JavaThread "http-nio-8080-exec-34" daemon [_thread_blocked, id=30536, stack(0x0000000026a00000,0x0000000026b00000)]
  0x000000001e9f5800 JavaThread "http-nio-8080-exec-33" daemon [_thread_blocked, id=13160, stack(0x0000000026900000,0x0000000026a00000)]
  0x000000001e9ec800 JavaThread "http-nio-8080-exec-32" daemon [_thread_blocked, id=25028, stack(0x0000000026800000,0x0000000026900000)]
  0x000000001e9f3800 JavaThread "http-nio-8080-exec-31" daemon [_thread_blocked, id=10924, stack(0x0000000026700000,0x0000000026800000)]
  0x000000001e9f2800 JavaThread "http-nio-8080-exec-30" daemon [_thread_blocked, id=28432, stack(0x0000000026600000,0x0000000026700000)]
  0x000000001e9ed800 JavaThread "http-nio-8080-exec-29" daemon [_thread_blocked, id=16960, stack(0x0000000026500000,0x0000000026600000)]
  0x000000001e9f2000 JavaThread "http-nio-8080-exec-28" daemon [_thread_blocked, id=25000, stack(0x0000000026400000,0x0000000026500000)]
  0x000000001e9ec000 JavaThread "http-nio-8080-exec-27" daemon [_thread_blocked, id=23908, stack(0x0000000026300000,0x0000000026400000)]
  0x000000001e9ea800 JavaThread "http-nio-8080-exec-26" daemon [_thread_blocked, id=8104, stack(0x0000000026200000,0x0000000026300000)]
  0x000000001e9f1000 JavaThread "http-nio-8080-exec-25" daemon [_thread_blocked, id=4136, stack(0x0000000026100000,0x0000000026200000)]
  0x000000001e9f0800 JavaThread "http-nio-8080-exec-24" daemon [_thread_blocked, id=24740, stack(0x0000000026000000,0x0000000026100000)]
  0x000000001e9ef800 JavaThread "http-nio-8080-exec-23" daemon [_thread_blocked, id=24908, stack(0x0000000025f00000,0x0000000026000000)]
  0x000000001e9ef000 JavaThread "http-nio-8080-exec-22" daemon [_thread_blocked, id=8100, stack(0x0000000025e00000,0x0000000025f00000)]
  0x000000001e9eb000 JavaThread "http-nio-8080-exec-21" daemon [_thread_blocked, id=13196, stack(0x0000000025d00000,0x0000000025e00000)]
  0x000000001e9e9800 JavaThread "http-nio-8080-exec-20" daemon [_thread_blocked, id=23016, stack(0x0000000025c00000,0x0000000025d00000)]
  0x000000001e9ee000 JavaThread "http-nio-8080-exec-19" daemon [_thread_blocked, id=20272, stack(0x0000000025b00000,0x0000000025c00000)]
  0x00000000214e8800 JavaThread "http-nio-8080-exec-18" daemon [_thread_blocked, id=21288, stack(0x0000000025a00000,0x0000000025b00000)]
  0x00000000214e7800 JavaThread "http-nio-8080-exec-17" daemon [_thread_blocked, id=9108, stack(0x0000000025900000,0x0000000025a00000)]
  0x00000000214e7000 JavaThread "http-nio-8080-exec-16" daemon [_thread_blocked, id=27696, stack(0x0000000025800000,0x0000000025900000)]
  0x00000000214e1000 JavaThread "http-nio-8080-exec-15" daemon [_thread_blocked, id=22336, stack(0x0000000025700000,0x0000000025800000)]
  0x00000000214e4000 JavaThread "http-nio-8080-exec-14" daemon [_thread_blocked, id=23320, stack(0x0000000025600000,0x0000000025700000)]
  0x00000000214e5800 JavaThread "http-nio-8080-exec-13" daemon [_thread_blocked, id=28964, stack(0x0000000025500000,0x0000000025600000)]
  0x00000000214e4800 JavaThread "http-nio-8080-exec-12" daemon [_thread_blocked, id=464, stack(0x0000000025400000,0x0000000025500000)]
  0x00000000214e1800 JavaThread "http-nio-8080-exec-11" daemon [_thread_blocked, id=29804, stack(0x0000000025300000,0x0000000025400000)]
  0x00000000214df800 JavaThread "http-nio-8080-exec-10" daemon [_thread_blocked, id=2552, stack(0x0000000025200000,0x0000000025300000)]
  0x00000000214e6000 JavaThread "http-nio-8080-exec-9" daemon [_thread_blocked, id=24752, stack(0x0000000025100000,0x0000000025200000)]
  0x00000000214e2800 JavaThread "http-nio-8080-exec-8" daemon [_thread_blocked, id=23096, stack(0x0000000025000000,0x0000000025100000)]
  0x00000000214e3000 JavaThread "http-nio-8080-exec-7" daemon [_thread_blocked, id=26528, stack(0x0000000024f00000,0x0000000025000000)]
  0x00000000214de000 JavaThread "http-nio-8080-exec-6" daemon [_thread_blocked, id=29976, stack(0x0000000024e00000,0x0000000024f00000)]
  0x00000000214e0000 JavaThread "http-nio-8080-exec-5" daemon [_thread_blocked, id=6276, stack(0x0000000024d00000,0x0000000024e00000)]
  0x00000000214de800 JavaThread "http-nio-8080-exec-4" daemon [_thread_blocked, id=21528, stack(0x0000000024c00000,0x0000000024d00000)]
  0x00000000214d9800 JavaThread "http-nio-8080-exec-3" daemon [_thread_blocked, id=10744, stack(0x0000000024b00000,0x0000000024c00000)]
  0x00000000214dc800 JavaThread "http-nio-8080-exec-2" daemon [_thread_blocked, id=18516, stack(0x0000000024a00000,0x0000000024b00000)]
  0x00000000214db800 JavaThread "http-nio-8080-exec-1" daemon [_thread_blocked, id=11340, stack(0x0000000024900000,0x0000000024a00000)]
  0x00000000214dd000 JavaThread "NioBlockingSelector.BlockPoller-1" daemon [_thread_in_native, id=25976, stack(0x0000000024800000,0x0000000024900000)]
  0x00000000214db000 JavaThread "Live Reload Server" daemon [_thread_in_native, id=13496, stack(0x0000000024100000,0x0000000024200000)]
  0x00000000214da000 JavaThread "File Watcher" daemon [_thread_blocked, id=1920, stack(0x0000000023f00000,0x0000000024000000)]
  0x000000001e7fa800 JavaThread "Timer-0" daemon [_thread_blocked, id=9704, stack(0x0000000023d00000,0x0000000023e00000)]
  0x000000001e7fd800 JavaThread "quartzScheduler_QuartzSchedulerThread" [_thread_blocked, id=7196, stack(0x0000000023c00000,0x0000000023d00000)]
  0x000000001e7fc000 JavaThread "quartzScheduler_Worker-10" [_thread_blocked, id=8484, stack(0x0000000023b00000,0x0000000023c00000)]
  0x000000001e7f9800 JavaThread "quartzScheduler_Worker-9" [_thread_blocked, id=9832, stack(0x0000000023a00000,0x0000000023b00000)]
  0x000000001e7fb000 JavaThread "quartzScheduler_Worker-8" [_thread_blocked, id=27208, stack(0x0000000023900000,0x0000000023a00000)]
  0x000000001e7f9000 JavaThread "quartzScheduler_Worker-7" [_thread_blocked, id=7528, stack(0x0000000023800000,0x0000000023900000)]
  0x000000001e7f8000 JavaThread "quartzScheduler_Worker-6" [_thread_blocked, id=20844, stack(0x0000000023700000,0x0000000023800000)]
  0x000000001e7fc800 JavaThread "quartzScheduler_Worker-5" [_thread_blocked, id=852, stack(0x0000000023600000,0x0000000023700000)]
  0x000000001e7f0800 JavaThread "quartzScheduler_Worker-4" [_thread_blocked, id=7288, stack(0x0000000023500000,0x0000000023600000)]
  0x000000001e7f7800 JavaThread "quartzScheduler_Worker-3" [_thread_blocked, id=17360, stack(0x0000000023400000,0x0000000023500000)]
  0x000000001e7f6800 JavaThread "quartzScheduler_Worker-2" [_thread_blocked, id=2476, stack(0x0000000023300000,0x0000000023400000)]
  0x000000001e7f1000 JavaThread "quartzScheduler_Worker-1" [_thread_blocked, id=15860, stack(0x0000000023200000,0x0000000023300000)]
  0x000000001e7ef800 JavaThread "container-0" [_thread_blocked, id=24092, stack(0x0000000022900000,0x0000000022a00000)]
  0x000000001e7ef000 JavaThread "ContainerBackgroundProcessor[StandardEngine[Tomcat]]" daemon [_thread_blocked, id=21696, stack(0x0000000022800000,0x0000000022900000)]
  0x000000001e7f2000 JavaThread "SimplePauseDetectorThread_0" daemon [_thread_blocked, id=19540, stack(0x0000000022700000,0x0000000022800000)]
  0x000000001e7f5800 JavaThread "Thread-32" daemon [_thread_blocked, id=24548, stack(0x0000000022600000,0x0000000022700000)]
  0x000000001e7f3800 JavaThread "lettuce-eventExecutorLoop-1-1" daemon [_thread_blocked, id=8784, stack(0x0000000020930000,0x0000000020a30000)]
  0x000000001e7f2800 JavaThread "mybatis-plus MapperRefresh" [_thread_blocked, id=21752, stack(0x0000000020430000,0x0000000020530000)]
  0x000000001e7f5000 JavaThread "System Clock" daemon [_thread_blocked, id=30048, stack(0x0000000020330000,0x0000000020430000)]
  0x000000001b714800 JavaThread "Druid-ConnectionPool-Destroy-1226122468" daemon [_thread_blocked, id=20624, stack(0x0000000020230000,0x0000000020330000)]
  0x000000001b713000 JavaThread "Druid-ConnectionPool-Create-1226122468" daemon [_thread_blocked, id=14088, stack(0x0000000020130000,0x0000000020230000)]
  0x000000001b711800 JavaThread "Abandoned connection cleanup thread" daemon [_thread_blocked, id=1456, stack(0x000000001ff30000,0x0000000020030000)]
  0x000000001b447000 JavaThread "RMI TCP Accept-0" daemon [_thread_in_native, id=23548, stack(0x000000001cb40000,0x000000001cc40000)]
  0x000000001b434800 JavaThread "RMI Scheduler(0)" daemon [_thread_blocked, id=22660, stack(0x000000001c940000,0x000000001ca40000)]
  0x000000001b41a800 JavaThread "RMI TCP Accept-58820" daemon [_thread_in_native, id=8240, stack(0x000000001c740000,0x000000001c840000)]
  0x000000001b413000 JavaThread "RMI TCP Accept-0" daemon [_thread_in_native, id=5552, stack(0x000000001c640000,0x000000001c740000)]
  0x000000001b1e5000 JavaThread "Service Thread" daemon [_thread_blocked, id=3768, stack(0x000000001c520000,0x000000001c620000)]
  0x000000001b145800 JavaThread "C1 CompilerThread3" daemon [_thread_blocked, id=4348, stack(0x000000001c420000,0x000000001c520000)]
  0x000000001b144800 JavaThread "C2 CompilerThread2" daemon [_thread_blocked, id=30348, stack(0x000000001c320000,0x000000001c420000)]
  0x000000001b143000 JavaThread "C2 CompilerThread1" daemon [_thread_blocked, id=9904, stack(0x000000001c220000,0x000000001c320000)]
  0x000000001b03e000 JavaThread "C2 CompilerThread0" daemon [_thread_blocked, id=9288, stack(0x000000001c120000,0x000000001c220000)]
  0x000000001b03a800 JavaThread "Monitor Ctrl-Break" daemon [_thread_in_native, id=16496, stack(0x000000001c020000,0x000000001c120000)]
  0x000000001a16d800 JavaThread "Attach Listener" daemon [_thread_blocked, id=19584, stack(0x000000001a740000,0x000000001a840000)]
  0x000000001a117000 JavaThread "Signal Dispatcher" daemon [_thread_blocked, id=9848, stack(0x000000001a640000,0x000000001a740000)]
  0x0000000003229000 JavaThread "Finalizer" daemon [_thread_blocked, id=19024, stack(0x000000001a4e0000,0x000000001a5e0000)]
  0x0000000003228000 JavaThread "Reference Handler" daemon [_thread_blocked, id=20124, stack(0x0000000019fe0000,0x000000001a0e0000)]

Other Threads:
  0x00000000181f9000 VMThread [stack: 0x0000000019ee0000,0x0000000019fe0000] [id=14084]
  0x000000001b525000 WatcherThread [stack: 0x000000001cc40000,0x000000001cd40000] [id=20000]

VM state:not at safepoint (normal execution)

VM Mutex/Monitor currently owned by a thread: None

Heap:
 PSYoungGen      total 377344K, used 296143K [0x00000000d5b80000, 0x00000000f3080000, 0x0000000100000000)
  eden space 366080K, 77% used [0x00000000d5b80000,0x00000000e71b90a0,0x00000000ec100000)
  from space 11264K, 99% used [0x00000000f1700000,0x00000000f21fadb8,0x00000000f2200000)
  to   space 14848K, 0% used [0x00000000f2200000,0x00000000f2200000,0x00000000f3080000)
 ParOldGen       total 156160K, used 48406K [0x0000000081200000, 0x000000008aa80000, 0x00000000d5b80000)
  object space 156160K, 30% used [0x0000000081200000,0x0000000084145a68,0x000000008aa80000)
 Metaspace       used 68958K, capacity 72694K, committed 72832K, reserved 1112064K
  class space    used 9151K, capacity 9774K, committed 9856K, reserved 1048576K

Card table byte_map: [0x00000000125f0000,0x00000000129f0000] byte_map_base: 0x00000000121e7000

Marking Bits: (ParMarkBitMap*) 0x0000000076f5c720
 Begin Bits: [0x00000000134a0000, 0x0000000015458000)
 End Bits:   [0x0000000015458000, 0x0000000017410000)

Polling page: 0x00000000012a0000

CodeCache: size=245760Kb used=17238Kb max_used=17238Kb free=228521Kb
 bounds [0x0000000003230000, 0x0000000004310000, 0x0000000012230000]
 total_blobs=9768 nmethods=9112 adapters=566
 compilation: enabled

Compilation events (10 events):
Event: 430.247 Thread 0x000000001b145800 9299       1       org.springframework.http.MediaType::lambda$static$0 (153 bytes)
Event: 430.249 Thread 0x000000001b145800 nmethod 9299 0x0000000004306250 code [0x0000000004306560, 0x0000000004306e68]
Event: 430.249 Thread 0x000000001b145800 9301       1       org.apache.coyote.http11.Http11OutputBuffer::sendHeader (41 bytes)
Event: 430.250 Thread 0x000000001b145800 nmethod 9301 0x0000000004307950 code [0x0000000004307b00, 0x0000000004307d18]
Event: 430.250 Thread 0x000000001b145800 9300       1       java.lang.Long::toString (8 bytes)
Event: 430.250 Thread 0x000000001b145800 nmethod 9300 0x0000000004307e50 code [0x0000000004307fa0, 0x00000000043080c8]
Event: 430.250 Thread 0x000000001b145800 9302       1       java.util.AbstractMap$SimpleImmutableEntry::getKey (5 bytes)
Event: 430.250 Thread 0x000000001b145800 nmethod 9302 0x0000000004308150 code [0x00000000043082a0, 0x00000000043083b0]
Event: 434.663 Thread 0x000000001b145800 9303       1       org.apache.ibatis.executor.resultset.DefaultResultSetHandler::shouldProcessMoreRows (28 bytes)
Event: 434.663 Thread 0x000000001b145800 nmethod 9303 0x0000000004308410 code [0x0000000004308560, 0x0000000004308710]

GC Heap History (10 events):
Event: 375.281 GC heap before
{Heap before GC invocations=26 (full 3):
 PSYoungGen      total 459264K, used 458971K [0x00000000d5b80000, 0x00000000f5f80000, 0x0000000100000000)
  eden space 448000K, 100% used [0x00000000d5b80000,0x00000000f1100000,0x00000000f1100000)
  from space 11264K, 97% used [0x00000000f5480000,0x00000000f5f36dc8,0x00000000f5f80000)
  to   space 21504K, 0% used [0x00000000f3580000,0x00000000f3580000,0x00000000f4a80000)
 ParOldGen       total 156160K, used 48374K [0x0000000081200000, 0x000000008aa80000, 0x00000000d5b80000)
  object space 156160K, 30% used [0x0000000081200000,0x000000008413da68,0x000000008aa80000)
 Metaspace       used 68869K, capacity 72606K, committed 72832K, reserved 1112064K
  class space    used 9136K, capacity 9770K, committed 9856K, reserved 1048576K
Event: 375.293 GC heap after
Heap after GC invocations=26 (full 3):
 PSYoungGen      total 441344K, used 10923K [0x00000000d5b80000, 0x00000000f5500000, 0x0000000100000000)
  eden space 430080K, 0% used [0x00000000d5b80000,0x00000000d5b80000,0x00000000eff80000)
  from space 11264K, 96% used [0x00000000f3580000,0x00000000f402adb8,0x00000000f4080000)
  to   space 20480K, 0% used [0x00000000f4100000,0x00000000f4100000,0x00000000f5500000)
 ParOldGen       total 156160K, used 48382K [0x0000000081200000, 0x000000008aa80000, 0x00000000d5b80000)
  object space 156160K, 30% used [0x0000000081200000,0x000000008413fa68,0x000000008aa80000)
 Metaspace       used 68869K, capacity 72606K, committed 72832K, reserved 1112064K
  class space    used 9136K, capacity 9770K, committed 9856K, reserved 1048576K
}
Event: 387.301 GC heap before
{Heap before GC invocations=27 (full 3):
 PSYoungGen      total 441344K, used 441003K [0x00000000d5b80000, 0x00000000f5500000, 0x0000000100000000)
  eden space 430080K, 100% used [0x00000000d5b80000,0x00000000eff80000,0x00000000eff80000)
  from space 11264K, 96% used [0x00000000f3580000,0x00000000f402adb8,0x00000000f4080000)
  to   space 20480K, 0% used [0x00000000f4100000,0x00000000f4100000,0x00000000f5500000)
 ParOldGen       total 156160K, used 48382K [0x0000000081200000, 0x000000008aa80000, 0x00000000d5b80000)
  object space 156160K, 30% used [0x0000000081200000,0x000000008413fa68,0x000000008aa80000)
 Metaspace       used 68869K, capacity 72606K, committed 72832K, reserved 1112064K
  class space    used 9136K, capacity 9770K, committed 9856K, reserved 1048576K
Event: 387.309 GC heap after
Heap after GC invocations=27 (full 3):
 PSYoungGen      total 423936K, used 10955K [0x00000000d5b80000, 0x00000000f4c00000, 0x0000000100000000)
  eden space 412672K, 0% used [0x00000000d5b80000,0x00000000d5b80000,0x00000000eee80000)
  from space 11264K, 97% used [0x00000000f4100000,0x00000000f4bb2dd8,0x00000000f4c00000)
  to   space 19968K, 0% used [0x00000000f2500000,0x00000000f2500000,0x00000000f3880000)
 ParOldGen       total 156160K, used 48390K [0x0000000081200000, 0x000000008aa80000, 0x00000000d5b80000)
  object space 156160K, 30% used [0x0000000081200000,0x0000000084141a68,0x000000008aa80000)
 Metaspace       used 68869K, capacity 72606K, committed 72832K, reserved 1112064K
  class space    used 9136K, capacity 9770K, committed 9856K, reserved 1048576K
}
Event: 398.683 GC heap before
{Heap before GC invocations=28 (full 3):
 PSYoungGen      total 423936K, used 423627K [0x00000000d5b80000, 0x00000000f4c00000, 0x0000000100000000)
  eden space 412672K, 100% used [0x00000000d5b80000,0x00000000eee80000,0x00000000eee80000)
  from space 11264K, 97% used [0x00000000f4100000,0x00000000f4bb2dd8,0x00000000f4c00000)
  to   space 19968K, 0% used [0x00000000f2500000,0x00000000f2500000,0x00000000f3880000)
 ParOldGen       total 156160K, used 48390K [0x0000000081200000, 0x000000008aa80000, 0x00000000d5b80000)
  object space 156160K, 30% used [0x0000000081200000,0x0000000084141a68,0x000000008aa80000)
 Metaspace       used 68958K, capacity 72694K, committed 72832K, reserved 1112064K
  class space    used 9151K, capacity 9774K, committed 9856K, reserved 1048576K
Event: 398.696 GC heap after
Heap after GC invocations=28 (full 3):
 PSYoungGen      total 407552K, used 11131K [0x00000000d5b80000, 0x00000000f4180000, 0x0000000100000000)
  eden space 396288K, 0% used [0x00000000d5b80000,0x00000000d5b80000,0x00000000ede80000)
  from space 11264K, 98% used [0x00000000f2500000,0x00000000f2fdedc8,0x00000000f3000000)
  to   space 17920K, 0% used [0x00000000f3000000,0x00000000f3000000,0x00000000f4180000)
 ParOldGen       total 156160K, used 48398K [0x0000000081200000, 0x000000008aa80000, 0x00000000d5b80000)
  object space 156160K, 30% used [0x0000000081200000,0x0000000084143a68,0x000000008aa80000)
 Metaspace       used 68958K, capacity 72694K, committed 72832K, reserved 1112064K
  class space    used 9151K, capacity 9774K, committed 9856K, reserved 1048576K
}
Event: 410.878 GC heap before
{Heap before GC invocations=29 (full 3):
 PSYoungGen      total 407552K, used 407419K [0x00000000d5b80000, 0x00000000f4180000, 0x0000000100000000)
  eden space 396288K, 100% used [0x00000000d5b80000,0x00000000ede80000,0x00000000ede80000)
  from space 11264K, 98% used [0x00000000f2500000,0x00000000f2fdedc8,0x00000000f3000000)
  to   space 17920K, 0% used [0x00000000f3000000,0x00000000f3000000,0x00000000f4180000)
 ParOldGen       total 156160K, used 48398K [0x0000000081200000, 0x000000008aa80000, 0x00000000d5b80000)
  object space 156160K, 30% used [0x0000000081200000,0x0000000084143a68,0x000000008aa80000)
 Metaspace       used 68958K, capacity 72694K, committed 72832K, reserved 1112064K
  class space    used 9151K, capacity 9774K, committed 9856K, reserved 1048576K
Event: 410.888 GC heap after
Heap after GC invocations=29 (full 3):
 PSYoungGen      total 392192K, used 11179K [0x00000000d5b80000, 0x00000000f3b00000, 0x0000000100000000)
  eden space 380928K, 0% used [0x00000000d5b80000,0x00000000d5b80000,0x00000000ecf80000)
  from space 11264K, 99% used [0x00000000f3000000,0x00000000f3aeadb8,0x00000000f3b00000)
  to   space 18432K, 0% used [0x00000000f1700000,0x00000000f1700000,0x00000000f2900000)
 ParOldGen       total 156160K, used 48398K [0x0000000081200000, 0x000000008aa80000, 0x00000000d5b80000)
  object space 156160K, 30% used [0x0000000081200000,0x0000000084143a68,0x000000008aa80000)
 Metaspace       used 68958K, capacity 72694K, committed 72832K, reserved 1112064K
  class space    used 9151K, capacity 9774K, committed 9856K, reserved 1048576K
}
Event: 424.131 GC heap before
{Heap before GC invocations=30 (full 3):
 PSYoungGen      total 392192K, used 392107K [0x00000000d5b80000, 0x00000000f3b00000, 0x0000000100000000)
  eden space 380928K, 100% used [0x00000000d5b80000,0x00000000ecf80000,0x00000000ecf80000)
  from space 11264K, 99% used [0x00000000f3000000,0x00000000f3aeadb8,0x00000000f3b00000)
  to   space 18432K, 0% used [0x00000000f1700000,0x00000000f1700000,0x00000000f2900000)
 ParOldGen       total 156160K, used 48398K [0x0000000081200000, 0x000000008aa80000, 0x00000000d5b80000)
  object space 156160K, 30% used [0x0000000081200000,0x0000000084143a68,0x000000008aa80000)
 Metaspace       used 68958K, capacity 72694K, committed 72832K, reserved 1112064K
  class space    used 9151K, capacity 9774K, committed 9856K, reserved 1048576K
Event: 424.154 GC heap after
Heap after GC invocations=30 (full 3):
 PSYoungGen      total 377344K, used 11243K [0x00000000d5b80000, 0x00000000f3080000, 0x0000000100000000)
  eden space 366080K, 0% used [0x00000000d5b80000,0x00000000d5b80000,0x00000000ec100000)
  from space 11264K, 99% used [0x00000000f1700000,0x00000000f21fadb8,0x00000000f2200000)
  to   space 14848K, 0% used [0x00000000f2200000,0x00000000f2200000,0x00000000f3080000)
 ParOldGen       total 156160K, used 48406K [0x0000000081200000, 0x000000008aa80000, 0x00000000d5b80000)
  object space 156160K, 30% used [0x0000000081200000,0x0000000084145a68,0x000000008aa80000)
 Metaspace       used 68958K, capacity 72694K, committed 72832K, reserved 1112064K
  class space    used 9151K, capacity 9774K, committed 9856K, reserved 1048576K
}

Deoptimization events (0 events):
No events

Internal exceptions (10 events):
Event: 434.664 Thread 0x0000000021b75800 Implicit null exception at 0x00000000042776f1 to 0x00000000042778c6
Event: 434.664 Thread 0x0000000021b75800 Exception <a 'java/lang/NullPointerException'> (0x00000000e6561a00) thrown at [C:\re\workspace\8-2-build-windows-amd64-cygwin\jdk8u131\8869\hotspot\src\share\vm\runtime\sharedRuntime.cpp, line 605]
Event: 434.664 Thread 0x0000000021b75800 Implicit null exception at 0x00000000042776f1 to 0x00000000042778c6
Event: 434.664 Thread 0x0000000021b75800 Exception <a 'java/lang/NullPointerException'> (0x00000000e6561c08) thrown at [C:\re\workspace\8-2-build-windows-amd64-cygwin\jdk8u131\8869\hotspot\src\share\vm\runtime\sharedRuntime.cpp, line 605]
Event: 434.664 Thread 0x0000000021b75800 Implicit null exception at 0x00000000042776f1 to 0x00000000042778c6
Event: 434.663 Thread 0x0000000021b6e800 Exception <a 'java/lang/NullPointerException'> (0x00000000e6921568) thrown at [C:\re\workspace\8-2-build-windows-amd64-cygwin\jdk8u131\8869\hotspot\src\share\vm\runtime\sharedRuntime.cpp, line 605]
Event: 434.665 Thread 0x0000000021b75800 Exception <a 'java/lang/NullPointerException'> (0x00000000e6561e10) thrown at [C:\re\workspace\8-2-build-windows-amd64-cygwin\jdk8u131\8869\hotspot\src\share\vm\runtime\sharedRuntime.cpp, line 605]
Event: 434.664 Thread 0x0000000021b74000 Implicit null exception at 0x00000000042776f1 to 0x00000000042778c6
Event: 434.665 Thread 0x0000000021b75800 Implicit null exception at 0x00000000042776f1 to 0x00000000042778c6
Event: 434.665 Thread 0x0000000021b6e800 Implicit null exception at 0x00000000042776f1 to 0x00000000042778c6

Events (10 events):
Event: 430.222 Thread 0x000000002152d000 DEOPT PACKING pc=0x00000000039d7d9c sp=0x0000000027eff580
Event: 430.223 Thread 0x000000002152d000 DEOPT UNPACKING pc=0x000000000327787f sp=0x0000000027eff310 mode 0
Event: 430.225 Executing VM operation: RevokeBias
Event: 430.226 Executing VM operation: RevokeBias done
Event: 430.235 Thread 0x0000000021b78800 Thread added: 0x0000000021b78800
Event: 431.441 Executing VM operation: RevokeBias
Event: 431.442 Executing VM operation: RevokeBias done
Event: 431.442 Thread 0x0000000021b6f800 Thread exited: 0x0000000021b6f800
Event: 434.653 Thread 0x000000002152f000 DEOPT PACKING pc=0x00000000039d7d9c sp=0x0000000027fff0a0
Event: 434.653 Thread 0x000000002152f000 DEOPT UNPACKING pc=0x000000000327787f sp=0x0000000027ffee30 mode 0


Dynamic libraries:
0x00007ff7edab0000 - 0x00007ff7edae7000 	C:\Program Files\Java\jdk1.8.0_131\bin\java.exe
0x00007ff8b9600000 - 0x00007ff8b97e1000 	C:\WINDOWS\SYSTEM32\ntdll.dll
0x00007ff8b9030000 - 0x00007ff8b90e2000 	C:\WINDOWS\System32\KERNEL32.DLL
0x00007ff8b5c10000 - 0x00007ff8b5e83000 	C:\WINDOWS\System32\KERNELBASE.dll
0x00007ff8b7190000 - 0x00007ff8b7231000 	C:\WINDOWS\System32\ADVAPI32.dll
0x00007ff8b8f90000 - 0x00007ff8b902e000 	C:\WINDOWS\System32\msvcrt.dll
0x00007ff8b6b00000 - 0x00007ff8b6b5b000 	C:\WINDOWS\System32\sechost.dll
0x00007ff8b8e60000 - 0x00007ff8b8f84000 	C:\WINDOWS\System32\RPCRT4.dll
0x00007ff8b7240000 - 0x00007ff8b73d0000 	C:\WINDOWS\System32\USER32.dll
0x00007ff8b59b0000 - 0x00007ff8b59d0000 	C:\WINDOWS\System32\win32u.dll
0x00007ff8b6ad0000 - 0x00007ff8b6af8000 	C:\WINDOWS\System32\GDI32.dll
0x00007ff8b56d0000 - 0x00007ff8b5862000 	C:\WINDOWS\System32\gdi32full.dll
0x00007ff8b58e0000 - 0x00007ff8b597f000 	C:\WINDOWS\System32\msvcp_win.dll
0x00007ff8b65a0000 - 0x00007ff8b669a000 	C:\WINDOWS\System32\ucrtbase.dll
0x00007ff8a9a60000 - 0x00007ff8a9cc9000 	C:\WINDOWS\WinSxS\amd64_microsoft.windows.common-controls_6595b64144ccf1df_6.0.17134.472_none_fb3f9af53068156d\COMCTL32.dll
0x00007ff8b6bf0000 - 0x00007ff8b6f12000 	C:\WINDOWS\System32\combase.dll
0x00007ff8b6860000 - 0x00007ff8b68da000 	C:\WINDOWS\System32\bcryptPrimitives.dll
0x00007ff8b6bc0000 - 0x00007ff8b6bed000 	C:\WINDOWS\System32\IMM32.DLL
0x0000000077990000 - 0x0000000077a62000 	C:\Program Files\Java\jdk1.8.0_131\jre\bin\msvcr100.dll
0x0000000076740000 - 0x0000000076fdc000 	C:\Program Files\Java\jdk1.8.0_131\jre\bin\server\jvm.dll
0x00007ff8b5980000 - 0x00007ff8b59a3000 	C:\WINDOWS\System32\WINMM.dll
0x00007ff8b5630000 - 0x00007ff8b565a000 	C:\WINDOWS\System32\WINMMBASE.dll
0x00007ff8b59d0000 - 0x00007ff8b5a19000 	C:\WINDOWS\System32\cfgmgr32.dll
0x00007ff8b7010000 - 0x00007ff8b7018000 	C:\WINDOWS\System32\PSAPI.DLL
0x00007ff8a4090000 - 0x00007ff8a4099000 	C:\WINDOWS\SYSTEM32\WSOCK32.dll
0x00007ff8b6f20000 - 0x00007ff8b6f8c000 	C:\WINDOWS\System32\WS2_32.dll
0x00007ff8ae740000 - 0x00007ff8ae74a000 	C:\WINDOWS\SYSTEM32\VERSION.dll
0x00000000500d0000 - 0x00000000500df000 	C:\Program Files\Java\jdk1.8.0_131\jre\bin\verify.dll
0x0000000077bb0000 - 0x0000000077bd9000 	C:\Program Files\Java\jdk1.8.0_131\jre\bin\java.dll
0x0000000077b60000 - 0x0000000077b83000 	C:\Program Files\Java\jdk1.8.0_131\jre\bin\instrument.dll
0x0000000077b90000 - 0x0000000077ba6000 	C:\Program Files\Java\jdk1.8.0_131\jre\bin\zip.dll
0x00007ff8b7a00000 - 0x00007ff8b8e40000 	C:\WINDOWS\System32\SHELL32.dll
0x00007ff8b9520000 - 0x00007ff8b95c9000 	C:\WINDOWS\System32\shcore.dll
0x00007ff8b5e90000 - 0x00007ff8b659d000 	C:\WINDOWS\System32\windows.storage.dll
0x00007ff8b6b60000 - 0x00007ff8b6bb1000 	C:\WINDOWS\System32\shlwapi.dll
0x00007ff8b5690000 - 0x00007ff8b56a1000 	C:\WINDOWS\System32\kernel.appcore.dll
0x00007ff8b56b0000 - 0x00007ff8b56cf000 	C:\WINDOWS\System32\profapi.dll
0x00007ff8b66a0000 - 0x00007ff8b66ec000 	C:\WINDOWS\System32\powrprof.dll
0x00007ff8b5680000 - 0x00007ff8b568a000 	C:\WINDOWS\System32\FLTLIB.DLL
0x00007ff8b3400000 - 0x00007ff8b341a000 	C:\Program Files\JetBrains\IntelliJ IDEA 2018.3.2\bin\breakgen64.dll
0x0000000077970000 - 0x000000007798a000 	C:\Program Files\Java\jdk1.8.0_131\jre\bin\net.dll
0x00007ff8b4e90000 - 0x00007ff8b4ef6000 	C:\WINDOWS\system32\mswsock.dll
0x00000000500c0000 - 0x00000000500cd000 	C:\Program Files\Java\jdk1.8.0_131\jre\bin\management.dll
0x0000000077950000 - 0x0000000077961000 	C:\Program Files\Java\jdk1.8.0_131\jre\bin\nio.dll
0x00007ff8a1160000 - 0x00007ff8a1176000 	C:\WINDOWS\system32\napinsp.dll
0x00007ff8a1100000 - 0x00007ff8a111a000 	C:\WINDOWS\system32\pnrpnsp.dll
0x00007ff8b0260000 - 0x00007ff8b0279000 	C:\WINDOWS\system32\NLAapi.dll
0x00007ff8b4c50000 - 0x00007ff8b4d0e000 	C:\WINDOWS\SYSTEM32\DNSAPI.dll
0x00007ff8b9270000 - 0x00007ff8b9278000 	C:\WINDOWS\System32\NSI.dll
0x00007ff8b4c10000 - 0x00007ff8b4c48000 	C:\WINDOWS\SYSTEM32\IPHLPAPI.DLL
0x00007ff8a0d90000 - 0x00007ff8a0d9e000 	C:\WINDOWS\System32\winrnr.dll
0x00007ff8aecd0000 - 0x00007ff8aece5000 	C:\WINDOWS\System32\wshbth.dll
0x00007ff8aac20000 - 0x00007ff8aac2a000 	C:\Windows\System32\rasadhlp.dll
0x00007ff8aacc0000 - 0x00007ff8aad32000 	C:\WINDOWS\System32\fwpuclnt.dll
0x00007ff8b5170000 - 0x00007ff8b5195000 	C:\WINDOWS\SYSTEM32\bcrypt.dll
0x00007ff8b5040000 - 0x00007ff8b5057000 	C:\WINDOWS\SYSTEM32\CRYPTSP.dll
0x00007ff8b4a70000 - 0x00007ff8b4aa3000 	C:\WINDOWS\system32\rsaenh.dll
0x00007ff8b5560000 - 0x00007ff8b5588000 	C:\WINDOWS\SYSTEM32\USERENV.dll
0x00007ff8b5060000 - 0x00007ff8b506b000 	C:\WINDOWS\SYSTEM32\CRYPTBASE.dll
0x00007ff8ad250000 - 0x00007ff8ad266000 	C:\WINDOWS\SYSTEM32\dhcpcsvc6.DLL
0x00007ff8ae470000 - 0x00007ff8ae48a000 	C:\WINDOWS\SYSTEM32\dhcpcsvc.DLL
0x0000000077920000 - 0x0000000077944000 	C:\Program Files\Java\jdk1.8.0_131\jre\bin\sunec.dll
0x00000000765a0000 - 0x0000000076738000 	C:\Program Files\Java\jdk1.8.0_131\jre\bin\awt.dll
0x00007ff8b7930000 - 0x00007ff8b79f2000 	C:\WINDOWS\System32\OLEAUT32.dll
0x00007ff8b2a60000 - 0x00007ff8b2aeb000 	C:\WINDOWS\SYSTEM32\apphelp.dll
0x00007ff89e550000 - 0x00007ff89e60b000 	C:\Users\Administrator\.javacpp\cache\ffmpeg-4.0.2-1.4.3-windows-x86_64.jar\org\bytedeco\javacpp\windows-x86_64\avutil-56.dll
0x000000006fe00000 - 0x000000006fee7000 	C:\Users\Administrator\.javacpp\cache\ffmpeg-4.0.2-1.4.3-windows-x86_64.jar\org\bytedeco\javacpp\windows-x86_64\jniavutil.dll
0x00007ff8b0d10000 - 0x00007ff8b0d37000 	C:\Users\Administrator\.javacpp\cache\ffmpeg-4.0.2-1.4.3-windows-x86_64.jar\org\bytedeco\javacpp\windows-x86_64\swresample-3.dll
0x0000000070080000 - 0x00000000700ae000 	C:\Users\Administrator\.javacpp\cache\ffmpeg-4.0.2-1.4.3-windows-x86_64.jar\org\bytedeco\javacpp\windows-x86_64\jniswresample.dll
0x00007ff879ee0000 - 0x00007ff87c161000 	C:\Users\Administrator\.javacpp\cache\ffmpeg-4.0.2-1.4.3-windows-x86_64.jar\org\bytedeco\javacpp\windows-x86_64\avcodec-58.dll
0x00007ff8b6970000 - 0x00007ff8b6ac1000 	C:\WINDOWS\System32\ole32.dll
0x000000006a1c0000 - 0x000000006a424000 	C:\Users\Administrator\.javacpp\cache\ffmpeg-4.0.2-1.4.3-windows-x86_64.jar\org\bytedeco\javacpp\windows-x86_64\jniavcodec.dll
0x00007ff88db10000 - 0x00007ff88dfd1000 	C:\Users\Administrator\.javacpp\cache\ffmpeg-4.0.2-1.4.3-windows-x86_64.jar\org\bytedeco\javacpp\windows-x86_64\avformat-58.dll
0x00007ff8b5a20000 - 0x00007ff8b5c02000 	C:\WINDOWS\System32\CRYPT32.dll
0x00007ff8b5660000 - 0x00007ff8b5672000 	C:\WINDOWS\System32\MSASN1.dll
0x000000006abc0000 - 0x000000006ad0a000 	C:\Users\Administrator\.javacpp\cache\ffmpeg-4.0.2-1.4.3-windows-x86_64.jar\org\bytedeco\javacpp\windows-x86_64\jniavformat.dll
0x00007ff89d4e0000 - 0x00007ff89d575000 	C:\Users\Administrator\.javacpp\cache\ffmpeg-4.0.2-1.4.3-windows-x86_64.jar\org\bytedeco\javacpp\windows-x86_64\swscale-5.dll
0x0000000067cc0000 - 0x0000000067cf6000 	C:\Users\Administrator\.javacpp\cache\ffmpeg-4.0.2-1.4.3-windows-x86_64.jar\org\bytedeco\javacpp\windows-x86_64\jniswscale.dll
0x00007ff8ae330000 - 0x00007ff8ae35a000 	C:\Users\Administrator\.javacpp\cache\ffmpeg-4.0.2-1.4.3-windows-x86_64.jar\org\bytedeco\javacpp\windows-x86_64\postproc-55.dll
0x000000006a0c0000 - 0x000000006a0ed000 	C:\Users\Administrator\.javacpp\cache\ffmpeg-4.0.2-1.4.3-windows-x86_64.jar\org\bytedeco\javacpp\windows-x86_64\jnipostproc.dll
0x00007ff89a0c0000 - 0x00007ff89a441000 	C:\Users\Administrator\.javacpp\cache\ffmpeg-4.0.2-1.4.3-windows-x86_64.jar\org\bytedeco\javacpp\windows-x86_64\avfilter-7.dll
0x0000000064400000 - 0x0000000064477000 	C:\Users\Administrator\.javacpp\cache\ffmpeg-4.0.2-1.4.3-windows-x86_64.jar\org\bytedeco\javacpp\windows-x86_64\jniavfilter.dll
0x00007ff8aa540000 - 0x00007ff8aa56c000 	C:\Users\Administrator\.javacpp\cache\ffmpeg-4.0.2-1.4.3-windows-x86_64.jar\org\bytedeco\javacpp\windows-x86_64\avdevice-58.dll
0x00007ff8a8c90000 - 0x00007ff8a8ca8000 	C:\WINDOWS\SYSTEM32\AVICAP32.dll
0x00007ff8a7c00000 - 0x00007ff8a7c29000 	C:\WINDOWS\SYSTEM32\MSVFW32.dll
0x00000000011b0000 - 0x00000000011e9000 	C:\Users\Administrator\.javacpp\cache\ffmpeg-4.0.2-1.4.3-windows-x86_64.jar\org\bytedeco\javacpp\windows-x86_64\jniavdevice.dll
0x00007ff8af910000 - 0x00007ff8afad9000 	C:\WINDOWS\SYSTEM32\dbghelp.dll

VM Arguments:
jvm_args: -XX:TieredStopAtLevel=1 -Xverify:none -Dspring.output.ansi.enabled=always -Dcom.sun.management.jmxremote -Dcom.sun.management.jmxremote.port=58820 -Dcom.sun.management.jmxremote.authenticate=false -Dcom.sun.management.jmxremote.ssl=false -Djava.rmi.server.hostname=localhost -Dspring.liveBeansView.mbeanDomain -Dspring.application.admin.enabled=true -javaagent:C:\Program Files\JetBrains\IntelliJ IDEA 2018.3.2\lib\idea_rt.jar=58821:C:\Program Files\JetBrains\IntelliJ IDEA 2018.3.2\bin -Dfile.encoding=UTF-8 
java_command: com.nieyue.Application
java_class_path (initial): C:\Users\Administrator\AppData\Local\Temp\classpath1851785086.jar;C:\Program Files\JetBrains\IntelliJ IDEA 2018.3.2\lib\idea_rt.jar
Launcher Type: SUN_STANDARD

Environment Variables:
JAVA_HOME=C:\Program Files\Java\jdk1.8.0_131
CLASSPATH=.;C:\Program Files\Java\jdk1.8.0_131\lib\dt.jar;C:\Program Files\Java\jdk1.8.0_131\lib\tools.jar;
PATH=C:\ProgramData\Oracle\Java\javapath;C:\Program Files\Java\jdk1.8.0_131\bin;C:\Program Files\Java\jdk1.8.0_131\jre\bin;C:\windows\system32;C:\windows;C:\windows\System32\Wbem;C:\windows\System32\WindowsPowerShell\v1.0\;C:\Program Files\nodejs\;C:\Program Files\nodejs;C:\Program Files (x86)\MySQL\MySQL Fabric 1.5.2 & MySQL Utilities 1.5.2 1.5\;C:\Program Files (x86)\MySQL\MySQL Fabric 1.5.2 & MySQL Utilities 1.5.2 1.5\Doctrine extensions for PHP\;C:\Program Files\MySQL\MySQL Server 5.6\bin;C:\Program Files\Git\bin;C:\Program Files\Intel\WiFi\bin\;C:\Program Files\Common Files\Intel\WirelessCommon\;C:\Program Files (x86)\NVIDIA Corporation\PhysX\Common;E:\nieyue\gradle\gradle-3.5\bin;C:\Python27;C:\Program Files\Git;E:\nieyue\AndroidStudio\SDKTools\android-sdk-windows\platforms;E:\nieyue\AndroidStudio\SDKTools\android-sdk-windows\tools;E:\nieyue\AndroidStudio\SDKTools\android-sdk-windows\platform-tools;C:\Program Files\TortoiseSVN\bin;C:\Program Files\MongoDB\Server\3.6\bin;E:\nieyue\PHP;C:\Program Files (x86)\Microsoft SQL Server\100\Tools\Binn\;C:\Program Files (x86)\Microsoft SQL Server\100\DTS\Binn\;C:\Program Files (x86)\Microsoft SQL Server\100\Tools\Binn\VSShell\Common7\IDE\;C:\Program Files (x86)\Microsoft VS Code\bin;C:\WINDOWS\system32;C:\WINDOWS;C:\WINDOWS\System32\Wbem;C:\WINDOWS\System32\WindowsPowerShell\v1.0\;C:\WINDOWS\System32\OpenSSH\;E:\nieyue\maven\apache-maven-3.3.3\bin;C:\Go\bin;E:\nieyue\IntelliJIDE\golang\bin;E:\nieyue\Python\Scripts\;E:\nieyue\Python\;C:\Users\Administrator\AppData\Local\Microsoft\WindowsApps;C:\Users\Administrator\AppData\Roaming\npm;C:\Program Files (x86)\Microsoft VS Code\bin;C:\Program Files\Intel\WiFi\bin\;C:\Program Files\Common Files\Intel\WirelessCommon\;;C:\Program Files\JetBrains\IntelliJ IDEA 2018.3.2\bin;;C:\Users\Administrator\go\bin
USERNAME=Administrator
OS=Windows_NT
PROCESSOR_IDENTIFIER=Intel64 Family 6 Model 70 Stepping 1, GenuineIntel



---------------  S Y S T E M  ---------------

OS: Windows 10.0 , 64 bit Build 17134 (10.0.17134.1)

CPU:total 8 (initial active 8) (4 cores per cpu, 2 threads per core) family 6 model 70 stepping 1, cmov, cx8, fxsr, mmx, sse, sse2, sse3, ssse3, sse4.1, sse4.2, popcnt, avx, avx2, aes, clmul, erms, lzcnt, ht, tsc, tscinvbit, bmi1, bmi2

Memory: 4k page, physical 8313132k(3315932k free), swap 14175964k(1464724k free)

vm_info: Java HotSpot(TM) 64-Bit Server VM (25.131-b11) for windows-amd64 JRE (1.8.0_131-b11), built on Mar 15 2017 01:23:53 by "java_re" with MS VC++ 10.0 (VS2010)

time: Sun Jan 06 18:57:38 2019
elapsed time: 434 seconds (0d 0h 7m 14s)

