#
# A fatal error has been detected by the Java Runtime Environment:
#
#  EXCEPTION_ACCESS_VIOLATION (0xc0000005) at pc=0x00007ff8924909dc, pid=22264, tid=0x0000000000006f6c
#
# JRE version: Java(TM) SE Runtime Environment (8.0_131-b11) (build 1.8.0_131-b11)
# Java VM: Java HotSpot(TM) 64-Bit Server VM (25.131-b11 mixed mode windows-amd64 compressed oops)
# Problematic frame:
# C  [avformat-58.dll+0x509dc]
#
# Failed to write core dump. Minidumps are not enabled by default on client versions of Windows
#
# If you would like to submit a bug report, please visit:
#   http://bugreport.java.com/bugreport/crash.jsp
# The crash happened outside the Java Virtual Machine in native code.
# See problematic frame for where to report the bug.
#

---------------  T H R E A D  ---------------

Current thread (0x000000001cee7000):  JavaThread "录像工作线程0" [_thread_in_native, id=28524, stack(0x000000001ec90000,0x000000001ed90000)]

siginfo: ExceptionCode=0xc0000005, reading address 0x0000000000000000

Registers:
RAX=0x0000000000000000, RBX=0x000000001eaa3d00, RCX=0x000000001eaa3d00, RDX=0x0000000000000009
RSP=0x000000001ed8f250, RBP=0x0000000000000000, RSI=0x000000001ead3500, RDI=0x000000001df347c0
R8 =0x0000000000000000, R9 =0x0000000000000001, R10=0x0000000000000014, R11=0x000000007705e3a8
R12=0x0000000000000000, R13=0x000000001ed8f3c0, R14=0x000000001ed8f500, R15=0x000000001cee7000
RIP=0x00007ff8924909dc, EFLAGS=0x0000000000010246

Top of Stack: (sp=0x000000001ed8f250)
0x000000001ed8f250:   0000000000000035 0000000000000100
0x000000001ed8f260:   0000000000000000 0000000000000100
0x000000001ed8f270:   0000000000000003 000000001b6e6100
0x000000001ed8f280:   0000000000000000 00007ff892521458
0x000000001ed8f290:   000000001b9c46c0 000000001ed8f350
0x000000001ed8f2a0:   000000001ed8f440 000000001b6e5ff0
0x000000001ed8f2b0:   000000001cee7001 000000001ed8f440
0x000000001ed8f2c0:   000000001cee7000 00000000000000e8
0x000000001ed8f2d0:   0000000018334bb0 000000001cee7000
0x000000001ed8f2e0:   0000000018334bb0 000000001ead3500
0x000000001ed8f2f0:   0000000000000000 8000000000000000
0x000000001ed8f300:   000000001ed8f4e0 0000000000000000
0x000000001ed8f310:   000000001ed8f3c0 000000001ed8f500
0x000000001ed8f320:   000000001cee7000 00007ff8925250d0
0x000000001ed8f330:   000000001ed8f3b0 000000001b6e5ff0
0x000000001ed8f340:   0000000000000000 0000000000000001 

Instructions: (pc=0x00007ff8924909dc)
0x00007ff8924909bc:   81 c4 98 00 00 00 5b 5e 5f 5d 41 5c 41 5d 41 5e
0x00007ff8924909cc:   41 5f c3 90 48 8b 42 10 48 89 d9 ba 09 00 00 00
0x00007ff8924909dc:   4c 8b 28 e8 6c 22 fd ff ba 05 00 00 00 48 89 d9
0x00007ff8924909ec:   e8 8f 58 fd ff 44 89 ea 48 89 d9 e8 84 58 fd ff 


Register to memory mapping:

RAX=0x0000000000000000 is an unknown value
RBX=0x000000001eaa3d00 is an unknown value
RCX=0x000000001eaa3d00 is an unknown value
RDX=0x0000000000000009 is an unknown value
RSP=0x000000001ed8f250 is pointing into the stack for thread: 0x000000001cee7000
RBP=0x0000000000000000 is an unknown value
RSI=0x000000001ead3500 is an unknown value
RDI=0x000000001df347c0 is an unknown value
R8 =0x0000000000000000 is an unknown value
R9 =0x0000000000000001 is an unknown value
R10=0x0000000000000014 is an unknown value
R11=0x000000007705e3a8 is an unknown value
R12=0x0000000000000000 is an unknown value
R13=0x000000001ed8f3c0 is pointing into the stack for thread: 0x000000001cee7000
R14=0x000000001ed8f500 is pointing into the stack for thread: 0x000000001cee7000
R15=0x000000001cee7000 is a thread


Stack: [0x000000001ec90000,0x000000001ed90000],  sp=0x000000001ed8f250,  free space=1020k
Native frames: (J=compiled Java code, j=interpreted, Vv=VM code, C=native code)

Java frames: (J=compiled Java code, j=interpreted, Vv=VM code)
j  org.bytedeco.javacpp.avformat.av_write_trailer(Lorg/bytedeco/javacpp/avformat$AVFormatContext;)I+0
j  com.nieyue.javacv.FFmpegFrameRecorderPlus.stop()V+117
j  com.nieyue.javacv.RecordThread.stopRecord()V+25
j  com.nieyue.javacv.RecordThread.mainLoop()V+214
j  com.nieyue.javacv.RecordThread.run()V+18
v  ~StubRoutines::call_stub

---------------  P R O C E S S  ---------------

Java Threads: ( => current thread )
  0x0000000003712800 JavaThread "DestroyJavaVM" [_thread_blocked, id=23388, stack(0x0000000003480000,0x0000000003580000)]
=>0x000000001cee7000 JavaThread "录像工作线程0" [_thread_in_native, id=28524, stack(0x000000001ec90000,0x000000001ed90000)]
  0x000000001c182800 JavaThread "JavaCPP Deallocator" daemon [_thread_blocked, id=16044, stack(0x000000001cd70000,0x000000001ce70000)]
  0x000000001b70c000 JavaThread "Service Thread" daemon [_thread_blocked, id=9848, stack(0x000000001ca70000,0x000000001cb70000)]
  0x000000001b66e800 JavaThread "C1 CompilerThread3" daemon [_thread_blocked, id=22112, stack(0x000000001c970000,0x000000001ca70000)]
  0x000000001b65d800 JavaThread "C2 CompilerThread2" daemon [_thread_blocked, id=10512, stack(0x000000001c870000,0x000000001c970000)]
  0x000000001b65d000 JavaThread "C2 CompilerThread1" daemon [_thread_blocked, id=24088, stack(0x000000001c770000,0x000000001c870000)]
  0x000000001b65a000 JavaThread "C2 CompilerThread0" daemon [_thread_blocked, id=23368, stack(0x000000001c670000,0x000000001c770000)]
  0x000000001b585800 JavaThread "Monitor Ctrl-Break" daemon [_thread_in_native, id=9756, stack(0x000000001c570000,0x000000001c670000)]
  0x000000001a72c800 JavaThread "Attach Listener" daemon [_thread_blocked, id=15916, stack(0x000000001aca0000,0x000000001ada0000)]
  0x000000001a6d7000 JavaThread "Signal Dispatcher" daemon [_thread_blocked, id=14288, stack(0x000000001aba0000,0x000000001aca0000)]
  0x0000000003809000 JavaThread "Finalizer" daemon [_thread_blocked, id=13308, stack(0x000000001aaa0000,0x000000001aba0000)]
  0x0000000003808000 JavaThread "Reference Handler" daemon [_thread_blocked, id=23060, stack(0x000000001a5a0000,0x000000001a6a0000)]

Other Threads:
  0x00000000187d8800 VMThread [stack: 0x000000001a4a0000,0x000000001a5a0000] [id=17136]
  0x000000001b7ed000 WatcherThread [stack: 0x000000001cb70000,0x000000001cc70000] [id=1332]

VM state:not at safepoint (normal execution)

VM Mutex/Monitor currently owned by a thread: None

Heap:
 PSYoungGen      total 35328K, used 6954K [0x00000000d5b80000, 0x00000000d8180000, 0x0000000100000000)
  eden space 32768K, 13% used [0x00000000d5b80000,0x00000000d5ff0d70,0x00000000d7b80000)
  from space 2560K, 94% used [0x00000000d7c00000,0x00000000d7e59b68,0x00000000d7e80000)
  to   space 3072K, 0% used [0x00000000d7e80000,0x00000000d7e80000,0x00000000d8180000)
 ParOldGen       total 87552K, used 40K [0x0000000081200000, 0x0000000086780000, 0x00000000d5b80000)
  object space 87552K, 0% used [0x0000000081200000,0x000000008120a000,0x0000000086780000)
 Metaspace       used 6979K, capacity 7126K, committed 7296K, reserved 1056768K
  class space    used 773K, capacity 817K, committed 896K, reserved 1048576K

Card table byte_map: [0x0000000012bd0000,0x0000000012fd0000] byte_map_base: 0x00000000127c7000

Marking Bits: (ParMarkBitMap*) 0x000000007706c720
 Begin Bits: [0x0000000013a80000, 0x0000000015a38000)
 End Bits:   [0x0000000015a38000, 0x00000000179f0000)

Polling page: 0x0000000001300000

CodeCache: size=245760Kb used=3644Kb max_used=3653Kb free=242115Kb
 bounds [0x0000000003810000, 0x0000000003bb0000, 0x0000000012810000]
 total_blobs=1049 nmethods=722 adapters=240
 compilation: enabled

Compilation events (10 events):
Event: 5.361 Thread 0x000000001b66e800  716   !   3       com.sun.proxy.$Proxy1::pragma (29 bytes)
Event: 5.361 Thread 0x000000001b66e800 nmethod 716 0x0000000003b950d0 code [0x0000000003b95260, 0x0000000003b95638]
Event: 5.361 Thread 0x000000001b66e800  717   !   3       com.sun.proxy.$Proxy1::exclude (29 bytes)
Event: 5.361 Thread 0x000000001b66e800 nmethod 717 0x0000000003b94950 code [0x0000000003b94ae0, 0x0000000003b94eb8]
Event: 5.374 Thread 0x000000001b65d800  720       4       java.net.URI$Parser::scan (73 bytes)
Event: 5.389 Thread 0x000000001b65d800 nmethod 720 0x0000000003b92310 code [0x0000000003b92460, 0x0000000003b92898]
Event: 5.694 Thread 0x000000001b66e800  721       3       java.nio.Buffer::limit (62 bytes)
Event: 5.694 Thread 0x000000001b66e800 nmethod 721 0x0000000003b91d10 code [0x0000000003b91e80, 0x0000000003b92188]
Event: 5.695 Thread 0x000000001b66e800  722       3       java.nio.Buffer::position (43 bytes)
Event: 5.696 Thread 0x000000001b66e800 nmethod 722 0x0000000003b8e690 code [0x0000000003b8e800, 0x0000000003b8eac8]

GC Heap History (10 events):
Event: 1.335 GC heap before
{Heap before GC invocations=1 (full 0):
 PSYoungGen      total 38400K, used 33280K [0x00000000d5b80000, 0x00000000d8600000, 0x0000000100000000)
  eden space 33280K, 100% used [0x00000000d5b80000,0x00000000d7c00000,0x00000000d7c00000)
  from space 5120K, 0% used [0x00000000d8100000,0x00000000d8100000,0x00000000d8600000)
  to   space 5120K, 0% used [0x00000000d7c00000,0x00000000d7c00000,0x00000000d8100000)
 ParOldGen       total 87552K, used 0K [0x0000000081200000, 0x0000000086780000, 0x00000000d5b80000)
  object space 87552K, 0% used [0x0000000081200000,0x0000000081200000,0x0000000086780000)
 Metaspace       used 5262K, capacity 5472K, committed 5760K, reserved 1056768K
  class space    used 562K, capacity 592K, committed 640K, reserved 1048576K
Event: 1.340 GC heap after
Heap after GC invocations=1 (full 0):
 PSYoungGen      total 38400K, used 2942K [0x00000000d5b80000, 0x00000000d8600000, 0x0000000100000000)
  eden space 33280K, 0% used [0x00000000d5b80000,0x00000000d5b80000,0x00000000d7c00000)
  from space 5120K, 57% used [0x00000000d7c00000,0x00000000d7edf990,0x00000000d8100000)
  to   space 5120K, 0% used [0x00000000d8100000,0x00000000d8100000,0x00000000d8600000)
 ParOldGen       total 87552K, used 8K [0x0000000081200000, 0x0000000086780000, 0x00000000d5b80000)
  object space 87552K, 0% used [0x0000000081200000,0x0000000081202000,0x0000000086780000)
 Metaspace       used 5262K, capacity 5472K, committed 5760K, reserved 1056768K
  class space    used 562K, capacity 592K, committed 640K, reserved 1048576K
}
Event: 1.954 GC heap before
{Heap before GC invocations=2 (full 0):
 PSYoungGen      total 38400K, used 36222K [0x00000000d5b80000, 0x00000000d8600000, 0x0000000100000000)
  eden space 33280K, 100% used [0x00000000d5b80000,0x00000000d7c00000,0x00000000d7c00000)
  from space 5120K, 57% used [0x00000000d7c00000,0x00000000d7edf990,0x00000000d8100000)
  to   space 5120K, 0% used [0x00000000d8100000,0x00000000d8100000,0x00000000d8600000)
 ParOldGen       total 87552K, used 8K [0x0000000081200000, 0x0000000086780000, 0x00000000d5b80000)
  object space 87552K, 0% used [0x0000000081200000,0x0000000081202000,0x0000000086780000)
 Metaspace       used 6281K, capacity 6416K, committed 6656K, reserved 1056768K
  class space    used 703K, capacity 752K, committed 768K, reserved 1048576K
Event: 1.958 GC heap after
Heap after GC invocations=2 (full 0):
 PSYoungGen      total 38400K, used 2718K [0x00000000d5b80000, 0x00000000d8600000, 0x0000000100000000)
  eden space 33280K, 0% used [0x00000000d5b80000,0x00000000d5b80000,0x00000000d7c00000)
  from space 5120K, 53% used [0x00000000d8100000,0x00000000d83a78f8,0x00000000d8600000)
  to   space 5120K, 0% used [0x00000000d7c00000,0x00000000d7c00000,0x00000000d8100000)
 ParOldGen       total 87552K, used 16K [0x0000000081200000, 0x0000000086780000, 0x00000000d5b80000)
  object space 87552K, 0% used [0x0000000081200000,0x0000000081204000,0x0000000086780000)
 Metaspace       used 6281K, capacity 6416K, committed 6656K, reserved 1056768K
  class space    used 703K, capacity 752K, committed 768K, reserved 1048576K
}
Event: 2.868 GC heap before
{Heap before GC invocations=3 (full 0):
 PSYoungGen      total 38400K, used 35998K [0x00000000d5b80000, 0x00000000d8600000, 0x0000000100000000)
  eden space 33280K, 100% used [0x00000000d5b80000,0x00000000d7c00000,0x00000000d7c00000)
  from space 5120K, 53% used [0x00000000d8100000,0x00000000d83a78f8,0x00000000d8600000)
  to   space 5120K, 0% used [0x00000000d7c00000,0x00000000d7c00000,0x00000000d8100000)
 ParOldGen       total 87552K, used 16K [0x0000000081200000, 0x0000000086780000, 0x00000000d5b80000)
  object space 87552K, 0% used [0x0000000081200000,0x0000000081204000,0x0000000086780000)
 Metaspace       used 6575K, capacity 6646K, committed 6784K, reserved 1056768K
  class space    used 740K, capacity 785K, committed 896K, reserved 1048576K
Event: 2.871 GC heap after
Heap after GC invocations=3 (full 0):
 PSYoungGen      total 38400K, used 2438K [0x00000000d5b80000, 0x00000000d8600000, 0x0000000100000000)
  eden space 33280K, 0% used [0x00000000d5b80000,0x00000000d5b80000,0x00000000d7c00000)
  from space 5120K, 47% used [0x00000000d7c00000,0x00000000d7e61b68,0x00000000d8100000)
  to   space 5120K, 0% used [0x00000000d8100000,0x00000000d8100000,0x00000000d8600000)
 ParOldGen       total 87552K, used 24K [0x0000000081200000, 0x0000000086780000, 0x00000000d5b80000)
  object space 87552K, 0% used [0x0000000081200000,0x0000000081206000,0x0000000086780000)
 Metaspace       used 6575K, capacity 6646K, committed 6784K, reserved 1056768K
  class space    used 740K, capacity 785K, committed 896K, reserved 1048576K
}
Event: 4.440 GC heap before
{Heap before GC invocations=4 (full 0):
 PSYoungGen      total 38400K, used 35718K [0x00000000d5b80000, 0x00000000d8600000, 0x0000000100000000)
  eden space 33280K, 100% used [0x00000000d5b80000,0x00000000d7c00000,0x00000000d7c00000)
  from space 5120K, 47% used [0x00000000d7c00000,0x00000000d7e61b68,0x00000000d8100000)
  to   space 5120K, 0% used [0x00000000d8100000,0x00000000d8100000,0x00000000d8600000)
 ParOldGen       total 87552K, used 24K [0x0000000081200000, 0x0000000086780000, 0x00000000d5b80000)
  object space 87552K, 0% used [0x0000000081200000,0x0000000081206000,0x0000000086780000)
 Metaspace       used 6767K, capacity 6838K, committed 7040K, reserved 1056768K
  class space    used 761K, capacity 785K, committed 896K, reserved 1048576K
Event: 4.445 GC heap after
Heap after GC invocations=4 (full 0):
 PSYoungGen      total 38400K, used 2358K [0x00000000d5b80000, 0x00000000d8600000, 0x0000000100000000)
  eden space 33280K, 0% used [0x00000000d5b80000,0x00000000d5b80000,0x00000000d7c00000)
  from space 5120K, 46% used [0x00000000d8100000,0x00000000d834db78,0x00000000d8600000)
  to   space 5120K, 0% used [0x00000000d7c00000,0x00000000d7c00000,0x00000000d8100000)
 ParOldGen       total 87552K, used 32K [0x0000000081200000, 0x0000000086780000, 0x00000000d5b80000)
  object space 87552K, 0% used [0x0000000081200000,0x0000000081208000,0x0000000086780000)
 Metaspace       used 6767K, capacity 6838K, committed 7040K, reserved 1056768K
  class space    used 761K, capacity 785K, committed 896K, reserved 1048576K
}
Event: 5.375 GC heap before
{Heap before GC invocations=5 (full 0):
 PSYoungGen      total 38400K, used 35638K [0x00000000d5b80000, 0x00000000d8600000, 0x0000000100000000)
  eden space 33280K, 100% used [0x00000000d5b80000,0x00000000d7c00000,0x00000000d7c00000)
  from space 5120K, 46% used [0x00000000d8100000,0x00000000d834db78,0x00000000d8600000)
  to   space 5120K, 0% used [0x00000000d7c00000,0x00000000d7c00000,0x00000000d8100000)
 ParOldGen       total 87552K, used 32K [0x0000000081200000, 0x0000000086780000, 0x00000000d5b80000)
  object space 87552K, 0% used [0x0000000081200000,0x0000000081208000,0x0000000086780000)
 Metaspace       used 6930K, capacity 6966K, committed 7296K, reserved 1056768K
  class space    used 769K, capacity 785K, committed 896K, reserved 1048576K
Event: 5.378 GC heap after
Heap after GC invocations=5 (full 0):
 PSYoungGen      total 35328K, used 2406K [0x00000000d5b80000, 0x00000000d8180000, 0x0000000100000000)
  eden space 32768K, 0% used [0x00000000d5b80000,0x00000000d5b80000,0x00000000d7b80000)
  from space 2560K, 94% used [0x00000000d7c00000,0x00000000d7e59b68,0x00000000d7e80000)
  to   space 3072K, 0% used [0x00000000d7e80000,0x00000000d7e80000,0x00000000d8180000)
 ParOldGen       total 87552K, used 40K [0x0000000081200000, 0x0000000086780000, 0x00000000d5b80000)
  object space 87552K, 0% used [0x0000000081200000,0x000000008120a000,0x0000000086780000)
 Metaspace       used 6930K, capacity 6966K, committed 7296K, reserved 1056768K
  class space    used 769K, capacity 785K, committed 896K, reserved 1048576K
}

Deoptimization events (3 events):
Event: 0.961 Thread 0x0000000003712800 Uncommon trap: reason=unstable_if action=reinterpret pc=0x0000000003953498 method=java.lang.String.indexOf([CII[CIII)I @ 123
Event: 0.961 Thread 0x0000000003712800 Uncommon trap: reason=unstable_if action=reinterpret pc=0x0000000003936184 method=java.lang.String.indexOf([CII[CIII)I @ 123
Event: 5.715 Thread 0x000000001cee7000 Uncommon trap: reason=unstable_if action=reinterpret pc=0x0000000003a5194c method=java.lang.AbstractStringBuilder.append(Ljava/lang/String;)Ljava/lang/AbstractStringBuilder; @ 1

Internal exceptions (10 events):
Event: 0.761 Thread 0x0000000003712800 Exception <a 'java/security/PrivilegedActionException'> (0x00000000d6b86018) thrown at [C:\re\workspace\8-2-build-windows-amd64-cygwin\jdk8u131\8869\hotspot\src\share\vm\prims\jvm.cpp, line 1390]
Event: 0.761 Thread 0x0000000003712800 Exception <a 'java/security/PrivilegedActionException'> (0x00000000d6b86228) thrown at [C:\re\workspace\8-2-build-windows-amd64-cygwin\jdk8u131\8869\hotspot\src\share\vm\prims\jvm.cpp, line 1390]
Event: 0.762 Thread 0x0000000003712800 Exception <a 'java/security/PrivilegedActionException'> (0x00000000d6b87a38) thrown at [C:\re\workspace\8-2-build-windows-amd64-cygwin\jdk8u131\8869\hotspot\src\share\vm\prims\jvm.cpp, line 1390]
Event: 0.762 Thread 0x0000000003712800 Exception <a 'java/security/PrivilegedActionException'> (0x00000000d6b87c48) thrown at [C:\re\workspace\8-2-build-windows-amd64-cygwin\jdk8u131\8869\hotspot\src\share\vm\prims\jvm.cpp, line 1390]
Event: 0.971 Thread 0x0000000003712800 Exception <a 'java/security/PrivilegedActionException'> (0x00000000d7074b50) thrown at [C:\re\workspace\8-2-build-windows-amd64-cygwin\jdk8u131\8869\hotspot\src\share\vm\prims\jvm.cpp, line 1390]
Event: 0.971 Thread 0x0000000003712800 Exception <a 'java/security/PrivilegedActionException'> (0x00000000d7074d60) thrown at [C:\re\workspace\8-2-build-windows-amd64-cygwin\jdk8u131\8869\hotspot\src\share\vm\prims\jvm.cpp, line 1390]
Event: 0.973 Thread 0x0000000003712800 Exception <a 'java/security/PrivilegedActionException'> (0x00000000d7078c70) thrown at [C:\re\workspace\8-2-build-windows-amd64-cygwin\jdk8u131\8869\hotspot\src\share\vm\prims\jvm.cpp, line 1390]
Event: 0.973 Thread 0x0000000003712800 Exception <a 'java/security/PrivilegedActionException'> (0x00000000d7078e80) thrown at [C:\re\workspace\8-2-build-windows-amd64-cygwin\jdk8u131\8869\hotspot\src\share\vm\prims\jvm.cpp, line 1390]
Event: 5.710 Thread 0x000000001cee7000 Exception <a 'java/lang/NullPointerException'> (0x00000000d5fb5f08) thrown at [C:\re\workspace\8-2-build-windows-amd64-cygwin\jdk8u131\8869\hotspot\src\share\vm\interpreter\linkResolver.cpp, line 1197]
Event: 5.715 Thread 0x000000001cee7000 Implicit null exception at 0x0000000003a51596 to 0x0000000003a51935

Events (10 events):
Event: 5.693 loading class java/nio/DirectFloatBufferU done
Event: 5.693 loading class java/nio/DirectShortBufferU
Event: 5.694 loading class java/nio/ShortBuffer
Event: 5.694 loading class java/nio/ShortBuffer done
Event: 5.694 loading class java/nio/DirectShortBufferU done
Event: 5.708 loading class org/bytedeco/javacpp/Pointer$2
Event: 5.708 loading class org/bytedeco/javacpp/Pointer$2 done
Event: 5.715 Thread 0x000000001cee7000 Uncommon trap: trap_request=0xffffff65 fr.pc=0x0000000003a5194c
Event: 5.715 Thread 0x000000001cee7000 DEOPT PACKING pc=0x0000000003a5194c sp=0x000000001ed8f520
Event: 5.715 Thread 0x000000001cee7000 DEOPT UNPACKING pc=0x000000000385582a sp=0x000000001ed8f4b0 mode 2


Dynamic libraries:
0x00007ff7d9230000 - 0x00007ff7d9267000 	C:\Program Files\Java\jdk1.8.0_131\bin\java.exe
0x00007ff8b9600000 - 0x00007ff8b97e1000 	C:\WINDOWS\SYSTEM32\ntdll.dll
0x00007ff8b9030000 - 0x00007ff8b90e2000 	C:\WINDOWS\System32\KERNEL32.DLL
0x00007ff8b5c10000 - 0x00007ff8b5e83000 	C:\WINDOWS\System32\KERNELBASE.dll
0x00007ff8b7190000 - 0x00007ff8b7231000 	C:\WINDOWS\System32\ADVAPI32.dll
0x00007ff8b8f90000 - 0x00007ff8b902e000 	C:\WINDOWS\System32\msvcrt.dll
0x00007ff8b6b00000 - 0x00007ff8b6b5b000 	C:\WINDOWS\System32\sechost.dll
0x00007ff8b8e60000 - 0x00007ff8b8f84000 	C:\WINDOWS\System32\RPCRT4.dll
0x00007ff8b7240000 - 0x00007ff8b73d0000 	C:\WINDOWS\System32\USER32.dll
0x00007ff8b59b0000 - 0x00007ff8b59d0000 	C:\WINDOWS\System32\win32u.dll
0x00007ff8b6ad0000 - 0x00007ff8b6af8000 	C:\WINDOWS\System32\GDI32.dll
0x00007ff8b56d0000 - 0x00007ff8b5862000 	C:\WINDOWS\System32\gdi32full.dll
0x00007ff8b58e0000 - 0x00007ff8b597f000 	C:\WINDOWS\System32\msvcp_win.dll
0x00007ff8b65a0000 - 0x00007ff8b669a000 	C:\WINDOWS\System32\ucrtbase.dll
0x00007ff8a9a60000 - 0x00007ff8a9cc9000 	C:\WINDOWS\WinSxS\amd64_microsoft.windows.common-controls_6595b64144ccf1df_6.0.17134.472_none_fb3f9af53068156d\COMCTL32.dll
0x00007ff8b6bf0000 - 0x00007ff8b6f12000 	C:\WINDOWS\System32\combase.dll
0x00007ff8b6860000 - 0x00007ff8b68da000 	C:\WINDOWS\System32\bcryptPrimitives.dll
0x00007ff8b6bc0000 - 0x00007ff8b6bed000 	C:\WINDOWS\System32\IMM32.DLL
0x0000000077990000 - 0x0000000077a62000 	C:\Program Files\Java\jdk1.8.0_131\jre\bin\msvcr100.dll
0x0000000076850000 - 0x00000000770ec000 	C:\Program Files\Java\jdk1.8.0_131\jre\bin\server\jvm.dll
0x00007ff8b5980000 - 0x00007ff8b59a3000 	C:\WINDOWS\System32\WINMM.dll
0x00007ff8b5630000 - 0x00007ff8b565a000 	C:\WINDOWS\System32\WINMMBASE.dll
0x00007ff8b59d0000 - 0x00007ff8b5a19000 	C:\WINDOWS\System32\cfgmgr32.dll
0x00007ff8b7010000 - 0x00007ff8b7018000 	C:\WINDOWS\System32\PSAPI.DLL
0x00007ff8a4090000 - 0x00007ff8a4099000 	C:\WINDOWS\SYSTEM32\WSOCK32.dll
0x00007ff8b6f20000 - 0x00007ff8b6f8c000 	C:\WINDOWS\System32\WS2_32.dll
0x00007ff8ae740000 - 0x00007ff8ae74a000 	C:\WINDOWS\SYSTEM32\VERSION.dll
0x0000000077bd0000 - 0x0000000077bdf000 	C:\Program Files\Java\jdk1.8.0_131\jre\bin\verify.dll
0x0000000077ba0000 - 0x0000000077bc9000 	C:\Program Files\Java\jdk1.8.0_131\jre\bin\java.dll
0x0000000076740000 - 0x0000000076763000 	C:\Program Files\Java\jdk1.8.0_131\jre\bin\instrument.dll
0x0000000077b80000 - 0x0000000077b96000 	C:\Program Files\Java\jdk1.8.0_131\jre\bin\zip.dll
0x00007ff8b7a00000 - 0x00007ff8b8e40000 	C:\WINDOWS\System32\SHELL32.dll
0x00007ff8b9520000 - 0x00007ff8b95c9000 	C:\WINDOWS\System32\shcore.dll
0x00007ff8b5e90000 - 0x00007ff8b659d000 	C:\WINDOWS\System32\windows.storage.dll
0x00007ff8b6b60000 - 0x00007ff8b6bb1000 	C:\WINDOWS\System32\shlwapi.dll
0x00007ff8b5690000 - 0x00007ff8b56a1000 	C:\WINDOWS\System32\kernel.appcore.dll
0x00007ff8b56b0000 - 0x00007ff8b56cf000 	C:\WINDOWS\System32\profapi.dll
0x00007ff8b66a0000 - 0x00007ff8b66ec000 	C:\WINDOWS\System32\powrprof.dll
0x00007ff8b5680000 - 0x00007ff8b568a000 	C:\WINDOWS\System32\FLTLIB.DLL
0x00007ff8a9f40000 - 0x00007ff8a9f5a000 	C:\Program Files\JetBrains\IntelliJ IDEA 2018.3.2\bin\breakgen64.dll
0x0000000077b60000 - 0x0000000077b7a000 	C:\Program Files\Java\jdk1.8.0_131\jre\bin\net.dll
0x00007ff8b4e90000 - 0x00007ff8b4ef6000 	C:\WINDOWS\system32\mswsock.dll
0x00007ff8984a0000 - 0x00007ff89855b000 	C:\Users\Administrator\.javacpp\cache\ffmpeg-4.0.2-1.4.3-windows-x86_64.jar\org\bytedeco\javacpp\windows-x86_64\avutil-56.dll
0x00007ff8b5170000 - 0x00007ff8b5195000 	C:\WINDOWS\SYSTEM32\bcrypt.dll
0x0000000077970000 - 0x0000000077981000 	C:\Program Files\Java\jdk1.8.0_131\jre\bin\nio.dll
0x000000006fe00000 - 0x000000006fee7000 	C:\Users\Administrator\.javacpp\cache\ffmpeg-4.0.2-1.4.3-windows-x86_64.jar\org\bytedeco\javacpp\windows-x86_64\jniavutil.dll
0x00007ff89d470000 - 0x00007ff89d497000 	C:\Users\Administrator\.javacpp\cache\ffmpeg-4.0.2-1.4.3-windows-x86_64.jar\org\bytedeco\javacpp\windows-x86_64\swresample-3.dll
0x0000000070080000 - 0x00000000700ae000 	C:\Users\Administrator\.javacpp\cache\ffmpeg-4.0.2-1.4.3-windows-x86_64.jar\org\bytedeco\javacpp\windows-x86_64\jniswresample.dll
0x00007ff86f640000 - 0x00007ff8718c1000 	C:\Users\Administrator\.javacpp\cache\ffmpeg-4.0.2-1.4.3-windows-x86_64.jar\org\bytedeco\javacpp\windows-x86_64\avcodec-58.dll
0x00007ff8b6970000 - 0x00007ff8b6ac1000 	C:\WINDOWS\System32\ole32.dll
0x000000006a1c0000 - 0x000000006a424000 	C:\Users\Administrator\.javacpp\cache\ffmpeg-4.0.2-1.4.3-windows-x86_64.jar\org\bytedeco\javacpp\windows-x86_64\jniavcodec.dll
0x00007ff892440000 - 0x00007ff892901000 	C:\Users\Administrator\.javacpp\cache\ffmpeg-4.0.2-1.4.3-windows-x86_64.jar\org\bytedeco\javacpp\windows-x86_64\avformat-58.dll
0x00007ff8b5a20000 - 0x00007ff8b5c02000 	C:\WINDOWS\System32\CRYPT32.dll
0x00007ff8b5660000 - 0x00007ff8b5672000 	C:\WINDOWS\System32\MSASN1.dll
0x000000006abc0000 - 0x000000006ad0a000 	C:\Users\Administrator\.javacpp\cache\ffmpeg-4.0.2-1.4.3-windows-x86_64.jar\org\bytedeco\javacpp\windows-x86_64\jniavformat.dll
0x00007ff898400000 - 0x00007ff898495000 	C:\Users\Administrator\.javacpp\cache\ffmpeg-4.0.2-1.4.3-windows-x86_64.jar\org\bytedeco\javacpp\windows-x86_64\swscale-5.dll
0x0000000067cc0000 - 0x0000000067cf6000 	C:\Users\Administrator\.javacpp\cache\ffmpeg-4.0.2-1.4.3-windows-x86_64.jar\org\bytedeco\javacpp\windows-x86_64\jniswscale.dll
0x00007ff89c570000 - 0x00007ff89c59a000 	C:\Users\Administrator\.javacpp\cache\ffmpeg-4.0.2-1.4.3-windows-x86_64.jar\org\bytedeco\javacpp\windows-x86_64\postproc-55.dll
0x000000006a0c0000 - 0x000000006a0ed000 	C:\Users\Administrator\.javacpp\cache\ffmpeg-4.0.2-1.4.3-windows-x86_64.jar\org\bytedeco\javacpp\windows-x86_64\jnipostproc.dll
0x00007ff893770000 - 0x00007ff893af1000 	C:\Users\Administrator\.javacpp\cache\ffmpeg-4.0.2-1.4.3-windows-x86_64.jar\org\bytedeco\javacpp\windows-x86_64\avfilter-7.dll
0x0000000064400000 - 0x0000000064477000 	C:\Users\Administrator\.javacpp\cache\ffmpeg-4.0.2-1.4.3-windows-x86_64.jar\org\bytedeco\javacpp\windows-x86_64\jniavfilter.dll
0x00007ff89c170000 - 0x00007ff89c19c000 	C:\Users\Administrator\.javacpp\cache\ffmpeg-4.0.2-1.4.3-windows-x86_64.jar\org\bytedeco\javacpp\windows-x86_64\avdevice-58.dll
0x00007ff8b7930000 - 0x00007ff8b79f2000 	C:\WINDOWS\System32\OLEAUT32.dll
0x00007ff89fb90000 - 0x00007ff89fba8000 	C:\WINDOWS\SYSTEM32\AVICAP32.dll
0x00007ff89c140000 - 0x00007ff89c169000 	C:\WINDOWS\SYSTEM32\MSVFW32.dll
0x000000001de50000 - 0x000000001de89000 	C:\Users\Administrator\.javacpp\cache\ffmpeg-4.0.2-1.4.3-windows-x86_64.jar\org\bytedeco\javacpp\windows-x86_64\jniavdevice.dll
0x00007ff8b4c50000 - 0x00007ff8b4d0e000 	C:\WINDOWS\SYSTEM32\DNSAPI.dll
0x00007ff8b9270000 - 0x00007ff8b9278000 	C:\WINDOWS\System32\NSI.dll
0x00007ff8b4c10000 - 0x00007ff8b4c48000 	C:\WINDOWS\SYSTEM32\IPHLPAPI.DLL
0x00007ff8aac20000 - 0x00007ff8aac2a000 	C:\Windows\System32\rasadhlp.dll
0x00007ff8aacc0000 - 0x00007ff8aad32000 	C:\WINDOWS\System32\fwpuclnt.dll
0x00007ff8af910000 - 0x00007ff8afad9000 	C:\WINDOWS\SYSTEM32\dbghelp.dll

VM Arguments:
jvm_args: -javaagent:C:\Program Files\JetBrains\IntelliJ IDEA 2018.3.2\lib\idea_rt.jar=61772:C:\Program Files\JetBrains\IntelliJ IDEA 2018.3.2\bin -Dfile.encoding=UTF-8 
java_command: com.nieyue.javacv.CVUtil2
java_class_path (initial): C:\Users\Administrator\AppData\Local\Temp\classpath321327915.jar;C:\Program Files\JetBrains\IntelliJ IDEA 2018.3.2\lib\idea_rt.jar
Launcher Type: SUN_STANDARD

Environment Variables:
JAVA_HOME=C:\Program Files\Java\jdk1.8.0_131
CLASSPATH=.;C:\Program Files\Java\jdk1.8.0_131\lib\dt.jar;C:\Program Files\Java\jdk1.8.0_131\lib\tools.jar;
PATH=C:\ProgramData\Oracle\Java\javapath;C:\Program Files\Java\jdk1.8.0_131\bin;C:\Program Files\Java\jdk1.8.0_131\jre\bin;C:\windows\system32;C:\windows;C:\windows\System32\Wbem;C:\windows\System32\WindowsPowerShell\v1.0\;C:\Program Files\nodejs\;C:\Program Files\nodejs;C:\Program Files (x86)\MySQL\MySQL Fabric 1.5.2 & MySQL Utilities 1.5.2 1.5\;C:\Program Files (x86)\MySQL\MySQL Fabric 1.5.2 & MySQL Utilities 1.5.2 1.5\Doctrine extensions for PHP\;C:\Program Files\MySQL\MySQL Server 5.6\bin;C:\Program Files\Git\bin;C:\Program Files\Intel\WiFi\bin\;C:\Program Files\Common Files\Intel\WirelessCommon\;C:\Program Files (x86)\NVIDIA Corporation\PhysX\Common;E:\nieyue\gradle\gradle-3.5\bin;C:\Python27;C:\Program Files\Git;E:\nieyue\AndroidStudio\SDKTools\android-sdk-windows\platforms;E:\nieyue\AndroidStudio\SDKTools\android-sdk-windows\tools;E:\nieyue\AndroidStudio\SDKTools\android-sdk-windows\platform-tools;C:\Program Files\TortoiseSVN\bin;C:\Program Files\MongoDB\Server\3.6\bin;E:\nieyue\PHP;C:\Program Files (x86)\Microsoft SQL Server\100\Tools\Binn\;C:\Program Files (x86)\Microsoft SQL Server\100\DTS\Binn\;C:\Program Files (x86)\Microsoft SQL Server\100\Tools\Binn\VSShell\Common7\IDE\;C:\Program Files (x86)\Microsoft VS Code\bin;C:\WINDOWS\system32;C:\WINDOWS;C:\WINDOWS\System32\Wbem;C:\WINDOWS\System32\WindowsPowerShell\v1.0\;C:\WINDOWS\System32\OpenSSH\;E:\nieyue\maven\apache-maven-3.3.3\bin;C:\Go\bin;E:\nieyue\IntelliJIDE\golang\bin;E:\nieyue\Python\Scripts\;E:\nieyue\Python\;C:\Users\Administrator\AppData\Local\Microsoft\WindowsApps;C:\Users\Administrator\AppData\Roaming\npm;C:\Program Files (x86)\Microsoft VS Code\bin;C:\Program Files\Intel\WiFi\bin\;C:\Program Files\Common Files\Intel\WirelessCommon\;;C:\Program Files\JetBrains\IntelliJ IDEA 2018.3.2\bin;;C:\Users\Administrator\go\bin
USERNAME=Administrator
OS=Windows_NT
PROCESSOR_IDENTIFIER=Intel64 Family 6 Model 70 Stepping 1, GenuineIntel



---------------  S Y S T E M  ---------------

OS: Windows 10.0 , 64 bit Build 17134 (10.0.17134.1)

CPU:total 8 (initial active 8) (4 cores per cpu, 2 threads per core) family 6 model 70 stepping 1, cmov, cx8, fxsr, mmx, sse, sse2, sse3, ssse3, sse4.1, sse4.2, popcnt, avx, avx2, aes, clmul, erms, lzcnt, ht, tsc, tscinvbit, bmi1, bmi2

Memory: 4k page, physical 8313132k(2698944k free), swap 12561796k(1712884k free)

vm_info: Java HotSpot(TM) 64-Bit Server VM (25.131-b11) for windows-amd64 JRE (1.8.0_131-b11), built on Mar 15 2017 01:23:53 by "java_re" with MS VC++ 10.0 (VS2010)

time: Tue Jan 08 00:35:57 2019
elapsed time: 5 seconds (0d 0h 0m 5s)

