#
# A fatal error has been detected by the Java Runtime Environment:
#
#  EXCEPTION_ACCESS_VIOLATION (0xc0000005) at pc=0x00007ff88e180926, pid=11296, tid=0x000000000000572c
#
# JRE version: Java(TM) SE Runtime Environment (8.0_131-b11) (build 1.8.0_131-b11)
# Java VM: Java HotSpot(TM) 64-Bit Server VM (25.131-b11 mixed mode windows-amd64 compressed oops)
# Problematic frame:
# C  [avformat-58.dll+0x50926]
#
# Failed to write core dump. Minidumps are not enabled by default on client versions of Windows
#
# If you would like to submit a bug report, please visit:
#   http://bugreport.java.com/bugreport/crash.jsp
# The crash happened outside the Java Virtual Machine in native code.
# See problematic frame for where to report the bug.
#

---------------  T H R E A D  ---------------

Current thread (0x0000000021165800):  JavaThread "http-nio-8080-exec-4" daemon [_thread_in_native, id=22316, stack(0x00000000248f0000,0x00000000249f0000)]

siginfo: ExceptionCode=0xc0000005, reading address 0x0000000000000100

Registers:
RAX=0x00007ff88e4bef80, RBX=0x00000000319cad80, RCX=0x0000000035394b00, RDX=0x0000000000000000
RSP=0x00000000249ebf10, RBP=0x00000000249ec1a0, RSI=0x0000000035394b00, RDI=0x0000000000000000
R8 =0x0000000000000001, R9 =0x0000000000000002, R10=0x0000000000000384, R11=0x0000000076f4e3a8
R12=0x0000000000000000, R13=0x00000000249ec080, R14=0x00000000249ec1c0, R15=0x0000000021165800
RIP=0x00007ff88e180926, EFLAGS=0x0000000000010246

Top of Stack: (sp=0x00000000249ebf10)
0x00000000249ebf10:   0000000000001448 0000000035394b00
0x00000000249ebf20:   00007ff89e574ee6 0000000035394b00
0x00000000249ebf30:   0000000000000000 00000000e4351190
0x00000000249ebf40:   00000000249ec1a0 00007ff88e211458
0x00000000249ebf50:   00000000249ec1b8 00000000249ec190
0x00000000249ebf60:   0000000021165800 0000000035394b00
0x00000000249ebf70:   0000000000000000 00000000e4351190
0x00000000249ebf80:   00000000249ec1a0 00000000249ec090
0x00000000249ebf90:   00000000249ec1b8 00000000249ec190
0x00000000249ebfa0:   0000000000000001 0000000035394b00
0x00000000249ebfb0:   0000000000000000 8000000000000000
0x00000000249ebfc0:   00000000249ec1a0 0000000000000000
0x00000000249ebfd0:   00000000249ec080 00000000249ec1c0
0x00000000249ebfe0:   0000000021165800 00007ff88e2150d0
0x00000000249ebff0:   00000000249ec100 000000006a1f7425
0x00000000249ec000:   00000000211659f8 0000000000000000 

Instructions: (pc=0x00007ff88e180926)
0x00007ff88e180906:   41 54 55 57 56 53 48 81 ec 98 00 00 00 48 8b 79
0x00007ff88e180916:   18 48 8b 59 20 31 d2 48 89 ce 41 b8 01 00 00 00
0x00007ff88e180926:   8b af 00 01 00 00 48 89 d9 e8 8c 26 fd ff 48 89
0x00007ff88e180936:   44 24 30 83 e5 04 85 ed 0f 85 0c 01 00 00 f6 87 


Register to memory mapping:

RAX=0x00007ff88e4bef80 is an unknown value
RBX=0x00000000319cad80 is an unknown value
RCX=0x0000000035394b00 is an unknown value
RDX=0x0000000000000000 is an unknown value
RSP=0x00000000249ebf10 is pointing into the stack for thread: 0x0000000021165800
RBP=0x00000000249ec1a0 is pointing into the stack for thread: 0x0000000021165800
RSI=0x0000000035394b00 is an unknown value
RDI=0x0000000000000000 is an unknown value
R8 =0x0000000000000001 is an unknown value
R9 =0x0000000000000002 is an unknown value
R10=0x0000000000000384 is an unknown value
R11=0x0000000076f4e3a8 is an unknown value
R12=0x0000000000000000 is an unknown value
R13=0x00000000249ec080 is pointing into the stack for thread: 0x0000000021165800
R14=0x00000000249ec1c0 is pointing into the stack for thread: 0x0000000021165800
R15=0x0000000021165800 is a thread


Stack: [0x00000000248f0000,0x00000000249f0000],  sp=0x00000000249ebf10,  free space=1007k
Native frames: (J=compiled Java code, j=interpreted, Vv=VM code, C=native code)
C  [avformat-58.dll+0x50926]
C  [avformat-58.dll+0xe50d0]
C  0x0000000002fc7f74

Java frames: (J=compiled Java code, j=interpreted, Vv=VM code)
j  org.bytedeco.javacpp.avformat.av_write_trailer(Lorg/bytedeco/javacpp/avformat$AVFormatContext;)I+0
j  org.bytedeco.javacv.FFmpegFrameRecorder.stop()V+124
j  com.nieyue.util.CVUtil.stopThread(Ljava/lang/Long;)Z+157
j  com.nieyue.service.impl.LiveServiceImpl.changeStatus(Ljava/lang/Long;Ljava/lang/Integer;)Z+173
j  com.nieyue.service.impl.LiveServiceImpl$$FastClassBySpringCGLIB$$49c9ab6.invoke(ILjava/lang/Object;[Ljava/lang/Object;)Ljava/lang/Object;+187
j  org.springframework.cglib.proxy.MethodProxy.invoke(Ljava/lang/Object;[Ljava/lang/Object;)Ljava/lang/Object;+19
j  org.springframework.aop.framework.CglibAopProxy$CglibMethodInvocation.invokeJoinpoint()Ljava/lang/Object;+19
j  org.springframework.aop.framework.ReflectiveMethodInvocation.proceed()Ljava/lang/Object;+19
j  org.springframework.transaction.interceptor.TransactionInterceptor$$Lambda$730.proceedWithInvocation()Ljava/lang/Object;+4
j  org.springframework.transaction.interceptor.TransactionAspectSupport.invokeWithinTransaction(Ljava/lang/reflect/Method;Ljava/lang/Class;Lorg/springframework/transaction/interceptor/TransactionAspectSupport$InvocationCallback;)Ljava/lang/Object;+73
j  org.springframework.transaction.interceptor.TransactionInterceptor.invoke(Lorg/aopalliance/intercept/MethodInvocation;)Ljava/lang/Object;+42
j  org.springframework.aop.framework.ReflectiveMethodInvocation.proceed()Ljava/lang/Object;+101
j  org.springframework.aop.framework.CglibAopProxy$DynamicAdvisedInterceptor.intercept(Ljava/lang/Object;Ljava/lang/reflect/Method;[Ljava/lang/Object;Lorg/springframework/cglib/proxy/MethodProxy;)Ljava/lang/Object;+133
j  com.nieyue.service.impl.LiveServiceImpl$$EnhancerBySpringCGLIB$$38d400d8.changeStatus(Ljava/lang/Long;Ljava/lang/Integer;)Z+40
j  com.nieyue.controller.LiveController.changeStatus(Ljava/lang/Long;Ljava/lang/Integer;Ljavax/servlet/http/HttpSession;)Lcom/nieyue/util/StateResultList;+13
v  ~StubRoutines::call_stub
J 1750  sun.reflect.NativeMethodAccessorImpl.invoke0(Ljava/lang/reflect/Method;Ljava/lang/Object;[Ljava/lang/Object;)Ljava/lang/Object; (0 bytes) @ 0x000000000336187f [0x0000000003361800+0x7f]
J 1749 C1 sun.reflect.NativeMethodAccessorImpl.invoke(Ljava/lang/Object;[Ljava/lang/Object;)Ljava/lang/Object; (104 bytes) @ 0x0000000003361fdc [0x0000000003361c60+0x37c]
J 1107 C1 sun.reflect.DelegatingMethodAccessorImpl.invoke(Ljava/lang/Object;[Ljava/lang/Object;)Ljava/lang/Object; (10 bytes) @ 0x000000000327d1a4 [0x000000000327d160+0x44]
J 1106 C1 java.lang.reflect.Method.invoke(Ljava/lang/Object;[Ljava/lang/Object;)Ljava/lang/Object; (62 bytes) @ 0x000000000327cdd4 [0x000000000327cce0+0xf4]
j  org.springframework.web.method.support.InvocableHandlerMethod.doInvoke([Ljava/lang/Object;)Ljava/lang/Object;+16
j  org.springframework.web.method.support.InvocableHandlerMethod.invokeForRequest(Lorg/springframework/web/context/request/NativeWebRequest;Lorg/springframework/web/method/support/ModelAndViewContainer;[Ljava/lang/Object;)Ljava/lang/Object;+75
j  org.springframework.web.servlet.mvc.method.annotation.ServletInvocableHandlerMethod.invokeAndHandle(Lorg/springframework/web/context/request/ServletWebRequest;Lorg/springframework/web/method/support/ModelAndViewContainer;[Ljava/lang/Object;)V+4
j  org.springframework.web.servlet.mvc.method.annotation.RequestMappingHandlerAdapter.invokeHandlerMethod(Ljavax/servlet/http/HttpServletRequest;Ljavax/servlet/http/HttpServletResponse;Lorg/springframework/web/method/HandlerMethod;)Lorg/springframework/web/servlet/ModelAndView;+276
j  org.springframework.web.servlet.mvc.method.annotation.RequestMappingHandlerAdapter.handleInternal(Ljavax/servlet/http/HttpServletRequest;Ljavax/servlet/http/HttpServletResponse;Lorg/springframework/web/method/HandlerMethod;)Lorg/springframework/web/servlet/ModelAndView;+81
j  org.springframework.web.servlet.mvc.method.AbstractHandlerMethodAdapter.handle(Ljavax/servlet/http/HttpServletRequest;Ljavax/servlet/http/HttpServletResponse;Ljava/lang/Object;)Lorg/springframework/web/servlet/ModelAndView;+7
j  org.springframework.web.servlet.DispatcherServlet.doDispatch(Ljavax/servlet/http/HttpServletRequest;Ljavax/servlet/http/HttpServletResponse;)V+310
j  org.springframework.web.servlet.DispatcherServlet.doService(Ljavax/servlet/http/HttpServletRequest;Ljavax/servlet/http/HttpServletResponse;)V+308
j  org.springframework.web.servlet.FrameworkServlet.processRequest(Ljavax/servlet/http/HttpServletRequest;Ljavax/servlet/http/HttpServletResponse;)V+71
j  org.springframework.web.servlet.FrameworkServlet.doPost(Ljavax/servlet/http/HttpServletRequest;Ljavax/servlet/http/HttpServletResponse;)V+3
j  javax.servlet.http.HttpServlet.service(Ljavax/servlet/http/HttpServletRequest;Ljavax/servlet/http/HttpServletResponse;)V+149
j  org.springframework.web.servlet.FrameworkServlet.service(Ljavax/servlet/http/HttpServletRequest;Ljavax/servlet/http/HttpServletResponse;)V+33
j  javax.servlet.http.HttpServlet.service(Ljavax/servlet/ServletRequest;Ljavax/servlet/ServletResponse;)V+30
j  org.apache.catalina.core.ApplicationFilterChain.internalDoFilter(Ljavax/servlet/ServletRequest;Ljavax/servlet/ServletResponse;)V+304
j  org.apache.catalina.core.ApplicationFilterChain.doFilter(Ljavax/servlet/ServletRequest;Ljavax/servlet/ServletResponse;)V+101
j  org.apache.tomcat.websocket.server.WsFilter.doFilter(Ljavax/servlet/ServletRequest;Ljavax/servlet/ServletResponse;Ljavax/servlet/FilterChain;)V+21
j  org.apache.catalina.core.ApplicationFilterChain.internalDoFilter(Ljavax/servlet/ServletRequest;Ljavax/servlet/ServletResponse;)V+135
j  org.apache.catalina.core.ApplicationFilterChain.doFilter(Ljavax/servlet/ServletRequest;Ljavax/servlet/ServletResponse;)V+101
j  org.apache.shiro.web.servlet.ProxiedFilterChain.doFilter(Ljavax/servlet/ServletRequest;Ljavax/servlet/ServletResponse;)V+50
j  org.apache.shiro.web.servlet.AdviceFilter.executeChain(Ljavax/servlet/ServletRequest;Ljavax/servlet/ServletResponse;Ljavax/servlet/FilterChain;)V+3
j  org.apache.shiro.web.servlet.AdviceFilter.doFilterInternal(Ljavax/servlet/ServletRequest;Ljavax/servlet/ServletResponse;Ljavax/servlet/FilterChain;)V+64
j  org.apache.shiro.web.servlet.OncePerRequestFilter.doFilter(Ljavax/servlet/ServletRequest;Ljavax/servlet/ServletResponse;Ljavax/servlet/FilterChain;)V+113
j  org.apache.shiro.web.servlet.ProxiedFilterChain.doFilter(Ljavax/servlet/ServletRequest;Ljavax/servlet/ServletResponse;)V+130
j  org.apache.shiro.web.servlet.AdviceFilter.executeChain(Ljavax/servlet/ServletRequest;Ljavax/servlet/ServletResponse;Ljavax/servlet/FilterChain;)V+3
j  org.apache.shiro.web.servlet.AdviceFilter.doFilterInternal(Ljavax/servlet/ServletRequest;Ljavax/servlet/ServletResponse;Ljavax/servlet/FilterChain;)V+64
j  org.apache.shiro.web.servlet.OncePerRequestFilter.doFilter(Ljavax/servlet/ServletRequest;Ljavax/servlet/ServletResponse;Ljavax/servlet/FilterChain;)V+113
j  org.apache.shiro.web.servlet.ProxiedFilterChain.doFilter(Ljavax/servlet/ServletRequest;Ljavax/servlet/ServletResponse;)V+130
j  org.apache.shiro.web.servlet.AbstractShiroFilter.executeChain(Ljavax/servlet/ServletRequest;Ljavax/servlet/ServletResponse;Ljavax/servlet/FilterChain;)V+13
j  org.apache.shiro.web.servlet.AbstractShiroFilter$1.call()Ljava/lang/Object;+31
j  org.apache.shiro.subject.support.SubjectCallable.doCall(Ljava/util/concurrent/Callable;)Ljava/lang/Object;+1
j  org.apache.shiro.subject.support.SubjectCallable.call()Ljava/lang/Object;+14
j  org.apache.shiro.subject.support.DelegatingSubject.execute(Ljava/util/concurrent/Callable;)Ljava/lang/Object;+7
j  org.apache.shiro.web.servlet.AbstractShiroFilter.doFilterInternal(Ljavax/servlet/ServletRequest;Ljavax/servlet/ServletResponse;Ljavax/servlet/FilterChain;)V+47
j  org.apache.shiro.web.servlet.OncePerRequestFilter.doFilter(Ljavax/servlet/ServletRequest;Ljavax/servlet/ServletResponse;Ljavax/servlet/FilterChain;)V+113
j  org.apache.catalina.core.ApplicationFilterChain.internalDoFilter(Ljavax/servlet/ServletRequest;Ljavax/servlet/ServletResponse;)V+135
j  org.apache.catalina.core.ApplicationFilterChain.doFilter(Ljavax/servlet/ServletRequest;Ljavax/servlet/ServletResponse;)V+101
j  com.nieyue.filter.CORSFilter.doFilter(Ljavax/servlet/ServletRequest;Ljavax/servlet/ServletResponse;Ljavax/servlet/FilterChain;)V+79
j  org.apache.catalina.core.ApplicationFilterChain.internalDoFilter(Ljavax/servlet/ServletRequest;Ljavax/servlet/ServletResponse;)V+135
j  org.apache.catalina.core.ApplicationFilterChain.doFilter(Ljavax/servlet/ServletRequest;Ljavax/servlet/ServletResponse;)V+101
j  org.springframework.boot.actuate.metrics.web.servlet.WebMvcMetricsFilter.filterAndRecordMetrics(Ljavax/servlet/http/HttpServletRequest;Ljavax/servlet/http/HttpServletResponse;Ljavax/servlet/FilterChain;Ljava/lang/Object;)V+23
j  org.springframework.boot.actuate.metrics.web.servlet.WebMvcMetricsFilter.filterAndRecordMetrics(Ljavax/servlet/http/HttpServletRequest;Ljavax/servlet/http/HttpServletResponse;Ljavax/servlet/FilterChain;)V+39
j  org.springframework.boot.actuate.metrics.web.servlet.WebMvcMetricsFilter.doFilterInternal(Ljavax/servlet/http/HttpServletRequest;Ljavax/servlet/http/HttpServletResponse;Ljavax/servlet/FilterChain;)V+4
j  org.springframework.web.filter.OncePerRequestFilter.doFilter(Ljavax/servlet/ServletRequest;Ljavax/servlet/ServletResponse;Ljavax/servlet/FilterChain;)V+111
j  org.apache.catalina.core.ApplicationFilterChain.internalDoFilter(Ljavax/servlet/ServletRequest;Ljavax/servlet/ServletResponse;)V+135
j  org.apache.catalina.core.ApplicationFilterChain.doFilter(Ljavax/servlet/ServletRequest;Ljavax/servlet/ServletResponse;)V+101
j  com.alibaba.druid.support.http.WebStatFilter.doFilter(Ljavax/servlet/ServletRequest;Ljavax/servlet/ServletResponse;Ljavax/servlet/FilterChain;)V+190
j  org.apache.catalina.core.ApplicationFilterChain.internalDoFilter(Ljavax/servlet/ServletRequest;Ljavax/servlet/ServletResponse;)V+135
j  org.apache.catalina.core.ApplicationFilterChain.doFilter(Ljavax/servlet/ServletRequest;Ljavax/servlet/ServletResponse;)V+101
j  org.springframework.boot.actuate.web.trace.servlet.HttpTraceFilter.doFilterInternal(Ljavax/servlet/http/HttpServletRequest;Ljavax/servlet/http/HttpServletResponse;Ljavax/servlet/FilterChain;)V+49
j  org.springframework.web.filter.OncePerRequestFilter.doFilter(Ljavax/servlet/ServletRequest;Ljavax/servlet/ServletResponse;Ljavax/servlet/FilterChain;)V+111
j  org.apache.catalina.core.ApplicationFilterChain.internalDoFilter(Ljavax/servlet/ServletRequest;Ljavax/servlet/ServletResponse;)V+135
j  org.apache.catalina.core.ApplicationFilterChain.doFilter(Ljavax/servlet/ServletRequest;Ljavax/servlet/ServletResponse;)V+101
j  org.springframework.web.filter.CharacterEncodingFilter.doFilterInternal(Ljavax/servlet/http/HttpServletRequest;Ljavax/servlet/http/HttpServletResponse;Ljavax/servlet/FilterChain;)V+53
j  org.springframework.web.filter.OncePerRequestFilter.doFilter(Ljavax/servlet/ServletRequest;Ljavax/servlet/ServletResponse;Ljavax/servlet/FilterChain;)V+111
j  org.apache.catalina.core.ApplicationFilterChain.internalDoFilter(Ljavax/servlet/ServletRequest;Ljavax/servlet/ServletResponse;)V+135
j  org.apache.catalina.core.ApplicationFilterChain.doFilter(Ljavax/servlet/ServletRequest;Ljavax/servlet/ServletResponse;)V+101
j  org.apache.catalina.core.StandardWrapperValve.invoke(Lorg/apache/catalina/connector/Request;Lorg/apache/catalina/connector/Response;)V+688
j  org.apache.catalina.core.StandardContextValve.invoke(Lorg/apache/catalina/connector/Request;Lorg/apache/catalina/connector/Response;)V+166
j  org.apache.catalina.authenticator.AuthenticatorBase.invoke(Lorg/apache/catalina/connector/Request;Lorg/apache/catalina/connector/Response;)V+254
j  org.apache.catalina.core.StandardHostValve.invoke(Lorg/apache/catalina/connector/Request;Lorg/apache/catalina/connector/Response;)V+138
j  org.apache.catalina.valves.ErrorReportValve.invoke(Lorg/apache/catalina/connector/Request;Lorg/apache/catalina/connector/Response;)V+6
j  org.apache.catalina.core.StandardEngineValve.invoke(Lorg/apache/catalina/connector/Request;Lorg/apache/catalina/connector/Response;)V+71
j  org.apache.catalina.connector.CoyoteAdapter.service(Lorg/apache/coyote/Request;Lorg/apache/coyote/Response;)V+199
j  org.apache.coyote.http11.Http11Processor.service(Lorg/apache/tomcat/util/net/SocketWrapperBase;)Lorg/apache/tomcat/util/net/AbstractEndpoint$Handler$SocketState;+806
j  org.apache.coyote.AbstractProcessorLight.process(Lorg/apache/tomcat/util/net/SocketWrapperBase;Lorg/apache/tomcat/util/net/SocketEvent;)Lorg/apache/tomcat/util/net/AbstractEndpoint$Handler$SocketState;+113
j  org.apache.coyote.AbstractProtocol$ConnectionHandler.process(Lorg/apache/tomcat/util/net/SocketWrapperBase;Lorg/apache/tomcat/util/net/SocketEvent;)Lorg/apache/tomcat/util/net/AbstractEndpoint$Handler$SocketState;+378
j  org.apache.tomcat.util.net.NioEndpoint$SocketProcessor.doRun()V+191
j  org.apache.tomcat.util.net.SocketProcessorBase.run()V+21
j  java.util.concurrent.ThreadPoolExecutor.runWorker(Ljava/util/concurrent/ThreadPoolExecutor$Worker;)V+95
j  java.util.concurrent.ThreadPoolExecutor$Worker.run()V+5
j  org.apache.tomcat.util.threads.TaskThread$WrappingRunnable.run()V+4
j  java.lang.Thread.run()V+11
v  ~StubRoutines::call_stub

---------------  P R O C E S S  ---------------

Java Threads: ( => current thread )
  0x0000000021306800 JavaThread "JavaCPP Deallocator" daemon [_thread_blocked, id=19460, stack(0x0000000034bf0000,0x0000000034cf0000)]
  0x00000000212f9000 JavaThread "commons-pool-evictor-thread" daemon [_thread_blocked, id=8288, stack(0x0000000034af0000,0x0000000034bf0000)]
  0x00000000212fa800 JavaThread "elastic-evictor-1" daemon [_thread_blocked, id=15656, stack(0x00000000346f0000,0x00000000347f0000)]
  0x0000000021301800 JavaThread "SimplePauseDetectorThread_2" daemon [_thread_blocked, id=23780, stack(0x00000000345f0000,0x00000000346f0000)]
  0x0000000021300000 JavaThread "SimplePauseDetectorThread_1" daemon [_thread_blocked, id=11816, stack(0x00000000344f0000,0x00000000345f0000)]
  0x00000000212ff000 JavaThread "SimplePauseDetectorThread_0" daemon [_thread_blocked, id=8552, stack(0x00000000343f0000,0x00000000344f0000)]
  0x00000000212fe800 JavaThread "Thread-66" daemon [_thread_blocked, id=22544, stack(0x00000000342f0000,0x00000000343f0000)]
  0x00000000212fd800 JavaThread "lettuce-eventExecutorLoop-1-2" daemon [_thread_blocked, id=9036, stack(0x00000000341f0000,0x00000000342f0000)]
  0x00000000212f6000 JavaThread "lettuce-nioEventLoop-4-1" daemon [_thread_in_native, id=20824, stack(0x00000000330d0000,0x00000000331d0000)]
  0x00000000212f7000 JavaThread "ObjectCleanerThread" daemon [_thread_blocked, id=29316, stack(0x0000000032fd0000,0x00000000330d0000)]
  0x00000000212fd000 JavaThread "DestroyJavaVM" [_thread_blocked, id=24476, stack(0x0000000002b20000,0x0000000002c20000)]
  0x00000000212fc000 JavaThread "SessionValidationThread-1" daemon [_thread_blocked, id=13716, stack(0x0000000031f00000,0x0000000032000000)]
  0x00000000212fa000 JavaThread "RMI TCP Connection(idle)" daemon [_thread_blocked, id=9908, stack(0x0000000031b00000,0x0000000031c00000)]
  0x00000000212f8800 JavaThread "RMI TCP Connection(idle)" daemon [_thread_blocked, id=19476, stack(0x0000000031700000,0x0000000031800000)]
  0x00000000212fb800 JavaThread "RMI TCP Connection(idle)" daemon [_thread_blocked, id=7580, stack(0x0000000031500000,0x0000000031600000)]
  0x00000000212ef800 JavaThread "http-nio-8080-AsyncTimeout" daemon [_thread_blocked, id=24812, stack(0x0000000031300000,0x0000000031400000)]
  0x00000000212f5800 JavaThread "http-nio-8080-Acceptor-0" daemon [_thread_in_native, id=20080, stack(0x0000000031200000,0x0000000031300000)]
  0x00000000212f4800 JavaThread "http-nio-8080-ClientPoller-1" daemon [_thread_in_native, id=20768, stack(0x0000000031100000,0x0000000031200000)]
  0x00000000212f4000 JavaThread "http-nio-8080-ClientPoller-0" daemon [_thread_in_native, id=16884, stack(0x0000000031000000,0x0000000031100000)]
  0x00000000212ed000 JavaThread "http-nio-8080-exec-200" daemon [_thread_blocked, id=16836, stack(0x0000000030f00000,0x0000000031000000)]
  0x00000000212ec800 JavaThread "http-nio-8080-exec-199" daemon [_thread_blocked, id=2148, stack(0x0000000030e00000,0x0000000030f00000)]
  0x00000000212f3000 JavaThread "http-nio-8080-exec-198" daemon [_thread_blocked, id=15400, stack(0x0000000030d00000,0x0000000030e00000)]
  0x00000000212f1800 JavaThread "http-nio-8080-exec-197" daemon [_thread_blocked, id=25500, stack(0x0000000030c00000,0x0000000030d00000)]
  0x00000000212f2800 JavaThread "http-nio-8080-exec-196" daemon [_thread_blocked, id=20256, stack(0x0000000030b00000,0x0000000030c00000)]
  0x00000000212f0000 JavaThread "http-nio-8080-exec-195" daemon [_thread_blocked, id=22792, stack(0x0000000030a00000,0x0000000030b00000)]
  0x00000000212ee000 JavaThread "http-nio-8080-exec-194" daemon [_thread_blocked, id=15796, stack(0x00000000306f0000,0x00000000307f0000)]
  0x00000000212ee800 JavaThread "http-nio-8080-exec-193" daemon [_thread_blocked, id=27580, stack(0x00000000305f0000,0x00000000306f0000)]
  0x00000000212f1000 JavaThread "http-nio-8080-exec-192" daemon [_thread_blocked, id=8424, stack(0x00000000304f0000,0x00000000305f0000)]
  0x00000000212b9000 JavaThread "http-nio-8080-exec-191" daemon [_thread_blocked, id=2284, stack(0x00000000303f0000,0x00000000304f0000)]
  0x00000000212ba000 JavaThread "http-nio-8080-exec-190" daemon [_thread_blocked, id=25080, stack(0x00000000302f0000,0x00000000303f0000)]
  0x00000000212b1800 JavaThread "http-nio-8080-exec-189" daemon [_thread_blocked, id=22060, stack(0x00000000301f0000,0x00000000302f0000)]
  0x00000000212b8800 JavaThread "http-nio-8080-exec-188" daemon [_thread_blocked, id=8664, stack(0x00000000300f0000,0x00000000301f0000)]
  0x00000000212b7800 JavaThread "http-nio-8080-exec-187" daemon [_thread_blocked, id=10408, stack(0x000000002fff0000,0x00000000300f0000)]
  0x00000000212b7000 JavaThread "http-nio-8080-exec-186" daemon [_thread_blocked, id=14424, stack(0x000000002fef0000,0x000000002fff0000)]
  0x00000000212af800 JavaThread "http-nio-8080-exec-185" daemon [_thread_blocked, id=10828, stack(0x000000002fdf0000,0x000000002fef0000)]
  0x00000000212b6000 JavaThread "http-nio-8080-exec-184" daemon [_thread_blocked, id=12072, stack(0x000000002fcf0000,0x000000002fdf0000)]
  0x00000000212b5800 JavaThread "http-nio-8080-exec-183" daemon [_thread_blocked, id=14800, stack(0x000000002fbf0000,0x000000002fcf0000)]
  0x00000000212ae000 JavaThread "http-nio-8080-exec-182" daemon [_thread_blocked, id=25268, stack(0x000000002faf0000,0x000000002fbf0000)]
  0x00000000212b3000 JavaThread "http-nio-8080-exec-181" daemon [_thread_blocked, id=30336, stack(0x000000002f9f0000,0x000000002faf0000)]
  0x00000000212b2800 JavaThread "http-nio-8080-exec-180" daemon [_thread_blocked, id=30688, stack(0x000000002f8f0000,0x000000002f9f0000)]
  0x00000000212b4800 JavaThread "http-nio-8080-exec-179" daemon [_thread_blocked, id=20108, stack(0x000000002f7f0000,0x000000002f8f0000)]
  0x00000000212b4000 JavaThread "http-nio-8080-exec-178" daemon [_thread_blocked, id=26264, stack(0x000000002f6f0000,0x000000002f7f0000)]
  0x00000000212b0000 JavaThread "http-nio-8080-exec-177" daemon [_thread_blocked, id=23184, stack(0x000000002f5f0000,0x000000002f6f0000)]
  0x00000000212ab800 JavaThread "http-nio-8080-exec-176" daemon [_thread_blocked, id=30500, stack(0x000000002f4f0000,0x000000002f5f0000)]
  0x00000000212ae800 JavaThread "http-nio-8080-exec-175" daemon [_thread_blocked, id=11240, stack(0x000000002f3f0000,0x000000002f4f0000)]
  0x00000000212b1000 JavaThread "http-nio-8080-exec-174" daemon [_thread_blocked, id=18156, stack(0x000000002f2f0000,0x000000002f3f0000)]
  0x00000000212ad000 JavaThread "http-nio-8080-exec-173" daemon [_thread_blocked, id=24024, stack(0x000000002f1f0000,0x000000002f2f0000)]
  0x00000000212ac000 JavaThread "http-nio-8080-exec-172" daemon [_thread_blocked, id=8820, stack(0x000000002f0f0000,0x000000002f1f0000)]
  0x00000000212a5800 JavaThread "http-nio-8080-exec-171" daemon [_thread_blocked, id=3848, stack(0x000000002eff0000,0x000000002f0f0000)]
  0x00000000212a6000 JavaThread "http-nio-8080-exec-170" daemon [_thread_blocked, id=29448, stack(0x000000002eef0000,0x000000002eff0000)]
  0x00000000212aa000 JavaThread "http-nio-8080-exec-169" daemon [_thread_blocked, id=27620, stack(0x000000002edf0000,0x000000002eef0000)]
  0x00000000212a7000 JavaThread "http-nio-8080-exec-168" daemon [_thread_blocked, id=11464, stack(0x000000002ecf0000,0x000000002edf0000)]
  0x00000000212a4800 JavaThread "http-nio-8080-exec-167" daemon [_thread_blocked, id=11476, stack(0x000000002ebf0000,0x000000002ecf0000)]
  0x00000000212a7800 JavaThread "http-nio-8080-exec-166" daemon [_thread_blocked, id=10900, stack(0x000000002eaf0000,0x000000002ebf0000)]
  0x00000000212aa800 JavaThread "http-nio-8080-exec-165" daemon [_thread_blocked, id=13168, stack(0x000000002e9f0000,0x000000002eaf0000)]
  0x00000000212a2800 JavaThread "http-nio-8080-exec-164" daemon [_thread_blocked, id=29812, stack(0x000000002e8f0000,0x000000002e9f0000)]
  0x00000000212a9000 JavaThread "http-nio-8080-exec-163" daemon [_thread_blocked, id=10340, stack(0x000000002e7f0000,0x000000002e8f0000)]
  0x00000000212a8800 JavaThread "http-nio-8080-exec-162" daemon [_thread_blocked, id=11220, stack(0x000000002e6f0000,0x000000002e7f0000)]
  0x00000000212a4000 JavaThread "http-nio-8080-exec-161" daemon [_thread_blocked, id=29244, stack(0x000000002e5f0000,0x000000002e6f0000)]
  0x00000000212a3000 JavaThread "http-nio-8080-exec-160" daemon [_thread_blocked, id=27036, stack(0x000000002e4f0000,0x000000002e5f0000)]
  0x000000002129c800 JavaThread "http-nio-8080-exec-159" daemon [_thread_blocked, id=28036, stack(0x000000002e3f0000,0x000000002e4f0000)]
  0x000000002129b800 JavaThread "http-nio-8080-exec-158" daemon [_thread_blocked, id=23208, stack(0x000000002e2f0000,0x000000002e3f0000)]
  0x00000000212a1000 JavaThread "http-nio-8080-exec-157" daemon [_thread_blocked, id=21940, stack(0x000000002e1f0000,0x000000002e2f0000)]
  0x00000000212a1800 JavaThread "http-nio-8080-exec-156" daemon [_thread_blocked, id=7260, stack(0x000000002e0f0000,0x000000002e1f0000)]
  0x000000002129d000 JavaThread "http-nio-8080-exec-155" daemon [_thread_blocked, id=1116, stack(0x000000002dff0000,0x000000002e0f0000)]
  0x000000002129e800 JavaThread "http-nio-8080-exec-154" daemon [_thread_blocked, id=26028, stack(0x000000002def0000,0x000000002dff0000)]
  0x000000002129b000 JavaThread "http-nio-8080-exec-153" daemon [_thread_blocked, id=29120, stack(0x000000002ddf0000,0x000000002def0000)]
  0x000000002129f800 JavaThread "http-nio-8080-exec-152" daemon [_thread_blocked, id=18248, stack(0x000000002dcf0000,0x000000002ddf0000)]
  0x000000002129e000 JavaThread "http-nio-8080-exec-151" daemon [_thread_blocked, id=22496, stack(0x000000002dbf0000,0x000000002dcf0000)]
  0x00000000212a0000 JavaThread "http-nio-8080-exec-150" daemon [_thread_blocked, id=19652, stack(0x000000002daf0000,0x000000002dbf0000)]
  0x000000002127a000 JavaThread "http-nio-8080-exec-149" daemon [_thread_blocked, id=24412, stack(0x000000002d9f0000,0x000000002daf0000)]
  0x0000000021272800 JavaThread "http-nio-8080-exec-148" daemon [_thread_blocked, id=18052, stack(0x000000002d8f0000,0x000000002d9f0000)]
  0x0000000021279000 JavaThread "http-nio-8080-exec-147" daemon [_thread_blocked, id=25256, stack(0x000000002d7f0000,0x000000002d8f0000)]
  0x0000000021278800 JavaThread "http-nio-8080-exec-146" daemon [_thread_blocked, id=13892, stack(0x000000002d6f0000,0x000000002d7f0000)]
  0x0000000021277800 JavaThread "http-nio-8080-exec-145" daemon [_thread_blocked, id=16144, stack(0x000000002d5f0000,0x000000002d6f0000)]
  0x0000000021277000 JavaThread "http-nio-8080-exec-144" daemon [_thread_blocked, id=23664, stack(0x000000002d4f0000,0x000000002d5f0000)]
  0x0000000021273000 JavaThread "http-nio-8080-exec-143" daemon [_thread_blocked, id=28364, stack(0x000000002d3f0000,0x000000002d4f0000)]
  0x0000000021276000 JavaThread "http-nio-8080-exec-142" daemon [_thread_blocked, id=20236, stack(0x000000002d2f0000,0x000000002d3f0000)]
  0x0000000021275800 JavaThread "http-nio-8080-exec-141" daemon [_thread_blocked, id=3664, stack(0x000000002d1f0000,0x000000002d2f0000)]
  0x0000000021274800 JavaThread "http-nio-8080-exec-140" daemon [_thread_blocked, id=22688, stack(0x000000002d0f0000,0x000000002d1f0000)]
  0x0000000021274000 JavaThread "http-nio-8080-exec-139" daemon [_thread_blocked, id=24536, stack(0x000000002cff0000,0x000000002d0f0000)]
  0x000000002126b000 JavaThread "http-nio-8080-exec-138" daemon [_thread_blocked, id=30476, stack(0x000000002cef0000,0x000000002cff0000)]
  0x000000002126f800 JavaThread "http-nio-8080-exec-137" daemon [_thread_blocked, id=27684, stack(0x000000002cdf0000,0x000000002cef0000)]
  0x000000002126e800 JavaThread "http-nio-8080-exec-136" daemon [_thread_blocked, id=6364, stack(0x000000002ccf0000,0x000000002cdf0000)]
  0x0000000021270000 JavaThread "http-nio-8080-exec-135" daemon [_thread_blocked, id=9708, stack(0x000000002cbf0000,0x000000002ccf0000)]
  0x0000000021271800 JavaThread "http-nio-8080-exec-134" daemon [_thread_blocked, id=1052, stack(0x000000002caf0000,0x000000002cbf0000)]
  0x000000002126e000 JavaThread "http-nio-8080-exec-133" daemon [_thread_blocked, id=15920, stack(0x000000002c9f0000,0x000000002caf0000)]
  0x000000002126d000 JavaThread "http-nio-8080-exec-132" daemon [_thread_blocked, id=11940, stack(0x000000002c8f0000,0x000000002c9f0000)]
  0x000000002126b800 JavaThread "http-nio-8080-exec-131" daemon [_thread_blocked, id=23412, stack(0x000000002c7f0000,0x000000002c8f0000)]
  0x000000002126c800 JavaThread "http-nio-8080-exec-130" daemon [_thread_blocked, id=17448, stack(0x000000002c6f0000,0x000000002c7f0000)]
  0x0000000021271000 JavaThread "http-nio-8080-exec-129" daemon [_thread_blocked, id=23100, stack(0x000000002c5f0000,0x000000002c6f0000)]
  0x000000002125a800 JavaThread "http-nio-8080-exec-128" daemon [_thread_blocked, id=30164, stack(0x000000002c4f0000,0x000000002c5f0000)]
  0x0000000021259000 JavaThread "http-nio-8080-exec-127" daemon [_thread_blocked, id=27404, stack(0x000000002c3f0000,0x000000002c4f0000)]
  0x000000002125f000 JavaThread "http-nio-8080-exec-126" daemon [_thread_blocked, id=10840, stack(0x000000002c2f0000,0x000000002c3f0000)]
  0x0000000021258800 JavaThread "http-nio-8080-exec-125" daemon [_thread_blocked, id=27840, stack(0x000000002c1f0000,0x000000002c2f0000)]
  0x0000000021257800 JavaThread "http-nio-8080-exec-124" daemon [_thread_blocked, id=15452, stack(0x000000002c0f0000,0x000000002c1f0000)]
  0x000000002125d800 JavaThread "http-nio-8080-exec-123" daemon [_thread_blocked, id=15868, stack(0x000000002bff0000,0x000000002c0f0000)]
  0x000000002125e800 JavaThread "http-nio-8080-exec-122" daemon [_thread_blocked, id=10752, stack(0x000000002bef0000,0x000000002bff0000)]
  0x000000002125a000 JavaThread "http-nio-8080-exec-121" daemon [_thread_blocked, id=20364, stack(0x000000002bdf0000,0x000000002bef0000)]
  0x000000002125d000 JavaThread "http-nio-8080-exec-120" daemon [_thread_blocked, id=19976, stack(0x000000002bcf0000,0x000000002bdf0000)]
  0x000000002125c000 JavaThread "http-nio-8080-exec-119" daemon [_thread_blocked, id=7348, stack(0x000000002bbf0000,0x000000002bcf0000)]
  0x000000002125b800 JavaThread "http-nio-8080-exec-118" daemon [_thread_blocked, id=15220, stack(0x000000002baf0000,0x000000002bbf0000)]
  0x0000000021250000 JavaThread "http-nio-8080-exec-117" daemon [_thread_blocked, id=17952, stack(0x000000002b9f0000,0x000000002baf0000)]
  0x0000000021253000 JavaThread "http-nio-8080-exec-116" daemon [_thread_blocked, id=2120, stack(0x000000002b8f0000,0x000000002b9f0000)]
  0x0000000021254000 JavaThread "http-nio-8080-exec-115" daemon [_thread_blocked, id=24644, stack(0x000000002b7f0000,0x000000002b8f0000)]
  0x0000000021257000 JavaThread "http-nio-8080-exec-114" daemon [_thread_blocked, id=26500, stack(0x000000002b6f0000,0x000000002b7f0000)]
  0x0000000021251800 JavaThread "http-nio-8080-exec-113" daemon [_thread_blocked, id=10384, stack(0x000000002b5f0000,0x000000002b6f0000)]
  0x0000000021255800 JavaThread "http-nio-8080-exec-112" daemon [_thread_blocked, id=17168, stack(0x000000002b4f0000,0x000000002b5f0000)]
  0x0000000021254800 JavaThread "http-nio-8080-exec-111" daemon [_thread_blocked, id=27628, stack(0x000000002b3f0000,0x000000002b4f0000)]
  0x0000000021252800 JavaThread "http-nio-8080-exec-110" daemon [_thread_blocked, id=26180, stack(0x000000002b2f0000,0x000000002b3f0000)]
  0x0000000021256000 JavaThread "http-nio-8080-exec-109" daemon [_thread_blocked, id=15728, stack(0x000000002b1f0000,0x000000002b2f0000)]
  0x0000000021251000 JavaThread "http-nio-8080-exec-108" daemon [_thread_blocked, id=4372, stack(0x000000002b0f0000,0x000000002b1f0000)]
  0x0000000021216800 JavaThread "http-nio-8080-exec-107" daemon [_thread_blocked, id=28524, stack(0x000000002aff0000,0x000000002b0f0000)]
  0x0000000021215800 JavaThread "http-nio-8080-exec-106" daemon [_thread_blocked, id=12716, stack(0x000000002aef0000,0x000000002aff0000)]
  0x0000000021213800 JavaThread "http-nio-8080-exec-105" daemon [_thread_blocked, id=17528, stack(0x000000002adf0000,0x000000002aef0000)]
  0x0000000021215000 JavaThread "http-nio-8080-exec-104" daemon [_thread_blocked, id=18524, stack(0x000000002acf0000,0x000000002adf0000)]
  0x0000000021217000 JavaThread "http-nio-8080-exec-103" daemon [_thread_blocked, id=28008, stack(0x000000002abf0000,0x000000002acf0000)]
  0x0000000021212800 JavaThread "http-nio-8080-exec-102" daemon [_thread_blocked, id=28264, stack(0x000000002aaf0000,0x000000002abf0000)]
  0x0000000021214000 JavaThread "http-nio-8080-exec-101" daemon [_thread_blocked, id=29516, stack(0x000000002a9f0000,0x000000002aaf0000)]
  0x0000000021218000 JavaThread "http-nio-8080-exec-100" daemon [_thread_blocked, id=27048, stack(0x000000002a8f0000,0x000000002a9f0000)]
  0x0000000021212000 JavaThread "http-nio-8080-exec-99" daemon [_thread_blocked, id=23328, stack(0x000000002a7f0000,0x000000002a8f0000)]
  0x000000002120f000 JavaThread "http-nio-8080-exec-98" daemon [_thread_blocked, id=1012, stack(0x000000002a6f0000,0x000000002a7f0000)]
  0x000000002120b000 JavaThread "http-nio-8080-exec-97" daemon [_thread_blocked, id=7700, stack(0x000000002a5f0000,0x000000002a6f0000)]
  0x0000000021211000 JavaThread "http-nio-8080-exec-96" daemon [_thread_blocked, id=30228, stack(0x000000002a4f0000,0x000000002a5f0000)]
  0x000000002120e000 JavaThread "http-nio-8080-exec-95" daemon [_thread_blocked, id=23240, stack(0x000000002a3f0000,0x000000002a4f0000)]
  0x0000000021210800 JavaThread "http-nio-8080-exec-94" daemon [_thread_blocked, id=10984, stack(0x000000002a2f0000,0x000000002a3f0000)]
  0x000000002120c000 JavaThread "http-nio-8080-exec-93" daemon [_thread_blocked, id=9384, stack(0x000000002a1f0000,0x000000002a2f0000)]
  0x000000002120d800 JavaThread "http-nio-8080-exec-92" daemon [_thread_blocked, id=5560, stack(0x000000002a0f0000,0x000000002a1f0000)]
  0x000000002120c800 JavaThread "http-nio-8080-exec-91" daemon [_thread_blocked, id=24148, stack(0x0000000029ff0000,0x000000002a0f0000)]
  0x000000002120a800 JavaThread "http-nio-8080-exec-90" daemon [_thread_blocked, id=15800, stack(0x0000000029ef0000,0x0000000029ff0000)]
  0x0000000021209800 JavaThread "http-nio-8080-exec-89" daemon [_thread_blocked, id=29296, stack(0x0000000029df0000,0x0000000029ef0000)]
  0x0000000021209000 JavaThread "http-nio-8080-exec-88" daemon [_thread_blocked, id=16632, stack(0x0000000029cf0000,0x0000000029df0000)]
  0x000000002120f800 JavaThread "http-nio-8080-exec-87" daemon [_thread_blocked, id=17936, stack(0x0000000029bf0000,0x0000000029cf0000)]
  0x00000000211ee800 JavaThread "http-nio-8080-exec-86" daemon [_thread_blocked, id=14928, stack(0x0000000029af0000,0x0000000029bf0000)]
  0x00000000211e9800 JavaThread "http-nio-8080-exec-85" daemon [_thread_blocked, id=24012, stack(0x00000000299f0000,0x0000000029af0000)]
  0x00000000211ec800 JavaThread "http-nio-8080-exec-84" daemon [_thread_blocked, id=608, stack(0x00000000298f0000,0x00000000299f0000)]
  0x00000000211eb000 JavaThread "http-nio-8080-exec-83" daemon [_thread_blocked, id=27592, stack(0x00000000297f0000,0x00000000298f0000)]
  0x00000000211ef800 JavaThread "http-nio-8080-exec-82" daemon [_thread_blocked, id=16560, stack(0x00000000296f0000,0x00000000297f0000)]
  0x00000000211ed000 JavaThread "http-nio-8080-exec-81" daemon [_thread_blocked, id=11268, stack(0x00000000295f0000,0x00000000296f0000)]
  0x00000000211ee000 JavaThread "http-nio-8080-exec-80" daemon [_thread_blocked, id=21772, stack(0x00000000294f0000,0x00000000295f0000)]
  0x00000000211eb800 JavaThread "http-nio-8080-exec-79" daemon [_thread_blocked, id=20920, stack(0x00000000293f0000,0x00000000294f0000)]
  0x00000000211e3800 JavaThread "http-nio-8080-exec-78" daemon [_thread_blocked, id=13292, stack(0x00000000292f0000,0x00000000293f0000)]
  0x00000000211ea000 JavaThread "http-nio-8080-exec-77" daemon [_thread_blocked, id=30024, stack(0x00000000291f0000,0x00000000292f0000)]
  0x00000000211e8000 JavaThread "http-nio-8080-exec-76" daemon [_thread_blocked, id=25116, stack(0x00000000290f0000,0x00000000291f0000)]
  0x00000000211e2800 JavaThread "http-nio-8080-exec-75" daemon [_thread_blocked, id=9880, stack(0x0000000028ff0000,0x00000000290f0000)]
  0x00000000211e5800 JavaThread "http-nio-8080-exec-74" daemon [_thread_blocked, id=8668, stack(0x0000000028ef0000,0x0000000028ff0000)]
  0x00000000211e8800 JavaThread "http-nio-8080-exec-73" daemon [_thread_blocked, id=5284, stack(0x0000000028df0000,0x0000000028ef0000)]
  0x00000000211e0000 JavaThread "http-nio-8080-exec-72" daemon [_thread_blocked, id=7444, stack(0x0000000028cf0000,0x0000000028df0000)]
  0x00000000211e2000 JavaThread "http-nio-8080-exec-71" daemon [_thread_blocked, id=21508, stack(0x0000000028bf0000,0x0000000028cf0000)]
  0x00000000211e1000 JavaThread "http-nio-8080-exec-70" daemon [_thread_blocked, id=9480, stack(0x0000000028af0000,0x0000000028bf0000)]
  0x00000000211e6800 JavaThread "http-nio-8080-exec-69" daemon [_thread_blocked, id=16016, stack(0x00000000289f0000,0x0000000028af0000)]
  0x00000000211e5000 JavaThread "http-nio-8080-exec-68" daemon [_thread_blocked, id=11932, stack(0x00000000288f0000,0x00000000289f0000)]
  0x00000000211e7000 JavaThread "http-nio-8080-exec-67" daemon [_thread_blocked, id=28580, stack(0x00000000287f0000,0x00000000288f0000)]
  0x00000000211e4000 JavaThread "http-nio-8080-exec-66" daemon [_thread_blocked, id=28224, stack(0x00000000286f0000,0x00000000287f0000)]
  0x00000000211c0800 JavaThread "http-nio-8080-exec-65" daemon [_thread_blocked, id=26088, stack(0x00000000285f0000,0x00000000286f0000)]
  0x00000000211c2000 JavaThread "http-nio-8080-exec-64" daemon [_thread_blocked, id=12780, stack(0x00000000284f0000,0x00000000285f0000)]
  0x00000000211c1800 JavaThread "http-nio-8080-exec-63" daemon [_thread_blocked, id=21008, stack(0x00000000283f0000,0x00000000284f0000)]
  0x00000000211c7800 JavaThread "http-nio-8080-exec-62" daemon [_thread_blocked, id=17300, stack(0x00000000282f0000,0x00000000283f0000)]
  0x00000000211c0000 JavaThread "http-nio-8080-exec-61" daemon [_thread_blocked, id=27948, stack(0x00000000281f0000,0x00000000282f0000)]
  0x00000000211c6800 JavaThread "http-nio-8080-exec-60" daemon [_thread_blocked, id=5996, stack(0x00000000280f0000,0x00000000281f0000)]
  0x00000000211c6000 JavaThread "http-nio-8080-exec-59" daemon [_thread_blocked, id=11136, stack(0x0000000027ff0000,0x00000000280f0000)]
  0x00000000211c4800 JavaThread "http-nio-8080-exec-58" daemon [_thread_blocked, id=16804, stack(0x0000000027ef0000,0x0000000027ff0000)]
  0x00000000211c3800 JavaThread "http-nio-8080-exec-57" daemon [_thread_blocked, id=26400, stack(0x0000000027df0000,0x0000000027ef0000)]
  0x00000000211c3000 JavaThread "http-nio-8080-exec-56" daemon [_thread_blocked, id=13712, stack(0x0000000027cf0000,0x0000000027df0000)]
  0x00000000211c5000 JavaThread "http-nio-8080-exec-55" daemon [_thread_blocked, id=24104, stack(0x0000000027bf0000,0x0000000027cf0000)]
  0x00000000211b8000 JavaThread "http-nio-8080-exec-54" daemon [_thread_blocked, id=15088, stack(0x0000000027af0000,0x0000000027bf0000)]
  0x00000000211bf000 JavaThread "http-nio-8080-exec-53" daemon [_thread_blocked, id=11632, stack(0x00000000279f0000,0x0000000027af0000)]
  0x00000000211b9800 JavaThread "http-nio-8080-exec-52" daemon [_thread_blocked, id=21144, stack(0x00000000278f0000,0x00000000279f0000)]
  0x00000000211bd800 JavaThread "http-nio-8080-exec-51" daemon [_thread_blocked, id=11156, stack(0x00000000277f0000,0x00000000278f0000)]
  0x00000000211bb000 JavaThread "http-nio-8080-exec-50" daemon [_thread_blocked, id=26780, stack(0x00000000276f0000,0x00000000277f0000)]
  0x00000000211be800 JavaThread "http-nio-8080-exec-49" daemon [_thread_blocked, id=9904, stack(0x00000000275f0000,0x00000000276f0000)]
  0x00000000211bc000 JavaThread "http-nio-8080-exec-48" daemon [_thread_blocked, id=26964, stack(0x00000000274f0000,0x00000000275f0000)]
  0x00000000211bd000 JavaThread "http-nio-8080-exec-47" daemon [_thread_blocked, id=10068, stack(0x00000000273f0000,0x00000000274f0000)]
  0x00000000211b9000 JavaThread "http-nio-8080-exec-46" daemon [_thread_blocked, id=23488, stack(0x00000000272f0000,0x00000000273f0000)]
  0x00000000211ba800 JavaThread "http-nio-8080-exec-45" daemon [_thread_blocked, id=7784, stack(0x00000000271f0000,0x00000000272f0000)]
  0x0000000021192000 JavaThread "http-nio-8080-exec-44" daemon [_thread_blocked, id=12336, stack(0x00000000270f0000,0x00000000271f0000)]
  0x0000000021190800 JavaThread "http-nio-8080-exec-43" daemon [_thread_blocked, id=26912, stack(0x0000000026ff0000,0x00000000270f0000)]
  0x0000000021196800 JavaThread "http-nio-8080-exec-42" daemon [_thread_blocked, id=12340, stack(0x0000000026ef0000,0x0000000026ff0000)]
  0x0000000021195000 JavaThread "http-nio-8080-exec-41" daemon [_thread_blocked, id=25760, stack(0x0000000026df0000,0x0000000026ef0000)]
  0x0000000021197800 JavaThread "http-nio-8080-exec-40" daemon [_thread_blocked, id=18616, stack(0x0000000026cf0000,0x0000000026df0000)]
  0x0000000021194800 JavaThread "http-nio-8080-exec-39" daemon [_thread_blocked, id=9936, stack(0x0000000026bf0000,0x0000000026cf0000)]
  0x0000000021193800 JavaThread "http-nio-8080-exec-38" daemon [_thread_blocked, id=28900, stack(0x0000000026af0000,0x0000000026bf0000)]
  0x0000000021196000 JavaThread "http-nio-8080-exec-37" daemon [_thread_blocked, id=14256, stack(0x00000000269f0000,0x0000000026af0000)]
  0x0000000021193000 JavaThread "http-nio-8080-exec-36" daemon [_thread_blocked, id=23636, stack(0x00000000268f0000,0x00000000269f0000)]
  0x0000000021191000 JavaThread "http-nio-8080-exec-35" daemon [_thread_blocked, id=26276, stack(0x00000000267f0000,0x00000000268f0000)]
  0x0000000021189000 JavaThread "http-nio-8080-exec-34" daemon [_thread_blocked, id=4708, stack(0x00000000266f0000,0x00000000267f0000)]
  0x000000002118f800 JavaThread "http-nio-8080-exec-33" daemon [_thread_blocked, id=28472, stack(0x00000000265f0000,0x00000000266f0000)]
  0x0000000021189800 JavaThread "http-nio-8080-exec-32" daemon [_thread_blocked, id=17320, stack(0x00000000264f0000,0x00000000265f0000)]
  0x0000000021188000 JavaThread "http-nio-8080-exec-31" daemon [_thread_blocked, id=26384, stack(0x00000000263f0000,0x00000000264f0000)]
  0x000000002118f000 JavaThread "http-nio-8080-exec-30" daemon [_thread_blocked, id=12624, stack(0x00000000262f0000,0x00000000263f0000)]
  0x000000002118d800 JavaThread "http-nio-8080-exec-29" daemon [_thread_blocked, id=22460, stack(0x00000000261f0000,0x00000000262f0000)]
  0x000000002118c800 JavaThread "http-nio-8080-exec-28" daemon [_thread_blocked, id=24732, stack(0x00000000260f0000,0x00000000261f0000)]
  0x000000002118e000 JavaThread "http-nio-8080-exec-27" daemon [_thread_blocked, id=2384, stack(0x0000000025ff0000,0x00000000260f0000)]
  0x000000002118c000 JavaThread "http-nio-8080-exec-26" daemon [_thread_blocked, id=22836, stack(0x0000000025ef0000,0x0000000025ff0000)]
  0x000000002118a800 JavaThread "http-nio-8080-exec-25" daemon [_thread_blocked, id=24320, stack(0x0000000025df0000,0x0000000025ef0000)]
  0x000000002118b000 JavaThread "http-nio-8080-exec-24" daemon [_thread_blocked, id=23736, stack(0x0000000025cf0000,0x0000000025df0000)]
  0x0000000021171000 JavaThread "http-nio-8080-exec-23" daemon [_thread_blocked, id=20492, stack(0x0000000025bf0000,0x0000000025cf0000)]
  0x0000000021170000 JavaThread "http-nio-8080-exec-22" daemon [_thread_blocked, id=29716, stack(0x0000000025af0000,0x0000000025bf0000)]
  0x0000000021173800 JavaThread "http-nio-8080-exec-21" daemon [_thread_blocked, id=20064, stack(0x00000000259f0000,0x0000000025af0000)]
  0x000000002116f800 JavaThread "http-nio-8080-exec-20" daemon [_thread_blocked, id=26228, stack(0x00000000258f0000,0x00000000259f0000)]
  0x000000002116e800 JavaThread "http-nio-8080-exec-19" daemon [_thread_blocked, id=29356, stack(0x00000000257f0000,0x00000000258f0000)]
  0x0000000021172800 JavaThread "http-nio-8080-exec-18" daemon [_thread_blocked, id=6548, stack(0x00000000256f0000,0x00000000257f0000)]
  0x0000000021172000 JavaThread "http-nio-8080-exec-17" daemon [_thread_blocked, id=8712, stack(0x00000000255f0000,0x00000000256f0000)]
  0x0000000021167000 JavaThread "http-nio-8080-exec-16" daemon [_thread_blocked, id=28576, stack(0x00000000254f0000,0x00000000255f0000)]
  0x0000000021169800 JavaThread "http-nio-8080-exec-15" daemon [_thread_blocked, id=2068, stack(0x00000000253f0000,0x00000000254f0000)]
  0x000000002116e000 JavaThread "http-nio-8080-exec-14" daemon [_thread_blocked, id=15848, stack(0x00000000252f0000,0x00000000253f0000)]
  0x0000000021166800 JavaThread "http-nio-8080-exec-13" daemon [_thread_blocked, id=23564, stack(0x00000000251f0000,0x00000000252f0000)]
  0x0000000021168800 JavaThread "http-nio-8080-exec-12" daemon [_thread_blocked, id=20204, stack(0x00000000250f0000,0x00000000251f0000)]
  0x000000002116d000 JavaThread "http-nio-8080-exec-11" daemon [_thread_blocked, id=12728, stack(0x0000000024ff0000,0x00000000250f0000)]
  0x000000002116c800 JavaThread "http-nio-8080-exec-10" daemon [_thread_blocked, id=9668, stack(0x0000000024ef0000,0x0000000024ff0000)]
  0x0000000021165000 JavaThread "http-nio-8080-exec-9" daemon [_thread_blocked, id=2032, stack(0x0000000024df0000,0x0000000024ef0000)]
  0x000000002116b800 JavaThread "http-nio-8080-exec-8" daemon [_thread_blocked, id=26868, stack(0x0000000024cf0000,0x0000000024df0000)]
  0x0000000021164000 JavaThread "http-nio-8080-exec-7" daemon [_thread_blocked, id=21924, stack(0x0000000024bf0000,0x0000000024cf0000)]
  0x0000000021168000 JavaThread "http-nio-8080-exec-6" daemon [_thread_blocked, id=9488, stack(0x0000000024af0000,0x0000000024bf0000)]
  0x000000002116b000 JavaThread "http-nio-8080-exec-5" daemon [_thread_blocked, id=6348, stack(0x00000000249f0000,0x0000000024af0000)]
=>0x0000000021165800 JavaThread "http-nio-8080-exec-4" daemon [_thread_in_native, id=22316, stack(0x00000000248f0000,0x00000000249f0000)]
  0x000000002116a000 JavaThread "http-nio-8080-exec-3" daemon [_thread_blocked, id=10192, stack(0x00000000247f0000,0x00000000248f0000)]
  0x0000000020e76000 JavaThread "http-nio-8080-exec-2" daemon [_thread_blocked, id=4952, stack(0x00000000246f0000,0x00000000247f0000)]
  0x0000000020e75800 JavaThread "http-nio-8080-exec-1" daemon [_thread_blocked, id=1544, stack(0x00000000245f0000,0x00000000246f0000)]
  0x0000000020e74000 JavaThread "NioBlockingSelector.BlockPoller-1" daemon [_thread_in_native, id=26408, stack(0x00000000244f0000,0x00000000245f0000)]
  0x0000000020e73000 JavaThread "Live Reload Server" daemon [_thread_in_native, id=11228, stack(0x0000000023cf0000,0x0000000023df0000)]
  0x0000000020e72800 JavaThread "File Watcher" daemon [_thread_blocked, id=23356, stack(0x0000000023af0000,0x0000000023bf0000)]
  0x0000000020e74800 JavaThread "Timer-0" daemon [_thread_blocked, id=25756, stack(0x00000000238f0000,0x00000000239f0000)]
  0x0000000020e77000 JavaThread "quartzScheduler_QuartzSchedulerThread" [_thread_blocked, id=11000, stack(0x00000000237f0000,0x00000000238f0000)]
  0x0000000020e78800 JavaThread "quartzScheduler_Worker-10" [_thread_blocked, id=21584, stack(0x00000000236f0000,0x00000000237f0000)]
  0x0000000020e77800 JavaThread "quartzScheduler_Worker-9" [_thread_blocked, id=19036, stack(0x00000000235f0000,0x00000000236f0000)]
  0x0000000020e79000 JavaThread "quartzScheduler_Worker-8" [_thread_blocked, id=29600, stack(0x00000000234f0000,0x00000000235f0000)]
  0x0000000020e6b000 JavaThread "quartzScheduler_Worker-7" [_thread_blocked, id=26960, stack(0x00000000233f0000,0x00000000234f0000)]
  0x0000000020e71800 JavaThread "quartzScheduler_Worker-6" [_thread_blocked, id=21672, stack(0x00000000232f0000,0x00000000233f0000)]
  0x0000000020e6b800 JavaThread "quartzScheduler_Worker-5" [_thread_blocked, id=24688, stack(0x00000000231f0000,0x00000000232f0000)]
  0x0000000020e70000 JavaThread "quartzScheduler_Worker-4" [_thread_blocked, id=17580, stack(0x00000000230f0000,0x00000000231f0000)]
  0x0000000020e6a000 JavaThread "quartzScheduler_Worker-3" [_thread_blocked, id=30268, stack(0x0000000022ff0000,0x00000000230f0000)]
  0x0000000020e6f800 JavaThread "quartzScheduler_Worker-2" [_thread_blocked, id=29884, stack(0x0000000022ef0000,0x0000000022ff0000)]
  0x0000000020e6e800 JavaThread "quartzScheduler_Worker-1" [_thread_blocked, id=29460, stack(0x0000000022df0000,0x0000000022ef0000)]
  0x0000000020e6e000 JavaThread "RMI TCP Connection(idle)" daemon [_thread_blocked, id=29252, stack(0x00000000227f0000,0x00000000228f0000)]
  0x0000000020e6c800 JavaThread "container-0" [_thread_blocked, id=7620, stack(0x00000000223f0000,0x00000000224f0000)]
  0x0000000020e71000 JavaThread "ContainerBackgroundProcessor[StandardEngine[Tomcat]]" daemon [_thread_blocked, id=11560, stack(0x00000000222f0000,0x00000000223f0000)]
  0x0000000020e6d000 JavaThread "SimplePauseDetectorThread_0" daemon [_thread_blocked, id=8688, stack(0x00000000220f0000,0x00000000221f0000)]
  0x000000001df6a000 JavaThread "Thread-32" daemon [_thread_blocked, id=14784, stack(0x0000000021ff0000,0x00000000220f0000)]
  0x000000001df6e000 JavaThread "lettuce-eventExecutorLoop-1-1" daemon [_thread_blocked, id=9924, stack(0x0000000020420000,0x0000000020520000)]
  0x000000001df70000 JavaThread "mybatis-plus MapperRefresh" [_thread_blocked, id=30340, stack(0x000000001fd20000,0x000000001fe20000)]
  0x000000001df6b800 JavaThread "System Clock" daemon [_thread_blocked, id=14048, stack(0x000000001fc20000,0x000000001fd20000)]
  0x000000001df6f800 JavaThread "Druid-ConnectionPool-Destroy-1384784471" daemon [_thread_blocked, id=22004, stack(0x000000001fb20000,0x000000001fc20000)]
  0x000000001df6e800 JavaThread "Druid-ConnectionPool-Create-1384784471" daemon [_thread_blocked, id=2948, stack(0x000000001fa20000,0x000000001fb20000)]
  0x000000001df6d000 JavaThread "Abandoned connection cleanup thread" daemon [_thread_blocked, id=16532, stack(0x000000001f820000,0x000000001f920000)]
  0x000000001b21f800 JavaThread "RMI TCP Connection(idle)" daemon [_thread_blocked, id=18552, stack(0x000000001c950000,0x000000001ca50000)]
  0x000000001b20d000 JavaThread "RMI Scheduler(0)" daemon [_thread_blocked, id=22120, stack(0x000000001c850000,0x000000001c950000)]
  0x000000001b204800 JavaThread "RMI TCP Accept-0" daemon [_thread_in_native, id=11692, stack(0x000000001c650000,0x000000001c750000)]
  0x000000001b1ff800 JavaThread "RMI TCP Connection(idle)" daemon [_thread_blocked, id=14292, stack(0x000000001c550000,0x000000001c650000)]
  0x000000001b10c800 JavaThread "RMI TCP Accept-57615" daemon [_thread_in_native, id=21556, stack(0x000000001c450000,0x000000001c550000)]
  0x000000001b109800 JavaThread "RMI TCP Accept-0" daemon [_thread_in_native, id=2116, stack(0x000000001c350000,0x000000001c450000)]
  0x000000001aee2800 JavaThread "Service Thread" daemon [_thread_blocked, id=29888, stack(0x000000001c250000,0x000000001c350000)]
  0x000000001ae4d000 JavaThread "C1 CompilerThread3" daemon [_thread_blocked, id=22856, stack(0x000000001c150000,0x000000001c250000)]
  0x000000001ae42000 JavaThread "C2 CompilerThread2" daemon [_thread_blocked, id=2644, stack(0x000000001c050000,0x000000001c150000)]
  0x000000001ae40800 JavaThread "C2 CompilerThread1" daemon [_thread_blocked, id=18376, stack(0x000000001bf50000,0x000000001c050000)]
  0x000000001ae3d800 JavaThread "C2 CompilerThread0" daemon [_thread_blocked, id=6096, stack(0x000000001be50000,0x000000001bf50000)]
  0x000000001ae38000 JavaThread "Monitor Ctrl-Break" daemon [_thread_in_native, id=17052, stack(0x000000001bd50000,0x000000001be50000)]
  0x0000000019eb8800 JavaThread "Attach Listener" daemon [_thread_blocked, id=10248, stack(0x000000001a480000,0x000000001a580000)]
  0x0000000019eb7000 JavaThread "Signal Dispatcher" daemon [_thread_blocked, id=1780, stack(0x000000001a380000,0x000000001a480000)]
  0x0000000019ea0800 JavaThread "Finalizer" daemon [_thread_blocked, id=17160, stack(0x000000001a280000,0x000000001a380000)]
  0x0000000017f7d000 JavaThread "Reference Handler" daemon [_thread_blocked, id=26468, stack(0x0000000019d80000,0x0000000019e80000)]

Other Threads:
  0x0000000017f78800 VMThread [stack: 0x0000000019c80000,0x0000000019d80000] [id=10784]
  0x000000001b209800 WatcherThread [stack: 0x000000001c750000,0x000000001c850000] [id=27892]

VM state:not at safepoint (normal execution)

VM Mutex/Monitor currently owned by a thread: None

Heap:
 PSYoungGen      total 441344K, used 276076K [0x00000000d5b80000, 0x00000000f3180000, 0x0000000100000000)
  eden space 415744K, 60% used [0x00000000d5b80000,0x00000000e501b7a0,0x00000000ef180000)
  from space 25600K, 99% used [0x00000000f0e00000,0x00000000f26ffa10,0x00000000f2700000)
  to   space 29184K, 0% used [0x00000000ef180000,0x00000000ef180000,0x00000000f0e00000)
 ParOldGen       total 161792K, used 48863K [0x0000000081200000, 0x000000008b000000, 0x00000000d5b80000)
  object space 161792K, 30% used [0x0000000081200000,0x00000000841b7e88,0x000000008b000000)
 Metaspace       used 68664K, capacity 72282K, committed 72576K, reserved 1112064K
  class space    used 9115K, capacity 9738K, committed 9856K, reserved 1048576K

Card table byte_map: [0x0000000012370000,0x0000000012770000] byte_map_base: 0x0000000011f67000

Marking Bits: (ParMarkBitMap*) 0x0000000076f5c720
 Begin Bits: [0x0000000013220000, 0x00000000151d8000)
 End Bits:   [0x00000000151d8000, 0x0000000017190000)

Polling page: 0x0000000000b80000

CodeCache: size=245760Kb used=15366Kb max_used=15366Kb free=230393Kb
 bounds [0x0000000002fb0000, 0x0000000003ec0000, 0x0000000011fb0000]
 total_blobs=8739 nmethods=8083 adapters=566
 compilation: enabled

Compilation events (10 events):
Event: 95.555 Thread 0x000000001ae4d000 8249   !   1       java.io.ObjectInputStream::readOrdinaryObject (320 bytes)
Event: 95.557 Thread 0x000000001ae4d000 nmethod 8249 0x0000000003eb3110 code [0x0000000003eb3460, 0x0000000003eb41c8]
Event: 95.557 Thread 0x000000001ae4d000 8257       1       org.apache.coyote.Request::method (5 bytes)
Event: 95.558 Thread 0x000000001ae4d000 nmethod 8257 0x0000000003eb50d0 code [0x0000000003eb5220, 0x0000000003eb5330]
Event: 95.558 Thread 0x000000001ae4d000 8256       1       org.springframework.web.servlet.mvc.condition.AbstractMediaTypeExpression::getMediaType (5 bytes)
Event: 95.558 Thread 0x000000001ae4d000 nmethod 8256 0x0000000003eb5390 code [0x0000000003eb54e0, 0x0000000003eb55f0]
Event: 95.559 Thread 0x000000001ae4d000 8258       1       java.util.concurrent.atomic.AtomicLong::addAndGet (14 bytes)
Event: 95.559 Thread 0x000000001ae4d000 nmethod 8258 0x0000000003eb5650 code [0x0000000003eb57a0, 0x0000000003eb58b0]
Event: 95.560 Thread 0x000000001ae4d000 8259       1       java.nio.Buffer::clear (20 bytes)
Event: 95.560 Thread 0x000000001ae4d000 nmethod 8259 0x0000000003eb5910 code [0x0000000003eb5a60, 0x0000000003eb5b90]

GC Heap History (10 events):
Event: 19.598 GC heap before
{Heap before GC invocations=17 (full 2):
 PSYoungGen      total 326144K, used 326120K [0x00000000d5b80000, 0x00000000eb380000, 0x0000000100000000)
  eden space 308736K, 100% used [0x00000000d5b80000,0x00000000e8900000,0x00000000e8900000)
  from space 17408K, 99% used [0x00000000e9d00000,0x00000000eadfa120,0x00000000eae00000)
  to   space 20480K, 0% used [0x00000000e8900000,0x00000000e8900000,0x00000000e9d00000)
 ParOldGen       total 103424K, used 25826K [0x0000000081200000, 0x0000000087700000, 0x00000000d5b80000)
  object space 103424K, 24% used [0x0000000081200000,0x0000000082b38a98,0x0000000087700000)
 Metaspace       used 53960K, capacity 56740K, committed 56832K, reserved 1097728K
  class space    used 7072K, capacity 7596K, committed 7680K, reserved 1048576K
Event: 19.622 GC heap after
Heap after GC invocations=17 (full 2):
 PSYoungGen      total 329216K, used 20464K [0x00000000d5b80000, 0x00000000efe00000, 0x0000000100000000)
  eden space 308736K, 0% used [0x00000000d5b80000,0x00000000d5b80000,0x00000000e8900000)
  from space 20480K, 99% used [0x00000000e8900000,0x00000000e9cfc0d0,0x00000000e9d00000)
  to   space 25088K, 0% used [0x00000000ee580000,0x00000000ee580000,0x00000000efe00000)
 ParOldGen       total 103424K, used 30291K [0x0000000081200000, 0x0000000087700000, 0x00000000d5b80000)
  object space 103424K, 29% used [0x0000000081200000,0x0000000082f94c90,0x0000000087700000)
 Metaspace       used 53960K, capacity 56740K, committed 56832K, reserved 1097728K
  class space    used 7072K, capacity 7596K, committed 7680K, reserved 1048576K
}
Event: 20.993 GC heap before
{Heap before GC invocations=18 (full 2):
 PSYoungGen      total 329216K, used 180722K [0x00000000d5b80000, 0x00000000efe00000, 0x0000000100000000)
  eden space 308736K, 51% used [0x00000000d5b80000,0x00000000df800978,0x00000000e8900000)
  from space 20480K, 99% used [0x00000000e8900000,0x00000000e9cfc0d0,0x00000000e9d00000)
  to   space 25088K, 0% used [0x00000000ee580000,0x00000000ee580000,0x00000000efe00000)
 ParOldGen       total 103424K, used 30291K [0x0000000081200000, 0x0000000087700000, 0x00000000d5b80000)
  object space 103424K, 29% used [0x0000000081200000,0x0000000082f94c90,0x0000000087700000)
 Metaspace       used 56285K, capacity 59074K, committed 59136K, reserved 1099776K
  class space    used 7401K, capacity 7910K, committed 7936K, reserved 1048576K
Event: 21.018 GC heap after
Heap after GC invocations=18 (full 2):
 PSYoungGen      total 403968K, used 15235K [0x00000000d5b80000, 0x00000000f0400000, 0x0000000100000000)
  eden space 378880K, 0% used [0x00000000d5b80000,0x00000000d5b80000,0x00000000ecd80000)
  from space 25088K, 60% used [0x00000000ee580000,0x00000000ef460cd0,0x00000000efe00000)
  to   space 24576K, 0% used [0x00000000ecd80000,0x00000000ecd80000,0x00000000ee580000)
 ParOldGen       total 103424K, used 38911K [0x0000000081200000, 0x0000000087700000, 0x00000000d5b80000)
  object space 103424K, 37% used [0x0000000081200000,0x00000000837ffe78,0x0000000087700000)
 Metaspace       used 56285K, capacity 59074K, committed 59136K, reserved 1099776K
  class space    used 7401K, capacity 7910K, committed 7936K, reserved 1048576K
}
Event: 21.018 GC heap before
{Heap before GC invocations=19 (full 3):
 PSYoungGen      total 403968K, used 15235K [0x00000000d5b80000, 0x00000000f0400000, 0x0000000100000000)
  eden space 378880K, 0% used [0x00000000d5b80000,0x00000000d5b80000,0x00000000ecd80000)
  from space 25088K, 60% used [0x00000000ee580000,0x00000000ef460cd0,0x00000000efe00000)
  to   space 24576K, 0% used [0x00000000ecd80000,0x00000000ecd80000,0x00000000ee580000)
 ParOldGen       total 103424K, used 38911K [0x0000000081200000, 0x0000000087700000, 0x00000000d5b80000)
  object space 103424K, 37% used [0x0000000081200000,0x00000000837ffe78,0x0000000087700000)
 Metaspace       used 56285K, capacity 59074K, committed 59136K, reserved 1099776K
  class space    used 7401K, capacity 7910K, committed 7936K, reserved 1048576K
Event: 21.564 GC heap after
Heap after GC invocations=19 (full 3):
 PSYoungGen      total 403968K, used 0K [0x00000000d5b80000, 0x00000000f0400000, 0x0000000100000000)
  eden space 378880K, 0% used [0x00000000d5b80000,0x00000000d5b80000,0x00000000ecd80000)
  from space 25088K, 0% used [0x00000000ee580000,0x00000000ee580000,0x00000000efe00000)
  to   space 24576K, 0% used [0x00000000ecd80000,0x00000000ecd80000,0x00000000ee580000)
 ParOldGen       total 161792K, used 48658K [0x0000000081200000, 0x000000008b000000, 0x00000000d5b80000)
  object space 161792K, 30% used [0x0000000081200000,0x0000000084184920,0x000000008b000000)
 Metaspace       used 56252K, capacity 59020K, committed 59136K, reserved 1099776K
  class space    used 7396K, capacity 7901K, committed 7936K, reserved 1048576K
}
Event: 23.790 GC heap before
{Heap before GC invocations=20 (full 3):
 PSYoungGen      total 403968K, used 378880K [0x00000000d5b80000, 0x00000000f0400000, 0x0000000100000000)
  eden space 378880K, 100% used [0x00000000d5b80000,0x00000000ecd80000,0x00000000ecd80000)
  from space 25088K, 0% used [0x00000000ee580000,0x00000000ee580000,0x00000000efe00000)
  to   space 24576K, 0% used [0x00000000ecd80000,0x00000000ecd80000,0x00000000ee580000)
 ParOldGen       total 161792K, used 48658K [0x0000000081200000, 0x000000008b000000, 0x00000000d5b80000)
  object space 161792K, 30% used [0x0000000081200000,0x0000000084184920,0x000000008b000000)
 Metaspace       used 57106K, capacity 59920K, committed 60032K, reserved 1101824K
  class space    used 7548K, capacity 8041K, committed 8064K, reserved 1048576K
Event: 23.795 GC heap after
Heap after GC invocations=20 (full 3):
 PSYoungGen      total 403456K, used 1824K [0x00000000d5b80000, 0x00000000f2700000, 0x0000000100000000)
  eden space 378880K, 0% used [0x00000000d5b80000,0x00000000d5b80000,0x00000000ecd80000)
  from space 24576K, 7% used [0x00000000ecd80000,0x00000000ecf48000,0x00000000ee580000)
  to   space 25600K, 0% used [0x00000000f0e00000,0x00000000f0e00000,0x00000000f2700000)
 ParOldGen       total 161792K, used 48666K [0x0000000081200000, 0x000000008b000000, 0x00000000d5b80000)
  object space 161792K, 30% used [0x0000000081200000,0x0000000084186920,0x000000008b000000)
 Metaspace       used 57106K, capacity 59920K, committed 60032K, reserved 1101824K
  class space    used 7548K, capacity 8041K, committed 8064K, reserved 1048576K
}
Event: 25.566 GC heap before
{Heap before GC invocations=21 (full 3):
 PSYoungGen      total 403456K, used 380704K [0x00000000d5b80000, 0x00000000f2700000, 0x0000000100000000)
  eden space 378880K, 100% used [0x00000000d5b80000,0x00000000ecd80000,0x00000000ecd80000)
  from space 24576K, 7% used [0x00000000ecd80000,0x00000000ecf48000,0x00000000ee580000)
  to   space 25600K, 0% used [0x00000000f0e00000,0x00000000f0e00000,0x00000000f2700000)
 ParOldGen       total 161792K, used 48666K [0x0000000081200000, 0x000000008b000000, 0x00000000d5b80000)
  object space 161792K, 30% used [0x0000000081200000,0x0000000084186920,0x000000008b000000)
 Metaspace       used 63126K, capacity 66568K, committed 66944K, reserved 1107968K
  class space    used 8410K, capacity 8979K, committed 9088K, reserved 1048576K
Event: 25.591 GC heap after
Heap after GC invocations=21 (full 3):
 PSYoungGen      total 441344K, used 25598K [0x00000000d5b80000, 0x00000000f3180000, 0x0000000100000000)
  eden space 415744K, 0% used [0x00000000d5b80000,0x00000000d5b80000,0x00000000ef180000)
  from space 25600K, 99% used [0x00000000f0e00000,0x00000000f26ffa10,0x00000000f2700000)
  to   space 29184K, 0% used [0x00000000ef180000,0x00000000ef180000,0x00000000f0e00000)
 ParOldGen       total 161792K, used 48863K [0x0000000081200000, 0x000000008b000000, 0x00000000d5b80000)
  object space 161792K, 30% used [0x0000000081200000,0x00000000841b7e88,0x000000008b000000)
 Metaspace       used 63126K, capacity 66568K, committed 66944K, reserved 1107968K
  class space    used 8410K, capacity 8979K, committed 9088K, reserved 1048576K
}

Deoptimization events (0 events):
No events

Internal exceptions (10 events):
Event: 26.217 Thread 0x0000000020e6e000 Exception <a 'java/lang/ArrayIndexOutOfBoundsException'> (0x00000000d7649558) thrown at [C:\re\workspace\8-2-build-windows-amd64-cygwin\jdk8u131\8869\hotspot\src\share\vm\runtime\sharedRuntime.cpp, line 605]
Event: 27.212 Thread 0x00000000212f6000 Exception <a 'java/lang/ArrayIndexOutOfBoundsException'> (0x00000000d8a02b08) thrown at [C:\re\workspace\8-2-build-windows-amd64-cygwin\jdk8u131\8869\hotspot\src\share\vm\runtime\sharedRuntime.cpp, line 605]
Event: 27.212 Thread 0x00000000212f6000 Exception <a 'java/lang/ArrayIndexOutOfBoundsException'> (0x00000000d8a039f8) thrown at [C:\re\workspace\8-2-build-windows-amd64-cygwin\jdk8u131\8869\hotspot\src\share\vm\runtime\sharedRuntime.cpp, line 605]
Event: 27.400 Thread 0x0000000020e6e000 Exception <a 'java/lang/ArrayIndexOutOfBoundsException'> (0x00000000d967d598) thrown at [C:\re\workspace\8-2-build-windows-amd64-cygwin\jdk8u131\8869\hotspot\src\share\vm\runtime\sharedRuntime.cpp, line 605]
Event: 85.031 Thread 0x000000002116a000 Exception <a 'java/lang/ArrayIndexOutOfBoundsException'> (0x00000000db5e82d0) thrown at [C:\re\workspace\8-2-build-windows-amd64-cygwin\jdk8u131\8869\hotspot\src\share\vm\runtime\sharedRuntime.cpp, line 605]
Event: 86.611 Thread 0x000000002116a000 Exception <a 'java/lang/ArrayIndexOutOfBoundsException'> (0x00000000e0fa11b0) thrown at [C:\re\workspace\8-2-build-windows-amd64-cygwin\jdk8u131\8869\hotspot\src\share\vm\runtime\sharedRuntime.cpp, line 605]
Event: 86.641 Thread 0x000000002116a000 Exception <a 'java/lang/ArrayIndexOutOfBoundsException'> (0x00000000e12fb4b8) thrown at [C:\re\workspace\8-2-build-windows-amd64-cygwin\jdk8u131\8869\hotspot\src\share\vm\runtime\sharedRuntime.cpp, line 605]
Event: 86.641 Thread 0x000000002116a000 Exception <a 'java/lang/ArrayIndexOutOfBoundsException'> (0x00000000e12fca68) thrown at [C:\re\workspace\8-2-build-windows-amd64-cygwin\jdk8u131\8869\hotspot\src\share\vm\runtime\sharedRuntime.cpp, line 605]
Event: 95.562 Thread 0x0000000021303000 Implicit null exception at 0x0000000003ea886e to 0x0000000003ea92e5
Event: 95.562 Thread 0x0000000021303000 Exception <a 'java/lang/NullPointerException'> (0x00000000e4f18df8) thrown at [C:\re\workspace\8-2-build-windows-amd64-cygwin\jdk8u131\8869\hotspot\src\share\vm\runtime\sharedRuntime.cpp, line 605]

Events (10 events):
Event: 95.545 Executing VM operation: RevokeBias
Event: 95.545 Executing VM operation: RevokeBias done
Event: 95.545 Executing VM operation: RevokeBias
Event: 95.546 Executing VM operation: RevokeBias done
Event: 95.546 Executing VM operation: RevokeBias
Event: 95.546 Executing VM operation: RevokeBias done
Event: 95.547 Executing VM operation: RevokeBias
Event: 95.547 Executing VM operation: RevokeBias done
Event: 95.563 Executing VM operation: RevokeBias
Event: 95.564 Executing VM operation: RevokeBias done


Dynamic libraries:
0x00007ff7edab0000 - 0x00007ff7edae7000 	C:\Program Files\Java\jdk1.8.0_131\bin\java.exe
0x00007ff8b9600000 - 0x00007ff8b97e1000 	C:\WINDOWS\SYSTEM32\ntdll.dll
0x00007ff8b9030000 - 0x00007ff8b90e2000 	C:\WINDOWS\System32\KERNEL32.DLL
0x00007ff8b5c10000 - 0x00007ff8b5e83000 	C:\WINDOWS\System32\KERNELBASE.dll
0x00007ff8b7190000 - 0x00007ff8b7231000 	C:\WINDOWS\System32\ADVAPI32.dll
0x00007ff8b8f90000 - 0x00007ff8b902e000 	C:\WINDOWS\System32\msvcrt.dll
0x00007ff8b6b00000 - 0x00007ff8b6b5b000 	C:\WINDOWS\System32\sechost.dll
0x00007ff8b8e60000 - 0x00007ff8b8f84000 	C:\WINDOWS\System32\RPCRT4.dll
0x00007ff8b7240000 - 0x00007ff8b73d0000 	C:\WINDOWS\System32\USER32.dll
0x00007ff8b59b0000 - 0x00007ff8b59d0000 	C:\WINDOWS\System32\win32u.dll
0x00007ff8b6ad0000 - 0x00007ff8b6af8000 	C:\WINDOWS\System32\GDI32.dll
0x00007ff8b56d0000 - 0x00007ff8b5862000 	C:\WINDOWS\System32\gdi32full.dll
0x00007ff8b58e0000 - 0x00007ff8b597f000 	C:\WINDOWS\System32\msvcp_win.dll
0x00007ff8b65a0000 - 0x00007ff8b669a000 	C:\WINDOWS\System32\ucrtbase.dll
0x00007ff8a9a60000 - 0x00007ff8a9cc9000 	C:\WINDOWS\WinSxS\amd64_microsoft.windows.common-controls_6595b64144ccf1df_6.0.17134.472_none_fb3f9af53068156d\COMCTL32.dll
0x00007ff8b6bf0000 - 0x00007ff8b6f12000 	C:\WINDOWS\System32\combase.dll
0x00007ff8b6860000 - 0x00007ff8b68da000 	C:\WINDOWS\System32\bcryptPrimitives.dll
0x00007ff8b6bc0000 - 0x00007ff8b6bed000 	C:\WINDOWS\System32\IMM32.DLL
0x0000000077990000 - 0x0000000077a62000 	C:\Program Files\Java\jdk1.8.0_131\jre\bin\msvcr100.dll
0x0000000076740000 - 0x0000000076fdc000 	C:\Program Files\Java\jdk1.8.0_131\jre\bin\server\jvm.dll
0x00007ff8b5980000 - 0x00007ff8b59a3000 	C:\WINDOWS\System32\WINMM.dll
0x00007ff8b5630000 - 0x00007ff8b565a000 	C:\WINDOWS\System32\WINMMBASE.dll
0x00007ff8b59d0000 - 0x00007ff8b5a19000 	C:\WINDOWS\System32\cfgmgr32.dll
0x00007ff8b7010000 - 0x00007ff8b7018000 	C:\WINDOWS\System32\PSAPI.DLL
0x00007ff8a4090000 - 0x00007ff8a4099000 	C:\WINDOWS\SYSTEM32\WSOCK32.dll
0x00007ff8b6f20000 - 0x00007ff8b6f8c000 	C:\WINDOWS\System32\WS2_32.dll
0x00007ff8ae740000 - 0x00007ff8ae74a000 	C:\WINDOWS\SYSTEM32\VERSION.dll
0x00000000500d0000 - 0x00000000500df000 	C:\Program Files\Java\jdk1.8.0_131\jre\bin\verify.dll
0x0000000077bb0000 - 0x0000000077bd9000 	C:\Program Files\Java\jdk1.8.0_131\jre\bin\java.dll
0x0000000077b60000 - 0x0000000077b83000 	C:\Program Files\Java\jdk1.8.0_131\jre\bin\instrument.dll
0x0000000077b90000 - 0x0000000077ba6000 	C:\Program Files\Java\jdk1.8.0_131\jre\bin\zip.dll
0x00007ff8b7a00000 - 0x00007ff8b8e40000 	C:\WINDOWS\System32\SHELL32.dll
0x00007ff8b9520000 - 0x00007ff8b95c9000 	C:\WINDOWS\System32\shcore.dll
0x00007ff8b5e90000 - 0x00007ff8b659d000 	C:\WINDOWS\System32\windows.storage.dll
0x00007ff8b6b60000 - 0x00007ff8b6bb1000 	C:\WINDOWS\System32\shlwapi.dll
0x00007ff8b5690000 - 0x00007ff8b56a1000 	C:\WINDOWS\System32\kernel.appcore.dll
0x00007ff8b56b0000 - 0x00007ff8b56cf000 	C:\WINDOWS\System32\profapi.dll
0x00007ff8b66a0000 - 0x00007ff8b66ec000 	C:\WINDOWS\System32\powrprof.dll
0x00007ff8b5680000 - 0x00007ff8b568a000 	C:\WINDOWS\System32\FLTLIB.DLL
0x00007ff8aa550000 - 0x00007ff8aa56a000 	C:\Program Files\JetBrains\IntelliJ IDEA 2018.3.2\bin\breakgen64.dll
0x0000000077970000 - 0x000000007798a000 	C:\Program Files\Java\jdk1.8.0_131\jre\bin\net.dll
0x00007ff8b4e90000 - 0x00007ff8b4ef6000 	C:\WINDOWS\system32\mswsock.dll
0x00000000500c0000 - 0x00000000500cd000 	C:\Program Files\Java\jdk1.8.0_131\jre\bin\management.dll
0x0000000077950000 - 0x0000000077961000 	C:\Program Files\Java\jdk1.8.0_131\jre\bin\nio.dll
0x00007ff8a1160000 - 0x00007ff8a1176000 	C:\WINDOWS\system32\napinsp.dll
0x00007ff8a1100000 - 0x00007ff8a111a000 	C:\WINDOWS\system32\pnrpnsp.dll
0x00007ff8b0260000 - 0x00007ff8b0279000 	C:\WINDOWS\system32\NLAapi.dll
0x00007ff8b4c50000 - 0x00007ff8b4d0e000 	C:\WINDOWS\SYSTEM32\DNSAPI.dll
0x00007ff8b9270000 - 0x00007ff8b9278000 	C:\WINDOWS\System32\NSI.dll
0x00007ff8b4c10000 - 0x00007ff8b4c48000 	C:\WINDOWS\SYSTEM32\IPHLPAPI.DLL
0x00007ff8a0d90000 - 0x00007ff8a0d9e000 	C:\WINDOWS\System32\winrnr.dll
0x00007ff8aecd0000 - 0x00007ff8aece5000 	C:\WINDOWS\System32\wshbth.dll
0x00007ff8aac20000 - 0x00007ff8aac2a000 	C:\Windows\System32\rasadhlp.dll
0x00007ff8aacc0000 - 0x00007ff8aad32000 	C:\WINDOWS\System32\fwpuclnt.dll
0x00007ff8b5170000 - 0x00007ff8b5195000 	C:\WINDOWS\SYSTEM32\bcrypt.dll
0x00007ff8b5040000 - 0x00007ff8b5057000 	C:\WINDOWS\SYSTEM32\CRYPTSP.dll
0x00007ff8b4a70000 - 0x00007ff8b4aa3000 	C:\WINDOWS\system32\rsaenh.dll
0x00007ff8b5560000 - 0x00007ff8b5588000 	C:\WINDOWS\SYSTEM32\USERENV.dll
0x00007ff8b5060000 - 0x00007ff8b506b000 	C:\WINDOWS\SYSTEM32\CRYPTBASE.dll
0x00007ff8ad250000 - 0x00007ff8ad266000 	C:\WINDOWS\SYSTEM32\dhcpcsvc6.DLL
0x00007ff8ae470000 - 0x00007ff8ae48a000 	C:\WINDOWS\SYSTEM32\dhcpcsvc.DLL
0x0000000077920000 - 0x0000000077944000 	C:\Program Files\Java\jdk1.8.0_131\jre\bin\sunec.dll
0x00000000765a0000 - 0x0000000076738000 	C:\Program Files\Java\jdk1.8.0_131\jre\bin\awt.dll
0x00007ff8b7930000 - 0x00007ff8b79f2000 	C:\WINDOWS\System32\OLEAUT32.dll
0x00007ff8b2a60000 - 0x00007ff8b2aeb000 	C:\WINDOWS\SYSTEM32\apphelp.dll
0x00007ff89e550000 - 0x00007ff89e60b000 	C:\Users\Administrator\.javacpp\cache\ffmpeg-4.0.2-1.4.3-windows-x86_64.jar\org\bytedeco\javacpp\windows-x86_64\avutil-56.dll
0x000000006fe00000 - 0x000000006fee7000 	C:\Users\Administrator\.javacpp\cache\ffmpeg-4.0.2-1.4.3-windows-x86_64.jar\org\bytedeco\javacpp\windows-x86_64\jniavutil.dll
0x00007ff8a9eb0000 - 0x00007ff8a9ed7000 	C:\Users\Administrator\.javacpp\cache\ffmpeg-4.0.2-1.4.3-windows-x86_64.jar\org\bytedeco\javacpp\windows-x86_64\swresample-3.dll
0x0000000070080000 - 0x00000000700ae000 	C:\Users\Administrator\.javacpp\cache\ffmpeg-4.0.2-1.4.3-windows-x86_64.jar\org\bytedeco\javacpp\windows-x86_64\jniswresample.dll
0x00007ff879ee0000 - 0x00007ff87c161000 	C:\Users\Administrator\.javacpp\cache\ffmpeg-4.0.2-1.4.3-windows-x86_64.jar\org\bytedeco\javacpp\windows-x86_64\avcodec-58.dll
0x00007ff8b6970000 - 0x00007ff8b6ac1000 	C:\WINDOWS\System32\ole32.dll
0x000000006a1c0000 - 0x000000006a424000 	C:\Users\Administrator\.javacpp\cache\ffmpeg-4.0.2-1.4.3-windows-x86_64.jar\org\bytedeco\javacpp\windows-x86_64\jniavcodec.dll
0x00007ff88e130000 - 0x00007ff88e5f1000 	C:\Users\Administrator\.javacpp\cache\ffmpeg-4.0.2-1.4.3-windows-x86_64.jar\org\bytedeco\javacpp\windows-x86_64\avformat-58.dll
0x00007ff8b5a20000 - 0x00007ff8b5c02000 	C:\WINDOWS\System32\CRYPT32.dll
0x00007ff8b5660000 - 0x00007ff8b5672000 	C:\WINDOWS\System32\MSASN1.dll
0x000000006abc0000 - 0x000000006ad0a000 	C:\Users\Administrator\.javacpp\cache\ffmpeg-4.0.2-1.4.3-windows-x86_64.jar\org\bytedeco\javacpp\windows-x86_64\jniavformat.dll
0x00007ff89c4d0000 - 0x00007ff89c565000 	C:\Users\Administrator\.javacpp\cache\ffmpeg-4.0.2-1.4.3-windows-x86_64.jar\org\bytedeco\javacpp\windows-x86_64\swscale-5.dll
0x0000000067cc0000 - 0x0000000067cf6000 	C:\Users\Administrator\.javacpp\cache\ffmpeg-4.0.2-1.4.3-windows-x86_64.jar\org\bytedeco\javacpp\windows-x86_64\jniswscale.dll
0x00007ff8a7560000 - 0x00007ff8a758a000 	C:\Users\Administrator\.javacpp\cache\ffmpeg-4.0.2-1.4.3-windows-x86_64.jar\org\bytedeco\javacpp\windows-x86_64\postproc-55.dll
0x000000006a0c0000 - 0x000000006a0ed000 	C:\Users\Administrator\.javacpp\cache\ffmpeg-4.0.2-1.4.3-windows-x86_64.jar\org\bytedeco\javacpp\windows-x86_64\jnipostproc.dll
0x00007ff896a50000 - 0x00007ff896dd1000 	C:\Users\Administrator\.javacpp\cache\ffmpeg-4.0.2-1.4.3-windows-x86_64.jar\org\bytedeco\javacpp\windows-x86_64\avfilter-7.dll
0x0000000064400000 - 0x0000000064477000 	C:\Users\Administrator\.javacpp\cache\ffmpeg-4.0.2-1.4.3-windows-x86_64.jar\org\bytedeco\javacpp\windows-x86_64\jniavfilter.dll
0x00007ff8a7080000 - 0x00007ff8a70ac000 	C:\Users\Administrator\.javacpp\cache\ffmpeg-4.0.2-1.4.3-windows-x86_64.jar\org\bytedeco\javacpp\windows-x86_64\avdevice-58.dll
0x00007ff8aa530000 - 0x00007ff8aa548000 	C:\WINDOWS\SYSTEM32\AVICAP32.dll
0x00007ff89f580000 - 0x00007ff89f5a9000 	C:\WINDOWS\SYSTEM32\MSVFW32.dll
0x0000000000ec0000 - 0x0000000000ef9000 	C:\Users\Administrator\.javacpp\cache\ffmpeg-4.0.2-1.4.3-windows-x86_64.jar\org\bytedeco\javacpp\windows-x86_64\jniavdevice.dll
0x00007ff8af910000 - 0x00007ff8afad9000 	C:\WINDOWS\SYSTEM32\dbghelp.dll

VM Arguments:
jvm_args: -XX:TieredStopAtLevel=1 -Xverify:none -Dspring.output.ansi.enabled=always -Dcom.sun.management.jmxremote -Dcom.sun.management.jmxremote.port=57615 -Dcom.sun.management.jmxremote.authenticate=false -Dcom.sun.management.jmxremote.ssl=false -Djava.rmi.server.hostname=localhost -Dspring.liveBeansView.mbeanDomain -Dspring.application.admin.enabled=true -javaagent:C:\Program Files\JetBrains\IntelliJ IDEA 2018.3.2\lib\idea_rt.jar=57616:C:\Program Files\JetBrains\IntelliJ IDEA 2018.3.2\bin -Dfile.encoding=UTF-8 
java_command: com.nieyue.Application
java_class_path (initial): C:\Users\Administrator\AppData\Local\Temp\classpath582064875.jar;C:\Program Files\JetBrains\IntelliJ IDEA 2018.3.2\lib\idea_rt.jar
Launcher Type: SUN_STANDARD

Environment Variables:
JAVA_HOME=C:\Program Files\Java\jdk1.8.0_131
CLASSPATH=.;C:\Program Files\Java\jdk1.8.0_131\lib\dt.jar;C:\Program Files\Java\jdk1.8.0_131\lib\tools.jar;
PATH=C:\ProgramData\Oracle\Java\javapath;C:\Program Files\Java\jdk1.8.0_131\bin;C:\Program Files\Java\jdk1.8.0_131\jre\bin;C:\windows\system32;C:\windows;C:\windows\System32\Wbem;C:\windows\System32\WindowsPowerShell\v1.0\;C:\Program Files\nodejs\;C:\Program Files\nodejs;C:\Program Files (x86)\MySQL\MySQL Fabric 1.5.2 & MySQL Utilities 1.5.2 1.5\;C:\Program Files (x86)\MySQL\MySQL Fabric 1.5.2 & MySQL Utilities 1.5.2 1.5\Doctrine extensions for PHP\;C:\Program Files\MySQL\MySQL Server 5.6\bin;C:\Program Files\Git\bin;C:\Program Files\Intel\WiFi\bin\;C:\Program Files\Common Files\Intel\WirelessCommon\;C:\Program Files (x86)\NVIDIA Corporation\PhysX\Common;E:\nieyue\gradle\gradle-3.5\bin;C:\Python27;C:\Program Files\Git;E:\nieyue\AndroidStudio\SDKTools\android-sdk-windows\platforms;E:\nieyue\AndroidStudio\SDKTools\android-sdk-windows\tools;E:\nieyue\AndroidStudio\SDKTools\android-sdk-windows\platform-tools;C:\Program Files\TortoiseSVN\bin;C:\Program Files\MongoDB\Server\3.6\bin;E:\nieyue\PHP;C:\Program Files (x86)\Microsoft SQL Server\100\Tools\Binn\;C:\Program Files (x86)\Microsoft SQL Server\100\DTS\Binn\;C:\Program Files (x86)\Microsoft SQL Server\100\Tools\Binn\VSShell\Common7\IDE\;C:\Program Files (x86)\Microsoft VS Code\bin;C:\WINDOWS\system32;C:\WINDOWS;C:\WINDOWS\System32\Wbem;C:\WINDOWS\System32\WindowsPowerShell\v1.0\;C:\WINDOWS\System32\OpenSSH\;E:\nieyue\maven\apache-maven-3.3.3\bin;C:\Go\bin;E:\nieyue\IntelliJIDE\golang\bin;E:\nieyue\Python\Scripts\;E:\nieyue\Python\;C:\Users\Administrator\AppData\Local\Microsoft\WindowsApps;C:\Users\Administrator\AppData\Roaming\npm;C:\Program Files (x86)\Microsoft VS Code\bin;C:\Program Files\Intel\WiFi\bin\;C:\Program Files\Common Files\Intel\WirelessCommon\;;C:\Program Files\JetBrains\IntelliJ IDEA 2018.3.2\bin;;C:\Users\Administrator\go\bin
USERNAME=Administrator
OS=Windows_NT
PROCESSOR_IDENTIFIER=Intel64 Family 6 Model 70 Stepping 1, GenuineIntel



---------------  S Y S T E M  ---------------

OS: Windows 10.0 , 64 bit Build 17134 (10.0.17134.1)

CPU:total 8 (initial active 8) (4 cores per cpu, 2 threads per core) family 6 model 70 stepping 1, cmov, cx8, fxsr, mmx, sse, sse2, sse3, ssse3, sse4.1, sse4.2, popcnt, avx, avx2, aes, clmul, erms, lzcnt, ht, tsc, tscinvbit, bmi1, bmi2

Memory: 4k page, physical 8313132k(1590008k free), swap 14546716k(1645284k free)

vm_info: Java HotSpot(TM) 64-Bit Server VM (25.131-b11) for windows-amd64 JRE (1.8.0_131-b11), built on Mar 15 2017 01:23:53 by "java_re" with MS VC++ 10.0 (VS2010)

time: Sun Jan 06 20:16:10 2019
elapsed time: 95 seconds (0d 0h 1m 35s)

