#
# A fatal error has been detected by the Java Runtime Environment:
#
#  EXCEPTION_ACCESS_VIOLATION (0xc0000005) at pc=0x000007feec611bf4, pid=11920, tid=0x000000000000126c
#
# JRE version: Java(TM) SE Runtime Environment (8.0_131-b11) (build 1.8.0_131-b11)
# Java VM: Java HotSpot(TM) 64-Bit Server VM (25.131-b11 mixed mode windows-amd64 compressed oops)
# Problematic frame:
# C  [avformat-58.dll+0xe1bf4]
#
# Failed to write core dump. Minidumps are not enabled by default on client versions of Windows
#
# If you would like to submit a bug report, please visit:
#   http://bugreport.java.com/bugreport/crash.jsp
# The crash happened outside the Java Virtual Machine in native code.
# See problematic frame for where to report the bug.
#

---------------  T H R E A D  ---------------

Current thread (0x000000001a828000):  JavaThread "录像工作线程0" [_thread_in_native, id=4716, stack(0x000000001bbc0000,0x000000001bcc0000)]

siginfo: ExceptionCode=0xc0000005, reading address 0x0000000000000000

Registers:
RAX=0x0000000000000000, RBX=0x000000000051dfc0, RCX=0x000007feee01e6f8, RDX=0x8000000000000000
RSP=0x000000001bcbedb0, RBP=0x000000000051d840, RSI=0x00000000004e0030, RDI=0x0000000000000000
R8 =0x0000000077770000, R9 =0x000000001bcbe934, R10=0x00000000c0000008, R11=0x0000000000000246
R12=0x0000000000000000, R13=0x0000000016a70630, R14=0x0000000000000001, R15=0x000000001a828000
RIP=0x000007feec611bf4, EFLAGS=0x0000000000010202

Top of Stack: (sp=0x000000001bcbedb0)
0x000000001bcbedb0:   0000a8c1b6da8611 000000013f462368
0x000000001bcbedc0:   000000000022db30 8000000000000000
0x000000001bcbedd0:   000000001a828000 000000001bcbee40
0x000000001bcbede0:   000000013f460208 000000008011c0b8
0x000000001bcbedf0:   000000000022db30 00000000565ab328
0x000000001bcbee00:   0000000000000000 000000001bcbee90
0x000000001bcbee10:   000000000000004a 000000005655e771
0x000000001bcbee20:   000000001a017590 000000001a010190
0x000000001bcbee30:   000000001bcbee88 000000001bcbede8
0x000000001bcbee40:   0000000056ae6448 0000000018a18ec0
0x000000001bcbee50:   0000000000000058 0000000000000040
0x000000001bcbee60:   0000000000015335 000000000000000d
0x000000001bcbee70:   0000000016a70638 000000001a828000
0x000000001bcbee80:   000000001bcbef90 000000001a017590
0x000000001bcbee90:   0000000016a70638 000000001a828000
0x000000001bcbeea0:   000000001a017588 000000001a017590 

Instructions: (pc=0x000007feec611bf4)
0x000007feec611bd4:   64 3c 00 85 c0 0f 84 01 0c 00 00 48 8b 83 f0 02
0x000007feec611be4:   00 00 48 ba 00 00 00 00 00 00 00 80 48 8b 40 48
0x000007feec611bf4:   48 8b 00 48 39 d0 48 89 46 08 48 89 46 10 49 89
0x000007feec611c04:   c1 0f 84 2b fe ff ff e9 0e fe ff ff 48 8d bc 24 


Register to memory mapping:

RAX=0x0000000000000000 is an unknown value
RBX=0x000000000051dfc0 is an unknown value
RCX=0x000007feee01e6f8 is an unknown value
RDX=0x8000000000000000 is an unknown value
RSP=0x000000001bcbedb0 is pointing into the stack for thread: 0x000000001a828000
RBP=0x000000000051d840 is an unknown value
RSI=0x00000000004e0030 is an unknown value
RDI=0x0000000000000000 is an unknown value
R8 =0x0000000077770000 is an unknown value
R9 =0x000000001bcbe934 is pointing into the stack for thread: 0x000000001a828000
R10=0x00000000c0000008 is an oop

[error occurred during error reporting (printing register info), id 0xc0000005]

Stack: [0x000000001bbc0000,0x000000001bcc0000],  sp=0x000000001bcbedb0,  free space=1019k
Native frames: (J=compiled Java code, j=interpreted, Vv=VM code, C=native code)
C  [avformat-58.dll+0xe1bf4]
C  [avformat-58.dll+0xe4322]
C  0x0000000002407f74

Java frames: (J=compiled Java code, j=interpreted, Vv=VM code)
j  org.bytedeco.javacpp.avformat.av_interleaved_write_frame(Lorg/bytedeco/javacpp/avformat$AVFormatContext;Lorg/bytedeco/javacpp/avcodec$AVPacket;)I+0
j  com.nieyue.javacv.recorder.FFmpegFrameRecorderPlus.writePacket(ILorg/bytedeco/javacpp/avcodec$AVPacket;)V+75
j  com.nieyue.javacv.recorder.FFmpegFrameRecorderPlus.recordPacket(Lorg/bytedeco/javacpp/avcodec$AVPacket;)Z+105
j  com.nieyue.javacv.recorder.RecordThread.forwardLoop()V+182
j  com.nieyue.javacv.recorder.RecordThread.run()V+45
v  ~StubRoutines::call_stub

---------------  P R O C E S S  ---------------

Java Threads: ( => current thread )
  0x0000000001c78000 JavaThread "DestroyJavaVM" [_thread_blocked, id=10072, stack(0x00000000022f0000,0x00000000023f0000)]
=>0x000000001a828000 JavaThread "录像工作线程0" [_thread_in_native, id=4716, stack(0x000000001bbc0000,0x000000001bcc0000)]
  0x0000000019031000 JavaThread "JavaCPP Deallocator" daemon [_thread_blocked, id=12012, stack(0x000000001aea0000,0x000000001afa0000)]
  0x0000000018de5800 JavaThread "Service Thread" daemon [_thread_blocked, id=11588, stack(0x00000000192c0000,0x00000000193c0000)]
  0x0000000018d6f800 JavaThread "C1 CompilerThread2" daemon [_thread_blocked, id=8924, stack(0x00000000198c0000,0x00000000199c0000)]
  0x0000000018d6f000 JavaThread "C2 CompilerThread1" daemon [_thread_blocked, id=12228, stack(0x0000000019730000,0x0000000019830000)]
  0x0000000018d6e000 JavaThread "C2 CompilerThread0" daemon [_thread_blocked, id=10436, stack(0x00000000195c0000,0x00000000196c0000)]
  0x0000000018d1c000 JavaThread "Monitor Ctrl-Break" daemon [_thread_in_native, id=10252, stack(0x0000000019400000,0x0000000019500000)]
  0x0000000018451000 JavaThread "Attach Listener" daemon [_thread_blocked, id=8608, stack(0x0000000018910000,0x0000000018a10000)]
  0x0000000018450800 JavaThread "Signal Dispatcher" daemon [_thread_blocked, id=12024, stack(0x0000000018210000,0x0000000018310000)]
  0x0000000016f3e000 JavaThread "Finalizer" daemon [_thread_blocked, id=3328, stack(0x0000000018340000,0x0000000018440000)]
  0x0000000016ef7000 JavaThread "Reference Handler" daemon [_thread_blocked, id=8084, stack(0x0000000018090000,0x0000000018190000)]

Other Threads:
  0x0000000016eef800 VMThread [stack: 0x0000000017f10000,0x0000000018010000] [id=11936]
  0x0000000018e66800 WatcherThread [stack: 0x0000000019ce0000,0x0000000019de0000] [id=4452]

VM state:not at safepoint (normal execution)

VM Mutex/Monitor currently owned by a thread: None

Heap:
 PSYoungGen      total 1835008K, used 251740K [0x0000000080080000, 0x0000000100000000, 0x0000000100000000)
  eden space 1573376K, 16% used [0x0000000080080000,0x000000008f6573b0,0x00000000e0100000)
  from space 261632K, 0% used [0x00000000f0080000,0x00000000f0080000,0x0000000100000000)
  to   space 261632K, 0% used [0x00000000e0100000,0x00000000e0100000,0x00000000f0080000)
 ParOldGen       total 512K, used 0K [0x0000000080000000, 0x0000000080080000, 0x0000000080080000)
  object space 512K, 0% used [0x0000000080000000,0x0000000080000000,0x0000000080080000)
 Metaspace       used 6625K, capacity 6742K, committed 6912K, reserved 1056768K
  class space    used 733K, capacity 753K, committed 768K, reserved 1048576K

Card table byte_map: [0x00000000117b0000,0x0000000011bc0000] byte_map_base: 0x00000000113b0000

Marking Bits: (ParMarkBitMap*) 0x0000000056d0c720
 Begin Bits: [0x0000000012160000, 0x0000000014160000)
 End Bits:   [0x0000000014160000, 0x0000000016160000)

Polling page: 0x0000000000210000

CodeCache: size=245760Kb used=3505Kb max_used=3517Kb free=242254Kb
 bounds [0x00000000023f0000, 0x0000000002770000, 0x00000000113f0000]
 total_blobs=1005 nmethods=680 adapters=238
 compilation: enabled

Compilation events (10 events):
Event: 3.842 Thread 0x0000000018d6f800 nmethod 673 0x0000000002759350 code [0x00000000027594e0, 0x00000000027598b8]
Event: 3.842 Thread 0x0000000018d6f800  674   !   3       com.sun.proxy.$Proxy1::exclude (29 bytes)
Event: 3.842 Thread 0x0000000018d6f800 nmethod 674 0x0000000002758bd0 code [0x0000000002758d60, 0x0000000002759138]
Event: 3.845 Thread 0x0000000018d6f000 nmethod 671% 0x000000000275ea10 code [0x000000000275ec00, 0x0000000002760738]
Event: 3.849 Thread 0x0000000018d6f800  678       3       java.nio.charset.Charset::atBugLevel (44 bytes)
Event: 3.849 Thread 0x0000000018d6f800 nmethod 678 0x000000000275e110 code [0x000000000275e2c0, 0x000000000275e858]
Event: 3.856 Thread 0x0000000018d6e000  679       4       java.io.File::getName (42 bytes)
Event: 3.862 Thread 0x0000000018d6e000 nmethod 679 0x000000000275a550 code [0x000000000275a6c0, 0x000000000275abd8]
Event: 3.868 Thread 0x0000000018d6f000  680       4       java.net.URI$Parser::scan (73 bytes)
Event: 3.872 Thread 0x0000000018d6f000 nmethod 680 0x0000000002761dd0 code [0x0000000002761f20, 0x0000000002762358]

GC Heap History (0 events):
No events

Deoptimization events (0 events):
No events

Internal exceptions (10 events):
Event: 0.194 Thread 0x0000000001c78000 Exception <a 'java/security/PrivilegedActionException'> (0x000000008071a3b0) thrown at [C:\re\workspace\8-2-build-windows-amd64-cygwin\jdk8u131\8869\hotspot\src\share\vm\prims\jvm.cpp, line 1390]
Event: 0.194 Thread 0x0000000001c78000 Exception <a 'java/security/PrivilegedActionException'> (0x000000008071a5c0) thrown at [C:\re\workspace\8-2-build-windows-amd64-cygwin\jdk8u131\8869\hotspot\src\share\vm\prims\jvm.cpp, line 1390]
Event: 0.196 Thread 0x0000000001c78000 Exception <a 'java/security/PrivilegedActionException'> (0x000000008072a168) thrown at [C:\re\workspace\8-2-build-windows-amd64-cygwin\jdk8u131\8869\hotspot\src\share\vm\prims\jvm.cpp, line 1390]
Event: 0.196 Thread 0x0000000001c78000 Exception <a 'java/security/PrivilegedActionException'> (0x000000008072a378) thrown at [C:\re\workspace\8-2-build-windows-amd64-cygwin\jdk8u131\8869\hotspot\src\share\vm\prims\jvm.cpp, line 1390]
Event: 0.198 Thread 0x0000000001c78000 Exception <a 'java/security/PrivilegedActionException'> (0x0000000080733160) thrown at [C:\re\workspace\8-2-build-windows-amd64-cygwin\jdk8u131\8869\hotspot\src\share\vm\prims\jvm.cpp, line 1390]
Event: 0.198 Thread 0x0000000001c78000 Exception <a 'java/security/PrivilegedActionException'> (0x0000000080733370) thrown at [C:\re\workspace\8-2-build-windows-amd64-cygwin\jdk8u131\8869\hotspot\src\share\vm\prims\jvm.cpp, line 1390]
Event: 0.277 Thread 0x0000000001c78000 Exception <a 'java/security/PrivilegedActionException'> (0x0000000080a5e110) thrown at [C:\re\workspace\8-2-build-windows-amd64-cygwin\jdk8u131\8869\hotspot\src\share\vm\prims\jvm.cpp, line 1390]
Event: 0.277 Thread 0x0000000001c78000 Exception <a 'java/security/PrivilegedActionException'> (0x0000000080a5e320) thrown at [C:\re\workspace\8-2-build-windows-amd64-cygwin\jdk8u131\8869\hotspot\src\share\vm\prims\jvm.cpp, line 1390]
Event: 0.279 Thread 0x0000000001c78000 Exception <a 'java/security/PrivilegedActionException'> (0x0000000080a62230) thrown at [C:\re\workspace\8-2-build-windows-amd64-cygwin\jdk8u131\8869\hotspot\src\share\vm\prims\jvm.cpp, line 1390]
Event: 0.279 Thread 0x0000000001c78000 Exception <a 'java/security/PrivilegedActionException'> (0x0000000080a62440) thrown at [C:\re\workspace\8-2-build-windows-amd64-cygwin\jdk8u131\8869\hotspot\src\share\vm\prims\jvm.cpp, line 1390]

Events (10 events):
Event: 3.868 Thread 0x0000000001c78000 DEOPT UNPACKING pc=0x000000000243787f sp=0x00000000023ee030 mode 0
Event: 4.337 Executing VM operation: EnableBiasedLocking
Event: 4.338 Executing VM operation: EnableBiasedLocking done
Event: 4.429 loading class com/nieyue/javacv/recorder/RecordThread
Event: 4.429 loading class com/nieyue/javacv/recorder/RecordThread done
Event: 4.430 loading class com/nieyue/javacv/recorder/RecordThread$1
Event: 4.430 loading class com/nieyue/javacv/recorder/RecordThread$1 done
Event: 4.431 Thread 0x000000001a828000 Thread added: 0x000000001a828000
Event: 4.431 Thread 0x0000000001c78000 Thread exited: 0x0000000001c78000
Event: 4.431 Thread 0x0000000001c78000 Thread added: 0x0000000001c78000


Dynamic libraries:
0x000000013f420000 - 0x000000013f457000 	C:\Program Files\Java\jdk1.8.0_131\bin\java.exe
0x0000000077770000 - 0x000000007790f000 	C:\Windows\SYSTEM32\ntdll.dll
0x0000000077410000 - 0x000000007752f000 	C:\Windows\system32\kernel32.dll
0x000007fefd7f0000 - 0x000007fefd85a000 	C:\Windows\system32\KERNELBASE.dll
0x000007fefe1f0000 - 0x000007fefe2cb000 	C:\Windows\system32\ADVAPI32.dll
0x000007feff420000 - 0x000007feff4bf000 	C:\Windows\system32\msvcrt.dll
0x000007fefe150000 - 0x000007fefe16f000 	C:\Windows\SYSTEM32\sechost.dll
0x000007fefdc20000 - 0x000007fefdd4d000 	C:\Windows\system32\RPCRT4.dll
0x0000000077530000 - 0x000000007762a000 	C:\Windows\system32\USER32.dll
0x000007fefdd50000 - 0x000007fefddb7000 	C:\Windows\system32\GDI32.dll
0x000007feff4e0000 - 0x000007feff4ee000 	C:\Windows\system32\LPK.dll
0x000007fefe3d0000 - 0x000007fefe49b000 	C:\Windows\system32\USP10.dll
0x000007fefbc30000 - 0x000007fefbe24000 	C:\Windows\WinSxS\amd64_microsoft.windows.common-controls_6595b64144ccf1df_6.0.7601.18837_none_fa3b1e3d17594757\COMCTL32.dll
0x000007fefe170000 - 0x000007fefe1e1000 	C:\Windows\system32\SHLWAPI.dll
0x000007feff6f0000 - 0x000007feff71e000 	C:\Windows\system32\IMM32.DLL
0x000007fefddc0000 - 0x000007fefdec9000 	C:\Windows\system32\MSCTF.dll
0x0000000057830000 - 0x0000000057902000 	C:\Program Files\Java\jdk1.8.0_131\jre\bin\msvcr100.dll
0x00000000564f0000 - 0x0000000056d8c000 	C:\Program Files\Java\jdk1.8.0_131\jre\bin\server\jvm.dll
0x000007fefc130000 - 0x000007fefc139000 	C:\Windows\system32\WSOCK32.dll
0x000007fefe060000 - 0x000007fefe0ad000 	C:\Windows\system32\WS2_32.dll
0x000007fefe680000 - 0x000007fefe688000 	C:\Windows\system32\NSI.dll
0x000007fefd7b0000 - 0x000007fefd7eb000 	C:\Windows\system32\WINMM.dll
0x000007fefc550000 - 0x000007fefc55c000 	C:\Windows\system32\VERSION.dll
0x0000000077910000 - 0x0000000077917000 	C:\Windows\system32\PSAPI.DLL
0x0000000057820000 - 0x000000005782f000 	C:\Program Files\Java\jdk1.8.0_131\jre\bin\verify.dll
0x00000000564c0000 - 0x00000000564e9000 	C:\Program Files\Java\jdk1.8.0_131\jre\bin\java.dll
0x00000000562a0000 - 0x00000000562c3000 	C:\Program Files\Java\jdk1.8.0_131\jre\bin\instrument.dll
0x00000000564a0000 - 0x00000000564b6000 	C:\Program Files\Java\jdk1.8.0_131\jre\bin\zip.dll
0x000007fefe690000 - 0x000007feff41a000 	C:\Windows\system32\SHELL32.dll
0x000007feff4f0000 - 0x000007feff6ef000 	C:\Windows\system32\ole32.dll
0x000007fefd430000 - 0x000007fefd43f000 	C:\Windows\system32\profapi.dll
0x000007fef36e0000 - 0x000007fef36fa000 	E:\nieyue\idea\bin\breakgen64.dll
0x0000000056480000 - 0x000000005649a000 	C:\Program Files\Java\jdk1.8.0_131\jre\bin\net.dll
0x000007fefcc20000 - 0x000007fefcc75000 	C:\Windows\system32\mswsock.dll
0x000007fefcc10000 - 0x000007fefcc17000 	C:\Windows\System32\wship6.dll
0x000007feedf70000 - 0x000007feee02b000 	C:\Users\Administrator\.javacpp\cache\ffmpeg-4.0.2-1.4.3-windows-x86_64.jar\org\bytedeco\javacpp\windows-x86_64\avutil-56.dll
0x000007fefcdd0000 - 0x000007fefcdf2000 	C:\Windows\system32\bcrypt.dll
0x0000000056460000 - 0x0000000056471000 	C:\Program Files\Java\jdk1.8.0_131\jre\bin\nio.dll
0x000000006fe00000 - 0x000000006fee7000 	C:\Users\Administrator\.javacpp\cache\ffmpeg-4.0.2-1.4.3-windows-x86_64.jar\org\bytedeco\javacpp\windows-x86_64\jniavutil.dll
0x000007fef21a0000 - 0x000007fef21c7000 	C:\Users\Administrator\.javacpp\cache\ffmpeg-4.0.2-1.4.3-windows-x86_64.jar\org\bytedeco\javacpp\windows-x86_64\swresample-3.dll
0x0000000070080000 - 0x00000000700ae000 	C:\Users\Administrator\.javacpp\cache\ffmpeg-4.0.2-1.4.3-windows-x86_64.jar\org\bytedeco\javacpp\windows-x86_64\jniswresample.dll
0x000007fee84e0000 - 0x000007feea761000 	C:\Users\Administrator\.javacpp\cache\ffmpeg-4.0.2-1.4.3-windows-x86_64.jar\org\bytedeco\javacpp\windows-x86_64\avcodec-58.dll
0x000000006a1c0000 - 0x000000006a424000 	C:\Users\Administrator\.javacpp\cache\ffmpeg-4.0.2-1.4.3-windows-x86_64.jar\org\bytedeco\javacpp\windows-x86_64\jniavcodec.dll
0x000007feec530000 - 0x000007feec9f1000 	C:\Users\Administrator\.javacpp\cache\ffmpeg-4.0.2-1.4.3-windows-x86_64.jar\org\bytedeco\javacpp\windows-x86_64\avformat-58.dll
0x000007fefd5e0000 - 0x000007fefd74d000 	C:\Windows\system32\CRYPT32.dll
0x000007fefd4d0000 - 0x000007fefd4df000 	C:\Windows\system32\MSASN1.dll
0x000000006abc0000 - 0x000000006ad0a000 	C:\Users\Administrator\.javacpp\cache\ffmpeg-4.0.2-1.4.3-windows-x86_64.jar\org\bytedeco\javacpp\windows-x86_64\jniavformat.dll
0x000007feee050000 - 0x000007feee0e5000 	C:\Users\Administrator\.javacpp\cache\ffmpeg-4.0.2-1.4.3-windows-x86_64.jar\org\bytedeco\javacpp\windows-x86_64\swscale-5.dll
0x0000000067cc0000 - 0x0000000067cf6000 	C:\Users\Administrator\.javacpp\cache\ffmpeg-4.0.2-1.4.3-windows-x86_64.jar\org\bytedeco\javacpp\windows-x86_64\jniswscale.dll
0x000007fef0170000 - 0x000007fef019a000 	C:\Users\Administrator\.javacpp\cache\ffmpeg-4.0.2-1.4.3-windows-x86_64.jar\org\bytedeco\javacpp\windows-x86_64\postproc-55.dll
0x000000006a0c0000 - 0x000000006a0ed000 	C:\Users\Administrator\.javacpp\cache\ffmpeg-4.0.2-1.4.3-windows-x86_64.jar\org\bytedeco\javacpp\windows-x86_64\jnipostproc.dll
0x000007feed0f0000 - 0x000007feed471000 	C:\Users\Administrator\.javacpp\cache\ffmpeg-4.0.2-1.4.3-windows-x86_64.jar\org\bytedeco\javacpp\windows-x86_64\avfilter-7.dll
0x0000000064400000 - 0x0000000064477000 	C:\Users\Administrator\.javacpp\cache\ffmpeg-4.0.2-1.4.3-windows-x86_64.jar\org\bytedeco\javacpp\windows-x86_64\jniavfilter.dll
0x000007feee860000 - 0x000007feee88c000 	C:\Users\Administrator\.javacpp\cache\ffmpeg-4.0.2-1.4.3-windows-x86_64.jar\org\bytedeco\javacpp\windows-x86_64\avdevice-58.dll
0x000007fefd8e0000 - 0x000007fefd9ba000 	C:\Windows\system32\OLEAUT32.dll
0x000007feef290000 - 0x000007feef2a7000 	C:\Windows\system32\AVICAP32.dll
0x000007feee5c0000 - 0x000007feee5e9000 	C:\Windows\system32\MSVFW32.dll
0x0000000002150000 - 0x0000000002189000 	C:\Users\Administrator\.javacpp\cache\ffmpeg-4.0.2-1.4.3-windows-x86_64.jar\org\bytedeco\javacpp\windows-x86_64\jniavdevice.dll
0x000007fefc620000 - 0x000007fefc627000 	C:\Windows\System32\wshtcpip.dll
0x000007fefc8c0000 - 0x000007fefc90c000 	C:\Windows\system32\bcryptprimitives.dll
0x000007fefb110000 - 0x000007fefb125000 	C:\Windows\system32\NLAapi.dll
0x000007fef5230000 - 0x000007fef5245000 	C:\Windows\system32\napinsp.dll
0x000007fef5210000 - 0x000007fef5229000 	C:\Windows\system32\pnrpnsp.dll
0x000007fefcaa0000 - 0x000007fefcafb000 	C:\Windows\system32\DNSAPI.dll
0x000007fef5200000 - 0x000007fef520b000 	C:\Windows\System32\winrnr.dll
0x000000006ffd0000 - 0x000000006fff6000 	C:\Program Files\Bonjour\mdnsNSP.dll
0x000007fefafb0000 - 0x000007fefafd7000 	C:\Windows\system32\Iphlpapi.DLL
0x000007fefafa0000 - 0x000007fefafab000 	C:\Windows\system32\WINNSI.DLL
0x000007fef75c0000 - 0x000007fef75c8000 	C:\Windows\system32\rasadhlp.dll
0x000007fef9c50000 - 0x000007fef9ca3000 	C:\Windows\System32\fwpuclnt.dll
0x000007fef6550000 - 0x000007fef6675000 	C:\Windows\system32\dbghelp.dll

VM Arguments:
jvm_args: -Xmx2g -Xms2g -Xmn2g -javaagent:E:\nieyue\idea\lib\idea_rt.jar=55739:E:\nieyue\idea\bin -Dfile.encoding=UTF-8 
java_command: com.nieyue.javacv.CVUtil2
java_class_path (initial): C:\Users\Administrator\AppData\Local\Temp\classpath867670531.jar;E:\nieyue\idea\lib\idea_rt.jar
Launcher Type: SUN_STANDARD

Environment Variables:
JAVA_HOME=C:\Program Files\Java\jdk1.8.0_131
CLASSPATH=.;C:\Program Files\Java\jdk1.8.0_131\lib\dt.jar;C:\Program Files\Java\jdk1.8.0_131\lib\tools.jar;
PATH=C:\ProgramData\Oracle\Java\javapath;C:\Program Files\Java\jdk1.8.0_131\bin;C:\Program Files\Java\jdk1.8.0_131\jre\bin;C:\Windows\system32;C:\Windows;C:\Windows\System32\Wbem;C:\Windows\System32\WindowsPowerShell\v1.0\;C:\Program Files\nodejs;C:\Program Files (x86)\Git\bin;C:\Program Files (x86)\MySQL\MySQL Fabric 1.5.2 & MySQL Utilities 1.5.2 1.5\;C:\Program Files (x86)\MySQL\MySQL Fabric 1.5.2 & MySQL Utilities 1.5.2 1.5\Doctrine extensions for PHP\;C:\Program Files\MySQL\MySQL Server 5.6\bin;C:\Users\Administrator\AppData\Roaming\npm;D:\java\spring-boot-cli\spring-1.5.1.RELEASE\bin;D:\java\maven\apache-maven-3.3.3\bin;D:\java\gradle\gradle-3.5\bin;C:\MinGW\bin;C:\Python27;D:\java\AndroidStudio\SDKTools\platforms;D:\java\AndroidStudio\SDKTools\platform-tools;D:\java\AndroidStudio\SDKTools\tools;C:\Users\Administrator\source\repos\Dll2\Debug;C:\javalibrarypath;C:\Program Files\TortoiseSVN\bin;E:\WAMPP\php;C:\Program Files (x86)\Microsoft SQL Server\100\Tools\Binn\;C:\Program Files\Microsoft SQL Server\100\Tools\Binn\;C:\Program Files\Microsoft SQL Server\100\DTS\Binn\;C:\Program Files (x86)\Microsoft SQL Server\100\DTS\Binn\;C:\Program Files (x86)\Microsoft SQL Server\100\Tools\Binn\VSShell\Common7\IDE\;D:\java\Pyton\python3;C:\Program Files\nodejs\;D:\java\Pyton\python3\Scripts;;D:\java\VSCODE\Microsoft VS Code\bin;C:\javalibrarypath;E:\Fiddler;C:\Users\Administrator\AppData\Roaming\npm
USERNAME=Administrator
OS=Windows_NT
PROCESSOR_IDENTIFIER=Intel64 Family 6 Model 94 Stepping 3, GenuineIntel



---------------  S Y S T E M  ---------------

OS: Windows 7 , 64 bit Build 7601 (6.1.7601.24308)

CPU:total 4 (initial active 4) (4 cores per cpu, 1 threads per core) family 6 model 94 stepping 3, cmov, cx8, fxsr, mmx, sse, sse2, sse3, ssse3, sse4.1, sse4.2, popcnt, avx, avx2, aes, clmul, erms, rtm, 3dnowpref, lzcnt, tsc, tscinvbit, bmi1, bmi2, adx

Memory: 4k page, physical 33505792k(16116592k free), swap 67009684k(45902004k free)

vm_info: Java HotSpot(TM) 64-Bit Server VM (25.131-b11) for windows-amd64 JRE (1.8.0_131-b11), built on Mar 15 2017 01:23:53 by "java_re" with MS VC++ 10.0 (VS2010)

time: Thu Jan 10 20:05:22 2019
elapsed time: 4 seconds (0d 0h 0m 4s)

