#
# A fatal error has been detected by the Java Runtime Environment:
#
#  EXCEPTION_ACCESS_VIOLATION (0xc0000005) at pc=0x00007ff86cc81abd, pid=13128, tid=0x0000000000006ba0
#
# JRE version: Java(TM) SE Runtime Environment (8.0_131-b11) (build 1.8.0_131-b11)
# Java VM: Java HotSpot(TM) 64-Bit Server VM (25.131-b11 mixed mode windows-amd64 compressed oops)
# Problematic frame:
# C  [avformat-58.dll+0xe1abd]
#
# Failed to write core dump. Minidumps are not enabled by default on client versions of Windows
#
# If you would like to submit a bug report, please visit:
#   http://bugreport.java.com/bugreport/crash.jsp
# The crash happened outside the Java Virtual Machine in native code.
# See problematic frame for where to report the bug.
#

---------------  T H R E A D  ---------------

Current thread (0x00000000027a2800):  JavaThread "main" [_thread_in_native, id=27552, stack(0x00000000025a0000,0x00000000026a0000)]

siginfo: ExceptionCode=0xc0000005, writing address 0x0000000000000000

Registers:
RAX=0x0000000000000000, RBX=0x000000001d5050c0, RCX=0x0000000000000000, RDX=0x8000000000000000
RSP=0x000000000269efa0, RBP=0x000000001d504940, RSI=0x000000000098ed80, RDI=0x8000000000000000
R8 =0x0000000000000006, R9 =0x00000000002638a1, R10=0x0000000000000007, R11=0x0000000000000246
R12=0x0000000000000000, R13=0x00000000173bb888, R14=0x0000000000000001, R15=0x00000000027a2800
RIP=0x00007ff86cc81abd, EFLAGS=0x0000000000010246

Top of Stack: (sp=0x000000000269efa0)
0x000000000269efa0:   0000a3c72cbcf8d2 0000000100002368
0x000000000269efb0:   00000000021bdc60 0000000000000000
0x000000000269efc0:   00000000027a2800 000000000269f030
0x000000000269efd0:   0000000100000208 00000000d7c00c00
0x000000000269efe0:   00000000021bdc60 000000007671b328
0x000000000269eff0:   0000000000000000 000000000269f080
0x000000000269f000:   000000000000004a 00000000766ce771
0x000000000269f010:   00000000021bea28 0000000002010128
0x000000000269f020:   000000000269f078 000000000269efd8
0x000000000269f030:   0000000076c56448 000000001a049dc0
0x000000000269f040:   0000000000000058 0000000000000040
0x000000000269f050:   0000000000015335 000000000000000d
0x000000000269f060:   00000000173bb890 00000000027a2800
0x000000000269f070:   000000000269f180 00000000021bea28
0x000000000269f080:   00000000173bb890 00000000027a2800
0x000000000269f090:   00000000021bea20 00000000021bea28 

Instructions: (pc=0x00007ff86cc81abd)
0x00007ff86cc81a9d:   85 6e 01 00 00 48 8b 83 f0 02 00 00 4c 89 8b f0
0x00007ff86cc81aad:   00 00 00 48 8b 48 48 48 8b 83 d0 00 00 00 8b 00
0x00007ff86cc81abd:   4c 89 09 85 c0 0f 84 b8 04 00 00 83 f8 01 75 73
0x00007ff86cc81acd:   f6 46 29 20 0f 84 5e 0b 00 00 48 8b 46 18 8b 48 


Register to memory mapping:

RAX=0x0000000000000000 is an unknown value
RBX=0x000000001d5050c0 is an unknown value
RCX=0x0000000000000000 is an unknown value
RDX=0x8000000000000000 is an unknown value
RSP=0x000000000269efa0 is pointing into the stack for thread: 0x00000000027a2800
RBP=0x000000001d504940 is an unknown value
RSI=0x000000000098ed80 is an unknown value
RDI=0x8000000000000000 is an unknown value
R8 =0x0000000000000006 is an unknown value
R9 =0x00000000002638a1 is an unknown value
R10=0x0000000000000007 is an unknown value
R11=0x0000000000000246 is an unknown value
R12=0x0000000000000000 is an unknown value
R13=0x00000000173bb888 is pointing into metadata
R14=0x0000000000000001 is an unknown value
R15=0x00000000027a2800 is a thread


Stack: [0x00000000025a0000,0x00000000026a0000],  sp=0x000000000269efa0,  free space=1019k
Native frames: (J=compiled Java code, j=interpreted, Vv=VM code, C=native code)
C  [avformat-58.dll+0xe1abd]
C  [avformat-58.dll+0xe4322]
C  0x00000000028b7f74

Java frames: (J=compiled Java code, j=interpreted, Vv=VM code)
j  org.bytedeco.javacpp.avformat.av_interleaved_write_frame(Lorg/bytedeco/javacpp/avformat$AVFormatContext;Lorg/bytedeco/javacpp/avcodec$AVPacket;)I+0
j  com.nieyue.util.FFmpegFrameRecorderPlus.writePacket(ILorg/bytedeco/javacpp/avcodec$AVPacket;)V+75
j  com.nieyue.util.FFmpegFrameRecorderPlus.recordPacket(Lorg/bytedeco/javacpp/avcodec$AVPacket;)Z+123
j  com.nieyue.util.CVUtil.main([Ljava/lang/String;)V+155
v  ~StubRoutines::call_stub

---------------  P R O C E S S  ---------------

Java Threads: ( => current thread )
  0x000000001b372000 JavaThread "JavaCPP Deallocator" daemon [_thread_blocked, id=7508, stack(0x000000001be80000,0x000000001bf80000)]
  0x000000001a825800 JavaThread "Service Thread" daemon [_thread_blocked, id=8644, stack(0x000000001bb80000,0x000000001bc80000)]
  0x000000001a772000 JavaThread "C1 CompilerThread3" daemon [_thread_blocked, id=19888, stack(0x000000001ba80000,0x000000001bb80000)]
  0x000000001a771800 JavaThread "C2 CompilerThread2" daemon [_thread_blocked, id=23840, stack(0x000000001b980000,0x000000001ba80000)]
  0x000000001a770800 JavaThread "C2 CompilerThread1" daemon [_thread_blocked, id=27276, stack(0x000000001b880000,0x000000001b980000)]
  0x000000001a76a000 JavaThread "C2 CompilerThread0" daemon [_thread_blocked, id=14448, stack(0x000000001b780000,0x000000001b880000)]
  0x000000001a766000 JavaThread "Monitor Ctrl-Break" daemon [_thread_in_native, id=8664, stack(0x000000001b680000,0x000000001b780000)]
  0x0000000019787000 JavaThread "Attach Listener" daemon [_thread_blocked, id=14844, stack(0x0000000019db0000,0x0000000019eb0000)]
  0x00000000197e0800 JavaThread "Signal Dispatcher" daemon [_thread_blocked, id=4216, stack(0x0000000019cb0000,0x0000000019db0000)]
  0x0000000019770800 JavaThread "Finalizer" daemon [_thread_blocked, id=9716, stack(0x0000000019b50000,0x0000000019c50000)]
  0x0000000002899000 JavaThread "Reference Handler" daemon [_thread_blocked, id=13816, stack(0x0000000019650000,0x0000000019750000)]
=>0x00000000027a2800 JavaThread "main" [_thread_in_native, id=27552, stack(0x00000000025a0000,0x00000000026a0000)]

Other Threads:
  0x0000000017869000 VMThread [stack: 0x0000000019550000,0x0000000019650000] [id=16752]
  0x000000001a8d6800 WatcherThread [stack: 0x000000001bc80000,0x000000001bd80000] [id=18372]

VM state:not at safepoint (normal execution)

VM Mutex/Monitor currently owned by a thread: None

Heap:
 PSYoungGen      total 35328K, used 5678K [0x00000000d5b80000, 0x00000000d8280000, 0x0000000100000000)
  eden space 32768K, 9% used [0x00000000d5b80000,0x00000000d5eadd38,0x00000000d7b80000)
  from space 2560K, 94% used [0x00000000d7c00000,0x00000000d7e5db78,0x00000000d7e80000)
  to   space 3584K, 0% used [0x00000000d7f00000,0x00000000d7f00000,0x00000000d8280000)
 ParOldGen       total 87552K, used 40K [0x0000000081200000, 0x0000000086780000, 0x00000000d5b80000)
  object space 87552K, 0% used [0x0000000081200000,0x000000008120a000,0x0000000086780000)
 Metaspace       used 6927K, capacity 7030K, committed 7296K, reserved 1056768K
  class space    used 767K, capacity 785K, committed 896K, reserved 1048576K

Card table byte_map: [0x0000000011c60000,0x0000000012060000] byte_map_base: 0x0000000011857000

Marking Bits: (ParMarkBitMap*) 0x0000000076e7c720
 Begin Bits: [0x0000000012b10000, 0x0000000014ac8000)
 End Bits:   [0x0000000014ac8000, 0x0000000016a80000)

Polling page: 0x00000000001f0000

CodeCache: size=245760Kb used=3653Kb max_used=3665Kb free=242106Kb
 bounds [0x00000000028a0000, 0x0000000002c40000, 0x00000000118a0000]
 total_blobs=1053 nmethods=726 adapters=240
 compilation: enabled

Compilation events (10 events):
Event: 4.517 Thread 0x000000001a772000  720   !   3       java.lang.ClassLoader::findNative (86 bytes)
Event: 4.518 Thread 0x000000001a772000 nmethod 720 0x0000000002c1eed0 code [0x0000000002c1f080, 0x0000000002c1f938]
Event: 4.521 Thread 0x000000001a772000  723   !   3       com.sun.proxy.$Proxy1::preload (29 bytes)
Event: 4.521 Thread 0x000000001a772000 nmethod 723 0x0000000002c26090 code [0x0000000002c26220, 0x0000000002c265f8]
Event: 4.521 Thread 0x000000001a772000  721   !   3       com.sun.proxy.$Proxy1::pragma (29 bytes)
Event: 4.521 Thread 0x000000001a772000 nmethod 721 0x0000000002c341d0 code [0x0000000002c34360, 0x0000000002c34738]
Event: 4.521 Thread 0x000000001a772000  722   !   3       com.sun.proxy.$Proxy1::exclude (29 bytes)
Event: 4.521 Thread 0x000000001a772000 nmethod 722 0x0000000002c33a50 code [0x0000000002c33be0, 0x0000000002c33fb8]
Event: 4.530 Thread 0x000000001a771800  726       4       java.net.URI$Parser::scan (73 bytes)
Event: 4.537 Thread 0x000000001a771800 nmethod 726 0x0000000002c30110 code [0x0000000002c30260, 0x0000000002c30698]

GC Heap History (10 events):
Event: 0.998 GC heap before
{Heap before GC invocations=1 (full 0):
 PSYoungGen      total 38400K, used 33280K [0x00000000d5b80000, 0x00000000d8600000, 0x0000000100000000)
  eden space 33280K, 100% used [0x00000000d5b80000,0x00000000d7c00000,0x00000000d7c00000)
  from space 5120K, 0% used [0x00000000d8100000,0x00000000d8100000,0x00000000d8600000)
  to   space 5120K, 0% used [0x00000000d7c00000,0x00000000d7c00000,0x00000000d8100000)
 ParOldGen       total 87552K, used 0K [0x0000000081200000, 0x0000000086780000, 0x00000000d5b80000)
  object space 87552K, 0% used [0x0000000081200000,0x0000000081200000,0x0000000086780000)
 Metaspace       used 5521K, capacity 5616K, committed 5888K, reserved 1056768K
  class space    used 598K, capacity 656K, committed 768K, reserved 1048576K
Event: 1.002 GC heap after
Heap after GC invocations=1 (full 0):
 PSYoungGen      total 38400K, used 3105K [0x00000000d5b80000, 0x00000000d8600000, 0x0000000100000000)
  eden space 33280K, 0% used [0x00000000d5b80000,0x00000000d5b80000,0x00000000d7c00000)
  from space 5120K, 60% used [0x00000000d7c00000,0x00000000d7f08508,0x00000000d8100000)
  to   space 5120K, 0% used [0x00000000d8100000,0x00000000d8100000,0x00000000d8600000)
 ParOldGen       total 87552K, used 8K [0x0000000081200000, 0x0000000086780000, 0x00000000d5b80000)
  object space 87552K, 0% used [0x0000000081200000,0x0000000081202000,0x0000000086780000)
 Metaspace       used 5521K, capacity 5616K, committed 5888K, reserved 1056768K
  class space    used 598K, capacity 656K, committed 768K, reserved 1048576K
}
Event: 1.481 GC heap before
{Heap before GC invocations=2 (full 0):
 PSYoungGen      total 38400K, used 36385K [0x00000000d5b80000, 0x00000000d8600000, 0x0000000100000000)
  eden space 33280K, 100% used [0x00000000d5b80000,0x00000000d7c00000,0x00000000d7c00000)
  from space 5120K, 60% used [0x00000000d7c00000,0x00000000d7f08508,0x00000000d8100000)
  to   space 5120K, 0% used [0x00000000d8100000,0x00000000d8100000,0x00000000d8600000)
 ParOldGen       total 87552K, used 8K [0x0000000081200000, 0x0000000086780000, 0x00000000d5b80000)
  object space 87552K, 0% used [0x0000000081200000,0x0000000081202000,0x0000000086780000)
 Metaspace       used 6254K, capacity 6416K, committed 6656K, reserved 1056768K
  class space    used 701K, capacity 752K, committed 768K, reserved 1048576K
Event: 1.484 GC heap after
Heap after GC invocations=2 (full 0):
 PSYoungGen      total 38400K, used 2718K [0x00000000d5b80000, 0x00000000d8600000, 0x0000000100000000)
  eden space 33280K, 0% used [0x00000000d5b80000,0x00000000d5b80000,0x00000000d7c00000)
  from space 5120K, 53% used [0x00000000d8100000,0x00000000d83a78f8,0x00000000d8600000)
  to   space 5120K, 0% used [0x00000000d7c00000,0x00000000d7c00000,0x00000000d8100000)
 ParOldGen       total 87552K, used 16K [0x0000000081200000, 0x0000000086780000, 0x00000000d5b80000)
  object space 87552K, 0% used [0x0000000081200000,0x0000000081204000,0x0000000086780000)
 Metaspace       used 6254K, capacity 6416K, committed 6656K, reserved 1056768K
  class space    used 701K, capacity 752K, committed 768K, reserved 1048576K
}
Event: 2.136 GC heap before
{Heap before GC invocations=3 (full 0):
 PSYoungGen      total 38400K, used 35998K [0x00000000d5b80000, 0x00000000d8600000, 0x0000000100000000)
  eden space 33280K, 100% used [0x00000000d5b80000,0x00000000d7c00000,0x00000000d7c00000)
  from space 5120K, 53% used [0x00000000d8100000,0x00000000d83a78f8,0x00000000d8600000)
  to   space 5120K, 0% used [0x00000000d7c00000,0x00000000d7c00000,0x00000000d8100000)
 ParOldGen       total 87552K, used 16K [0x0000000081200000, 0x0000000086780000, 0x00000000d5b80000)
  object space 87552K, 0% used [0x0000000081200000,0x0000000081204000,0x0000000086780000)
 Metaspace       used 6564K, capacity 6710K, committed 7040K, reserved 1056768K
  class space    used 738K, capacity 785K, committed 896K, reserved 1048576K
Event: 2.138 GC heap after
Heap after GC invocations=3 (full 0):
 PSYoungGen      total 38400K, used 2486K [0x00000000d5b80000, 0x00000000d8600000, 0x0000000100000000)
  eden space 33280K, 0% used [0x00000000d5b80000,0x00000000d5b80000,0x00000000d7c00000)
  from space 5120K, 48% used [0x00000000d7c00000,0x00000000d7e6db78,0x00000000d8100000)
  to   space 5120K, 0% used [0x00000000d8100000,0x00000000d8100000,0x00000000d8600000)
 ParOldGen       total 87552K, used 24K [0x0000000081200000, 0x0000000086780000, 0x00000000d5b80000)
  object space 87552K, 0% used [0x0000000081200000,0x0000000081206000,0x0000000086780000)
 Metaspace       used 6564K, capacity 6710K, committed 7040K, reserved 1056768K
  class space    used 738K, capacity 785K, committed 896K, reserved 1048576K
}
Event: 3.907 GC heap before
{Heap before GC invocations=4 (full 0):
 PSYoungGen      total 38400K, used 35766K [0x00000000d5b80000, 0x00000000d8600000, 0x0000000100000000)
  eden space 33280K, 100% used [0x00000000d5b80000,0x00000000d7c00000,0x00000000d7c00000)
  from space 5120K, 48% used [0x00000000d7c00000,0x00000000d7e6db78,0x00000000d8100000)
  to   space 5120K, 0% used [0x00000000d8100000,0x00000000d8100000,0x00000000d8600000)
 ParOldGen       total 87552K, used 24K [0x0000000081200000, 0x0000000086780000, 0x00000000d5b80000)
  object space 87552K, 0% used [0x0000000081200000,0x0000000081206000,0x0000000086780000)
 Metaspace       used 6751K, capacity 6838K, committed 7040K, reserved 1056768K
  class space    used 759K, capacity 785K, committed 896K, reserved 1048576K
Event: 3.911 GC heap after
Heap after GC invocations=4 (full 0):
 PSYoungGen      total 38400K, used 2342K [0x00000000d5b80000, 0x00000000d8600000, 0x0000000100000000)
  eden space 33280K, 0% used [0x00000000d5b80000,0x00000000d5b80000,0x00000000d7c00000)
  from space 5120K, 45% used [0x00000000d8100000,0x00000000d8349b68,0x00000000d8600000)
  to   space 5120K, 0% used [0x00000000d7c00000,0x00000000d7c00000,0x00000000d8100000)
 ParOldGen       total 87552K, used 32K [0x0000000081200000, 0x0000000086780000, 0x00000000d5b80000)
  object space 87552K, 0% used [0x0000000081200000,0x0000000081208000,0x0000000086780000)
 Metaspace       used 6751K, capacity 6838K, committed 7040K, reserved 1056768K
  class space    used 759K, capacity 785K, committed 896K, reserved 1048576K
}
Event: 4.537 GC heap before
{Heap before GC invocations=5 (full 0):
 PSYoungGen      total 38400K, used 35622K [0x00000000d5b80000, 0x00000000d8600000, 0x0000000100000000)
  eden space 33280K, 100% used [0x00000000d5b80000,0x00000000d7c00000,0x00000000d7c00000)
  from space 5120K, 45% used [0x00000000d8100000,0x00000000d8349b68,0x00000000d8600000)
  to   space 5120K, 0% used [0x00000000d7c00000,0x00000000d7c00000,0x00000000d8100000)
 ParOldGen       total 87552K, used 32K [0x0000000081200000, 0x0000000086780000, 0x00000000d5b80000)
  object space 87552K, 0% used [0x0000000081200000,0x0000000081208000,0x0000000086780000)
 Metaspace       used 6926K, capacity 7030K, committed 7296K, reserved 1056768K
  class space    used 767K, capacity 785K, committed 896K, reserved 1048576K
Event: 4.540 GC heap after
Heap after GC invocations=5 (full 0):
 PSYoungGen      total 35328K, used 2422K [0x00000000d5b80000, 0x00000000d8280000, 0x0000000100000000)
  eden space 32768K, 0% used [0x00000000d5b80000,0x00000000d5b80000,0x00000000d7b80000)
  from space 2560K, 94% used [0x00000000d7c00000,0x00000000d7e5db78,0x00000000d7e80000)
  to   space 3584K, 0% used [0x00000000d7f00000,0x00000000d7f00000,0x00000000d8280000)
 ParOldGen       total 87552K, used 40K [0x0000000081200000, 0x0000000086780000, 0x00000000d5b80000)
  object space 87552K, 0% used [0x0000000081200000,0x000000008120a000,0x0000000086780000)
 Metaspace       used 6926K, capacity 7030K, committed 7296K, reserved 1056768K
  class space    used 767K, capacity 785K, committed 896K, reserved 1048576K
}

Deoptimization events (2 events):
Event: 0.699 Thread 0x00000000027a2800 Uncommon trap: reason=unstable_if action=reinterpret pc=0x00000000029e5398 method=java.lang.String.indexOf([CII[CIII)I @ 123
Event: 0.699 Thread 0x00000000027a2800 Uncommon trap: reason=unstable_if action=reinterpret pc=0x00000000029ca484 method=java.lang.String.indexOf([CII[CIII)I @ 123

Internal exceptions (10 events):
Event: 0.564 Thread 0x00000000027a2800 Exception <a 'java/security/PrivilegedActionException'> (0x00000000d6b84638) thrown at [C:\re\workspace\8-2-build-windows-amd64-cygwin\jdk8u131\8869\hotspot\src\share\vm\prims\jvm.cpp, line 1390]
Event: 0.564 Thread 0x00000000027a2800 Exception <a 'java/security/PrivilegedActionException'> (0x00000000d6b84848) thrown at [C:\re\workspace\8-2-build-windows-amd64-cygwin\jdk8u131\8869\hotspot\src\share\vm\prims\jvm.cpp, line 1390]
Event: 0.564 Thread 0x00000000027a2800 Exception <a 'java/security/PrivilegedActionException'> (0x00000000d6b86018) thrown at [C:\re\workspace\8-2-build-windows-amd64-cygwin\jdk8u131\8869\hotspot\src\share\vm\prims\jvm.cpp, line 1390]
Event: 0.564 Thread 0x00000000027a2800 Exception <a 'java/security/PrivilegedActionException'> (0x00000000d6b86228) thrown at [C:\re\workspace\8-2-build-windows-amd64-cygwin\jdk8u131\8869\hotspot\src\share\vm\prims\jvm.cpp, line 1390]
Event: 0.565 Thread 0x00000000027a2800 Exception <a 'java/security/PrivilegedActionException'> (0x00000000d6b87a38) thrown at [C:\re\workspace\8-2-build-windows-amd64-cygwin\jdk8u131\8869\hotspot\src\share\vm\prims\jvm.cpp, line 1390]
Event: 0.565 Thread 0x00000000027a2800 Exception <a 'java/security/PrivilegedActionException'> (0x00000000d6b87c48) thrown at [C:\re\workspace\8-2-build-windows-amd64-cygwin\jdk8u131\8869\hotspot\src\share\vm\prims\jvm.cpp, line 1390]
Event: 0.709 Thread 0x00000000027a2800 Exception <a 'java/security/PrivilegedActionException'> (0x00000000d70603f8) thrown at [C:\re\workspace\8-2-build-windows-amd64-cygwin\jdk8u131\8869\hotspot\src\share\vm\prims\jvm.cpp, line 1390]
Event: 0.709 Thread 0x00000000027a2800 Exception <a 'java/security/PrivilegedActionException'> (0x00000000d7060608) thrown at [C:\re\workspace\8-2-build-windows-amd64-cygwin\jdk8u131\8869\hotspot\src\share\vm\prims\jvm.cpp, line 1390]
Event: 0.711 Thread 0x00000000027a2800 Exception <a 'java/security/PrivilegedActionException'> (0x00000000d7064518) thrown at [C:\re\workspace\8-2-build-windows-amd64-cygwin\jdk8u131\8869\hotspot\src\share\vm\prims\jvm.cpp, line 1390]
Event: 0.711 Thread 0x00000000027a2800 Exception <a 'java/security/PrivilegedActionException'> (0x00000000d7064728) thrown at [C:\re\workspace\8-2-build-windows-amd64-cygwin\jdk8u131\8869\hotspot\src\share\vm\prims\jvm.cpp, line 1390]

Events (10 events):
Event: 3.951 loading class org/bytedeco/javacv/FrameRecorder$Exception
Event: 3.951 loading class org/bytedeco/javacv/FrameRecorder$Exception done
Event: 3.952 loading class com/nieyue/util/FFmpegFrameRecorderPlus$WriteCallback
Event: 3.952 loading class com/nieyue/util/FFmpegFrameRecorderPlus$WriteCallback done
Event: 4.530 Thread 0x00000000027a2800 DEOPT PACKING pc=0x0000000002afd6e1 sp=0x000000000269e6c0
Event: 4.530 Thread 0x00000000027a2800 DEOPT UNPACKING pc=0x00000000028e787f sp=0x000000000269e410 mode 0
Event: 4.537 Executing VM operation: ParallelGCFailedAllocation
Event: 4.540 Executing VM operation: ParallelGCFailedAllocation done
Event: 4.691 Executing VM operation: EnableBiasedLocking
Event: 4.691 Executing VM operation: EnableBiasedLocking done


Dynamic libraries:
0x00007ff6154f0000 - 0x00007ff615527000 	C:\Program Files\Java\jdk1.8.0_131\bin\java.exe
0x00007ff8b9600000 - 0x00007ff8b97e1000 	C:\WINDOWS\SYSTEM32\ntdll.dll
0x00007ff8b9030000 - 0x00007ff8b90e2000 	C:\WINDOWS\System32\KERNEL32.DLL
0x00007ff8b5c10000 - 0x00007ff8b5e83000 	C:\WINDOWS\System32\KERNELBASE.dll
0x00007ff8b7190000 - 0x00007ff8b7231000 	C:\WINDOWS\System32\ADVAPI32.dll
0x00007ff8b8f90000 - 0x00007ff8b902e000 	C:\WINDOWS\System32\msvcrt.dll
0x00007ff8b6b00000 - 0x00007ff8b6b5b000 	C:\WINDOWS\System32\sechost.dll
0x00007ff8b8e60000 - 0x00007ff8b8f84000 	C:\WINDOWS\System32\RPCRT4.dll
0x00007ff8b7240000 - 0x00007ff8b73d0000 	C:\WINDOWS\System32\USER32.dll
0x00007ff8b59b0000 - 0x00007ff8b59d0000 	C:\WINDOWS\System32\win32u.dll
0x00007ff8b6ad0000 - 0x00007ff8b6af8000 	C:\WINDOWS\System32\GDI32.dll
0x00007ff8b56d0000 - 0x00007ff8b5862000 	C:\WINDOWS\System32\gdi32full.dll
0x00007ff8b58e0000 - 0x00007ff8b597f000 	C:\WINDOWS\System32\msvcp_win.dll
0x00007ff8b65a0000 - 0x00007ff8b669a000 	C:\WINDOWS\System32\ucrtbase.dll
0x00007ff8a9a60000 - 0x00007ff8a9cc9000 	C:\WINDOWS\WinSxS\amd64_microsoft.windows.common-controls_6595b64144ccf1df_6.0.17134.472_none_fb3f9af53068156d\COMCTL32.dll
0x00007ff8b6bf0000 - 0x00007ff8b6f12000 	C:\WINDOWS\System32\combase.dll
0x00007ff8b6860000 - 0x00007ff8b68da000 	C:\WINDOWS\System32\bcryptPrimitives.dll
0x00007ff8b6bc0000 - 0x00007ff8b6bed000 	C:\WINDOWS\System32\IMM32.DLL
0x0000000076f00000 - 0x0000000076fd2000 	C:\Program Files\Java\jdk1.8.0_131\jre\bin\msvcr100.dll
0x0000000076660000 - 0x0000000076efc000 	C:\Program Files\Java\jdk1.8.0_131\jre\bin\server\jvm.dll
0x00007ff8b5980000 - 0x00007ff8b59a3000 	C:\WINDOWS\System32\WINMM.dll
0x00007ff8b5630000 - 0x00007ff8b565a000 	C:\WINDOWS\System32\WINMMBASE.dll
0x00007ff8b59d0000 - 0x00007ff8b5a19000 	C:\WINDOWS\System32\cfgmgr32.dll
0x00007ff8b7010000 - 0x00007ff8b7018000 	C:\WINDOWS\System32\PSAPI.DLL
0x00007ff8a4090000 - 0x00007ff8a4099000 	C:\WINDOWS\SYSTEM32\WSOCK32.dll
0x00007ff8b6f20000 - 0x00007ff8b6f8c000 	C:\WINDOWS\System32\WS2_32.dll
0x00007ff8ae740000 - 0x00007ff8ae74a000 	C:\WINDOWS\SYSTEM32\VERSION.dll
0x00000000500d0000 - 0x00000000500df000 	C:\Program Files\Java\jdk1.8.0_131\jre\bin\verify.dll
0x0000000077bb0000 - 0x0000000077bd9000 	C:\Program Files\Java\jdk1.8.0_131\jre\bin\java.dll
0x0000000076230000 - 0x0000000076253000 	C:\Program Files\Java\jdk1.8.0_131\jre\bin\instrument.dll
0x0000000077b90000 - 0x0000000077ba6000 	C:\Program Files\Java\jdk1.8.0_131\jre\bin\zip.dll
0x00007ff8b7a00000 - 0x00007ff8b8e40000 	C:\WINDOWS\System32\SHELL32.dll
0x00007ff8b9520000 - 0x00007ff8b95c9000 	C:\WINDOWS\System32\shcore.dll
0x00007ff8b5e90000 - 0x00007ff8b659d000 	C:\WINDOWS\System32\windows.storage.dll
0x00007ff8b6b60000 - 0x00007ff8b6bb1000 	C:\WINDOWS\System32\shlwapi.dll
0x00007ff8b5690000 - 0x00007ff8b56a1000 	C:\WINDOWS\System32\kernel.appcore.dll
0x00007ff8b56b0000 - 0x00007ff8b56cf000 	C:\WINDOWS\System32\profapi.dll
0x00007ff8b66a0000 - 0x00007ff8b66ec000 	C:\WINDOWS\System32\powrprof.dll
0x00007ff8b5680000 - 0x00007ff8b568a000 	C:\WINDOWS\System32\FLTLIB.DLL
0x00007ff8a8d30000 - 0x00007ff8a8d4a000 	C:\Program Files\JetBrains\IntelliJ IDEA 2018.3.2\bin\breakgen64.dll
0x0000000077b70000 - 0x0000000077b8a000 	C:\Program Files\Java\jdk1.8.0_131\jre\bin\net.dll
0x00007ff8b4e90000 - 0x00007ff8b4ef6000 	C:\WINDOWS\system32\mswsock.dll
0x00007ff8938d0000 - 0x00007ff89398b000 	C:\Users\Administrator\.javacpp\cache\ffmpeg-4.0.2-1.4.3-windows-x86_64.jar\org\bytedeco\javacpp\windows-x86_64\avutil-56.dll
0x00007ff8b5170000 - 0x00007ff8b5195000 	C:\WINDOWS\SYSTEM32\bcrypt.dll
0x0000000076640000 - 0x0000000076651000 	C:\Program Files\Java\jdk1.8.0_131\jre\bin\nio.dll
0x000000006fe00000 - 0x000000006fee7000 	C:\Users\Administrator\.javacpp\cache\ffmpeg-4.0.2-1.4.3-windows-x86_64.jar\org\bytedeco\javacpp\windows-x86_64\jniavutil.dll
0x00007ff8a09a0000 - 0x00007ff8a09c7000 	C:\Users\Administrator\.javacpp\cache\ffmpeg-4.0.2-1.4.3-windows-x86_64.jar\org\bytedeco\javacpp\windows-x86_64\swresample-3.dll
0x0000000070080000 - 0x00000000700ae000 	C:\Users\Administrator\.javacpp\cache\ffmpeg-4.0.2-1.4.3-windows-x86_64.jar\org\bytedeco\javacpp\windows-x86_64\jniswresample.dll
0x00007ff86d070000 - 0x00007ff86f2f1000 	C:\Users\Administrator\.javacpp\cache\ffmpeg-4.0.2-1.4.3-windows-x86_64.jar\org\bytedeco\javacpp\windows-x86_64\avcodec-58.dll
0x00007ff8b6970000 - 0x00007ff8b6ac1000 	C:\WINDOWS\System32\ole32.dll
0x000000006a1c0000 - 0x000000006a424000 	C:\Users\Administrator\.javacpp\cache\ffmpeg-4.0.2-1.4.3-windows-x86_64.jar\org\bytedeco\javacpp\windows-x86_64\jniavcodec.dll
0x00007ff86cba0000 - 0x00007ff86d061000 	C:\Users\Administrator\.javacpp\cache\ffmpeg-4.0.2-1.4.3-windows-x86_64.jar\org\bytedeco\javacpp\windows-x86_64\avformat-58.dll
0x00007ff8b5a20000 - 0x00007ff8b5c02000 	C:\WINDOWS\System32\CRYPT32.dll
0x00007ff8b5660000 - 0x00007ff8b5672000 	C:\WINDOWS\System32\MSASN1.dll
0x000000006abc0000 - 0x000000006ad0a000 	C:\Users\Administrator\.javacpp\cache\ffmpeg-4.0.2-1.4.3-windows-x86_64.jar\org\bytedeco\javacpp\windows-x86_64\jniavformat.dll
0x00007ff885730000 - 0x00007ff8857c5000 	C:\Users\Administrator\.javacpp\cache\ffmpeg-4.0.2-1.4.3-windows-x86_64.jar\org\bytedeco\javacpp\windows-x86_64\swscale-5.dll
0x0000000067cc0000 - 0x0000000067cf6000 	C:\Users\Administrator\.javacpp\cache\ffmpeg-4.0.2-1.4.3-windows-x86_64.jar\org\bytedeco\javacpp\windows-x86_64\jniswscale.dll
0x00007ff898360000 - 0x00007ff89838a000 	C:\Users\Administrator\.javacpp\cache\ffmpeg-4.0.2-1.4.3-windows-x86_64.jar\org\bytedeco\javacpp\windows-x86_64\postproc-55.dll
0x000000006a0c0000 - 0x000000006a0ed000 	C:\Users\Administrator\.javacpp\cache\ffmpeg-4.0.2-1.4.3-windows-x86_64.jar\org\bytedeco\javacpp\windows-x86_64\jnipostproc.dll
0x00007ff87d000000 - 0x00007ff87d381000 	C:\Users\Administrator\.javacpp\cache\ffmpeg-4.0.2-1.4.3-windows-x86_64.jar\org\bytedeco\javacpp\windows-x86_64\avfilter-7.dll
0x0000000064400000 - 0x0000000064477000 	C:\Users\Administrator\.javacpp\cache\ffmpeg-4.0.2-1.4.3-windows-x86_64.jar\org\bytedeco\javacpp\windows-x86_64\jniavfilter.dll
0x00007ff893b00000 - 0x00007ff893b2c000 	C:\Users\Administrator\.javacpp\cache\ffmpeg-4.0.2-1.4.3-windows-x86_64.jar\org\bytedeco\javacpp\windows-x86_64\avdevice-58.dll
0x00007ff8b7930000 - 0x00007ff8b79f2000 	C:\WINDOWS\System32\OLEAUT32.dll
0x00007ff8a3d60000 - 0x00007ff8a3d78000 	C:\WINDOWS\SYSTEM32\AVICAP32.dll
0x00007ff893ad0000 - 0x00007ff893af9000 	C:\WINDOWS\SYSTEM32\MSVFW32.dll
0x000000001cf50000 - 0x000000001cf89000 	C:\Users\Administrator\.javacpp\cache\ffmpeg-4.0.2-1.4.3-windows-x86_64.jar\org\bytedeco\javacpp\windows-x86_64\jniavdevice.dll
0x00007ff8a1160000 - 0x00007ff8a1176000 	C:\WINDOWS\system32\napinsp.dll
0x00007ff8a1100000 - 0x00007ff8a111a000 	C:\WINDOWS\system32\pnrpnsp.dll
0x00007ff8b0260000 - 0x00007ff8b0279000 	C:\WINDOWS\system32\NLAapi.dll
0x00007ff8b4c50000 - 0x00007ff8b4d0e000 	C:\WINDOWS\SYSTEM32\DNSAPI.dll
0x00007ff8b9270000 - 0x00007ff8b9278000 	C:\WINDOWS\System32\NSI.dll
0x00007ff8b4c10000 - 0x00007ff8b4c48000 	C:\WINDOWS\SYSTEM32\IPHLPAPI.DLL
0x00007ff8a0d90000 - 0x00007ff8a0d9e000 	C:\WINDOWS\System32\winrnr.dll
0x00007ff8aecd0000 - 0x00007ff8aece5000 	C:\WINDOWS\System32\wshbth.dll
0x00007ff8af910000 - 0x00007ff8afad9000 	C:\WINDOWS\SYSTEM32\dbghelp.dll

VM Arguments:
jvm_args: -javaagent:C:\Program Files\JetBrains\IntelliJ IDEA 2018.3.2\lib\idea_rt.jar=54081:C:\Program Files\JetBrains\IntelliJ IDEA 2018.3.2\bin -Dfile.encoding=UTF-8 
java_command: com.nieyue.util.CVUtil
java_class_path (initial): C:\Users\Administrator\AppData\Local\Temp\classpath102820698.jar;C:\Program Files\JetBrains\IntelliJ IDEA 2018.3.2\lib\idea_rt.jar
Launcher Type: SUN_STANDARD

Environment Variables:
JAVA_HOME=C:\Program Files\Java\jdk1.8.0_131
CLASSPATH=.;C:\Program Files\Java\jdk1.8.0_131\lib\dt.jar;C:\Program Files\Java\jdk1.8.0_131\lib\tools.jar;
PATH=C:\ProgramData\Oracle\Java\javapath;C:\Program Files\Java\jdk1.8.0_131\bin;C:\Program Files\Java\jdk1.8.0_131\jre\bin;C:\windows\system32;C:\windows;C:\windows\System32\Wbem;C:\windows\System32\WindowsPowerShell\v1.0\;C:\Program Files\nodejs\;C:\Program Files\nodejs;C:\Program Files (x86)\MySQL\MySQL Fabric 1.5.2 & MySQL Utilities 1.5.2 1.5\;C:\Program Files (x86)\MySQL\MySQL Fabric 1.5.2 & MySQL Utilities 1.5.2 1.5\Doctrine extensions for PHP\;C:\Program Files\MySQL\MySQL Server 5.6\bin;C:\Program Files\Git\bin;C:\Program Files\Intel\WiFi\bin\;C:\Program Files\Common Files\Intel\WirelessCommon\;C:\Program Files (x86)\NVIDIA Corporation\PhysX\Common;E:\nieyue\gradle\gradle-3.5\bin;C:\Python27;C:\Program Files\Git;E:\nieyue\AndroidStudio\SDKTools\android-sdk-windows\platforms;E:\nieyue\AndroidStudio\SDKTools\android-sdk-windows\tools;E:\nieyue\AndroidStudio\SDKTools\android-sdk-windows\platform-tools;C:\Program Files\TortoiseSVN\bin;C:\Program Files\MongoDB\Server\3.6\bin;E:\nieyue\PHP;C:\Program Files (x86)\Microsoft SQL Server\100\Tools\Binn\;C:\Program Files (x86)\Microsoft SQL Server\100\DTS\Binn\;C:\Program Files (x86)\Microsoft SQL Server\100\Tools\Binn\VSShell\Common7\IDE\;C:\Program Files (x86)\Microsoft VS Code\bin;C:\WINDOWS\system32;C:\WINDOWS;C:\WINDOWS\System32\Wbem;C:\WINDOWS\System32\WindowsPowerShell\v1.0\;C:\WINDOWS\System32\OpenSSH\;E:\nieyue\maven\apache-maven-3.3.3\bin;C:\Go\bin;E:\nieyue\IntelliJIDE\golang\bin;E:\nieyue\Python\Scripts\;E:\nieyue\Python\;C:\Users\Administrator\AppData\Local\Microsoft\WindowsApps;C:\Users\Administrator\AppData\Roaming\npm;C:\Program Files (x86)\Microsoft VS Code\bin;C:\Program Files\Intel\WiFi\bin\;C:\Program Files\Common Files\Intel\WirelessCommon\;;C:\Program Files\JetBrains\IntelliJ IDEA 2018.3.2\bin;;C:\Users\Administrator\go\bin
USERNAME=Administrator
OS=Windows_NT
PROCESSOR_IDENTIFIER=Intel64 Family 6 Model 70 Stepping 1, GenuineIntel



---------------  S Y S T E M  ---------------

OS: Windows 10.0 , 64 bit Build 17134 (10.0.17134.1)

CPU:total 8 (initial active 8) (4 cores per cpu, 2 threads per core) family 6 model 70 stepping 1, cmov, cx8, fxsr, mmx, sse, sse2, sse3, ssse3, sse4.1, sse4.2, popcnt, avx, avx2, aes, clmul, erms, lzcnt, ht, tsc, tscinvbit, bmi1, bmi2

Memory: 4k page, physical 8313132k(1655932k free), swap 12964952k(1461568k free)

vm_info: Java HotSpot(TM) 64-Bit Server VM (25.131-b11) for windows-amd64 JRE (1.8.0_131-b11), built on Mar 15 2017 01:23:53 by "java_re" with MS VC++ 10.0 (VS2010)

time: Tue Jan 01 19:40:44 2019
elapsed time: 5 seconds (0d 0h 0m 5s)

