#
# A fatal error has been detected by the Java Runtime Environment:
#
#  EXCEPTION_ACCESS_VIOLATION (0xc0000005) at pc=0x000007feec611abd, pid=360, tid=0x0000000000001d5c
#
# JRE version: Java(TM) SE Runtime Environment (8.0_131-b11) (build 1.8.0_131-b11)
# Java VM: Java HotSpot(TM) 64-Bit Server VM (25.131-b11 mixed mode windows-amd64 compressed oops)
# Problematic frame:
# C  [avformat-58.dll+0xe1abd]
#
# Failed to write core dump. Minidumps are not enabled by default on client versions of Windows
#
# If you would like to submit a bug report, please visit:
#   http://bugreport.java.com/bugreport/crash.jsp
# The crash happened outside the Java Virtual Machine in native code.
# See problematic frame for where to report the bug.
#

---------------  T H R E A D  ---------------

Current thread (0x000000001a41a800):  JavaThread "录像工作线程0" [_thread_in_native, id=7516, stack(0x000000001b660000,0x000000001b760000)]

siginfo: ExceptionCode=0xc0000005, writing address 0x0000000000000000

Registers:
RAX=0x0000000000000000, RBX=0x000000001b9a3340, RCX=0x0000000000000000, RDX=0x8000000000000000
RSP=0x000000001b75ee60, RBP=0x000000001b9a2d00, RSI=0x0000000000300030, RDI=0x8000000000000000
R8 =0x0000000077770000, R9 =0x000000000031523a, R10=0x00000000c0000008, R11=0x0000000000000246
R12=0x0000000000000000, R13=0x0000000016d20630, R14=0x0000000000000001, R15=0x000000001a41a800
RIP=0x000007feec611abd, EFLAGS=0x0000000000010246

Top of Stack: (sp=0x000000001b75ee60)
0x000000001b75ee60:   0000a8c6d8ff901e 000000013fe82368
0x000000001b75ee70:   000000000207db30 0000000000000000
0x000000001b75ee80:   000000001a41a800 000000001b75eef0
0x000000001b75ee90:   000000013fe80208 000000008011c0b8
0x000000001b75eea0:   000000000207db30 0000000055aeb328
0x000000001b75eeb0:   0000000000000000 000000001b75ef40
0x000000001b75eec0:   000000000000004a 0000000055a9e771
0x000000001b75eed0:   0000000019cfdd00 0000000019010100
0x000000001b75eee0:   000000001b75ef38 000000001b75ee98
0x000000001b75eef0:   0000000056026448 00000000189be560
0x000000001b75ef00:   0000000000000058 0000000000000040
0x000000001b75ef10:   0000000000015335 000000000000000d
0x000000001b75ef20:   0000000016d20638 000000001a41a800
0x000000001b75ef30:   000000001b75f040 0000000019cfdd00
0x000000001b75ef40:   0000000016d20638 000000001a41a800
0x000000001b75ef50:   0000000019cfdcf8 0000000019cfdd00 

Instructions: (pc=0x000007feec611abd)
0x000007feec611a9d:   85 6e 01 00 00 48 8b 83 f0 02 00 00 4c 89 8b f0
0x000007feec611aad:   00 00 00 48 8b 48 48 48 8b 83 d0 00 00 00 8b 00
0x000007feec611abd:   4c 89 09 85 c0 0f 84 b8 04 00 00 83 f8 01 75 73
0x000007feec611acd:   f6 46 29 20 0f 84 5e 0b 00 00 48 8b 46 18 8b 48 


Register to memory mapping:

RAX=0x0000000000000000 is an unknown value
RBX=0x000000001b9a3340 is an unknown value
RCX=0x0000000000000000 is an unknown value
RDX=0x8000000000000000 is an unknown value
RSP=0x000000001b75ee60 is pointing into the stack for thread: 0x000000001a41a800
RBP=0x000000001b9a2d00 is an unknown value
RSI=0x0000000000300030 is an unknown value
RDI=0x8000000000000000 is an unknown value
R8 =0x0000000077770000 is an unknown value
R9 =0x000000000031523a is an unknown value
R10=0x00000000c0000008 is an oop

[error occurred during error reporting (printing register info), id 0xc0000005]

Stack: [0x000000001b660000,0x000000001b760000],  sp=0x000000001b75ee60,  free space=1019k
Native frames: (J=compiled Java code, j=interpreted, Vv=VM code, C=native code)
C  [avformat-58.dll+0xe1abd]
C  [avformat-58.dll+0xe4322]
C  0x0000000002487f74

Java frames: (J=compiled Java code, j=interpreted, Vv=VM code)
j  org.bytedeco.javacpp.avformat.av_interleaved_write_frame(Lorg/bytedeco/javacpp/avformat$AVFormatContext;Lorg/bytedeco/javacpp/avcodec$AVPacket;)I+0
j  com.nieyue.javacv.recorder.FFmpegFrameRecorderPlus.writePacket(ILorg/bytedeco/javacpp/avcodec$AVPacket;)Z+67
j  com.nieyue.javacv.recorder.FFmpegFrameRecorderPlus.recordPacket(Lorg/bytedeco/javacpp/avcodec$AVPacket;)Z+123
j  com.nieyue.javacv.recorder.RecordThread.forwardLoop()V+182
j  com.nieyue.javacv.recorder.RecordThread.run()V+45
v  ~StubRoutines::call_stub

---------------  P R O C E S S  ---------------

Java Threads: ( => current thread )
  0x0000000001f58000 JavaThread "DestroyJavaVM" [_thread_blocked, id=8204, stack(0x0000000002270000,0x0000000002370000)]
=>0x000000001a41a800 JavaThread "录像工作线程0" [_thread_in_native, id=7516, stack(0x000000001b660000,0x000000001b760000)]
  0x00000000192e1000 JavaThread "JavaCPP Deallocator" daemon [_thread_blocked, id=7936, stack(0x000000001acf0000,0x000000001adf0000)]
  0x0000000018f90800 JavaThread "Service Thread" daemon [_thread_blocked, id=11988, stack(0x0000000019900000,0x0000000019a00000)]
  0x0000000018f1f800 JavaThread "C1 CompilerThread2" daemon [_thread_blocked, id=10788, stack(0x0000000019760000,0x0000000019860000)]
  0x0000000018f1e800 JavaThread "C2 CompilerThread1" daemon [_thread_blocked, id=11964, stack(0x0000000019400000,0x0000000019500000)]
  0x0000000018f1c000 JavaThread "C2 CompilerThread0" daemon [_thread_blocked, id=10424, stack(0x00000000195b0000,0x00000000196b0000)]
  0x0000000018f1a800 JavaThread "Monitor Ctrl-Break" daemon [_thread_in_native, id=8772, stack(0x0000000018420000,0x0000000018520000)]
  0x0000000017201000 JavaThread "Attach Listener" daemon [_thread_blocked, id=7752, stack(0x0000000018ac0000,0x0000000018bc0000)]
  0x000000001720f000 JavaThread "Signal Dispatcher" daemon [_thread_blocked, id=11636, stack(0x0000000017fe0000,0x00000000180e0000)]
  0x00000000171eb000 JavaThread "Finalizer" daemon [_thread_blocked, id=4500, stack(0x0000000018570000,0x0000000018670000)]
  0x00000000171a4000 JavaThread "Reference Handler" daemon [_thread_blocked, id=11592, stack(0x00000000182d0000,0x00000000183d0000)]

Other Threads:
  0x000000001719c000 VMThread [stack: 0x0000000018100000,0x0000000018200000] [id=11708]
  0x0000000019031000 WatcherThread [stack: 0x0000000019b60000,0x0000000019c60000] [id=10440]

VM state:not at safepoint (normal execution)

VM Mutex/Monitor currently owned by a thread: None

Heap:
 PSYoungGen      total 1835008K, used 251741K [0x0000000080080000, 0x0000000100000000, 0x0000000100000000)
  eden space 1573376K, 16% used [0x0000000080080000,0x000000008f657458,0x00000000e0100000)
  from space 261632K, 0% used [0x00000000f0080000,0x00000000f0080000,0x0000000100000000)
  to   space 261632K, 0% used [0x00000000e0100000,0x00000000e0100000,0x00000000f0080000)
 ParOldGen       total 512K, used 0K [0x0000000080000000, 0x0000000080080000, 0x0000000080080000)
  object space 512K, 0% used [0x0000000080000000,0x0000000080000000,0x0000000080080000)
 Metaspace       used 6630K, capacity 6742K, committed 6912K, reserved 1056768K
  class space    used 733K, capacity 753K, committed 768K, reserved 1048576K

Card table byte_map: [0x0000000011830000,0x0000000011c40000] byte_map_base: 0x0000000011430000

Marking Bits: (ParMarkBitMap*) 0x000000005624c720
 Begin Bits: [0x0000000012410000, 0x0000000014410000)
 End Bits:   [0x0000000014410000, 0x0000000016410000)

Polling page: 0x0000000000110000

CodeCache: size=245760Kb used=3443Kb max_used=3455Kb free=242316Kb
 bounds [0x0000000002470000, 0x00000000027e0000, 0x0000000011470000]
 total_blobs=1008 nmethods=683 adapters=238
 compilation: enabled

Compilation events (10 events):
Event: 3.220 Thread 0x0000000018f1f800 nmethod 678 0x00000000027c7e50 code [0x00000000027c7fe0, 0x00000000027c83b8]
Event: 3.220 Thread 0x0000000018f1f800  677   !   3       com.sun.proxy.$Proxy1::exclude (29 bytes)
Event: 3.220 Thread 0x0000000018f1f800 nmethod 677 0x00000000027c76d0 code [0x00000000027c7860, 0x00000000027c7c38]
Event: 3.222 Thread 0x0000000018f1e800 nmethod 674% 0x00000000027ce690 code [0x00000000027ce880, 0x00000000027d03d8]
Event: 3.229 Thread 0x0000000018f1f800  681       3       java.nio.charset.Charset::atBugLevel (44 bytes)
Event: 3.229 Thread 0x0000000018f1f800 nmethod 681 0x00000000027cdd90 code [0x00000000027cdf40, 0x00000000027ce4d8]
Event: 3.237 Thread 0x0000000018f1c000  682       4       java.io.File::getName (42 bytes)
Event: 3.242 Thread 0x0000000018f1c000 nmethod 682 0x00000000027ca190 code [0x00000000027ca300, 0x00000000027ca838]
Event: 3.249 Thread 0x0000000018f1e800  683       4       java.net.URI$Parser::scan (73 bytes)
Event: 3.253 Thread 0x0000000018f1e800 nmethod 683 0x00000000027d1a50 code [0x00000000027d1ba0, 0x00000000027d1fd8]

GC Heap History (0 events):
No events

Deoptimization events (0 events):
No events

Internal exceptions (10 events):
Event: 0.200 Thread 0x0000000001f58000 Exception <a 'java/security/PrivilegedActionException'> (0x000000008071a3b0) thrown at [C:\re\workspace\8-2-build-windows-amd64-cygwin\jdk8u131\8869\hotspot\src\share\vm\prims\jvm.cpp, line 1390]
Event: 0.200 Thread 0x0000000001f58000 Exception <a 'java/security/PrivilegedActionException'> (0x000000008071a5c0) thrown at [C:\re\workspace\8-2-build-windows-amd64-cygwin\jdk8u131\8869\hotspot\src\share\vm\prims\jvm.cpp, line 1390]
Event: 0.204 Thread 0x0000000001f58000 Exception <a 'java/security/PrivilegedActionException'> (0x000000008072a168) thrown at [C:\re\workspace\8-2-build-windows-amd64-cygwin\jdk8u131\8869\hotspot\src\share\vm\prims\jvm.cpp, line 1390]
Event: 0.204 Thread 0x0000000001f58000 Exception <a 'java/security/PrivilegedActionException'> (0x000000008072a378) thrown at [C:\re\workspace\8-2-build-windows-amd64-cygwin\jdk8u131\8869\hotspot\src\share\vm\prims\jvm.cpp, line 1390]
Event: 0.205 Thread 0x0000000001f58000 Exception <a 'java/security/PrivilegedActionException'> (0x0000000080733160) thrown at [C:\re\workspace\8-2-build-windows-amd64-cygwin\jdk8u131\8869\hotspot\src\share\vm\prims\jvm.cpp, line 1390]
Event: 0.205 Thread 0x0000000001f58000 Exception <a 'java/security/PrivilegedActionException'> (0x0000000080733370) thrown at [C:\re\workspace\8-2-build-windows-amd64-cygwin\jdk8u131\8869\hotspot\src\share\vm\prims\jvm.cpp, line 1390]
Event: 0.325 Thread 0x0000000001f58000 Exception <a 'java/security/PrivilegedActionException'> (0x0000000080a5df98) thrown at [C:\re\workspace\8-2-build-windows-amd64-cygwin\jdk8u131\8869\hotspot\src\share\vm\prims\jvm.cpp, line 1390]
Event: 0.325 Thread 0x0000000001f58000 Exception <a 'java/security/PrivilegedActionException'> (0x0000000080a5e1a8) thrown at [C:\re\workspace\8-2-build-windows-amd64-cygwin\jdk8u131\8869\hotspot\src\share\vm\prims\jvm.cpp, line 1390]
Event: 0.326 Thread 0x0000000001f58000 Exception <a 'java/security/PrivilegedActionException'> (0x0000000080a620b8) thrown at [C:\re\workspace\8-2-build-windows-amd64-cygwin\jdk8u131\8869\hotspot\src\share\vm\prims\jvm.cpp, line 1390]
Event: 0.326 Thread 0x0000000001f58000 Exception <a 'java/security/PrivilegedActionException'> (0x0000000080a622c8) thrown at [C:\re\workspace\8-2-build-windows-amd64-cygwin\jdk8u131\8869\hotspot\src\share\vm\prims\jvm.cpp, line 1390]

Events (10 events):
Event: 2.960 loading class com/nieyue/javacv/recorder/FFmpegFrameRecorderPlus$WriteCallback done
Event: 3.249 Thread 0x0000000001f58000 DEOPT PACKING pc=0x00000000026a3021 sp=0x000000000236ea00
Event: 3.249 Thread 0x0000000001f58000 DEOPT UNPACKING pc=0x00000000024b787f sp=0x000000000236e750 mode 0
Event: 3.448 loading class com/nieyue/javacv/recorder/RecordThread
Event: 3.448 loading class com/nieyue/javacv/recorder/RecordThread done
Event: 3.449 loading class com/nieyue/javacv/recorder/RecordThread$1
Event: 3.449 loading class com/nieyue/javacv/recorder/RecordThread$1 done
Event: 3.450 Thread 0x000000001a41a800 Thread added: 0x000000001a41a800
Event: 3.450 Thread 0x0000000001f58000 Thread exited: 0x0000000001f58000
Event: 3.450 Thread 0x0000000001f58000 Thread added: 0x0000000001f58000


Dynamic libraries:
0x000000013fe40000 - 0x000000013fe77000 	C:\Program Files\Java\jdk1.8.0_131\bin\java.exe
0x0000000077770000 - 0x000000007790f000 	C:\Windows\SYSTEM32\ntdll.dll
0x0000000077410000 - 0x000000007752f000 	C:\Windows\system32\kernel32.dll
0x000007fefd7f0000 - 0x000007fefd85a000 	C:\Windows\system32\KERNELBASE.dll
0x000007fefe1f0000 - 0x000007fefe2cb000 	C:\Windows\system32\ADVAPI32.dll
0x000007feff420000 - 0x000007feff4bf000 	C:\Windows\system32\msvcrt.dll
0x000007fefe150000 - 0x000007fefe16f000 	C:\Windows\SYSTEM32\sechost.dll
0x000007fefdc20000 - 0x000007fefdd4d000 	C:\Windows\system32\RPCRT4.dll
0x0000000077530000 - 0x000000007762a000 	C:\Windows\system32\USER32.dll
0x000007fefdd50000 - 0x000007fefddb7000 	C:\Windows\system32\GDI32.dll
0x000007feff4e0000 - 0x000007feff4ee000 	C:\Windows\system32\LPK.dll
0x000007fefe3d0000 - 0x000007fefe49b000 	C:\Windows\system32\USP10.dll
0x000007fefbc30000 - 0x000007fefbe24000 	C:\Windows\WinSxS\amd64_microsoft.windows.common-controls_6595b64144ccf1df_6.0.7601.18837_none_fa3b1e3d17594757\COMCTL32.dll
0x000007fefe170000 - 0x000007fefe1e1000 	C:\Windows\system32\SHLWAPI.dll
0x000007feff6f0000 - 0x000007feff71e000 	C:\Windows\system32\IMM32.DLL
0x000007fefddc0000 - 0x000007fefdec9000 	C:\Windows\system32\MSCTF.dll
0x0000000056cb0000 - 0x0000000056d82000 	C:\Program Files\Java\jdk1.8.0_131\jre\bin\msvcr100.dll
0x0000000055a30000 - 0x00000000562cc000 	C:\Program Files\Java\jdk1.8.0_131\jre\bin\server\jvm.dll
0x000007fefc130000 - 0x000007fefc139000 	C:\Windows\system32\WSOCK32.dll
0x000007fefe060000 - 0x000007fefe0ad000 	C:\Windows\system32\WS2_32.dll
0x000007fefe680000 - 0x000007fefe688000 	C:\Windows\system32\NSI.dll
0x000007fefd7b0000 - 0x000007fefd7eb000 	C:\Windows\system32\WINMM.dll
0x000007fefc550000 - 0x000007fefc55c000 	C:\Windows\system32\VERSION.dll
0x0000000077910000 - 0x0000000077917000 	C:\Windows\system32\PSAPI.DLL
0x0000000057900000 - 0x000000005790f000 	C:\Program Files\Java\jdk1.8.0_131\jre\bin\verify.dll
0x00000000578d0000 - 0x00000000578f9000 	C:\Program Files\Java\jdk1.8.0_131\jre\bin\java.dll
0x0000000057880000 - 0x00000000578a3000 	C:\Program Files\Java\jdk1.8.0_131\jre\bin\instrument.dll
0x00000000578b0000 - 0x00000000578c6000 	C:\Program Files\Java\jdk1.8.0_131\jre\bin\zip.dll
0x000007fefe690000 - 0x000007feff41a000 	C:\Windows\system32\SHELL32.dll
0x000007feff4f0000 - 0x000007feff6ef000 	C:\Windows\system32\ole32.dll
0x000007fefd430000 - 0x000007fefd43f000 	C:\Windows\system32\profapi.dll
0x000007fef36e0000 - 0x000007fef36fa000 	E:\nieyue\idea\bin\breakgen64.dll
0x0000000057860000 - 0x000000005787a000 	C:\Program Files\Java\jdk1.8.0_131\jre\bin\net.dll
0x000007fefcc20000 - 0x000007fefcc75000 	C:\Windows\system32\mswsock.dll
0x000007fefcc10000 - 0x000007fefcc17000 	C:\Windows\System32\wship6.dll
0x000007feedf70000 - 0x000007feee02b000 	C:\Users\Administrator\.javacpp\cache\ffmpeg-4.0.2-1.4.3-windows-x86_64.jar\org\bytedeco\javacpp\windows-x86_64\avutil-56.dll
0x000007fefcdd0000 - 0x000007fefcdf2000 	C:\Windows\system32\bcrypt.dll
0x0000000057840000 - 0x0000000057851000 	C:\Program Files\Java\jdk1.8.0_131\jre\bin\nio.dll
0x000000006fe00000 - 0x000000006fee7000 	C:\Users\Administrator\.javacpp\cache\ffmpeg-4.0.2-1.4.3-windows-x86_64.jar\org\bytedeco\javacpp\windows-x86_64\jniavutil.dll
0x000007fef21a0000 - 0x000007fef21c7000 	C:\Users\Administrator\.javacpp\cache\ffmpeg-4.0.2-1.4.3-windows-x86_64.jar\org\bytedeco\javacpp\windows-x86_64\swresample-3.dll
0x0000000070080000 - 0x00000000700ae000 	C:\Users\Administrator\.javacpp\cache\ffmpeg-4.0.2-1.4.3-windows-x86_64.jar\org\bytedeco\javacpp\windows-x86_64\jniswresample.dll
0x000007fee84e0000 - 0x000007feea761000 	C:\Users\Administrator\.javacpp\cache\ffmpeg-4.0.2-1.4.3-windows-x86_64.jar\org\bytedeco\javacpp\windows-x86_64\avcodec-58.dll
0x000000006a1c0000 - 0x000000006a424000 	C:\Users\Administrator\.javacpp\cache\ffmpeg-4.0.2-1.4.3-windows-x86_64.jar\org\bytedeco\javacpp\windows-x86_64\jniavcodec.dll
0x000007feec530000 - 0x000007feec9f1000 	C:\Users\Administrator\.javacpp\cache\ffmpeg-4.0.2-1.4.3-windows-x86_64.jar\org\bytedeco\javacpp\windows-x86_64\avformat-58.dll
0x000007fefd5e0000 - 0x000007fefd74d000 	C:\Windows\system32\CRYPT32.dll
0x000007fefd4d0000 - 0x000007fefd4df000 	C:\Windows\system32\MSASN1.dll
0x000000006abc0000 - 0x000000006ad0a000 	C:\Users\Administrator\.javacpp\cache\ffmpeg-4.0.2-1.4.3-windows-x86_64.jar\org\bytedeco\javacpp\windows-x86_64\jniavformat.dll
0x000007feee050000 - 0x000007feee0e5000 	C:\Users\Administrator\.javacpp\cache\ffmpeg-4.0.2-1.4.3-windows-x86_64.jar\org\bytedeco\javacpp\windows-x86_64\swscale-5.dll
0x0000000067cc0000 - 0x0000000067cf6000 	C:\Users\Administrator\.javacpp\cache\ffmpeg-4.0.2-1.4.3-windows-x86_64.jar\org\bytedeco\javacpp\windows-x86_64\jniswscale.dll
0x000007fef0170000 - 0x000007fef019a000 	C:\Users\Administrator\.javacpp\cache\ffmpeg-4.0.2-1.4.3-windows-x86_64.jar\org\bytedeco\javacpp\windows-x86_64\postproc-55.dll
0x000000006a0c0000 - 0x000000006a0ed000 	C:\Users\Administrator\.javacpp\cache\ffmpeg-4.0.2-1.4.3-windows-x86_64.jar\org\bytedeco\javacpp\windows-x86_64\jnipostproc.dll
0x000007feed0f0000 - 0x000007feed471000 	C:\Users\Administrator\.javacpp\cache\ffmpeg-4.0.2-1.4.3-windows-x86_64.jar\org\bytedeco\javacpp\windows-x86_64\avfilter-7.dll
0x0000000064400000 - 0x0000000064477000 	C:\Users\Administrator\.javacpp\cache\ffmpeg-4.0.2-1.4.3-windows-x86_64.jar\org\bytedeco\javacpp\windows-x86_64\jniavfilter.dll
0x000007feee5c0000 - 0x000007feee5ec000 	C:\Users\Administrator\.javacpp\cache\ffmpeg-4.0.2-1.4.3-windows-x86_64.jar\org\bytedeco\javacpp\windows-x86_64\avdevice-58.dll
0x000007fefd8e0000 - 0x000007fefd9ba000 	C:\Windows\system32\OLEAUT32.dll
0x000007fef0150000 - 0x000007fef0167000 	C:\Windows\system32\AVICAP32.dll
0x000007feee860000 - 0x000007feee889000 	C:\Windows\system32\MSVFW32.dll
0x0000000002020000 - 0x0000000002059000 	C:\Users\Administrator\.javacpp\cache\ffmpeg-4.0.2-1.4.3-windows-x86_64.jar\org\bytedeco\javacpp\windows-x86_64\jniavdevice.dll
0x000007fefc620000 - 0x000007fefc627000 	C:\Windows\System32\wshtcpip.dll
0x000007fefc8c0000 - 0x000007fefc90c000 	C:\Windows\system32\bcryptprimitives.dll
0x000007fefb110000 - 0x000007fefb125000 	C:\Windows\system32\NLAapi.dll
0x000007fef5230000 - 0x000007fef5245000 	C:\Windows\system32\napinsp.dll
0x000007fef5210000 - 0x000007fef5229000 	C:\Windows\system32\pnrpnsp.dll
0x000007fefcaa0000 - 0x000007fefcafb000 	C:\Windows\system32\DNSAPI.dll
0x000007fef5200000 - 0x000007fef520b000 	C:\Windows\System32\winrnr.dll
0x000000006ffd0000 - 0x000000006fff6000 	C:\Program Files\Bonjour\mdnsNSP.dll
0x000007fefafb0000 - 0x000007fefafd7000 	C:\Windows\system32\Iphlpapi.DLL
0x000007fefafa0000 - 0x000007fefafab000 	C:\Windows\system32\WINNSI.DLL
0x000007fef75c0000 - 0x000007fef75c8000 	C:\Windows\system32\rasadhlp.dll
0x000007fef9c50000 - 0x000007fef9ca3000 	C:\Windows\System32\fwpuclnt.dll
0x000007fef6550000 - 0x000007fef6675000 	C:\Windows\system32\dbghelp.dll

VM Arguments:
jvm_args: -Xmx2g -Xms2g -Xmn2g -javaagent:E:\nieyue\idea\lib\idea_rt.jar=53303:E:\nieyue\idea\bin -Dfile.encoding=UTF-8 
java_command: com.nieyue.javacv.CVUtil2
java_class_path (initial): C:\Users\Administrator\AppData\Local\Temp\classpath578346832.jar;E:\nieyue\idea\lib\idea_rt.jar
Launcher Type: SUN_STANDARD

Environment Variables:
JAVA_HOME=C:\Program Files\Java\jdk1.8.0_131
CLASSPATH=.;C:\Program Files\Java\jdk1.8.0_131\lib\dt.jar;C:\Program Files\Java\jdk1.8.0_131\lib\tools.jar;
PATH=C:\ProgramData\Oracle\Java\javapath;C:\Program Files\Java\jdk1.8.0_131\bin;C:\Program Files\Java\jdk1.8.0_131\jre\bin;C:\Windows\system32;C:\Windows;C:\Windows\System32\Wbem;C:\Windows\System32\WindowsPowerShell\v1.0\;C:\Program Files\nodejs;C:\Program Files (x86)\Git\bin;C:\Program Files (x86)\MySQL\MySQL Fabric 1.5.2 & MySQL Utilities 1.5.2 1.5\;C:\Program Files (x86)\MySQL\MySQL Fabric 1.5.2 & MySQL Utilities 1.5.2 1.5\Doctrine extensions for PHP\;C:\Program Files\MySQL\MySQL Server 5.6\bin;C:\Users\Administrator\AppData\Roaming\npm;D:\java\spring-boot-cli\spring-1.5.1.RELEASE\bin;D:\java\maven\apache-maven-3.3.3\bin;D:\java\gradle\gradle-3.5\bin;C:\MinGW\bin;C:\Python27;D:\java\AndroidStudio\SDKTools\platforms;D:\java\AndroidStudio\SDKTools\platform-tools;D:\java\AndroidStudio\SDKTools\tools;C:\Users\Administrator\source\repos\Dll2\Debug;C:\javalibrarypath;C:\Program Files\TortoiseSVN\bin;E:\WAMPP\php;C:\Program Files (x86)\Microsoft SQL Server\100\Tools\Binn\;C:\Program Files\Microsoft SQL Server\100\Tools\Binn\;C:\Program Files\Microsoft SQL Server\100\DTS\Binn\;C:\Program Files (x86)\Microsoft SQL Server\100\DTS\Binn\;C:\Program Files (x86)\Microsoft SQL Server\100\Tools\Binn\VSShell\Common7\IDE\;D:\java\Pyton\python3;C:\Program Files\nodejs\;D:\java\Pyton\python3\Scripts;;D:\java\VSCODE\Microsoft VS Code\bin;C:\javalibrarypath;E:\Fiddler;C:\Users\Administrator\AppData\Roaming\npm
USERNAME=Administrator
OS=Windows_NT
PROCESSOR_IDENTIFIER=Intel64 Family 6 Model 94 Stepping 3, GenuineIntel



---------------  S Y S T E M  ---------------

OS: Windows 7 , 64 bit Build 7601 (6.1.7601.24308)

CPU:total 4 (initial active 4) (4 cores per cpu, 1 threads per core) family 6 model 94 stepping 3, cmov, cx8, fxsr, mmx, sse, sse2, sse3, ssse3, sse4.1, sse4.2, popcnt, avx, avx2, aes, clmul, erms, rtm, 3dnowpref, lzcnt, tsc, tscinvbit, bmi1, bmi2, adx

Memory: 4k page, physical 33505792k(16559944k free), swap 67009684k(46881684k free)

vm_info: Java HotSpot(TM) 64-Bit Server VM (25.131-b11) for windows-amd64 JRE (1.8.0_131-b11), built on Mar 15 2017 01:23:53 by "java_re" with MS VC++ 10.0 (VS2010)

time: Thu Jan 10 19:49:00 2019
elapsed time: 3 seconds (0d 0h 0m 3s)

