#
# A fatal error has been detected by the Java Runtime Environment:
#
#  EXCEPTION_ACCESS_VIOLATION (0xc0000005) at pc=0x000007feed93ec3c, pid=12800, tid=0x0000000000001b24
#
# JRE version: Java(TM) SE Runtime Environment (8.0_131-b11) (build 1.8.0_131-b11)
# Java VM: Java HotSpot(TM) 64-Bit Server VM (25.131-b11 mixed mode windows-amd64 compressed oops)
# Problematic frame:
# C  [avformat-58.dll+0x4ec3c]
#
# Failed to write core dump. Minidumps are not enabled by default on client versions of Windows
#
# If you would like to submit a bug report, please visit:
#   http://bugreport.java.com/bugreport/crash.jsp
# The crash happened outside the Java Virtual Machine in native code.
# See problematic frame for where to report the bug.
#

---------------  T H R E A D  ---------------

Current thread (0x0000000027e06000):  JavaThread "录像工作线程0" [_thread_in_native, id=6948, stack(0x00000000473e0000,0x00000000474e0000)]

siginfo: ExceptionCode=0xc0000005, writing address 0x000000002e9f00f0

Registers:
RAX=0x0000000000000000, RBX=0x000000000051e8e0, RCX=0x000000000052f200, RDX=0x00000000423663c0
RSP=0x00000000474deb00, RBP=0x0000000000000000, RSI=0x0000000000000000, RDI=0x00000000ffffffff
R8 =0x00000000423663c0, R9 =0x0000000000000001, R10=0x00000000423663c0, R11=0x0000000000000000
R12=0x8000000000000000, R13=0x0000000000520fc0, R14=0x000000002e7f0080, R15=0x000000000000000b
RIP=0x000007feed93ec3c, EFLAGS=0x0000000000010202

Top of Stack: (sp=0x00000000474deb00)
0x00000000474deb00:   0000000045d21240 00000000004212f0
0x00000000474deb10:   0000000046edc259 000000000000125d
0x00000000474deb20:   0000000046edb000 0000000000000006
0x00000000474deb30:   0000000045cfe800 000007feda0001db
0x00000000474deb40:   000000002e7f0080 0000000000063e62
0x00000000474deb50:   0000000000001289 000007fefe7710c8
0x00000000474deb60:   0000000045cfe824 80000000f30004f7
0x00000000474deb70:   0000000000001257 8000000000000000
0x00000000474deb80:   0000000000001289 000007fefe7a6a1a
0x00000000474deb90:   00000000424afa40 0000000000000040
0x00000000474deba0:   0000000000000000 0000000002000002
0x00000000474debb0:   00000000474ded08 000000000051e8e0
0x00000000474debc0:   0000000000520fc0 0000000000520fc0
0x00000000474debd0:   00000000474dee10 8000000000000000
0x00000000474debe0:   0000000000520fc0 00000000474dee10
0x00000000474debf0:   0000000000000000 000007feeda58c4b 

Instructions: (pc=0x000007feed93ec3c)
0x000007feed93ec1c:   7e fd ff 49 8b 4d 20 89 c6 83 e6 1f e8 33 a4 fd
0x000007feed93ec2c:   ff 4c 8b 74 24 40 44 8d 78 0b 49 8b 4d 20 89 c5
0x000007feed93ec3c:   45 01 be 70 00 20 00 e8 18 a4 fd ff 49 8b 4d 20
0x000007feed93ec4c:   41 89 c4 e8 6c 7e fd ff 89 c3 49 8b 4d 20 31 d2 


Register to memory mapping:

RAX=0x0000000000000000 is an unknown value
RBX=0x000000000051e8e0 is an unknown value
RCX=0x000000000052f200 is an unknown value
RDX=0x00000000423663c0 is an unknown value
RSP=0x00000000474deb00 is pointing into the stack for thread: 0x0000000027e06000
RBP=0x0000000000000000 is an unknown value
RSI=0x0000000000000000 is an unknown value
RDI=0x00000000ffffffff is an unknown value
R8 =0x00000000423663c0 is an unknown value
R9 =0x0000000000000001 is an unknown value
R10=0x00000000423663c0 is an unknown value
R11=0x0000000000000000 is an unknown value
R12=0x8000000000000000 is an unknown value
R13=0x0000000000520fc0 is an unknown value
R14=0x000000002e7f0080 is an unknown value
R15=0x000000000000000b is an unknown value


Stack: [0x00000000473e0000,0x00000000474e0000],  sp=0x00000000474deb00,  free space=1018k
Native frames: (J=compiled Java code, j=interpreted, Vv=VM code, C=native code)

Java frames: (J=compiled Java code, j=interpreted, Vv=VM code)
j  org.bytedeco.javacpp.avformat.av_read_frame(Lorg/bytedeco/javacpp/avformat$AVFormatContext;Lorg/bytedeco/javacpp/avcodec$AVPacket;)I+0
j  com.nieyue.javacv.recorder.FFmpegFrameGrabberPlus.grabFrame(ZZZZ)Lorg/bytedeco/javacv/Frame;+335
j  com.nieyue.javacv.recorder.FFmpegFrameGrabberPlus.grab()Lorg/bytedeco/javacv/Frame;+5
j  org.bytedeco.javacv.FrameGrabber.grabFrame()Lorg/bytedeco/javacv/Frame;+1
j  com.nieyue.javacv.recorder.RecordThread.codecLoop()V+79
j  com.nieyue.javacv.recorder.RecordThread.run()V+39
v  ~StubRoutines::call_stub

---------------  P R O C E S S  ---------------

Java Threads: ( => current thread )
  0x000000002e63f800 JavaThread "DestroyJavaVM" [_thread_blocked, id=11944, stack(0x00000000024c0000,0x00000000025c0000)]
  0x0000000027e07000 JavaThread "Thread-49" [_thread_in_native, id=14068, stack(0x00000000462a0000,0x00000000463a0000)]
=>0x0000000027e06000 JavaThread "录像工作线程0" [_thread_in_native, id=6948, stack(0x00000000473e0000,0x00000000474e0000)]
  0x000000002e63f000 JavaThread "elastic-evictor-1" daemon [_thread_blocked, id=6792, stack(0x0000000045b00000,0x0000000045c00000)]
  0x000000002e63e000 JavaThread "SimplePauseDetectorThread_2" daemon [_thread_blocked, id=11068, stack(0x00000000458e0000,0x00000000459e0000)]
  0x000000002e63d800 JavaThread "SimplePauseDetectorThread_1" daemon [_thread_blocked, id=9460, stack(0x0000000045720000,0x0000000045820000)]
  0x000000002e63c800 JavaThread "SimplePauseDetectorThread_0" daemon [_thread_blocked, id=12944, stack(0x0000000045500000,0x0000000045600000)]
  0x000000002e63c000 JavaThread "Thread-45" daemon [_thread_blocked, id=11300, stack(0x0000000045370000,0x0000000045470000)]
  0x000000002e63b000 JavaThread "lettuce-eventExecutorLoop-1-2" daemon [_thread_blocked, id=14236, stack(0x0000000042d20000,0x0000000042e20000)]
  0x000000002e63a800 JavaThread "lettuce-nioEventLoop-4-1" daemon [_thread_in_native, id=12580, stack(0x0000000042f20000,0x0000000043020000)]
  0x000000002e639800 JavaThread "ObjectCleanerThread" daemon [_thread_blocked, id=8552, stack(0x0000000042e20000,0x0000000042f20000)]
  0x000000002e639000 JavaThread "JavaCPP Deallocator" daemon [_thread_blocked, id=8716, stack(0x00000000425d0000,0x00000000426d0000)]
  0x000000002dff5800 JavaThread "pool-1-thread-2" [_thread_blocked, id=14060, stack(0x0000000042800000,0x0000000042900000)]
  0x000000002dff4000 JavaThread "AMQP Connection 127.0.0.1:5672" [_thread_in_native, id=12856, stack(0x00000000426f0000,0x00000000427f0000)]
  0x000000002dff3000 JavaThread "RMI TCP Connection(12)-127.0.0.1" daemon [_thread_in_native, id=856, stack(0x0000000042200000,0x0000000042300000)]
  0x000000002dff1800 JavaThread "RMI TCP Connection(11)-127.0.0.1" daemon [_thread_in_native, id=11956, stack(0x0000000041000000,0x0000000041100000)]
  0x000000002dff1000 JavaThread "SessionValidationThread-1" daemon [_thread_blocked, id=12848, stack(0x0000000041e80000,0x0000000041f80000)]
  0x000000002dff0000 JavaThread "http-nio-8080-AsyncTimeout" daemon [_thread_blocked, id=12960, stack(0x0000000041640000,0x0000000041740000)]
  0x000000002dfef800 JavaThread "http-nio-8080-Acceptor-0" daemon [_thread_in_native, id=11420, stack(0x0000000041b40000,0x0000000041c40000)]
  0x000000002dfee800 JavaThread "http-nio-8080-ClientPoller-1" daemon [_thread_in_native, id=13860, stack(0x0000000041970000,0x0000000041a70000)]
  0x000000002dfed800 JavaThread "http-nio-8080-ClientPoller-0" daemon [_thread_in_native, id=5400, stack(0x00000000417a0000,0x00000000418a0000)]
  0x000000002dfed000 JavaThread "http-nio-8080-exec-200" daemon [_thread_blocked, id=10864, stack(0x0000000041520000,0x0000000041620000)]
  0x000000002dfec000 JavaThread "http-nio-8080-exec-199" daemon [_thread_blocked, id=10840, stack(0x0000000041290000,0x0000000041390000)]
  0x000000002dfeb800 JavaThread "http-nio-8080-exec-198" daemon [_thread_blocked, id=13384, stack(0x0000000041390000,0x0000000041490000)]
  0x000000002dfea800 JavaThread "http-nio-8080-exec-197" daemon [_thread_blocked, id=9220, stack(0x0000000041110000,0x0000000041210000)]
  0x000000002dfea000 JavaThread "http-nio-8080-exec-196" daemon [_thread_blocked, id=9544, stack(0x0000000040f00000,0x0000000041000000)]
  0x000000002dfe9000 JavaThread "http-nio-8080-exec-195" daemon [_thread_blocked, id=12208, stack(0x0000000040d40000,0x0000000040e40000)]
  0x000000002dfe8800 JavaThread "http-nio-8080-exec-194" daemon [_thread_blocked, id=13972, stack(0x0000000040320000,0x0000000040420000)]
  0x000000002dfe7800 JavaThread "http-nio-8080-exec-193" daemon [_thread_blocked, id=11336, stack(0x0000000040b70000,0x0000000040c70000)]
  0x000000002dfe7000 JavaThread "http-nio-8080-exec-192" daemon [_thread_blocked, id=6164, stack(0x000000003f100000,0x000000003f200000)]
  0x000000002dfe6000 JavaThread "http-nio-8080-exec-191" daemon [_thread_blocked, id=10640, stack(0x0000000040a60000,0x0000000040b60000)]
  0x000000002dfc0800 JavaThread "http-nio-8080-exec-190" daemon [_thread_blocked, id=5612, stack(0x0000000040900000,0x0000000040a00000)]
  0x000000002dfbf800 JavaThread "http-nio-8080-exec-189" daemon [_thread_blocked, id=10660, stack(0x00000000407d0000,0x00000000408d0000)]
  0x000000002dfbf000 JavaThread "http-nio-8080-exec-188" daemon [_thread_blocked, id=12840, stack(0x0000000040620000,0x0000000040720000)]
  0x000000002dfbe000 JavaThread "http-nio-8080-exec-187" daemon [_thread_blocked, id=14332, stack(0x0000000040480000,0x0000000040580000)]
  0x000000002dfbd800 JavaThread "http-nio-8080-exec-186" daemon [_thread_blocked, id=9620, stack(0x0000000040200000,0x0000000040300000)]
  0x000000002dfbc800 JavaThread "http-nio-8080-exec-185" daemon [_thread_blocked, id=9524, stack(0x0000000040090000,0x0000000040190000)]
  0x000000002dfbc000 JavaThread "http-nio-8080-exec-184" daemon [_thread_blocked, id=13128, stack(0x000000003fe10000,0x000000003ff10000)]
  0x000000002dfbb000 JavaThread "http-nio-8080-exec-183" daemon [_thread_blocked, id=7776, stack(0x000000003ff90000,0x0000000040090000)]
  0x000000002dfba800 JavaThread "http-nio-8080-exec-182" daemon [_thread_blocked, id=13424, stack(0x000000003fce0000,0x000000003fde0000)]
  0x000000002dfb9800 JavaThread "http-nio-8080-exec-181" daemon [_thread_blocked, id=12884, stack(0x000000003eaa0000,0x000000003eba0000)]
  0x000000002dfb8800 JavaThread "http-nio-8080-exec-180" daemon [_thread_blocked, id=9368, stack(0x000000003fb40000,0x000000003fc40000)]
  0x000000002dfb8000 JavaThread "http-nio-8080-exec-179" daemon [_thread_blocked, id=9476, stack(0x000000003eef0000,0x000000003eff0000)]
  0x000000002dfb7000 JavaThread "http-nio-8080-exec-178" daemon [_thread_blocked, id=12796, stack(0x000000003fa30000,0x000000003fb30000)]
  0x000000002dfb6800 JavaThread "http-nio-8080-exec-177" daemon [_thread_blocked, id=13728, stack(0x000000003f8a0000,0x000000003f9a0000)]
  0x000000002dfb5800 JavaThread "http-nio-8080-exec-176" daemon [_thread_blocked, id=4408, stack(0x000000003f730000,0x000000003f830000)]
  0x000000002dfb5000 JavaThread "http-nio-8080-exec-175" daemon [_thread_blocked, id=11232, stack(0x000000003f5e0000,0x000000003f6e0000)]
  0x000000002dfb4000 JavaThread "http-nio-8080-exec-174" daemon [_thread_blocked, id=12256, stack(0x000000003f4a0000,0x000000003f5a0000)]
  0x000000002dfb3800 JavaThread "http-nio-8080-exec-173" daemon [_thread_blocked, id=13668, stack(0x000000003f370000,0x000000003f470000)]
  0x000000002dfb2800 JavaThread "http-nio-8080-exec-172" daemon [_thread_blocked, id=9292, stack(0x000000003f210000,0x000000003f310000)]
  0x000000002dfb2000 JavaThread "http-nio-8080-exec-171" daemon [_thread_blocked, id=11872, stack(0x000000003eff0000,0x000000003f0f0000)]
  0x000000002dfb1000 JavaThread "http-nio-8080-exec-170" daemon [_thread_blocked, id=14008, stack(0x000000003edd0000,0x000000003eed0000)]
  0x000000002dbc2000 JavaThread "http-nio-8080-exec-169" daemon [_thread_blocked, id=11416, stack(0x000000003ebe0000,0x000000003ece0000)]
  0x000000002dbc1800 JavaThread "http-nio-8080-exec-168" daemon [_thread_blocked, id=12192, stack(0x000000003e950000,0x000000003ea50000)]
  0x000000002dbc0800 JavaThread "http-nio-8080-exec-167" daemon [_thread_blocked, id=14316, stack(0x000000003e6c0000,0x000000003e7c0000)]
  0x000000002dbc0000 JavaThread "http-nio-8080-exec-166" daemon [_thread_blocked, id=9480, stack(0x000000003e7f0000,0x000000003e8f0000)]
  0x000000002dbbf000 JavaThread "http-nio-8080-exec-165" daemon [_thread_blocked, id=11700, stack(0x000000003e5b0000,0x000000003e6b0000)]
  0x000000002dbbe800 JavaThread "http-nio-8080-exec-164" daemon [_thread_blocked, id=10772, stack(0x000000003dd70000,0x000000003de70000)]
  0x000000002dbbd800 JavaThread "http-nio-8080-exec-163" daemon [_thread_blocked, id=13768, stack(0x000000003e460000,0x000000003e560000)]
  0x000000002dbbd000 JavaThread "http-nio-8080-exec-162" daemon [_thread_blocked, id=12868, stack(0x000000003e350000,0x000000003e450000)]
  0x000000002dbbc000 JavaThread "http-nio-8080-exec-161" daemon [_thread_blocked, id=12896, stack(0x000000003e200000,0x000000003e300000)]
  0x000000002dbbb800 JavaThread "http-nio-8080-exec-160" daemon [_thread_blocked, id=13632, stack(0x000000003e020000,0x000000003e120000)]
  0x000000002dbba800 JavaThread "http-nio-8080-exec-159" daemon [_thread_blocked, id=13220, stack(0x000000003dee0000,0x000000003dfe0000)]
  0x000000002dbba000 JavaThread "http-nio-8080-exec-158" daemon [_thread_blocked, id=12508, stack(0x000000003dc10000,0x000000003dd10000)]
  0x000000002dbb9000 JavaThread "http-nio-8080-exec-157" daemon [_thread_blocked, id=14320, stack(0x000000003dad0000,0x000000003dbd0000)]
  0x000000002dbb8800 JavaThread "http-nio-8080-exec-156" daemon [_thread_blocked, id=13732, stack(0x000000003d920000,0x000000003da20000)]
  0x000000002dbb7800 JavaThread "http-nio-8080-exec-155" daemon [_thread_blocked, id=9872, stack(0x000000003d800000,0x000000003d900000)]
  0x000000002dbb7000 JavaThread "http-nio-8080-exec-154" daemon [_thread_blocked, id=9188, stack(0x000000003d490000,0x000000003d590000)]
  0x000000002dbb6000 JavaThread "http-nio-8080-exec-153" daemon [_thread_blocked, id=12300, stack(0x000000003d690000,0x000000003d790000)]
  0x000000002dbb5800 JavaThread "http-nio-8080-exec-152" daemon [_thread_blocked, id=13656, stack(0x000000003d590000,0x000000003d690000)]
  0x000000002dbb4800 JavaThread "http-nio-8080-exec-151" daemon [_thread_blocked, id=12488, stack(0x000000003d220000,0x000000003d320000)]
  0x000000002dbb4000 JavaThread "http-nio-8080-exec-150" daemon [_thread_blocked, id=12204, stack(0x000000003ce90000,0x000000003cf90000)]
  0x000000002dbb3000 JavaThread "http-nio-8080-exec-149" daemon [_thread_blocked, id=12832, stack(0x000000003d360000,0x000000003d460000)]
  0x000000002dba2000 JavaThread "http-nio-8080-exec-148" daemon [_thread_blocked, id=13480, stack(0x000000003cc60000,0x000000003cd60000)]
  0x000000002dba1000 JavaThread "http-nio-8080-exec-147" daemon [_thread_blocked, id=10372, stack(0x000000003d100000,0x000000003d200000)]
  0x000000002dba0800 JavaThread "http-nio-8080-exec-146" daemon [_thread_blocked, id=12420, stack(0x000000003cf90000,0x000000003d090000)]
  0x000000002db9f800 JavaThread "http-nio-8080-exec-145" daemon [_thread_blocked, id=13784, stack(0x000000003cd90000,0x000000003ce90000)]
  0x000000002db9f000 JavaThread "http-nio-8080-exec-144" daemon [_thread_blocked, id=3848, stack(0x000000003ca00000,0x000000003cb00000)]
  0x000000002db9e000 JavaThread "http-nio-8080-exec-143" daemon [_thread_blocked, id=5488, stack(0x000000003c5c0000,0x000000003c6c0000)]
  0x000000002db9d800 JavaThread "http-nio-8080-exec-142" daemon [_thread_blocked, id=12764, stack(0x000000003c3b0000,0x000000003c4b0000)]
  0x000000002db9c800 JavaThread "http-nio-8080-exec-141" daemon [_thread_blocked, id=8804, stack(0x000000003c8c0000,0x000000003c9c0000)]
  0x000000002db9c000 JavaThread "http-nio-8080-exec-140" daemon [_thread_blocked, id=8068, stack(0x000000003c730000,0x000000003c830000)]
  0x000000002db9b000 JavaThread "http-nio-8080-exec-139" daemon [_thread_blocked, id=7332, stack(0x000000003c4c0000,0x000000003c5c0000)]
  0x000000002db89000 JavaThread "http-nio-8080-exec-138" daemon [_thread_blocked, id=14044, stack(0x000000003c2b0000,0x000000003c3b0000)]
  0x000000002db88000 JavaThread "http-nio-8080-exec-137" daemon [_thread_blocked, id=12804, stack(0x000000003c040000,0x000000003c140000)]
  0x000000002db87800 JavaThread "http-nio-8080-exec-136" daemon [_thread_blocked, id=6412, stack(0x000000003c150000,0x000000003c250000)]
  0x000000002db86800 JavaThread "http-nio-8080-exec-135" daemon [_thread_blocked, id=11060, stack(0x000000003b880000,0x000000003b980000)]
  0x000000002db86000 JavaThread "http-nio-8080-exec-134" daemon [_thread_blocked, id=13588, stack(0x000000003bec0000,0x000000003bfc0000)]
  0x000000002db85000 JavaThread "http-nio-8080-exec-133" daemon [_thread_blocked, id=13356, stack(0x000000003bdb0000,0x000000003beb0000)]
  0x000000002db84800 JavaThread "http-nio-8080-exec-132" daemon [_thread_blocked, id=9720, stack(0x000000003bbe0000,0x000000003bce0000)]
  0x000000002db83800 JavaThread "http-nio-8080-exec-131" daemon [_thread_blocked, id=8784, stack(0x000000003b9f0000,0x000000003baf0000)]
  0x000000002db83000 JavaThread "http-nio-8080-exec-130" daemon [_thread_blocked, id=9644, stack(0x000000003b770000,0x000000003b870000)]
  0x000000002db82000 JavaThread "http-nio-8080-exec-129" daemon [_thread_blocked, id=12728, stack(0x000000003b130000,0x000000003b230000)]
  0x000000002db75000 JavaThread "http-nio-8080-exec-128" daemon [_thread_blocked, id=13148, stack(0x000000003b5d0000,0x000000003b6d0000)]
  0x000000002db74000 JavaThread "http-nio-8080-exec-127" daemon [_thread_blocked, id=11908, stack(0x000000003b460000,0x000000003b560000)]
  0x000000002db73800 JavaThread "http-nio-8080-exec-126" daemon [_thread_blocked, id=9572, stack(0x000000003b2a0000,0x000000003b3a0000)]
  0x000000002db72800 JavaThread "http-nio-8080-exec-125" daemon [_thread_blocked, id=13796, stack(0x000000003aff0000,0x000000003b0f0000)]
  0x000000002db72000 JavaThread "http-nio-8080-exec-124" daemon [_thread_blocked, id=13600, stack(0x000000003a950000,0x000000003aa50000)]
  0x000000002db71000 JavaThread "http-nio-8080-exec-123" daemon [_thread_blocked, id=12776, stack(0x000000003a540000,0x000000003a640000)]
  0x000000002db70800 JavaThread "http-nio-8080-exec-122" daemon [_thread_blocked, id=11972, stack(0x000000003ae90000,0x000000003af90000)]
  0x000000002db6f800 JavaThread "http-nio-8080-exec-121" daemon [_thread_blocked, id=10072, stack(0x000000003ad80000,0x000000003ae80000)]
  0x000000002db6f000 JavaThread "http-nio-8080-exec-120" daemon [_thread_blocked, id=13460, stack(0x000000003abc0000,0x000000003acc0000)]
  0x000000002db6e000 JavaThread "http-nio-8080-exec-119" daemon [_thread_blocked, id=10912, stack(0x000000003aac0000,0x000000003abc0000)]
  0x000000002dc88000 JavaThread "http-nio-8080-exec-118" daemon [_thread_blocked, id=13756, stack(0x000000003a840000,0x000000003a940000)]
  0x000000002dc87800 JavaThread "http-nio-8080-exec-117" daemon [_thread_blocked, id=9892, stack(0x000000003a680000,0x000000003a780000)]
  0x000000002dc86800 JavaThread "http-nio-8080-exec-116" daemon [_thread_blocked, id=14124, stack(0x0000000039e20000,0x0000000039f20000)]
  0x000000002dc86000 JavaThread "http-nio-8080-exec-115" daemon [_thread_blocked, id=13876, stack(0x000000003a050000,0x000000003a150000)]
  0x000000002dc85000 JavaThread "http-nio-8080-exec-114" daemon [_thread_blocked, id=11132, stack(0x000000003a440000,0x000000003a540000)]
  0x000000002dc84800 JavaThread "http-nio-8080-exec-113" daemon [_thread_blocked, id=9960, stack(0x000000003a260000,0x000000003a360000)]
  0x000000002dc83800 JavaThread "http-nio-8080-exec-112" daemon [_thread_blocked, id=11964, stack(0x000000003a160000,0x000000003a260000)]
  0x000000002dc82800 JavaThread "http-nio-8080-exec-111" daemon [_thread_blocked, id=13676, stack(0x0000000039f30000,0x000000003a030000)]
  0x000000002dc82000 JavaThread "http-nio-8080-exec-110" daemon [_thread_blocked, id=14176, stack(0x0000000039cb0000,0x0000000039db0000)]
  0x000000002dc81000 JavaThread "http-nio-8080-exec-109" daemon [_thread_blocked, id=12356, stack(0x00000000396b0000,0x00000000397b0000)]
  0x000000002dc73000 JavaThread "http-nio-8080-exec-108" daemon [_thread_blocked, id=10944, stack(0x0000000039920000,0x0000000039a20000)]
  0x000000002dc72800 JavaThread "http-nio-8080-exec-107" daemon [_thread_blocked, id=360, stack(0x0000000039b90000,0x0000000039c90000)]
  0x000000002dc71800 JavaThread "http-nio-8080-exec-106" daemon [_thread_blocked, id=12064, stack(0x0000000039a50000,0x0000000039b50000)]
  0x000000002dc71000 JavaThread "http-nio-8080-exec-105" daemon [_thread_blocked, id=13520, stack(0x0000000039810000,0x0000000039910000)]
  0x000000002dc70000 JavaThread "http-nio-8080-exec-104" daemon [_thread_blocked, id=12820, stack(0x00000000392b0000,0x00000000393b0000)]
  0x000000002dc6f800 JavaThread "http-nio-8080-exec-103" daemon [_thread_blocked, id=6376, stack(0x00000000395a0000,0x00000000396a0000)]
  0x000000002dc6e800 JavaThread "http-nio-8080-exec-102" daemon [_thread_blocked, id=14268, stack(0x0000000039430000,0x0000000039530000)]
  0x000000002dc6d800 JavaThread "http-nio-8080-exec-101" daemon [_thread_blocked, id=13524, stack(0x00000000391b0000,0x00000000392b0000)]
  0x000000002dc6d000 JavaThread "http-nio-8080-exec-100" daemon [_thread_blocked, id=12548, stack(0x0000000039030000,0x0000000039130000)]
  0x000000002dc6c000 JavaThread "http-nio-8080-exec-99" daemon [_thread_blocked, id=13268, stack(0x0000000038940000,0x0000000038a40000)]
  0x000000002dc5e000 JavaThread "http-nio-8080-exec-98" daemon [_thread_blocked, id=13704, stack(0x0000000038ec0000,0x0000000038fc0000)]
  0x000000002dc5d800 JavaThread "http-nio-8080-exec-97" daemon [_thread_blocked, id=12780, stack(0x0000000038cf0000,0x0000000038df0000)]
  0x000000002dc5c800 JavaThread "http-nio-8080-exec-96" daemon [_thread_blocked, id=2408, stack(0x00000000386e0000,0x00000000387e0000)]
  0x000000002dc5c000 JavaThread "http-nio-8080-exec-95" daemon [_thread_blocked, id=13568, stack(0x0000000038ba0000,0x0000000038ca0000)]
  0x000000002dc5b000 JavaThread "http-nio-8080-exec-94" daemon [_thread_blocked, id=14000, stack(0x0000000038a80000,0x0000000038b80000)]
  0x000000002dc5a800 JavaThread "http-nio-8080-exec-93" daemon [_thread_blocked, id=9180, stack(0x00000000387e0000,0x00000000388e0000)]
  0x000000002dc59800 JavaThread "http-nio-8080-exec-92" daemon [_thread_blocked, id=13856, stack(0x0000000036350000,0x0000000036450000)]
  0x000000002dc58800 JavaThread "http-nio-8080-exec-91" daemon [_thread_blocked, id=9912, stack(0x00000000385e0000,0x00000000386e0000)]
  0x000000002dc58000 JavaThread "http-nio-8080-exec-90" daemon [_thread_blocked, id=14080, stack(0x0000000038420000,0x0000000038520000)]
  0x000000002dc57000 JavaThread "http-nio-8080-exec-89" daemon [_thread_blocked, id=8156, stack(0x0000000037b90000,0x0000000037c90000)]
  0x000000002aa24000 JavaThread "http-nio-8080-exec-88" daemon [_thread_blocked, id=13880, stack(0x0000000038280000,0x0000000038380000)]
  0x000000002aa23800 JavaThread "http-nio-8080-exec-87" daemon [_thread_blocked, id=11536, stack(0x0000000037da0000,0x0000000037ea0000)]
  0x000000002aa22800 JavaThread "http-nio-8080-exec-86" daemon [_thread_blocked, id=9832, stack(0x0000000037fe0000,0x00000000380e0000)]
  0x000000002aa22000 JavaThread "http-nio-8080-exec-85" daemon [_thread_blocked, id=8884, stack(0x00000000380f0000,0x00000000381f0000)]
  0x000000002aa21000 JavaThread "http-nio-8080-exec-84" daemon [_thread_blocked, id=9536, stack(0x0000000037ec0000,0x0000000037fc0000)]
  0x000000002aa20800 JavaThread "http-nio-8080-exec-83" daemon [_thread_blocked, id=13920, stack(0x0000000037960000,0x0000000037a60000)]
  0x000000002aa1f800 JavaThread "http-nio-8080-exec-82" daemon [_thread_blocked, id=7876, stack(0x0000000037ca0000,0x0000000037da0000)]
  0x000000002aa1f000 JavaThread "http-nio-8080-exec-81" daemon [_thread_blocked, id=13140, stack(0x0000000037a90000,0x0000000037b90000)]
  0x000000002aa1e000 JavaThread "http-nio-8080-exec-80" daemon [_thread_blocked, id=11096, stack(0x00000000371f0000,0x00000000372f0000)]
  0x000000002aa1d800 JavaThread "http-nio-8080-exec-79" daemon [_thread_blocked, id=10368, stack(0x0000000037800000,0x0000000037900000)]
  0x000000002aa0d000 JavaThread "http-nio-8080-exec-78" daemon [_thread_blocked, id=12000, stack(0x0000000036f90000,0x0000000037090000)]
  0x000000002aa0c800 JavaThread "http-nio-8080-exec-77" daemon [_thread_blocked, id=5328, stack(0x00000000376b0000,0x00000000377b0000)]
  0x000000002aa0b800 JavaThread "http-nio-8080-exec-76" daemon [_thread_blocked, id=13868, stack(0x00000000374c0000,0x00000000375c0000)]
  0x000000002aa0b000 JavaThread "http-nio-8080-exec-75" daemon [_thread_blocked, id=11040, stack(0x0000000035eb0000,0x0000000035fb0000)]
  0x000000002aa0a000 JavaThread "http-nio-8080-exec-74" daemon [_thread_blocked, id=14264, stack(0x0000000037300000,0x0000000037400000)]
  0x000000002aa09800 JavaThread "http-nio-8080-exec-73" daemon [_thread_blocked, id=13944, stack(0x00000000370e0000,0x00000000371e0000)]
  0x000000002aa08800 JavaThread "http-nio-8080-exec-72" daemon [_thread_blocked, id=10364, stack(0x0000000036ba0000,0x0000000036ca0000)]
  0x000000002aa08000 JavaThread "http-nio-8080-exec-71" daemon [_thread_blocked, id=12980, stack(0x0000000035890000,0x0000000035990000)]
  0x000000002aa07000 JavaThread "http-nio-8080-exec-70" daemon [_thread_blocked, id=10064, stack(0x0000000036e90000,0x0000000036f90000)]
  0x000000002aa06800 JavaThread "http-nio-8080-exec-69" daemon [_thread_blocked, id=11896, stack(0x0000000036ca0000,0x0000000036da0000)]
  0x000000002dcbe000 JavaThread "http-nio-8080-exec-68" daemon [_thread_blocked, id=13684, stack(0x0000000036140000,0x0000000036240000)]
  0x000000002dcbd000 JavaThread "http-nio-8080-exec-67" daemon [_thread_blocked, id=8244, stack(0x0000000036a70000,0x0000000036b70000)]
  0x000000002dcbc800 JavaThread "http-nio-8080-exec-66" daemon [_thread_blocked, id=9588, stack(0x00000000368a0000,0x00000000369a0000)]
  0x000000002dcbb800 JavaThread "http-nio-8080-exec-65" daemon [_thread_blocked, id=13772, stack(0x00000000367a0000,0x00000000368a0000)]
  0x000000002dcbb000 JavaThread "http-nio-8080-exec-64" daemon [_thread_blocked, id=12160, stack(0x00000000365c0000,0x00000000366c0000)]
  0x000000002dcba000 JavaThread "http-nio-8080-exec-63" daemon [_thread_blocked, id=5452, stack(0x0000000036460000,0x0000000036560000)]
  0x000000002dcb9800 JavaThread "http-nio-8080-exec-62" daemon [_thread_blocked, id=8316, stack(0x0000000036240000,0x0000000036340000)]
  0x000000002dcb8800 JavaThread "http-nio-8080-exec-61" daemon [_thread_blocked, id=12704, stack(0x0000000035650000,0x0000000035750000)]
  0x000000002dcb8000 JavaThread "http-nio-8080-exec-60" daemon [_thread_blocked, id=13216, stack(0x0000000035fb0000,0x00000000360b0000)]
  0x000000002dcb7000 JavaThread "http-nio-8080-exec-59" daemon [_thread_blocked, id=14160, stack(0x0000000035c70000,0x0000000035d70000)]
  0x000000002dca2000 JavaThread "http-nio-8080-exec-58" daemon [_thread_blocked, id=13352, stack(0x0000000035da0000,0x0000000035ea0000)]
  0x000000002dca1000 JavaThread "http-nio-8080-exec-57" daemon [_thread_blocked, id=13792, stack(0x0000000035b30000,0x0000000035c30000)]
  0x000000002dca0800 JavaThread "http-nio-8080-exec-56" daemon [_thread_blocked, id=7284, stack(0x0000000035990000,0x0000000035a90000)]
  0x000000002dc9f800 JavaThread "http-nio-8080-exec-55" daemon [_thread_blocked, id=8596, stack(0x0000000035790000,0x0000000035890000)]
  0x000000002dc9f000 JavaThread "http-nio-8080-exec-54" daemon [_thread_blocked, id=11840, stack(0x0000000034ba0000,0x0000000034ca0000)]
  0x000000002dc9e000 JavaThread "http-nio-8080-exec-53" daemon [_thread_blocked, id=12752, stack(0x0000000035540000,0x0000000035640000)]
  0x000000002dc9d800 JavaThread "http-nio-8080-exec-52" daemon [_thread_blocked, id=5900, stack(0x00000000352f0000,0x00000000353f0000)]
  0x000000002dc9c800 JavaThread "http-nio-8080-exec-51" daemon [_thread_blocked, id=13100, stack(0x00000000353f0000,0x00000000354f0000)]
  0x000000002dc9c000 JavaThread "http-nio-8080-exec-50" daemon [_thread_blocked, id=14272, stack(0x0000000034970000,0x0000000034a70000)]
  0x000000002dc9b000 JavaThread "http-nio-8080-exec-49" daemon [_thread_blocked, id=9204, stack(0x0000000035170000,0x0000000035270000)]
  0x000000002dd0c000 JavaThread "http-nio-8080-exec-48" daemon [_thread_blocked, id=13720, stack(0x0000000034fe0000,0x00000000350e0000)]
  0x000000002dd0b000 JavaThread "http-nio-8080-exec-47" daemon [_thread_blocked, id=12048, stack(0x0000000034e80000,0x0000000034f80000)]
  0x000000002dd0a800 JavaThread "http-nio-8080-exec-46" daemon [_thread_blocked, id=11072, stack(0x0000000034cb0000,0x0000000034db0000)]
  0x000000002dd09800 JavaThread "http-nio-8080-exec-45" daemon [_thread_blocked, id=11240, stack(0x0000000034a70000,0x0000000034b70000)]
  0x000000002dd09000 JavaThread "http-nio-8080-exec-44" daemon [_thread_blocked, id=12460, stack(0x00000000346c0000,0x00000000347c0000)]
  0x000000002dd08000 JavaThread "http-nio-8080-exec-43" daemon [_thread_blocked, id=9272, stack(0x0000000033a50000,0x0000000033b50000)]
  0x000000002dd07800 JavaThread "http-nio-8080-exec-42" daemon [_thread_blocked, id=11692, stack(0x0000000034830000,0x0000000034930000)]
  0x000000002dd06800 JavaThread "http-nio-8080-exec-41" daemon [_thread_blocked, id=10008, stack(0x0000000033300000,0x0000000033400000)]
  0x000000002dd06000 JavaThread "http-nio-8080-exec-40" daemon [_thread_blocked, id=13800, stack(0x00000000345b0000,0x00000000346b0000)]
  0x000000002dd05000 JavaThread "http-nio-8080-exec-39" daemon [_thread_blocked, id=7292, stack(0x0000000034420000,0x0000000034520000)]
  0x0000000028223000 JavaThread "http-nio-8080-exec-38" daemon [_thread_blocked, id=13888, stack(0x00000000341c0000,0x00000000342c0000)]
  0x0000000028222800 JavaThread "http-nio-8080-exec-37" daemon [_thread_blocked, id=5956, stack(0x00000000342e0000,0x00000000343e0000)]
  0x0000000028221800 JavaThread "http-nio-8080-exec-36" daemon [_thread_blocked, id=11344, stack(0x0000000033f40000,0x0000000034040000)]
  0x0000000028221000 JavaThread "http-nio-8080-exec-35" daemon [_thread_blocked, id=10796, stack(0x0000000034050000,0x0000000034150000)]
  0x0000000028220000 JavaThread "http-nio-8080-exec-34" daemon [_thread_blocked, id=12924, stack(0x0000000033de0000,0x0000000033ee0000)]
  0x000000002821f800 JavaThread "http-nio-8080-exec-33" daemon [_thread_blocked, id=14188, stack(0x0000000033cc0000,0x0000000033dc0000)]
  0x000000002821e800 JavaThread "http-nio-8080-exec-32" daemon [_thread_blocked, id=11932, stack(0x0000000031d20000,0x0000000031e20000)]
  0x000000002821e000 JavaThread "http-nio-8080-exec-31" daemon [_thread_blocked, id=13392, stack(0x0000000033b50000,0x0000000033c50000)]
  0x000000002821d000 JavaThread "http-nio-8080-exec-30" daemon [_thread_blocked, id=14092, stack(0x0000000033930000,0x0000000033a30000)]
  0x000000002821c800 JavaThread "http-nio-8080-exec-29" daemon [_thread_blocked, id=13320, stack(0x0000000033800000,0x0000000033900000)]
  0x0000000028213000 JavaThread "http-nio-8080-exec-28" daemon [_thread_blocked, id=13940, stack(0x00000000330f0000,0x00000000331f0000)]
  0x0000000028212800 JavaThread "http-nio-8080-exec-27" daemon [_thread_blocked, id=13832, stack(0x00000000336a0000,0x00000000337a0000)]
  0x0000000028211800 JavaThread "http-nio-8080-exec-26" daemon [_thread_blocked, id=13788, stack(0x0000000033520000,0x0000000033620000)]
  0x0000000028211000 JavaThread "http-nio-8080-exec-25" daemon [_thread_blocked, id=10288, stack(0x0000000033400000,0x0000000033500000)]
  0x0000000028210000 JavaThread "http-nio-8080-exec-24" daemon [_thread_blocked, id=4916, stack(0x0000000033200000,0x0000000033300000)]
  0x000000002820f800 JavaThread "http-nio-8080-exec-23" daemon [_thread_blocked, id=7308, stack(0x0000000032fd0000,0x00000000330d0000)]
  0x000000002820e800 JavaThread "http-nio-8080-exec-22" daemon [_thread_blocked, id=9804, stack(0x0000000032ec0000,0x0000000032fc0000)]
  0x000000002820e000 JavaThread "http-nio-8080-exec-21" daemon [_thread_blocked, id=13264, stack(0x0000000032d40000,0x0000000032e40000)]
  0x000000002820d000 JavaThread "http-nio-8080-exec-20" daemon [_thread_blocked, id=10808, stack(0x0000000032bf0000,0x0000000032cf0000)]
  0x000000002820c800 JavaThread "http-nio-8080-exec-19" daemon [_thread_blocked, id=9444, stack(0x0000000032af0000,0x0000000032bf0000)]
  0x0000000028555800 JavaThread "http-nio-8080-exec-18" daemon [_thread_blocked, id=9432, stack(0x00000000329a0000,0x0000000032aa0000)]
  0x0000000028555000 JavaThread "http-nio-8080-exec-17" daemon [_thread_blocked, id=11540, stack(0x0000000032770000,0x0000000032870000)]
  0x0000000028554000 JavaThread "http-nio-8080-exec-16" daemon [_thread_blocked, id=12828, stack(0x0000000032870000,0x0000000032970000)]
  0x0000000028553800 JavaThread "http-nio-8080-exec-15" daemon [_thread_blocked, id=10560, stack(0x00000000325d0000,0x00000000326d0000)]
  0x0000000028552800 JavaThread "http-nio-8080-exec-14" daemon [_thread_blocked, id=13400, stack(0x00000000324c0000,0x00000000325c0000)]
  0x0000000028552000 JavaThread "http-nio-8080-exec-13" daemon [_thread_blocked, id=5192, stack(0x0000000032220000,0x0000000032320000)]
  0x0000000028551000 JavaThread "http-nio-8080-exec-12" daemon [_thread_blocked, id=11400, stack(0x00000000323a0000,0x00000000324a0000)]
  0x0000000028550800 JavaThread "http-nio-8080-exec-11" daemon [_thread_blocked, id=11856, stack(0x0000000031af0000,0x0000000031bf0000)]
  0x000000002854f800 JavaThread "http-nio-8080-exec-10" daemon [_thread_blocked, id=3380, stack(0x0000000032110000,0x0000000032210000)]
  0x000000002854f000 JavaThread "http-nio-8080-exec-9" daemon [_thread_blocked, id=10884, stack(0x0000000031f40000,0x0000000032040000)]
  0x000000002df34800 JavaThread "http-nio-8080-exec-8" daemon [_thread_blocked, id=13432, stack(0x0000000031e40000,0x0000000031f40000)]
  0x000000002df34000 JavaThread "http-nio-8080-exec-7" daemon [_thread_blocked, id=4960, stack(0x00000000310c0000,0x00000000311c0000)]
  0x000000002df33000 JavaThread "http-nio-8080-exec-6" daemon [_thread_blocked, id=14108, stack(0x0000000031c20000,0x0000000031d20000)]
  0x000000002df32800 JavaThread "http-nio-8080-exec-5" daemon [_thread_blocked, id=2940, stack(0x0000000031570000,0x0000000031670000)]
  0x000000002df31800 JavaThread "http-nio-8080-exec-4" daemon [_thread_blocked, id=13580, stack(0x00000000319f0000,0x0000000031af0000)]
  0x000000002df31000 JavaThread "http-nio-8080-exec-3" daemon [_thread_blocked, id=13716, stack(0x0000000030770000,0x0000000030870000)]
  0x000000002df30000 JavaThread "http-nio-8080-exec-2" daemon [_thread_blocked, id=12588, stack(0x0000000031880000,0x0000000031980000)]
  0x000000002df2f800 JavaThread "http-nio-8080-exec-1" daemon [_thread_blocked, id=13156, stack(0x00000000316d0000,0x00000000317d0000)]
  0x000000002df2e800 JavaThread "NioBlockingSelector.BlockPoller-1" daemon [_thread_in_native, id=7760, stack(0x0000000031430000,0x0000000031530000)]
  0x000000002df2e000 JavaThread "RMI TCP Connection(10)-127.0.0.1" daemon [_thread_in_native, id=13488, stack(0x0000000030e90000,0x0000000030f90000)]
  0x000000002dead000 JavaThread "Live Reload Server" daemon [_thread_in_native, id=9840, stack(0x0000000030d00000,0x0000000030e00000)]
  0x000000002deac800 JavaThread "File Watcher" daemon [_thread_blocked, id=11520, stack(0x0000000030b50000,0x0000000030c50000)]
  0x000000002deab800 JavaThread "Timer-0" daemon [_thread_blocked, id=9716, stack(0x0000000030a20000,0x0000000030b20000)]
  0x000000002deab000 JavaThread "quartzScheduler_QuartzSchedulerThread" [_thread_blocked, id=11584, stack(0x0000000030890000,0x0000000030990000)]
  0x000000002deaa000 JavaThread "quartzScheduler_Worker-10" [_thread_blocked, id=13736, stack(0x00000000304f0000,0x00000000305f0000)]
  0x000000002dea9800 JavaThread "quartzScheduler_Worker-9" [_thread_blocked, id=8824, stack(0x0000000030660000,0x0000000030760000)]
  0x000000002dea8800 JavaThread "quartzScheduler_Worker-8" [_thread_blocked, id=12504, stack(0x0000000030380000,0x0000000030480000)]
  0x000000002dea8000 JavaThread "quartzScheduler_Worker-7" [_thread_blocked, id=6300, stack(0x0000000030190000,0x0000000030290000)]
  0x000000002dea7000 JavaThread "quartzScheduler_Worker-6" [_thread_blocked, id=13540, stack(0x000000002ffd0000,0x00000000300d0000)]
  0x000000002dea6800 JavaThread "quartzScheduler_Worker-5" [_thread_blocked, id=9760, stack(0x000000002fdf0000,0x000000002fef0000)]
  0x0000000027e0e800 JavaThread "quartzScheduler_Worker-4" [_thread_blocked, id=12932, stack(0x000000002fc60000,0x000000002fd60000)]
  0x0000000027e0d800 JavaThread "quartzScheduler_Worker-3" [_thread_blocked, id=10180, stack(0x000000002f540000,0x000000002f640000)]
  0x0000000027e0d000 JavaThread "quartzScheduler_Worker-2" [_thread_blocked, id=5436, stack(0x000000002f980000,0x000000002fa80000)]
  0x0000000027e0c000 JavaThread "quartzScheduler_Worker-1" [_thread_blocked, id=12404, stack(0x000000002fac0000,0x000000002fbc0000)]
  0x0000000027e0b800 JavaThread "RMI TCP Connection(9)-127.0.0.1" daemon [_thread_in_native, id=6352, stack(0x000000002edd0000,0x000000002eed0000)]
  0x0000000027e0a800 JavaThread "RMI TCP Connection(7)-127.0.0.1" daemon [_thread_in_native, id=12452, stack(0x000000002f640000,0x000000002f740000)]
  0x0000000027e0a000 JavaThread "container-0" [_thread_blocked, id=11112, stack(0x000000002f020000,0x000000002f120000)]
  0x0000000027e09000 JavaThread "ContainerBackgroundProcessor[StandardEngine[Tomcat]]" daemon [_thread_blocked, id=13388, stack(0x000000002eef0000,0x000000002eff0000)]
  0x0000000027e08800 JavaThread "SimplePauseDetectorThread_0" daemon [_thread_blocked, id=10964, stack(0x000000002e6f0000,0x000000002e7f0000)]
  0x0000000027e07800 JavaThread "Thread-17" daemon [_thread_blocked, id=10880, stack(0x000000002ec70000,0x000000002ed70000)]
  0x0000000027e05800 JavaThread "lettuce-eventExecutorLoop-1-1" daemon [_thread_blocked, id=9664, stack(0x000000002cac0000,0x000000002cbc0000)]
  0x0000000027e04800 JavaThread "RMI TCP Connection(5)-127.0.0.1" daemon [_thread_in_native, id=8056, stack(0x000000002c1f0000,0x000000002c2f0000)]
  0x0000000027e04000 JavaThread "mybatis-plus MapperRefresh" [_thread_blocked, id=2252, stack(0x000000002cc00000,0x000000002cd00000)]
  0x0000000027e03000 JavaThread "System Clock" daemon [_thread_blocked, id=12080, stack(0x000000002c9c0000,0x000000002cac0000)]
  0x0000000027e02800 JavaThread "Druid-ConnectionPool-Destroy-517459971" daemon [_thread_blocked, id=7388, stack(0x000000002c7c0000,0x000000002c8c0000)]
  0x0000000027e01800 JavaThread "Druid-ConnectionPool-Create-517459971" daemon [_thread_blocked, id=11028, stack(0x000000002c630000,0x000000002c730000)]
  0x0000000027e01000 JavaThread "Abandoned connection cleanup thread" daemon [_thread_blocked, id=11412, stack(0x000000002c330000,0x000000002c430000)]
  0x0000000027dff800 JavaThread "RMI TCP Connection(3)-127.0.0.1" daemon [_thread_in_native, id=11484, stack(0x000000002a300000,0x000000002a400000)]
  0x0000000027de4800 JavaThread "RMI Scheduler(0)" daemon [_thread_blocked, id=11448, stack(0x000000002a1c0000,0x000000002a2c0000)]
  0x0000000027d27000 JavaThread "RMI TCP Connection(1)-127.0.0.1" daemon [_thread_in_native, id=12576, stack(0x0000000029ec0000,0x0000000029fc0000)]
  0x0000000027a48000 JavaThread "RMI TCP Accept-0" daemon [_thread_in_native, id=12060, stack(0x00000000293c0000,0x00000000294c0000)]
  0x0000000027a30800 JavaThread "RMI TCP Accept-57934" daemon [_thread_in_native, id=14224, stack(0x0000000029090000,0x0000000029190000)]
  0x0000000027a29800 JavaThread "RMI TCP Accept-0" daemon [_thread_in_native, id=10636, stack(0x00000000292c0000,0x00000000293c0000)]
  0x000000002777b000 JavaThread "Service Thread" daemon [_thread_blocked, id=14076, stack(0x0000000028d80000,0x0000000028e80000)]
  0x0000000027776000 JavaThread "C1 CompilerThread2" daemon [_thread_blocked, id=1052, stack(0x0000000028ad0000,0x0000000028bd0000)]
  0x0000000027775800 JavaThread "C2 CompilerThread1" daemon [_thread_blocked, id=9156, stack(0x0000000028980000,0x0000000028a80000)]
  0x000000002771e000 JavaThread "C2 CompilerThread0" daemon [_thread_blocked, id=6508, stack(0x0000000028740000,0x0000000028840000)]
  0x000000002771c800 JavaThread "Monitor Ctrl-Break" daemon [_thread_in_native, id=13900, stack(0x0000000026cc0000,0x0000000026dc0000)]
  0x00000000253ee800 JavaThread "Attach Listener" daemon [_thread_blocked, id=9252, stack(0x0000000026dd0000,0x0000000026ed0000)]
  0x00000000253de800 JavaThread "Signal Dispatcher" daemon [_thread_blocked, id=13380, stack(0x0000000026640000,0x0000000026740000)]
  0x00000000253ca800 JavaThread "Finalizer" daemon [_thread_blocked, id=14168, stack(0x00000000267c0000,0x00000000268c0000)]
  0x0000000025383800 JavaThread "Reference Handler" daemon [_thread_blocked, id=13472, stack(0x0000000026510000,0x0000000026610000)]

Other Threads:
  0x000000002537c000 VMThread [stack: 0x00000000263f0000,0x00000000264f0000] [id=9560]
  0x0000000027ae3000 WatcherThread [stack: 0x0000000029610000,0x0000000029710000] [id=10484]

VM state:not at safepoint (normal execution)

VM Mutex/Monitor currently owned by a thread: None

Heap:
 PSYoungGen      total 606208K, used 104828K [0x0000000715900000, 0x000000073cf00000, 0x00000007c0000000)
  eden space 588800K, 15% used [0x0000000715900000,0x000000071afae6b0,0x0000000739800000)
  from space 17408K, 92% used [0x000000073be00000,0x000000073cdb0af8,0x000000073cf00000)
  to   space 28160K, 0% used [0x0000000739800000,0x0000000739800000,0x000000073b380000)
 ParOldGen       total 463872K, used 49895K [0x00000005c0a00000, 0x00000005dcf00000, 0x0000000715900000)
  object space 463872K, 10% used [0x00000005c0a00000,0x00000005c3ab9df0,0x00000005dcf00000)
 Metaspace       used 68591K, capacity 72290K, committed 72576K, reserved 1112064K
  class space    used 9126K, capacity 9766K, committed 9856K, reserved 1048576K

Card table byte_map: [0x0000000011980000,0x0000000012980000] byte_map_base: 0x000000000eb7b000

Marking Bits: (ParMarkBitMap*) 0x000000007050c720
 Begin Bits: [0x0000000013a40000, 0x000000001ba18000)
 End Bits:   [0x000000001ba18000, 0x00000000239f0000)

Polling page: 0x00000000001a0000

CodeCache: size=245760Kb used=15175Kb max_used=15230Kb free=230584Kb
 bounds [0x00000000025c0000, 0x00000000034b0000, 0x00000000115c0000]
 total_blobs=8653 nmethods=8006 adapters=558
 compilation: enabled

Compilation events (10 events):
Event: 23.722 Thread 0x0000000027776000 8162       1       org.bytedeco.javacpp.Pointer::equals (82 bytes)
Event: 23.723 Thread 0x0000000027776000 nmethod 8162 0x000000000308ce90 code [0x000000000308d000, 0x000000000308d250]
Event: 23.723 Thread 0x0000000027776000 8164       1       java.nio.DirectByteBuffer::asFloatBuffer (151 bytes)
Event: 23.723 Thread 0x0000000027776000 nmethod 8164 0x0000000003035610 code [0x0000000003035780, 0x0000000003035a58]
Event: 23.723 Thread 0x0000000027776000 8165       1       java.nio.DirectFloatBufferU::<init> (30 bytes)
Event: 23.723 Thread 0x0000000027776000 nmethod 8165 0x00000000030351d0 code [0x0000000003035340, 0x0000000003035538]
Event: 23.723 Thread 0x0000000027776000 8166       1       java.nio.DirectShortBufferU::isDirect (2 bytes)
Event: 23.723 Thread 0x0000000027776000 nmethod 8166 0x0000000003034f10 code [0x0000000003035060, 0x0000000003035170]
Event: 23.935 Thread 0x0000000027776000 8168       1       java.nio.channels.spi.AbstractSelector::cancelledKeys (5 bytes)
Event: 23.936 Thread 0x0000000027776000 nmethod 8168 0x0000000003034890 code [0x00000000030349e0, 0x0000000003034af0]

GC Heap History (10 events):
Event: 9.039 GC heap before
{Heap before GC invocations=11 (full 2):
 PSYoungGen      total 435200K, used 434919K [0x0000000715900000, 0x0000000732100000, 0x00000007c0000000)
  eden space 419328K, 100% used [0x0000000715900000,0x000000072f280000,0x000000072f280000)
  from space 15872K, 98% used [0x0000000731180000,0x00000007320b9f58,0x0000000732100000)
  to   space 20480K, 0% used [0x000000072f900000,0x000000072f900000,0x0000000730d00000)
 ParOldGen       total 321536K, used 23662K [0x00000005c0a00000, 0x00000005d4400000, 0x0000000715900000)
  object space 321536K, 7% used [0x00000005c0a00000,0x00000005c211ba38,0x00000005d4400000)
 Metaspace       used 52475K, capacity 55000K, committed 55296K, reserved 1097728K
  class space    used 6834K, capacity 7300K, committed 7424K, reserved 1048576K
Event: 9.055 GC heap after
Heap after GC invocations=11 (full 2):
 PSYoungGen      total 446464K, used 20454K [0x0000000715900000, 0x0000000737780000, 0x00000007c0000000)
  eden space 425984K, 0% used [0x0000000715900000,0x0000000715900000,0x000000072f900000)
  from space 20480K, 99% used [0x000000072f900000,0x0000000730cf9908,0x0000000730d00000)
  to   space 23040K, 0% used [0x0000000736100000,0x0000000736100000,0x0000000737780000)
 ParOldGen       total 321536K, used 25589K [0x00000005c0a00000, 0x00000005d4400000, 0x0000000715900000)
  object space 321536K, 7% used [0x00000005c0a00000,0x00000005c22fd620,0x00000005d4400000)
 Metaspace       used 52475K, capacity 55000K, committed 55296K, reserved 1097728K
  class space    used 6834K, capacity 7300K, committed 7424K, reserved 1048576K
}
Event: 10.730 GC heap before
{Heap before GC invocations=12 (full 2):
 PSYoungGen      total 446464K, used 395354K [0x0000000715900000, 0x0000000737780000, 0x00000007c0000000)
  eden space 425984K, 88% used [0x0000000715900000,0x000000072c71d118,0x000000072f900000)
  from space 20480K, 99% used [0x000000072f900000,0x0000000730cf9908,0x0000000730d00000)
  to   space 23040K, 0% used [0x0000000736100000,0x0000000736100000,0x0000000737780000)
 ParOldGen       total 321536K, used 25589K [0x00000005c0a00000, 0x00000005d4400000, 0x0000000715900000)
  object space 321536K, 7% used [0x00000005c0a00000,0x00000005c22fd620,0x00000005d4400000)
 Metaspace       used 56324K, capacity 59078K, committed 59136K, reserved 1099776K
  class space    used 7412K, capacity 7910K, committed 7936K, reserved 1048576K
Event: 10.800 GC heap after
Heap after GC invocations=12 (full 2):
 PSYoungGen      total 527872K, used 23032K [0x0000000715900000, 0x0000000739d80000, 0x00000007c0000000)
  eden space 504832K, 0% used [0x0000000715900000,0x0000000715900000,0x0000000734600000)
  from space 23040K, 99% used [0x0000000736100000,0x000000073777e110,0x0000000737780000)
  to   space 27648K, 0% used [0x0000000734600000,0x0000000734600000,0x0000000736100000)
 ParOldGen       total 321536K, used 31843K [0x00000005c0a00000, 0x00000005d4400000, 0x0000000715900000)
  object space 321536K, 9% used [0x00000005c0a00000,0x00000005c2918f80,0x00000005d4400000)
 Metaspace       used 56324K, capacity 59078K, committed 59136K, reserved 1099776K
  class space    used 7412K, capacity 7910K, committed 7936K, reserved 1048576K
}
Event: 10.800 GC heap before
{Heap before GC invocations=13 (full 3):
 PSYoungGen      total 527872K, used 23032K [0x0000000715900000, 0x0000000739d80000, 0x00000007c0000000)
  eden space 504832K, 0% used [0x0000000715900000,0x0000000715900000,0x0000000734600000)
  from space 23040K, 99% used [0x0000000736100000,0x000000073777e110,0x0000000737780000)
  to   space 27648K, 0% used [0x0000000734600000,0x0000000734600000,0x0000000736100000)
 ParOldGen       total 321536K, used 31843K [0x00000005c0a00000, 0x00000005d4400000, 0x0000000715900000)
  object space 321536K, 9% used [0x00000005c0a00000,0x00000005c2918f80,0x00000005d4400000)
 Metaspace       used 56324K, capacity 59078K, committed 59136K, reserved 1099776K
  class space    used 7412K, capacity 7910K, committed 7936K, reserved 1048576K
Event: 11.189 GC heap after
Heap after GC invocations=13 (full 3):
 PSYoungGen      total 527872K, used 0K [0x0000000715900000, 0x0000000739d80000, 0x00000007c0000000)
  eden space 504832K, 0% used [0x0000000715900000,0x0000000715900000,0x0000000734600000)
  from space 23040K, 0% used [0x0000000736100000,0x0000000736100000,0x0000000737780000)
  to   space 27648K, 0% used [0x0000000734600000,0x0000000734600000,0x0000000736100000)
 ParOldGen       total 463872K, used 49879K [0x00000005c0a00000, 0x00000005dcf00000, 0x0000000715900000)
  object space 463872K, 10% used [0x00000005c0a00000,0x00000005c3ab5df0,0x00000005dcf00000)
 Metaspace       used 56291K, capacity 59024K, committed 59136K, reserved 1099776K
  class space    used 7407K, capacity 7901K, committed 7936K, reserved 1048576K
}
Event: 12.457 GC heap before
{Heap before GC invocations=14 (full 3):
 PSYoungGen      total 527872K, used 504832K [0x0000000715900000, 0x0000000739d80000, 0x00000007c0000000)
  eden space 504832K, 100% used [0x0000000715900000,0x0000000734600000,0x0000000734600000)
  from space 23040K, 0% used [0x0000000736100000,0x0000000736100000,0x0000000737780000)
  to   space 27648K, 0% used [0x0000000734600000,0x0000000734600000,0x0000000736100000)
 ParOldGen       total 463872K, used 49879K [0x00000005c0a00000, 0x00000005dcf00000, 0x0000000715900000)
  object space 463872K, 10% used [0x00000005c0a00000,0x00000005c3ab5df0,0x00000005dcf00000)
 Metaspace       used 57071K, capacity 59860K, committed 60032K, reserved 1101824K
  class space    used 7545K, capacity 8041K, committed 8064K, reserved 1048576K
Event: 12.461 GC heap after
Heap after GC invocations=14 (full 3):
 PSYoungGen      total 532480K, used 1904K [0x0000000715900000, 0x000000073da00000, 0x00000007c0000000)
  eden space 504832K, 0% used [0x0000000715900000,0x0000000715900000,0x0000000734600000)
  from space 27648K, 6% used [0x0000000734600000,0x00000007347dc1b0,0x0000000736100000)
  to   space 28672K, 0% used [0x000000073be00000,0x000000073be00000,0x000000073da00000)
 ParOldGen       total 463872K, used 49887K [0x00000005c0a00000, 0x00000005dcf00000, 0x0000000715900000)
  object space 463872K, 10% used [0x00000005c0a00000,0x00000005c3ab7df0,0x00000005dcf00000)
 Metaspace       used 57071K, capacity 59860K, committed 60032K, reserved 1101824K
  class space    used 7545K, capacity 8041K, committed 8064K, reserved 1048576K
}
Event: 14.253 GC heap before
{Heap before GC invocations=15 (full 3):
 PSYoungGen      total 532480K, used 506736K [0x0000000715900000, 0x000000073da00000, 0x00000007c0000000)
  eden space 504832K, 100% used [0x0000000715900000,0x0000000734600000,0x0000000734600000)
  from space 27648K, 6% used [0x0000000734600000,0x00000007347dc1b0,0x0000000736100000)
  to   space 28672K, 0% used [0x000000073be00000,0x000000073be00000,0x000000073da00000)
 ParOldGen       total 463872K, used 49887K [0x00000005c0a00000, 0x00000005dcf00000, 0x0000000715900000)
  object space 463872K, 10% used [0x00000005c0a00000,0x00000005c3ab7df0,0x00000005dcf00000)
 Metaspace       used 68429K, capacity 72060K, committed 72320K, reserved 1112064K
  class space    used 9112K, capacity 9733K, committed 9856K, reserved 1048576K
Event: 14.265 GC heap after
Heap after GC invocations=15 (full 3):
 PSYoungGen      total 606208K, used 16066K [0x0000000715900000, 0x000000073cf00000, 0x00000007c0000000)
  eden space 588800K, 0% used [0x0000000715900000,0x0000000715900000,0x0000000739800000)
  from space 17408K, 92% used [0x000000073be00000,0x000000073cdb0af8,0x000000073cf00000)
  to   space 28160K, 0% used [0x0000000739800000,0x0000000739800000,0x000000073b380000)
 ParOldGen       total 463872K, used 49895K [0x00000005c0a00000, 0x00000005dcf00000, 0x0000000715900000)
  object space 463872K, 10% used [0x00000005c0a00000,0x00000005c3ab9df0,0x00000005dcf00000)
 Metaspace       used 68429K, capacity 72060K, committed 72320K, reserved 1112064K
  class space    used 9112K, capacity 9733K, committed 9856K, reserved 1048576K
}

Deoptimization events (0 events):
No events

Internal exceptions (10 events):
Event: 13.448 Thread 0x0000000027be9800 Exception <a 'java/lang/ArrayIndexOutOfBoundsException'> (0x000000072d6fd540) thrown at [C:\re\workspace\8-2-build-windows-amd64-cygwin\jdk8u131\8869\hotspot\src\share\vm\runtime\sharedRuntime.cpp, line 605]
Event: 13.450 Thread 0x0000000027be9800 Exception <a 'java/lang/ArrayIndexOutOfBoundsException'> (0x000000072d717480) thrown at [C:\re\workspace\8-2-build-windows-amd64-cygwin\jdk8u131\8869\hotspot\src\share\vm\runtime\sharedRuntime.cpp, line 605]
Event: 13.454 Thread 0x0000000027be9800 Exception <a 'java/lang/ArrayIndexOutOfBoundsException'> (0x000000072d7314c8) thrown at [C:\re\workspace\8-2-build-windows-amd64-cygwin\jdk8u131\8869\hotspot\src\share\vm\runtime\sharedRuntime.cpp, line 605]
Event: 13.456 Thread 0x0000000027be9800 Exception <a 'java/lang/ArrayIndexOutOfBoundsException'> (0x000000072d748648) thrown at [C:\re\workspace\8-2-build-windows-amd64-cygwin\jdk8u131\8869\hotspot\src\share\vm\runtime\sharedRuntime.cpp, line 605]
Event: 13.459 Thread 0x0000000027be9800 Exception <a 'java/lang/ArrayIndexOutOfBoundsException'> (0x000000072d7675f0) thrown at [C:\re\workspace\8-2-build-windows-amd64-cygwin\jdk8u131\8869\hotspot\src\share\vm\runtime\sharedRuntime.cpp, line 605]
Event: 13.462 Thread 0x0000000027be9800 Exception <a 'java/lang/ArrayIndexOutOfBoundsException'> (0x000000072d77f7d8) thrown at [C:\re\workspace\8-2-build-windows-amd64-cygwin\jdk8u131\8869\hotspot\src\share\vm\runtime\sharedRuntime.cpp, line 605]
Event: 13.467 Thread 0x0000000027be9800 Exception <a 'java/lang/ArrayIndexOutOfBoundsException'> (0x000000072d892ba8) thrown at [C:\re\workspace\8-2-build-windows-amd64-cygwin\jdk8u131\8869\hotspot\src\share\vm\runtime\sharedRuntime.cpp, line 605]
Event: 13.666 Thread 0x000000002e63a800 Exception <a 'java/lang/ArrayIndexOutOfBoundsException'> (0x000000072f979640) thrown at [C:\re\workspace\8-2-build-windows-amd64-cygwin\jdk8u131\8869\hotspot\src\share\vm\runtime\sharedRuntime.cpp, line 605]
Event: 13.666 Thread 0x000000002e63a800 Exception <a 'java/lang/ArrayIndexOutOfBoundsException'> (0x000000072f97a530) thrown at [C:\re\workspace\8-2-build-windows-amd64-cygwin\jdk8u131\8869\hotspot\src\share\vm\runtime\sharedRuntime.cpp, line 605]
Event: 13.751 Thread 0x000000002dff3000 Exception <a 'java/lang/ArrayIndexOutOfBoundsException'> (0x0000000730cb8fd8) thrown at [C:\re\workspace\8-2-build-windows-amd64-cygwin\jdk8u131\8869\hotspot\src\share\vm\runtime\sharedRuntime.cpp, line 605]

Events (10 events):
Event: 21.357 Thread 0x0000000027776000 flushing nmethod 0x0000000002d82c90
Event: 21.467 Thread 0x0000000027776000 flushing nmethod 0x0000000002f99b10
Event: 21.467 Thread 0x0000000027776000 flushing nmethod 0x0000000002fdedd0
Event: 21.468 Thread 0x0000000027776000 flushing nmethod 0x0000000003031bd0
Event: 21.468 Thread 0x0000000027776000 flushing nmethod 0x000000000308ce90
Event: 21.468 Thread 0x0000000027776000 flushing nmethod 0x0000000003103ed0
Event: 21.488 Thread 0x0000000027776000 flushing nmethod 0x000000000316e090
Event: 21.488 Thread 0x0000000027776000 flushing nmethod 0x000000000316f290
Event: 21.488 Thread 0x0000000027776000 flushing nmethod 0x000000000317b610
Event: 21.488 Thread 0x0000000027776000 flushing nmethod 0x00000000031ca250


Dynamic libraries:
0x000000013f3e0000 - 0x000000013f417000 	C:\Program Files\Java\jdk1.8.0_131\bin\java.exe
0x0000000077a80000 - 0x0000000077c1f000 	C:\Windows\SYSTEM32\ntdll.dll
0x0000000077960000 - 0x0000000077a7f000 	C:\Windows\system32\kernel32.dll
0x000007fefd980000 - 0x000007fefd9ea000 	C:\Windows\system32\KERNELBASE.dll
0x000007fefe0b0000 - 0x000007fefe18b000 	C:\Windows\system32\ADVAPI32.dll
0x000007fefe770000 - 0x000007fefe80f000 	C:\Windows\system32\msvcrt.dll
0x000007fefe090000 - 0x000007fefe0af000 	C:\Windows\SYSTEM32\sechost.dll
0x000007fefe4b0000 - 0x000007fefe5dd000 	C:\Windows\system32\RPCRT4.dll
0x0000000077860000 - 0x000000007795a000 	C:\Windows\system32\USER32.dll
0x000007fefdf50000 - 0x000007fefdfb7000 	C:\Windows\system32\GDI32.dll
0x000007fefe4a0000 - 0x000007fefe4ae000 	C:\Windows\system32\LPK.dll
0x000007feffb00000 - 0x000007feffbcb000 	C:\Windows\system32\USP10.dll
0x000007fefbf00000 - 0x000007fefc0f4000 	C:\Windows\WinSxS\amd64_microsoft.windows.common-controls_6595b64144ccf1df_6.0.7601.18837_none_fa3b1e3d17594757\COMCTL32.dll
0x000007feff8a0000 - 0x000007feff911000 	C:\Windows\system32\SHLWAPI.dll
0x000007fefdf20000 - 0x000007fefdf4e000 	C:\Windows\system32\IMM32.DLL
0x000007feffbd0000 - 0x000007feffcd9000 	C:\Windows\system32\MSCTF.dll
0x0000000062ec0000 - 0x0000000062f92000 	C:\Program Files\Java\jdk1.8.0_131\jre\bin\msvcr100.dll
0x000000006fcf0000 - 0x000000007058c000 	C:\Program Files\Java\jdk1.8.0_131\jre\bin\server\jvm.dll
0x000007fef1130000 - 0x000007fef1139000 	C:\Windows\system32\WSOCK32.dll
0x000007fefe450000 - 0x000007fefe49d000 	C:\Windows\system32\WS2_32.dll
0x000007fefdfe0000 - 0x000007fefdfe8000 	C:\Windows\system32\NSI.dll
0x000007fefda20000 - 0x000007fefda5b000 	C:\Windows\system32\WINMM.dll
0x000007fefc860000 - 0x000007fefc86c000 	C:\Windows\system32\VERSION.dll
0x0000000077c20000 - 0x0000000077c27000 	C:\Windows\system32\PSAPI.DLL
0x0000000063e30000 - 0x0000000063e3f000 	C:\Program Files\Java\jdk1.8.0_131\jre\bin\verify.dll
0x0000000063e00000 - 0x0000000063e29000 	C:\Program Files\Java\jdk1.8.0_131\jre\bin\java.dll
0x0000000063a60000 - 0x0000000063a83000 	C:\Program Files\Java\jdk1.8.0_131\jre\bin\instrument.dll
0x0000000063d70000 - 0x0000000063d86000 	C:\Program Files\Java\jdk1.8.0_131\jre\bin\zip.dll
0x000007fefeb10000 - 0x000007feff89a000 	C:\Windows\system32\SHELL32.dll
0x000007fefdbf0000 - 0x000007fefddef000 	C:\Windows\system32\ole32.dll
0x000007fefd740000 - 0x000007fefd74f000 	C:\Windows\system32\profapi.dll
0x000007fef1080000 - 0x000007fef109a000 	E:\nieyue\idea\bin\breakgen64.dll
0x0000000063d50000 - 0x0000000063d6a000 	C:\Program Files\Java\jdk1.8.0_131\jre\bin\net.dll
0x000007fefcf30000 - 0x000007fefcf85000 	C:\Windows\system32\mswsock.dll
0x000007fefcf20000 - 0x000007fefcf27000 	C:\Windows\System32\wship6.dll
0x0000000063e40000 - 0x0000000063e4d000 	C:\Program Files\Java\jdk1.8.0_131\jre\bin\management.dll
0x0000000063c70000 - 0x0000000063c81000 	C:\Program Files\Java\jdk1.8.0_131\jre\bin\nio.dll
0x000007fefb420000 - 0x000007fefb435000 	C:\Windows\system32\NLAapi.dll
0x000007fef5860000 - 0x000007fef5875000 	C:\Windows\system32\napinsp.dll
0x000007fef5840000 - 0x000007fef5859000 	C:\Windows\system32\pnrpnsp.dll
0x000007fefcdb0000 - 0x000007fefce0b000 	C:\Windows\system32\DNSAPI.dll
0x000007fef5830000 - 0x000007fef583b000 	C:\Windows\System32\winrnr.dll
0x0000000072920000 - 0x0000000072946000 	C:\Program Files\Bonjour\mdnsNSP.dll
0x000007fefb2c0000 - 0x000007fefb2e7000 	C:\Windows\system32\Iphlpapi.DLL
0x000007fefb2b0000 - 0x000007fefb2bb000 	C:\Windows\system32\WINNSI.DLL
0x000007fefc930000 - 0x000007fefc937000 	C:\Windows\System32\wshtcpip.dll
0x000007fef8890000 - 0x000007fef8898000 	C:\Windows\system32\rasadhlp.dll
0x000007fef9f60000 - 0x000007fef9fb3000 	C:\Windows\System32\fwpuclnt.dll
0x000007fefd080000 - 0x000007fefd098000 	C:\Windows\system32\CRYPTSP.dll
0x000007fefcc90000 - 0x000007fefccd7000 	C:\Windows\system32\rsaenh.dll
0x000007fefca50000 - 0x000007fefca6e000 	C:\Windows\system32\USERENV.dll
0x000007fefd630000 - 0x000007fefd63f000 	C:\Windows\system32\CRYPTBASE.dll
0x000007fef9ea0000 - 0x000007fef9eb8000 	C:\Windows\system32\dhcpcsvc.DLL
0x000007fef9e60000 - 0x000007fef9e71000 	C:\Windows\system32\dhcpcsvc6.DLL
0x0000000063930000 - 0x0000000063954000 	C:\Program Files\Java\jdk1.8.0_131\jre\bin\sunec.dll
0x00000000615b0000 - 0x0000000061748000 	C:\Program Files\Java\jdk1.8.0_131\jre\bin\awt.dll
0x000007fefe370000 - 0x000007fefe44a000 	C:\Windows\system32\OLEAUT32.dll
0x000007feeebd0000 - 0x000007feeec8b000 	C:\Users\Administrator\.javacpp\cache\ffmpeg-4.0.2-1.4.3-windows-x86_64.jar\org\bytedeco\javacpp\windows-x86_64\avutil-56.dll
0x000007fefd0e0000 - 0x000007fefd102000 	C:\Windows\system32\bcrypt.dll
0x0000000030290000 - 0x0000000030377000 	C:\Users\Administrator\.javacpp\cache\ffmpeg-4.0.2-1.4.3-windows-x86_64.jar\org\bytedeco\javacpp\windows-x86_64\jniavutil.dll
0x000007feeef40000 - 0x000007feeef67000 	C:\Users\Administrator\.javacpp\cache\ffmpeg-4.0.2-1.4.3-windows-x86_64.jar\org\bytedeco\javacpp\windows-x86_64\swresample-3.dll
0x0000000002350000 - 0x000000000237e000 	C:\Users\Administrator\.javacpp\cache\ffmpeg-4.0.2-1.4.3-windows-x86_64.jar\org\bytedeco\javacpp\windows-x86_64\jniswresample.dll
0x000007feeb150000 - 0x000007feed3d1000 	C:\Users\Administrator\.javacpp\cache\ffmpeg-4.0.2-1.4.3-windows-x86_64.jar\org\bytedeco\javacpp\windows-x86_64\avcodec-58.dll
0x000000006a1c0000 - 0x000000006a424000 	C:\Users\Administrator\.javacpp\cache\ffmpeg-4.0.2-1.4.3-windows-x86_64.jar\org\bytedeco\javacpp\windows-x86_64\jniavcodec.dll
0x000007feed8f0000 - 0x000007feeddb1000 	C:\Users\Administrator\.javacpp\cache\ffmpeg-4.0.2-1.4.3-windows-x86_64.jar\org\bytedeco\javacpp\windows-x86_64\avformat-58.dll
0x000007fefd810000 - 0x000007fefd97d000 	C:\Windows\system32\CRYPT32.dll
0x000007fefd7e0000 - 0x000007fefd7ef000 	C:\Windows\system32\MSASN1.dll
0x000000006abc0000 - 0x000000006ad0a000 	C:\Users\Administrator\.javacpp\cache\ffmpeg-4.0.2-1.4.3-windows-x86_64.jar\org\bytedeco\javacpp\windows-x86_64\jniavformat.dll
0x000007feee4c0000 - 0x000007feee555000 	C:\Users\Administrator\.javacpp\cache\ffmpeg-4.0.2-1.4.3-windows-x86_64.jar\org\bytedeco\javacpp\windows-x86_64\swscale-5.dll
0x0000000067cc0000 - 0x0000000067cf6000 	C:\Users\Administrator\.javacpp\cache\ffmpeg-4.0.2-1.4.3-windows-x86_64.jar\org\bytedeco\javacpp\windows-x86_64\jniswscale.dll
0x000007fef0230000 - 0x000007fef025a000 	C:\Users\Administrator\.javacpp\cache\ffmpeg-4.0.2-1.4.3-windows-x86_64.jar\org\bytedeco\javacpp\windows-x86_64\postproc-55.dll
0x000000006a0c0000 - 0x000000006a0ed000 	C:\Users\Administrator\.javacpp\cache\ffmpeg-4.0.2-1.4.3-windows-x86_64.jar\org\bytedeco\javacpp\windows-x86_64\jnipostproc.dll
0x000007feed560000 - 0x000007feed8e1000 	C:\Users\Administrator\.javacpp\cache\ffmpeg-4.0.2-1.4.3-windows-x86_64.jar\org\bytedeco\javacpp\windows-x86_64\avfilter-7.dll
0x0000000064400000 - 0x0000000064477000 	C:\Users\Administrator\.javacpp\cache\ffmpeg-4.0.2-1.4.3-windows-x86_64.jar\org\bytedeco\javacpp\windows-x86_64\jniavfilter.dll
0x000007feeecf0000 - 0x000007feeed1c000 	C:\Users\Administrator\.javacpp\cache\ffmpeg-4.0.2-1.4.3-windows-x86_64.jar\org\bytedeco\javacpp\windows-x86_64\avdevice-58.dll
0x000007fef79a0000 - 0x000007fef79b7000 	C:\Windows\system32\AVICAP32.dll
0x000007feeee50000 - 0x000007feeee79000 	C:\Windows\system32\MSVFW32.dll
0x0000000002400000 - 0x0000000002439000 	C:\Users\Administrator\.javacpp\cache\ffmpeg-4.0.2-1.4.3-windows-x86_64.jar\org\bytedeco\javacpp\windows-x86_64\jniavdevice.dll
0x000007fef6ab0000 - 0x000007fef6bd5000 	C:\Windows\system32\dbghelp.dll

VM Arguments:
jvm_args: -XX:TieredStopAtLevel=1 -Xverify:none -Dspring.output.ansi.enabled=always -Dcom.sun.management.jmxremote -Dcom.sun.management.jmxremote.port=57934 -Dcom.sun.management.jmxremote.authenticate=false -Dcom.sun.management.jmxremote.ssl=false -Djava.rmi.server.hostname=localhost -Dspring.liveBeansView.mbeanDomain -Dspring.application.admin.enabled=true -javaagent:E:\nieyue\idea\lib\idea_rt.jar=57935:E:\nieyue\idea\bin -Dfile.encoding=UTF-8 
java_command: com.nieyue.Application
java_class_path (initial): C:\Users\Administrator\AppData\Local\Temp\classpath909711519.jar;E:\nieyue\idea\lib\idea_rt.jar
Launcher Type: SUN_STANDARD

Environment Variables:
JAVA_HOME=C:\Program Files\Java\jdk1.8.0_131
CLASSPATH=.;C:\Program Files\Java\jdk1.8.0_131\lib\dt.jar;C:\Program Files\Java\jdk1.8.0_131\lib\tools.jar;
PATH=C:\ProgramData\Oracle\Java\javapath;C:\Program Files\Java\jdk1.8.0_131\bin;C:\Program Files\Java\jdk1.8.0_131\jre\bin;C:\Windows\system32;C:\Windows;C:\Windows\System32\Wbem;C:\Windows\System32\WindowsPowerShell\v1.0\;C:\Program Files\nodejs;C:\Program Files (x86)\Git\bin;C:\Program Files (x86)\MySQL\MySQL Fabric 1.5.2 & MySQL Utilities 1.5.2 1.5\;C:\Program Files (x86)\MySQL\MySQL Fabric 1.5.2 & MySQL Utilities 1.5.2 1.5\Doctrine extensions for PHP\;C:\Program Files\MySQL\MySQL Server 5.6\bin;C:\Users\Administrator\AppData\Roaming\npm;D:\java\spring-boot-cli\spring-1.5.1.RELEASE\bin;D:\java\maven\apache-maven-3.3.3\bin;D:\java\gradle\gradle-3.5\bin;C:\MinGW\bin;C:\Python27;D:\java\AndroidStudio\SDKTools\platforms;D:\java\AndroidStudio\SDKTools\platform-tools;D:\java\AndroidStudio\SDKTools\tools;C:\Users\Administrator\source\repos\Dll2\Debug;C:\javalibrarypath;C:\Program Files\TortoiseSVN\bin;E:\WAMPP\php;C:\Program Files (x86)\Microsoft SQL Server\100\Tools\Binn\;C:\Program Files\Microsoft SQL Server\100\Tools\Binn\;C:\Program Files\Microsoft SQL Server\100\DTS\Binn\;C:\Program Files (x86)\Microsoft SQL Server\100\DTS\Binn\;C:\Program Files (x86)\Microsoft SQL Server\100\Tools\Binn\VSShell\Common7\IDE\;D:\java\Pyton\python3;C:\Program Files\nodejs\;D:\java\Pyton\python3\Scripts;;D:\java\VSCODE\Microsoft VS Code\bin;C:\javalibrarypath;E:\Fiddler;C:\Users\Administrator\AppData\Roaming\npm
USERNAME=Administrator
OS=Windows_NT
PROCESSOR_IDENTIFIER=Intel64 Family 6 Model 94 Stepping 3, GenuineIntel



---------------  S Y S T E M  ---------------

OS: Windows 7 , 64 bit Build 7601 (6.1.7601.24308)

CPU:total 4 (initial active 4) (4 cores per cpu, 1 threads per core) family 6 model 94 stepping 3, cmov, cx8, fxsr, mmx, sse, sse2, sse3, ssse3, sse4.1, sse4.2, popcnt, avx, avx2, aes, clmul, erms, rtm, 3dnowpref, lzcnt, tsc, tscinvbit, bmi1, bmi2, adx

Memory: 4k page, physical 33505792k(14632220k free), swap 67009684k(45977220k free)

vm_info: Java HotSpot(TM) 64-Bit Server VM (25.131-b11) for windows-amd64 JRE (1.8.0_131-b11), built on Mar 15 2017 01:23:53 by "java_re" with MS VC++ 10.0 (VS2010)

time: Tue Jan 08 19:14:32 2019
elapsed time: 26 seconds (0d 0h 0m 26s)

