#
# A fatal error has been detected by the Java Runtime Environment:
#
#  EXCEPTION_ACCESS_VIOLATION (0xc0000005) at pc=0x00007ff8b90044da, pid=22924, tid=0x0000000000005f90
#
# JRE version: Java(TM) SE Runtime Environment (8.0_131-b11) (build 1.8.0_131-b11)
# Java VM: Java HotSpot(TM) 64-Bit Server VM (25.131-b11 mixed mode windows-amd64 compressed oops)
# Problematic frame:
# C  [msvcrt.dll+0x744da]
#
# Failed to write core dump. Minidumps are not enabled by default on client versions of Windows
#
# If you would like to submit a bug report, please visit:
#   http://bugreport.java.com/bugreport/crash.jsp
# The crash happened outside the Java Virtual Machine in native code.
# See problematic frame for where to report the bug.
#

---------------  T H R E A D  ---------------

Current thread (0x000000001f377800):  JavaThread "Thread-74" daemon [_thread_in_native, id=24464, stack(0x0000000039bc0000,0x0000000039cc0000)]

siginfo: ExceptionCode=0xc0000005, reading address 0x0000000033ed50f4

Registers:
RAX=0x0000000039cbe5cc, RBX=0x00000000300fc600, RCX=0xfffffffffffffff4, RDX=0xfffffffffa216b38
RSP=0x0000000039cbe3c8, RBP=0x0000000039cbe5cc, RSI=0x0000000000000084, RDI=0x0000000000000000
R8 =0x0000000000000078, R9 =0x0000000000000053, R10=0x0000000000000007, R11=0x0000000039cbe548
R12=0x0000000000008000, R13=0x0000000000000084, R14=0x0000000000000084, R15=0x0000000000000000
RIP=0x00007ff8b90044da, EFLAGS=0x0000000000010293

Top of Stack: (sp=0x0000000039cbe3c8)
0x0000000039cbe3c8:   00007ff89a0e7703 0000000000000002
0x0000000039cbe3d8:   0000000033ed5080 0000000000008000
0x0000000039cbe3e8:   00000000300cde40 000000002fcb5980
0x0000000039cbe3f8:   0000000033ecd141 0000000000000000
0x0000000039cbe408:   0000000033ed5048 0000000000000000
0x0000000039cbe418:   00000000000000af 0000000039cbe510
0x0000000039cbe428:   0000000039cbe508 000000002fcb4a80
0x0000000039cbe438:   0000000034752040 0000000039cbe508
0x0000000039cbe448:   00000000000000bc 0000000000000000
0x0000000039cbe458:   00007ff89a194c65 000000002fcc6b00
0x0000000039cbe468:   0000000000000178 00000000000000bc
0x0000000039cbe478:   0000000034752040 0000000000000000
0x0000000039cbe488:   00000000300fc600 0000000000000000
0x0000000039cbe498:   00000000000000af 0000000039cbe510
0x0000000039cbe4a8:   0000000039cbe508 000000002fcb4a80
0x0000000039cbe4b8:   0000000034752040 0000000000000000 

Instructions: (pc=0x00007ff8b90044da)
0x00007ff8b90044ba:   84 00 00 00 00 00 90 90 90 90 90 90 48 83 fa f0
0x00007ff8b90044ca:   77 74 48 8b c1 83 e1 0f 74 11 4c 2b c1 48 f7 d9
0x00007ff8b90044da:   f3 0f 6f 44 10 f0 f3 0f 7f 40 f0 48 03 c8 4d 8b
0x00007ff8b90044ea:   c8 49 c1 e9 05 49 81 f9 00 20 00 00 0f 87 76 00 


Register to memory mapping:

RAX=0x0000000039cbe5cc is pointing into the stack for thread: 0x000000001f377800
RBX=0x00000000300fc600 is an unknown value
RCX=0xfffffffffffffff4 is an unknown value
RDX=0xfffffffffa216b38 is an unknown value
RSP=0x0000000039cbe3c8 is pointing into the stack for thread: 0x000000001f377800
RBP=0x0000000039cbe5cc is pointing into the stack for thread: 0x000000001f377800
RSI=0x0000000000000084 is an unknown value
RDI=0x0000000000000000 is an unknown value
R8 =0x0000000000000078 is an unknown value
R9 =0x0000000000000053 is an unknown value
R10=0x0000000000000007 is an unknown value
R11=0x0000000039cbe548 is pointing into the stack for thread: 0x000000001f377800
R12=0x0000000000008000 is an unknown value
R13=0x0000000000000084 is an unknown value
R14=0x0000000000000084 is an unknown value
R15=0x0000000000000000 is an unknown value


Stack: [0x0000000039bc0000,0x0000000039cc0000],  sp=0x0000000039cbe3c8,  free space=1016k
Native frames: (J=compiled Java code, j=interpreted, Vv=VM code, C=native code)
C  [msvcrt.dll+0x744da]
C  [avformat-58.dll+0x27703]
C  [avformat-58.dll+0xd4c65]
C  [avformat-58.dll+0xd5b2e]
C  [avformat-58.dll+0xd5c52]
C  [avformat-58.dll+0x168c4b]
C  [avformat-58.dll+0x16c13b]
C  [avformat-58.dll+0x16d11b]
C  [avformat-58.dll+0x67232]
C  [avformat-58.dll+0x168c4b]
C  [avformat-58.dll+0x16c13b]
C  [avformat-58.dll+0x1708a0]
C  0x0000000003487f74

Java frames: (J=compiled Java code, j=interpreted, Vv=VM code)
j  org.bytedeco.javacpp.avformat.avformat_find_stream_info(Lorg/bytedeco/javacpp/avformat$AVFormatContext;Lorg/bytedeco/javacpp/PointerPointer;)I+0
j  org.bytedeco.javacv.FFmpegFrameGrabber.startUnsafe()V+727
J 8398 C1 com.nieyue.util.CVUtil$1.run()V (492 bytes) @ 0x00000000043cf054 [0x00000000043ceb00+0x554]
v  ~StubRoutines::call_stub

---------------  P R O C E S S  ---------------

Java Threads: ( => current thread )
=>0x000000001f377800 JavaThread "Thread-74" daemon [_thread_in_native, id=24464, stack(0x0000000039bc0000,0x0000000039cc0000)]
  0x000000001f370800 JavaThread "Thread-72" daemon [_thread_in_vm, id=3088, stack(0x00000000389c0000,0x0000000038ac0000)]
  0x000000001f372000 JavaThread "JavaCPP Deallocator" daemon [_thread_blocked, id=16028, stack(0x0000000032ce0000,0x0000000032de0000)]
  0x000000001f364800 JavaThread "commons-pool-evictor-thread" daemon [_thread_blocked, id=26928, stack(0x0000000032be0000,0x0000000032ce0000)]
  0x000000001f376800 JavaThread "elastic-evictor-1" daemon [_thread_blocked, id=10704, stack(0x00000000327e0000,0x00000000328e0000)]
  0x000000001f375000 JavaThread "SimplePauseDetectorThread_2" daemon [_thread_blocked, id=27500, stack(0x00000000326e0000,0x00000000327e0000)]
  0x000000001f369000 JavaThread "SimplePauseDetectorThread_1" daemon [_thread_blocked, id=19732, stack(0x00000000325e0000,0x00000000326e0000)]
  0x000000001f36f800 JavaThread "SimplePauseDetectorThread_0" daemon [_thread_blocked, id=6512, stack(0x00000000324e0000,0x00000000325e0000)]
  0x000000001f36f000 JavaThread "Thread-64" daemon [_thread_blocked, id=29792, stack(0x00000000323e0000,0x00000000324e0000)]
  0x000000001f36e000 JavaThread "lettuce-eventExecutorLoop-1-2" daemon [_thread_blocked, id=7620, stack(0x00000000322e0000,0x00000000323e0000)]
  0x000000001f36d800 JavaThread "lettuce-nioEventLoop-4-1" daemon [_thread_in_native, id=16904, stack(0x00000000311d0000,0x00000000312d0000)]
  0x000000001f36c800 JavaThread "ObjectCleanerThread" daemon [_thread_blocked, id=28480, stack(0x00000000310d0000,0x00000000311d0000)]
  0x000000001f365000 JavaThread "DestroyJavaVM" [_thread_blocked, id=14752, stack(0x0000000002d20000,0x0000000002e20000)]
  0x000000001f368000 JavaThread "RMI TCP Connection(idle)" daemon [_thread_blocked, id=5608, stack(0x000000002fa00000,0x000000002fb00000)]
  0x000000001f366800 JavaThread "RMI TCP Connection(idle)" daemon [_thread_blocked, id=6204, stack(0x000000002f800000,0x000000002f900000)]
  0x000000001f369800 JavaThread "SessionValidationThread-1" daemon [_thread_blocked, id=13780, stack(0x000000002f600000,0x000000002f700000)]
  0x000000001f367800 JavaThread "http-nio-8080-AsyncTimeout" daemon [_thread_blocked, id=27028, stack(0x000000002f500000,0x000000002f600000)]
  0x000000001f36b000 JavaThread "http-nio-8080-Acceptor-0" daemon [_thread_in_native, id=14356, stack(0x000000002f400000,0x000000002f500000)]
  0x000000001f366000 JavaThread "http-nio-8080-ClientPoller-1" daemon [_thread_in_native, id=16360, stack(0x000000002f300000,0x000000002f400000)]
  0x000000001f36a800 JavaThread "http-nio-8080-ClientPoller-0" daemon [_thread_in_native, id=18360, stack(0x000000002f200000,0x000000002f300000)]
  0x000000001f35d000 JavaThread "http-nio-8080-exec-200" daemon [_thread_blocked, id=21808, stack(0x000000002f100000,0x000000002f200000)]
  0x000000001f363800 JavaThread "http-nio-8080-exec-199" daemon [_thread_blocked, id=8940, stack(0x000000002f000000,0x000000002f100000)]
  0x000000001f35c000 JavaThread "http-nio-8080-exec-198" daemon [_thread_blocked, id=10044, stack(0x000000002ef00000,0x000000002f000000)]
  0x000000001f35e800 JavaThread "http-nio-8080-exec-197" daemon [_thread_blocked, id=27844, stack(0x000000002ee00000,0x000000002ef00000)]
  0x000000001f362000 JavaThread "http-nio-8080-exec-196" daemon [_thread_blocked, id=6488, stack(0x000000002ea20000,0x000000002eb20000)]
  0x000000001f361800 JavaThread "http-nio-8080-exec-195" daemon [_thread_blocked, id=9468, stack(0x000000002e920000,0x000000002ea20000)]
  0x000000001f35d800 JavaThread "http-nio-8080-exec-194" daemon [_thread_blocked, id=8056, stack(0x000000002e820000,0x000000002e920000)]
  0x000000001f363000 JavaThread "http-nio-8080-exec-193" daemon [_thread_blocked, id=27712, stack(0x000000002e720000,0x000000002e820000)]
  0x000000001f35f000 JavaThread "http-nio-8080-exec-192" daemon [_thread_blocked, id=23384, stack(0x000000002e620000,0x000000002e720000)]
  0x000000001f360000 JavaThread "http-nio-8080-exec-191" daemon [_thread_blocked, id=28952, stack(0x000000002e520000,0x000000002e620000)]
  0x000000001f360800 JavaThread "http-nio-8080-exec-190" daemon [_thread_blocked, id=25528, stack(0x000000002e420000,0x000000002e520000)]
  0x000000001f325800 JavaThread "http-nio-8080-exec-189" daemon [_thread_blocked, id=28960, stack(0x000000002e320000,0x000000002e420000)]
  0x000000001f322000 JavaThread "http-nio-8080-exec-188" daemon [_thread_blocked, id=22808, stack(0x000000002e220000,0x000000002e320000)]
  0x000000001f324000 JavaThread "http-nio-8080-exec-187" daemon [_thread_blocked, id=9684, stack(0x000000002e120000,0x000000002e220000)]
  0x000000001f323800 JavaThread "http-nio-8080-exec-186" daemon [_thread_blocked, id=21448, stack(0x000000002e020000,0x000000002e120000)]
  0x000000001f327000 JavaThread "http-nio-8080-exec-185" daemon [_thread_blocked, id=26084, stack(0x000000002df20000,0x000000002e020000)]
  0x000000001f321000 JavaThread "http-nio-8080-exec-184" daemon [_thread_blocked, id=23660, stack(0x000000002de20000,0x000000002df20000)]
  0x000000001f328000 JavaThread "http-nio-8080-exec-183" daemon [_thread_blocked, id=24572, stack(0x000000002dd20000,0x000000002de20000)]
  0x000000001f31f800 JavaThread "http-nio-8080-exec-182" daemon [_thread_blocked, id=27004, stack(0x000000002dc20000,0x000000002dd20000)]
  0x000000001f320800 JavaThread "http-nio-8080-exec-181" daemon [_thread_blocked, id=24708, stack(0x000000002db20000,0x000000002dc20000)]
  0x000000001f326800 JavaThread "http-nio-8080-exec-180" daemon [_thread_blocked, id=19608, stack(0x000000002da20000,0x000000002db20000)]
  0x000000001f322800 JavaThread "http-nio-8080-exec-179" daemon [_thread_blocked, id=28468, stack(0x000000002d920000,0x000000002da20000)]
  0x000000001f325000 JavaThread "http-nio-8080-exec-178" daemon [_thread_blocked, id=14252, stack(0x000000002d820000,0x000000002d920000)]
  0x000000001f318000 JavaThread "http-nio-8080-exec-177" daemon [_thread_blocked, id=29384, stack(0x000000002d720000,0x000000002d820000)]
  0x000000001f31f000 JavaThread "http-nio-8080-exec-176" daemon [_thread_blocked, id=5316, stack(0x000000002d620000,0x000000002d720000)]
  0x000000001f317800 JavaThread "http-nio-8080-exec-175" daemon [_thread_blocked, id=10088, stack(0x000000002d520000,0x000000002d620000)]
  0x000000001f31e000 JavaThread "http-nio-8080-exec-174" daemon [_thread_blocked, id=2556, stack(0x000000002d420000,0x000000002d520000)]
  0x000000001f316800 JavaThread "http-nio-8080-exec-173" daemon [_thread_blocked, id=6024, stack(0x000000002d320000,0x000000002d420000)]
  0x000000001f31d800 JavaThread "http-nio-8080-exec-172" daemon [_thread_blocked, id=18880, stack(0x000000002d220000,0x000000002d320000)]
  0x000000001f31c800 JavaThread "http-nio-8080-exec-171" daemon [_thread_blocked, id=13596, stack(0x000000002d120000,0x000000002d220000)]
  0x000000001f315000 JavaThread "http-nio-8080-exec-170" daemon [_thread_blocked, id=6308, stack(0x000000002d020000,0x000000002d120000)]
  0x000000001f31c000 JavaThread "http-nio-8080-exec-169" daemon [_thread_blocked, id=9924, stack(0x000000002cf20000,0x000000002d020000)]
  0x000000001f31b000 JavaThread "http-nio-8080-exec-168" daemon [_thread_blocked, id=15996, stack(0x000000002ce20000,0x000000002cf20000)]
  0x000000001f316000 JavaThread "http-nio-8080-exec-167" daemon [_thread_blocked, id=30512, stack(0x000000002cd20000,0x000000002ce20000)]
  0x000000001f31a800 JavaThread "http-nio-8080-exec-166" daemon [_thread_blocked, id=27800, stack(0x000000002cc20000,0x000000002cd20000)]
  0x000000001f319800 JavaThread "http-nio-8080-exec-165" daemon [_thread_blocked, id=6232, stack(0x000000002cb20000,0x000000002cc20000)]
  0x000000001f30d800 JavaThread "http-nio-8080-exec-164" daemon [_thread_blocked, id=25840, stack(0x000000002c920000,0x000000002ca20000)]
  0x000000001f314800 JavaThread "http-nio-8080-exec-163" daemon [_thread_blocked, id=6668, stack(0x000000002c820000,0x000000002c920000)]
  0x000000001f30d000 JavaThread "http-nio-8080-exec-162" daemon [_thread_blocked, id=21184, stack(0x000000002c720000,0x000000002c820000)]
  0x000000001f313800 JavaThread "http-nio-8080-exec-161" daemon [_thread_blocked, id=13848, stack(0x000000002c620000,0x000000002c720000)]
  0x000000001f311800 JavaThread "http-nio-8080-exec-160" daemon [_thread_blocked, id=21916, stack(0x000000002c520000,0x000000002c620000)]
  0x000000001f313000 JavaThread "http-nio-8080-exec-159" daemon [_thread_blocked, id=2304, stack(0x000000002c420000,0x000000002c520000)]
  0x000000001f312000 JavaThread "http-nio-8080-exec-158" daemon [_thread_blocked, id=21936, stack(0x000000002c320000,0x000000002c420000)]
  0x000000001f30a000 JavaThread "http-nio-8080-exec-157" daemon [_thread_blocked, id=11872, stack(0x000000002c220000,0x000000002c320000)]
  0x000000001f310800 JavaThread "http-nio-8080-exec-156" daemon [_thread_blocked, id=16532, stack(0x000000002c120000,0x000000002c220000)]
  0x000000001f309000 JavaThread "http-nio-8080-exec-155" daemon [_thread_blocked, id=16176, stack(0x000000002c020000,0x000000002c120000)]
  0x000000001f30c000 JavaThread "http-nio-8080-exec-154" daemon [_thread_blocked, id=18248, stack(0x000000002bf20000,0x000000002c020000)]
  0x000000001f310000 JavaThread "http-nio-8080-exec-153" daemon [_thread_blocked, id=10116, stack(0x000000002be20000,0x000000002bf20000)]
  0x000000001f30b800 JavaThread "http-nio-8080-exec-152" daemon [_thread_blocked, id=15064, stack(0x000000002bd20000,0x000000002be20000)]
  0x000000001f30a800 JavaThread "http-nio-8080-exec-151" daemon [_thread_blocked, id=1992, stack(0x000000002bc20000,0x000000002bd20000)]
  0x000000001f30f000 JavaThread "http-nio-8080-exec-150" daemon [_thread_blocked, id=30236, stack(0x000000002bb20000,0x000000002bc20000)]
  0x000000001f30e800 JavaThread "http-nio-8080-exec-149" daemon [_thread_blocked, id=16848, stack(0x000000002ba20000,0x000000002bb20000)]
  0x000000001f2e4000 JavaThread "http-nio-8080-exec-148" daemon [_thread_blocked, id=5840, stack(0x000000002b920000,0x000000002ba20000)]
  0x000000001f2e2800 JavaThread "http-nio-8080-exec-147" daemon [_thread_blocked, id=30716, stack(0x000000002b820000,0x000000002b920000)]
  0x000000001f2e6000 JavaThread "http-nio-8080-exec-146" daemon [_thread_blocked, id=25388, stack(0x000000002b720000,0x000000002b820000)]
  0x000000001f2e1800 JavaThread "http-nio-8080-exec-145" daemon [_thread_blocked, id=23496, stack(0x000000002b620000,0x000000002b720000)]
  0x000000001f2e5800 JavaThread "http-nio-8080-exec-144" daemon [_thread_blocked, id=28892, stack(0x000000002b520000,0x000000002b620000)]
  0x000000001f2e3000 JavaThread "http-nio-8080-exec-143" daemon [_thread_blocked, id=17864, stack(0x000000002b420000,0x000000002b520000)]
  0x000000001f2e4800 JavaThread "http-nio-8080-exec-142" daemon [_thread_blocked, id=14172, stack(0x000000002b320000,0x000000002b420000)]
  0x000000001f2da000 JavaThread "http-nio-8080-exec-141" daemon [_thread_blocked, id=14820, stack(0x000000002b220000,0x000000002b320000)]
  0x000000001f2df800 JavaThread "http-nio-8080-exec-140" daemon [_thread_blocked, id=13888, stack(0x000000002b120000,0x000000002b220000)]
  0x000000001f2e0000 JavaThread "http-nio-8080-exec-139" daemon [_thread_blocked, id=20612, stack(0x000000002b020000,0x000000002b120000)]
  0x000000001f2e1000 JavaThread "http-nio-8080-exec-138" daemon [_thread_blocked, id=6284, stack(0x000000002af20000,0x000000002b020000)]
  0x000000001f2d8000 JavaThread "http-nio-8080-exec-137" daemon [_thread_blocked, id=11776, stack(0x000000002ae20000,0x000000002af20000)]
  0x000000001f2de800 JavaThread "http-nio-8080-exec-136" daemon [_thread_blocked, id=9516, stack(0x000000002ad20000,0x000000002ae20000)]
  0x000000001f2d9800 JavaThread "http-nio-8080-exec-135" daemon [_thread_blocked, id=28236, stack(0x000000002ac20000,0x000000002ad20000)]
  0x000000001f2d7000 JavaThread "http-nio-8080-exec-134" daemon [_thread_blocked, id=16248, stack(0x000000002ab20000,0x000000002ac20000)]
  0x000000001f2db000 JavaThread "http-nio-8080-exec-133" daemon [_thread_blocked, id=13376, stack(0x000000002aa20000,0x000000002ab20000)]
  0x000000001f2d8800 JavaThread "http-nio-8080-exec-132" daemon [_thread_blocked, id=17592, stack(0x000000002a920000,0x000000002aa20000)]
  0x000000001f2dc800 JavaThread "http-nio-8080-exec-131" daemon [_thread_blocked, id=22932, stack(0x000000002a820000,0x000000002a920000)]
  0x000000001f2de000 JavaThread "http-nio-8080-exec-130" daemon [_thread_blocked, id=29120, stack(0x000000002a720000,0x000000002a820000)]
  0x000000001f2dd000 JavaThread "http-nio-8080-exec-129" daemon [_thread_blocked, id=10900, stack(0x000000002a620000,0x000000002a720000)]
  0x000000001f2db800 JavaThread "http-nio-8080-exec-128" daemon [_thread_blocked, id=3848, stack(0x000000002a520000,0x000000002a620000)]
  0x000000001f2b8800 JavaThread "http-nio-8080-exec-127" daemon [_thread_blocked, id=29244, stack(0x000000002a420000,0x000000002a520000)]
  0x000000001f2b7000 JavaThread "http-nio-8080-exec-126" daemon [_thread_blocked, id=13168, stack(0x000000002a320000,0x000000002a420000)]
  0x000000001f2b5000 JavaThread "http-nio-8080-exec-125" daemon [_thread_blocked, id=29812, stack(0x000000002a220000,0x000000002a320000)]
  0x000000001f2b5800 JavaThread "http-nio-8080-exec-124" daemon [_thread_blocked, id=11220, stack(0x000000002a120000,0x000000002a220000)]
  0x000000001f2ba000 JavaThread "http-nio-8080-exec-123" daemon [_thread_blocked, id=21940, stack(0x000000002a020000,0x000000002a120000)]
  0x000000001f2b6800 JavaThread "http-nio-8080-exec-122" daemon [_thread_blocked, id=24412, stack(0x0000000029f20000,0x000000002a020000)]
  0x000000001f2b8000 JavaThread "http-nio-8080-exec-121" daemon [_thread_blocked, id=7260, stack(0x0000000029e20000,0x0000000029f20000)]
  0x000000001f2b9800 JavaThread "http-nio-8080-exec-120" daemon [_thread_blocked, id=19652, stack(0x0000000029d20000,0x0000000029e20000)]
  0x000000001f2ad800 JavaThread "http-nio-8080-exec-119" daemon [_thread_blocked, id=1116, stack(0x0000000029c20000,0x0000000029d20000)]
  0x000000001f2b4000 JavaThread "http-nio-8080-exec-118" daemon [_thread_blocked, id=28264, stack(0x0000000029b20000,0x0000000029c20000)]
  0x000000001f2b2800 JavaThread "http-nio-8080-exec-117" daemon [_thread_blocked, id=28008, stack(0x0000000029a20000,0x0000000029b20000)]
  0x000000001f2ac800 JavaThread "http-nio-8080-exec-116" daemon [_thread_blocked, id=27036, stack(0x0000000029920000,0x0000000029a20000)]
  0x000000001f2b3800 JavaThread "http-nio-8080-exec-115" daemon [_thread_blocked, id=23100, stack(0x0000000029820000,0x0000000029920000)]
  0x000000001f2ab000 JavaThread "http-nio-8080-exec-114" daemon [_thread_blocked, id=18604, stack(0x0000000029720000,0x0000000029820000)]
  0x000000001f2ae000 JavaThread "http-nio-8080-exec-113" daemon [_thread_blocked, id=13892, stack(0x0000000029620000,0x0000000029720000)]
  0x000000001f2af800 JavaThread "http-nio-8080-exec-112" daemon [_thread_blocked, id=30000, stack(0x0000000029520000,0x0000000029620000)]
  0x000000001f2b0800 JavaThread "http-nio-8080-exec-111" daemon [_thread_blocked, id=25608, stack(0x0000000029420000,0x0000000029520000)]
  0x000000001f2b2000 JavaThread "http-nio-8080-exec-110" daemon [_thread_blocked, id=24772, stack(0x0000000029320000,0x0000000029420000)]
  0x000000001f2b1000 JavaThread "http-nio-8080-exec-109" daemon [_thread_blocked, id=17168, stack(0x0000000029220000,0x0000000029320000)]
  0x000000001f2ac000 JavaThread "http-nio-8080-exec-108" daemon [_thread_blocked, id=25256, stack(0x0000000029120000,0x0000000029220000)]
  0x000000001f2af000 JavaThread "http-nio-8080-exec-107" daemon [_thread_blocked, id=25048, stack(0x0000000029020000,0x0000000029120000)]
  0x000000001f296000 JavaThread "http-nio-8080-exec-106" daemon [_thread_blocked, id=30640, stack(0x0000000028f20000,0x0000000029020000)]
  0x000000001f298800 JavaThread "http-nio-8080-exec-105" daemon [_thread_blocked, id=22972, stack(0x0000000028e20000,0x0000000028f20000)]
  0x000000001f295800 JavaThread "http-nio-8080-exec-104" daemon [_thread_blocked, id=27632, stack(0x0000000028d20000,0x0000000028e20000)]
  0x000000001f299000 JavaThread "http-nio-8080-exec-103" daemon [_thread_blocked, id=18944, stack(0x0000000028c20000,0x0000000028d20000)]
  0x000000001f294800 JavaThread "http-nio-8080-exec-102" daemon [_thread_blocked, id=28320, stack(0x0000000028b20000,0x0000000028c20000)]
  0x000000001f297800 JavaThread "http-nio-8080-exec-101" daemon [_thread_blocked, id=15640, stack(0x0000000028a20000,0x0000000028b20000)]
  0x000000001f294000 JavaThread "http-nio-8080-exec-100" daemon [_thread_blocked, id=27336, stack(0x0000000028920000,0x0000000028a20000)]
  0x000000001f297000 JavaThread "http-nio-8080-exec-99" daemon [_thread_blocked, id=24804, stack(0x0000000028820000,0x0000000028920000)]
  0x000000001f293000 JavaThread "http-nio-8080-exec-98" daemon [_thread_blocked, id=5208, stack(0x0000000028720000,0x0000000028820000)]
  0x000000001f28b800 JavaThread "http-nio-8080-exec-97" daemon [_thread_blocked, id=10752, stack(0x0000000028620000,0x0000000028720000)]
  0x000000001f291800 JavaThread "http-nio-8080-exec-96" daemon [_thread_blocked, id=22956, stack(0x0000000028520000,0x0000000028620000)]
  0x000000001f28e000 JavaThread "http-nio-8080-exec-95" daemon [_thread_blocked, id=17420, stack(0x0000000028420000,0x0000000028520000)]
  0x000000001f292800 JavaThread "http-nio-8080-exec-94" daemon [_thread_blocked, id=10552, stack(0x0000000028320000,0x0000000028420000)]
  0x000000001f28a000 JavaThread "http-nio-8080-exec-93" daemon [_thread_blocked, id=22392, stack(0x0000000028220000,0x0000000028320000)]
  0x000000001f290000 JavaThread "http-nio-8080-exec-92" daemon [_thread_blocked, id=12712, stack(0x0000000028120000,0x0000000028220000)]
  0x000000001f28c800 JavaThread "http-nio-8080-exec-91" daemon [_thread_blocked, id=25172, stack(0x0000000028020000,0x0000000028120000)]
  0x000000001f28e800 JavaThread "http-nio-8080-exec-90" daemon [_thread_blocked, id=824, stack(0x0000000027f20000,0x0000000028020000)]
  0x000000001f28d000 JavaThread "http-nio-8080-exec-89" daemon [_thread_blocked, id=29116, stack(0x0000000027e20000,0x0000000027f20000)]
  0x000000001f28f800 JavaThread "http-nio-8080-exec-88" daemon [_thread_blocked, id=13900, stack(0x0000000027d20000,0x0000000027e20000)]
  0x000000001f28b000 JavaThread "http-nio-8080-exec-87" daemon [_thread_blocked, id=17004, stack(0x0000000027c20000,0x0000000027d20000)]
  0x000000001f291000 JavaThread "http-nio-8080-exec-86" daemon [_thread_blocked, id=20024, stack(0x0000000027b20000,0x0000000027c20000)]
  0x000000001f06b800 JavaThread "http-nio-8080-exec-85" daemon [_thread_blocked, id=8968, stack(0x0000000027a20000,0x0000000027b20000)]
  0x000000001f06a800 JavaThread "http-nio-8080-exec-84" daemon [_thread_blocked, id=15732, stack(0x0000000027920000,0x0000000027a20000)]
  0x000000001f068800 JavaThread "http-nio-8080-exec-83" daemon [_thread_blocked, id=15392, stack(0x0000000027820000,0x0000000027920000)]
  0x000000001f064800 JavaThread "http-nio-8080-exec-82" daemon [_thread_blocked, id=21040, stack(0x0000000027720000,0x0000000027820000)]
  0x000000001f065800 JavaThread "http-nio-8080-exec-81" daemon [_thread_blocked, id=3460, stack(0x0000000027620000,0x0000000027720000)]
  0x000000001f069000 JavaThread "http-nio-8080-exec-80" daemon [_thread_blocked, id=14936, stack(0x0000000027520000,0x0000000027620000)]
  0x000000001f067800 JavaThread "http-nio-8080-exec-79" daemon [_thread_blocked, id=26456, stack(0x0000000027420000,0x0000000027520000)]
  0x000000001f066000 JavaThread "http-nio-8080-exec-78" daemon [_thread_blocked, id=15868, stack(0x0000000027320000,0x0000000027420000)]
  0x000000001f06a000 JavaThread "http-nio-8080-exec-77" daemon [_thread_blocked, id=22424, stack(0x0000000027220000,0x0000000027320000)]
  0x000000001f067000 JavaThread "http-nio-8080-exec-76" daemon [_thread_blocked, id=25008, stack(0x0000000027120000,0x0000000027220000)]
  0x000000001f05d000 JavaThread "http-nio-8080-exec-75" daemon [_thread_blocked, id=26736, stack(0x0000000027020000,0x0000000027120000)]
  0x000000001f064000 JavaThread "http-nio-8080-exec-74" daemon [_thread_blocked, id=19960, stack(0x0000000026f20000,0x0000000027020000)]
  0x000000001f05c800 JavaThread "http-nio-8080-exec-73" daemon [_thread_blocked, id=28304, stack(0x0000000026e20000,0x0000000026f20000)]
  0x000000001f063000 JavaThread "http-nio-8080-exec-72" daemon [_thread_blocked, id=27624, stack(0x0000000026d20000,0x0000000026e20000)]
  0x000000001f060000 JavaThread "http-nio-8080-exec-71" daemon [_thread_blocked, id=8552, stack(0x0000000026c20000,0x0000000026d20000)]
  0x000000001f05e800 JavaThread "http-nio-8080-exec-70" daemon [_thread_blocked, id=4476, stack(0x0000000026b20000,0x0000000026c20000)]
  0x000000001f05e000 JavaThread "http-nio-8080-exec-69" daemon [_thread_blocked, id=25456, stack(0x0000000026a20000,0x0000000026b20000)]
  0x000000001f061800 JavaThread "http-nio-8080-exec-68" daemon [_thread_blocked, id=21084, stack(0x0000000026920000,0x0000000026a20000)]
  0x000000001f061000 JavaThread "http-nio-8080-exec-67" daemon [_thread_blocked, id=17908, stack(0x0000000026820000,0x0000000026920000)]
  0x000000001f062800 JavaThread "http-nio-8080-exec-66" daemon [_thread_blocked, id=14784, stack(0x0000000026720000,0x0000000026820000)]
  0x000000001f05f800 JavaThread "http-nio-8080-exec-65" daemon [_thread_blocked, id=23640, stack(0x0000000026620000,0x0000000026720000)]
  0x000000001f156800 JavaThread "http-nio-8080-exec-64" daemon [_thread_blocked, id=23116, stack(0x0000000026520000,0x0000000026620000)]
  0x000000001f157000 JavaThread "http-nio-8080-exec-63" daemon [_thread_blocked, id=22664, stack(0x0000000026420000,0x0000000026520000)]
  0x000000001f150800 JavaThread "http-nio-8080-exec-62" daemon [_thread_blocked, id=13600, stack(0x0000000026320000,0x0000000026420000)]
  0x000000001f154000 JavaThread "http-nio-8080-exec-61" daemon [_thread_blocked, id=18092, stack(0x0000000026220000,0x0000000026320000)]
  0x000000001f14f800 JavaThread "http-nio-8080-exec-60" daemon [_thread_blocked, id=29672, stack(0x0000000026120000,0x0000000026220000)]
  0x000000001f153800 JavaThread "http-nio-8080-exec-59" daemon [_thread_blocked, id=26960, stack(0x0000000026020000,0x0000000026120000)]
  0x000000001f155800 JavaThread "http-nio-8080-exec-58" daemon [_thread_blocked, id=10912, stack(0x0000000025f20000,0x0000000026020000)]
  0x000000001f155000 JavaThread "http-nio-8080-exec-57" daemon [_thread_blocked, id=14800, stack(0x0000000025e20000,0x0000000025f20000)]
  0x000000001f152800 JavaThread "http-nio-8080-exec-56" daemon [_thread_blocked, id=21572, stack(0x0000000025d20000,0x0000000025e20000)]
  0x000000001f152000 JavaThread "http-nio-8080-exec-55" daemon [_thread_blocked, id=28260, stack(0x0000000025c20000,0x0000000025d20000)]
  0x000000001f151000 JavaThread "http-nio-8080-exec-54" daemon [_thread_blocked, id=25268, stack(0x0000000025b20000,0x0000000025c20000)]
  0x000000001f148000 JavaThread "http-nio-8080-exec-53" daemon [_thread_blocked, id=16404, stack(0x0000000025a20000,0x0000000025b20000)]
  0x000000001f14f000 JavaThread "http-nio-8080-exec-52" daemon [_thread_blocked, id=9256, stack(0x0000000025920000,0x0000000025a20000)]
  0x000000001f14a800 JavaThread "http-nio-8080-exec-51" daemon [_thread_blocked, id=27728, stack(0x0000000025820000,0x0000000025920000)]
  0x000000001f14e000 JavaThread "http-nio-8080-exec-50" daemon [_thread_blocked, id=1240, stack(0x0000000025720000,0x0000000025820000)]
  0x000000001f14b000 JavaThread "http-nio-8080-exec-49" daemon [_thread_blocked, id=9332, stack(0x0000000025620000,0x0000000025720000)]
  0x000000001f14d800 JavaThread "http-nio-8080-exec-48" daemon [_thread_blocked, id=6652, stack(0x0000000025520000,0x0000000025620000)]
  0x000000001f14c800 JavaThread "http-nio-8080-exec-47" daemon [_thread_blocked, id=23620, stack(0x0000000025420000,0x0000000025520000)]
  0x000000001f149800 JavaThread "http-nio-8080-exec-46" daemon [_thread_blocked, id=16936, stack(0x0000000025320000,0x0000000025420000)]
  0x000000001f149000 JavaThread "http-nio-8080-exec-45" daemon [_thread_blocked, id=27480, stack(0x0000000025220000,0x0000000025320000)]
  0x000000001f14c000 JavaThread "http-nio-8080-exec-44" daemon [_thread_blocked, id=7552, stack(0x0000000025120000,0x0000000025220000)]
  0x000000001c3f9000 JavaThread "http-nio-8080-exec-43" daemon [_thread_blocked, id=15240, stack(0x0000000025020000,0x0000000025120000)]
  0x000000001c3fa800 JavaThread "http-nio-8080-exec-42" daemon [_thread_blocked, id=10364, stack(0x0000000024f20000,0x0000000025020000)]
  0x000000001c3f7800 JavaThread "http-nio-8080-exec-41" daemon [_thread_blocked, id=11676, stack(0x0000000024e20000,0x0000000024f20000)]
  0x000000001c3fc000 JavaThread "http-nio-8080-exec-40" daemon [_thread_blocked, id=17248, stack(0x0000000024d20000,0x0000000024e20000)]
  0x000000001c3fd000 JavaThread "http-nio-8080-exec-39" daemon [_thread_blocked, id=25852, stack(0x0000000024c20000,0x0000000024d20000)]
  0x000000001c3fd800 JavaThread "http-nio-8080-exec-38" daemon [_thread_blocked, id=18964, stack(0x0000000024b20000,0x0000000024c20000)]
  0x000000001c3fb800 JavaThread "http-nio-8080-exec-37" daemon [_thread_blocked, id=16552, stack(0x0000000024a20000,0x0000000024b20000)]
  0x000000001c3fa000 JavaThread "http-nio-8080-exec-36" daemon [_thread_blocked, id=25308, stack(0x0000000024920000,0x0000000024a20000)]
  0x000000001c3f8800 JavaThread "http-nio-8080-exec-35" daemon [_thread_blocked, id=8264, stack(0x0000000024820000,0x0000000024920000)]
  0x000000001c3fe800 JavaThread "http-nio-8080-exec-34" daemon [_thread_blocked, id=11744, stack(0x0000000024720000,0x0000000024820000)]
  0x000000001c3f0000 JavaThread "http-nio-8080-exec-33" daemon [_thread_blocked, id=8756, stack(0x0000000024620000,0x0000000024720000)]
  0x000000001c3f7000 JavaThread "http-nio-8080-exec-32" daemon [_thread_blocked, id=15796, stack(0x0000000024520000,0x0000000024620000)]
  0x000000001c3ef800 JavaThread "http-nio-8080-exec-31" daemon [_thread_blocked, id=2872, stack(0x0000000024420000,0x0000000024520000)]
  0x000000001c3f5800 JavaThread "http-nio-8080-exec-30" daemon [_thread_blocked, id=18800, stack(0x0000000024320000,0x0000000024420000)]
  0x000000001c3f4000 JavaThread "http-nio-8080-exec-29" daemon [_thread_blocked, id=17800, stack(0x0000000024220000,0x0000000024320000)]
  0x000000001c3f3000 JavaThread "http-nio-8080-exec-28" daemon [_thread_blocked, id=19072, stack(0x0000000024120000,0x0000000024220000)]
  0x000000001c3f6000 JavaThread "http-nio-8080-exec-27" daemon [_thread_blocked, id=12752, stack(0x0000000024020000,0x0000000024120000)]
  0x000000001c3f1000 JavaThread "http-nio-8080-exec-26" daemon [_thread_blocked, id=19268, stack(0x0000000023f20000,0x0000000024020000)]
  0x000000001c3f2800 JavaThread "http-nio-8080-exec-25" daemon [_thread_blocked, id=1900, stack(0x0000000023e20000,0x0000000023f20000)]
  0x000000001c3f1800 JavaThread "http-nio-8080-exec-24" daemon [_thread_blocked, id=23104, stack(0x0000000023d20000,0x0000000023e20000)]
  0x000000001c3f4800 JavaThread "http-nio-8080-exec-23" daemon [_thread_blocked, id=10456, stack(0x0000000023c20000,0x0000000023d20000)]
  0x000000001f0c1000 JavaThread "http-nio-8080-exec-22" daemon [_thread_blocked, id=20068, stack(0x0000000023b20000,0x0000000023c20000)]
  0x000000001f0c0800 JavaThread "http-nio-8080-exec-21" daemon [_thread_blocked, id=18348, stack(0x0000000023a20000,0x0000000023b20000)]
  0x000000001f0bf800 JavaThread "http-nio-8080-exec-20" daemon [_thread_blocked, id=13412, stack(0x0000000023920000,0x0000000023a20000)]
  0x000000001f0bf000 JavaThread "http-nio-8080-exec-19" daemon [_thread_blocked, id=3508, stack(0x0000000023820000,0x0000000023920000)]
  0x000000001f0be000 JavaThread "http-nio-8080-exec-18" daemon [_thread_blocked, id=28884, stack(0x0000000023720000,0x0000000023820000)]
  0x000000001f0c2800 JavaThread "http-nio-8080-exec-17" daemon [_thread_blocked, id=5916, stack(0x0000000023620000,0x0000000023720000)]
  0x000000001f0bd800 JavaThread "http-nio-8080-exec-16" daemon [_thread_blocked, id=8452, stack(0x0000000023520000,0x0000000023620000)]
  0x000000001f0c2000 JavaThread "http-nio-8080-exec-15" daemon [_thread_blocked, id=25884, stack(0x0000000023420000,0x0000000023520000)]
  0x000000001f0c3800 JavaThread "http-nio-8080-exec-14" daemon [_thread_blocked, id=11120, stack(0x0000000023320000,0x0000000023420000)]
  0x000000001f0bc800 JavaThread "http-nio-8080-exec-13" daemon [_thread_blocked, id=9756, stack(0x0000000023220000,0x0000000023320000)]
  0x000000001f0b5000 JavaThread "http-nio-8080-exec-12" daemon [_thread_blocked, id=6312, stack(0x0000000023120000,0x0000000023220000)]
  0x000000001f0bc000 JavaThread "http-nio-8080-exec-11" daemon [_thread_blocked, id=23208, stack(0x0000000023020000,0x0000000023120000)]
  0x000000001f0b7000 JavaThread "http-nio-8080-exec-10" daemon [_thread_blocked, id=25352, stack(0x0000000022f20000,0x0000000023020000)]
  0x000000001f0b6800 JavaThread "http-nio-8080-exec-9" daemon [_thread_blocked, id=6888, stack(0x0000000022e20000,0x0000000022f20000)]
  0x000000001f0bb000 JavaThread "http-nio-8080-exec-8" daemon [_thread_blocked, id=17812, stack(0x0000000022d20000,0x0000000022e20000)]
  0x000000001f0b5800 JavaThread "http-nio-8080-exec-7" daemon [_thread_blocked, id=23928, stack(0x0000000022c20000,0x0000000022d20000)]
  0x000000001f0ba800 JavaThread "http-nio-8080-exec-6" daemon [_thread_blocked, id=20344, stack(0x0000000022b20000,0x0000000022c20000)]
  0x000000001f0b8000 JavaThread "http-nio-8080-exec-5" daemon [_thread_blocked, id=7188, stack(0x0000000022a20000,0x0000000022b20000)]
  0x000000001f0b4000 JavaThread "http-nio-8080-exec-4" daemon [_thread_blocked, id=7840, stack(0x0000000022920000,0x0000000022a20000)]
  0x000000001f0b9800 JavaThread "http-nio-8080-exec-3" daemon [_thread_blocked, id=20964, stack(0x0000000022820000,0x0000000022920000)]
  0x000000001f0b9000 JavaThread "http-nio-8080-exec-2" daemon [_thread_blocked, id=25336, stack(0x0000000022720000,0x0000000022820000)]
  0x000000001eea5800 JavaThread "http-nio-8080-exec-1" daemon [_thread_blocked, id=25540, stack(0x0000000022620000,0x0000000022720000)]
  0x000000001eea4800 JavaThread "NioBlockingSelector.BlockPoller-1" daemon [_thread_in_native, id=14736, stack(0x0000000022520000,0x0000000022620000)]
  0x000000001eea4000 JavaThread "Live Reload Server" daemon [_thread_in_native, id=15128, stack(0x0000000021e20000,0x0000000021f20000)]
  0x000000001eea3000 JavaThread "File Watcher" daemon [_thread_in_native, id=19348, stack(0x0000000021c20000,0x0000000021d20000)]
  0x000000001ee9b800 JavaThread "Timer-0" daemon [_thread_blocked, id=23160, stack(0x0000000021a20000,0x0000000021b20000)]
  0x000000001eea2800 JavaThread "quartzScheduler_QuartzSchedulerThread" [_thread_blocked, id=22148, stack(0x0000000021920000,0x0000000021a20000)]
  0x000000001eea1800 JavaThread "quartzScheduler_Worker-10" [_thread_blocked, id=14480, stack(0x0000000021820000,0x0000000021920000)]
  0x000000001ee9a000 JavaThread "quartzScheduler_Worker-9" [_thread_blocked, id=3360, stack(0x0000000021720000,0x0000000021820000)]
  0x000000001eea1000 JavaThread "quartzScheduler_Worker-8" [_thread_blocked, id=18428, stack(0x0000000021620000,0x0000000021720000)]
  0x000000001eea0000 JavaThread "quartzScheduler_Worker-7" [_thread_blocked, id=21300, stack(0x0000000021520000,0x0000000021620000)]
  0x000000001ee98800 JavaThread "quartzScheduler_Worker-6" [_thread_blocked, id=28912, stack(0x0000000021420000,0x0000000021520000)]
  0x000000001ee9f800 JavaThread "quartzScheduler_Worker-5" [_thread_blocked, id=19488, stack(0x0000000021320000,0x0000000021420000)]
  0x000000001ee9b000 JavaThread "quartzScheduler_Worker-4" [_thread_blocked, id=2704, stack(0x0000000021220000,0x0000000021320000)]
  0x000000001ee98000 JavaThread "quartzScheduler_Worker-3" [_thread_blocked, id=14540, stack(0x0000000021120000,0x0000000021220000)]
  0x000000001ee9e800 JavaThread "quartzScheduler_Worker-2" [_thread_blocked, id=17176, stack(0x0000000021020000,0x0000000021120000)]
  0x000000001ee97000 JavaThread "quartzScheduler_Worker-1" [_thread_blocked, id=14388, stack(0x0000000020f20000,0x0000000021020000)]
  0x000000001ee9e000 JavaThread "container-0" [_thread_blocked, id=13468, stack(0x0000000020620000,0x0000000020720000)]
  0x000000001ee9c800 JavaThread "ContainerBackgroundProcessor[StandardEngine[Tomcat]]" daemon [_thread_blocked, id=14776, stack(0x0000000020520000,0x0000000020620000)]
  0x000000001ee99800 JavaThread "SimplePauseDetectorThread_0" daemon [_thread_blocked, id=21500, stack(0x0000000020120000,0x0000000020220000)]
  0x000000001ee96800 JavaThread "Thread-28" daemon [_thread_blocked, id=25372, stack(0x0000000020020000,0x0000000020120000)]
  0x00000000193e3000 JavaThread "lettuce-eventExecutorLoop-1-1" daemon [_thread_blocked, id=15800, stack(0x000000001e350000,0x000000001e450000)]
  0x00000000193e1000 JavaThread "mybatis-plus MapperRefresh" [_thread_blocked, id=4516, stack(0x000000001dd50000,0x000000001de50000)]
  0x00000000193df800 JavaThread "System Clock" daemon [_thread_blocked, id=9608, stack(0x000000001dc50000,0x000000001dd50000)]
  0x00000000193dd000 JavaThread "Druid-ConnectionPool-Destroy-875625602" daemon [_thread_blocked, id=11648, stack(0x000000001da50000,0x000000001db50000)]
  0x00000000193e1800 JavaThread "Druid-ConnectionPool-Create-875625602" daemon [_thread_blocked, id=21860, stack(0x000000001d950000,0x000000001da50000)]
  0x00000000193dc800 JavaThread "Abandoned connection cleanup thread" daemon [_thread_blocked, id=20504, stack(0x000000001d850000,0x000000001d950000)]
  0x00000000193b6800 JavaThread "RMI Scheduler(0)" daemon [_thread_blocked, id=13636, stack(0x000000001ac80000,0x000000001ad80000)]
  0x00000000193b7800 JavaThread "RMI TCP Connection(idle)" daemon [_thread_blocked, id=29156, stack(0x000000001ab80000,0x000000001ac80000)]
  0x000000001939d000 JavaThread "RMI TCP Connection(idle)" daemon [_thread_blocked, id=15400, stack(0x000000001aa80000,0x000000001ab80000)]
  0x00000000191c2800 JavaThread "RMI TCP Accept-0" daemon [_thread_in_native, id=13564, stack(0x000000001a580000,0x000000001a680000)]
  0x0000000019199000 JavaThread "RMI TCP Accept-63558" daemon [_thread_in_native, id=13212, stack(0x000000001a480000,0x000000001a580000)]
  0x0000000019196000 JavaThread "RMI TCP Accept-0" daemon [_thread_in_native, id=30268, stack(0x000000001a380000,0x000000001a480000)]
  0x0000000018f63000 JavaThread "Service Thread" daemon [_thread_blocked, id=29808, stack(0x000000001a280000,0x000000001a380000)]
  0x0000000018eb5800 JavaThread "C1 CompilerThread3" daemon [_thread_blocked, id=22004, stack(0x000000001a180000,0x000000001a280000)]
  0x0000000018eb4800 JavaThread "C2 CompilerThread2" daemon [_thread_blocked, id=14048, stack(0x000000001a080000,0x000000001a180000)]
  0x0000000018eb3000 JavaThread "C2 CompilerThread1" daemon [_thread_blocked, id=17456, stack(0x0000000019f80000,0x000000001a080000)]
  0x0000000018dae000 JavaThread "C2 CompilerThread0" daemon [_thread_blocked, id=13872, stack(0x0000000019e80000,0x0000000019f80000)]
  0x0000000018de4000 JavaThread "Monitor Ctrl-Break" daemon [_thread_in_native, id=19196, stack(0x0000000019d80000,0x0000000019e80000)]
  0x0000000017e88800 JavaThread "Attach Listener" daemon [_thread_blocked, id=15492, stack(0x00000000184b0000,0x00000000185b0000)]
  0x0000000017ee0800 JavaThread "Signal Dispatcher" daemon [_thread_blocked, id=17068, stack(0x00000000183b0000,0x00000000184b0000)]
  0x0000000017e70800 JavaThread "Finalizer" daemon [_thread_blocked, id=6316, stack(0x0000000018250000,0x0000000018350000)]
  0x000000000346a000 JavaThread "Reference Handler" daemon [_thread_blocked, id=8888, stack(0x0000000017d50000,0x0000000017e50000)]

Other Threads:
  0x0000000015f89800 VMThread [stack: 0x0000000017c50000,0x0000000017d50000] [id=28196]
  0x00000000191c3800 WatcherThread [stack: 0x000000001a680000,0x000000001a780000] [id=13248]

VM state:not at safepoint (normal execution)

VM Mutex/Monitor currently owned by a thread: None

Heap:
 PSYoungGen      total 323072K, used 190844K [0x00000000eab00000, 0x0000000100000000, 0x0000000100000000)
  eden space 296448K, 60% used [0x00000000eab00000,0x00000000f5a68938,0x00000000fcc80000)
  from space 26624K, 42% used [0x00000000fe600000,0x00000000ff0f6768,0x0000000100000000)
  to   space 26112K, 0% used [0x00000000fcc80000,0x00000000fcc80000,0x00000000fe600000)
 ParOldGen       total 699392K, used 50527K [0x00000000c0000000, 0x00000000eab00000, 0x00000000eab00000)
  object space 699392K, 7% used [0x00000000c0000000,0x00000000c3157ce0,0x00000000eab00000)
 Metaspace       used 68793K, capacity 72480K, committed 72576K, reserved 1112064K
  class space    used 9129K, capacity 9771K, committed 9856K, reserved 1048576K

Card table byte_map: [0x0000000012830000,0x0000000012a40000] byte_map_base: 0x0000000012230000

Marking Bits: (ParMarkBitMap*) 0x0000000076f5c720
 Begin Bits: [0x00000000133a0000, 0x00000000143a0000)
 End Bits:   [0x00000000143a0000, 0x00000000153a0000)

Polling page: 0x0000000001480000

CodeCache: size=245760Kb used=15830Kb max_used=15830Kb free=229929Kb
 bounds [0x0000000003470000, 0x00000000043f0000, 0x0000000012470000]
 total_blobs=8928 nmethods=8273 adapters=566
 compilation: enabled

Compilation events (10 events):
Event: 84.032 Thread 0x0000000018eb5800 nmethod 8445 0x00000000043e5d50 code [0x00000000043e5ea0, 0x00000000043e5fb0]
Event: 85.420 Thread 0x0000000018eb5800 8446       1       org.apache.tomcat.util.descriptor.web.FilterMap::getMatchAllUrlPatterns (5 bytes)
Event: 85.420 Thread 0x0000000018eb5800 nmethod 8446 0x00000000043e6010 code [0x00000000043e6160, 0x00000000043e6270]
Event: 85.420 Thread 0x0000000018eb5800 8447       1       org.apache.tomcat.util.descriptor.web.FilterMap::getMatchAllServletNames (5 bytes)
Event: 85.420 Thread 0x0000000018eb5800 nmethod 8447 0x00000000043e62d0 code [0x00000000043e6420, 0x00000000043e6530]
Event: 85.425 Thread 0x0000000018eb5800 8448       1       org.apache.ibatis.reflection.factory.DefaultObjectFactory::create (8 bytes)
Event: 85.426 Thread 0x0000000018eb5800 nmethod 8448 0x00000000043e6590 code [0x00000000043e6700, 0x00000000043e6878]
Event: 85.426 Thread 0x0000000018eb5800 8449       1       org.apache.ibatis.reflection.factory.DefaultObjectFactory::create (16 bytes)
Event: 85.426 Thread 0x0000000018eb5800 nmethod 8449 0x00000000043e6950 code [0x00000000043e6ac0, 0x00000000043e6c38]
Event: 85.427 Thread 0x0000000018eb5800 8450       1       com.alibaba.druid.filter.FilterChainImpl::resultSet_getMetaData (60 bytes)

GC Heap History (10 events):
Event: 20.455 GC heap before
{Heap before GC invocations=11 (full 2):
 PSYoungGen      total 322048K, used 293493K [0x00000000eab00000, 0x0000000100000000, 0x0000000100000000)
  eden space 299008K, 90% used [0x00000000eab00000,0x00000000fb38cfa0,0x00000000fcf00000)
  from space 23040K, 98% used [0x00000000fe980000,0x00000000fff906b8,0x0000000100000000)
  to   space 25088K, 0% used [0x00000000fcf00000,0x00000000fcf00000,0x00000000fe780000)
 ParOldGen       total 699392K, used 22349K [0x00000000c0000000, 0x00000000eab00000, 0x00000000eab00000)
  object space 699392K, 3% used [0x00000000c0000000,0x00000000c15d3678,0x00000000eab00000)
 Metaspace       used 56290K, capacity 59084K, committed 59136K, reserved 1099776K
  class space    used 7395K, capacity 7911K, committed 7936K, reserved 1048576K
Event: 20.483 GC heap after
Heap after GC invocations=11 (full 2):
 PSYoungGen      total 324096K, used 18771K [0x00000000eab00000, 0x0000000100000000, 0x0000000100000000)
  eden space 299008K, 0% used [0x00000000eab00000,0x00000000eab00000,0x00000000fcf00000)
  from space 25088K, 74% used [0x00000000fcf00000,0x00000000fe154c40,0x00000000fe780000)
  to   space 24576K, 0% used [0x00000000fe800000,0x00000000fe800000,0x0000000100000000)
 ParOldGen       total 699392K, used 32592K [0x00000000c0000000, 0x00000000eab00000, 0x00000000eab00000)
  object space 699392K, 4% used [0x00000000c0000000,0x00000000c1fd4008,0x00000000eab00000)
 Metaspace       used 56290K, capacity 59084K, committed 59136K, reserved 1099776K
  class space    used 7395K, capacity 7911K, committed 7936K, reserved 1048576K
}
Event: 20.483 GC heap before
{Heap before GC invocations=12 (full 3):
 PSYoungGen      total 324096K, used 18771K [0x00000000eab00000, 0x0000000100000000, 0x0000000100000000)
  eden space 299008K, 0% used [0x00000000eab00000,0x00000000eab00000,0x00000000fcf00000)
  from space 25088K, 74% used [0x00000000fcf00000,0x00000000fe154c40,0x00000000fe780000)
  to   space 24576K, 0% used [0x00000000fe800000,0x00000000fe800000,0x0000000100000000)
 ParOldGen       total 699392K, used 32592K [0x00000000c0000000, 0x00000000eab00000, 0x00000000eab00000)
  object space 699392K, 4% used [0x00000000c0000000,0x00000000c1fd4008,0x00000000eab00000)
 Metaspace       used 56290K, capacity 59084K, committed 59136K, reserved 1099776K
  class space    used 7395K, capacity 7911K, committed 7936K, reserved 1048576K
Event: 20.943 GC heap after
Heap after GC invocations=12 (full 3):
 PSYoungGen      total 324096K, used 0K [0x00000000eab00000, 0x0000000100000000, 0x0000000100000000)
  eden space 299008K, 0% used [0x00000000eab00000,0x00000000eab00000,0x00000000fcf00000)
  from space 25088K, 0% used [0x00000000fcf00000,0x00000000fcf00000,0x00000000fe780000)
  to   space 24576K, 0% used [0x00000000fe800000,0x00000000fe800000,0x0000000100000000)
 ParOldGen       total 699392K, used 49355K [0x00000000c0000000, 0x00000000eab00000, 0x00000000eab00000)
  object space 699392K, 7% used [0x00000000c0000000,0x00000000c3032c98,0x00000000eab00000)
 Metaspace       used 56256K, capacity 59030K, committed 59136K, reserved 1099776K
  class space    used 7390K, capacity 7902K, committed 7936K, reserved 1048576K
}
Event: 22.949 GC heap before
{Heap before GC invocations=13 (full 3):
 PSYoungGen      total 324096K, used 299008K [0x00000000eab00000, 0x0000000100000000, 0x0000000100000000)
  eden space 299008K, 100% used [0x00000000eab00000,0x00000000fcf00000,0x00000000fcf00000)
  from space 25088K, 0% used [0x00000000fcf00000,0x00000000fcf00000,0x00000000fe780000)
  to   space 24576K, 0% used [0x00000000fe800000,0x00000000fe800000,0x0000000100000000)
 ParOldGen       total 699392K, used 49355K [0x00000000c0000000, 0x00000000eab00000, 0x00000000eab00000)
  object space 699392K, 7% used [0x00000000c0000000,0x00000000c3032c98,0x00000000eab00000)
 Metaspace       used 57049K, capacity 59860K, committed 60032K, reserved 1101824K
  class space    used 7548K, capacity 8041K, committed 8064K, reserved 1048576K
Event: 22.953 GC heap after
Heap after GC invocations=13 (full 3):
 PSYoungGen      total 320512K, used 1904K [0x00000000eab00000, 0x0000000100000000, 0x0000000100000000)
  eden space 295936K, 0% used [0x00000000eab00000,0x00000000eab00000,0x00000000fcc00000)
  from space 24576K, 7% used [0x00000000fe800000,0x00000000fe9dc1b0,0x0000000100000000)
  to   space 26624K, 0% used [0x00000000fcc00000,0x00000000fcc00000,0x00000000fe600000)
 ParOldGen       total 699392K, used 49363K [0x00000000c0000000, 0x00000000eab00000, 0x00000000eab00000)
  object space 699392K, 7% used [0x00000000c0000000,0x00000000c3034c98,0x00000000eab00000)
 Metaspace       used 57049K, capacity 59860K, committed 60032K, reserved 1101824K
  class space    used 7548K, capacity 8041K, committed 8064K, reserved 1048576K
}
Event: 24.064 GC heap before
{Heap before GC invocations=14 (full 3):
 PSYoungGen      total 320512K, used 297746K [0x00000000eab00000, 0x0000000100000000, 0x0000000100000000)
  eden space 295936K, 99% used [0x00000000eab00000,0x00000000fcbe8710,0x00000000fcc00000)
  from space 24576K, 7% used [0x00000000fe800000,0x00000000fe9dc1b0,0x0000000100000000)
  to   space 26624K, 0% used [0x00000000fcc00000,0x00000000fcc00000,0x00000000fe600000)
 ParOldGen       total 699392K, used 49363K [0x00000000c0000000, 0x00000000eab00000, 0x00000000eab00000)
  object space 699392K, 7% used [0x00000000c0000000,0x00000000c3034c98,0x00000000eab00000)
 Metaspace       used 62421K, capacity 65824K, committed 66048K, reserved 1105920K
  class space    used 8304K, capacity 8871K, committed 8960K, reserved 1048576K
Event: 24.137 GC heap after
Heap after GC invocations=14 (full 3):
 PSYoungGen      total 322560K, used 10076K [0x00000000eab00000, 0x0000000100000000, 0x0000000100000000)
  eden space 295936K, 0% used [0x00000000eab00000,0x00000000eab00000,0x00000000fcc00000)
  from space 26624K, 37% used [0x00000000fcc00000,0x00000000fd5d7380,0x00000000fe600000)
  to   space 26624K, 0% used [0x00000000fe600000,0x00000000fe600000,0x0000000100000000)
 ParOldGen       total 699392K, used 49371K [0x00000000c0000000, 0x00000000eab00000, 0x00000000eab00000)
  object space 699392K, 7% used [0x00000000c0000000,0x00000000c3036c98,0x00000000eab00000)
 Metaspace       used 62421K, capacity 65824K, committed 66048K, reserved 1105920K
  class space    used 8304K, capacity 8871K, committed 8960K, reserved 1048576K
}
Event: 65.852 GC heap before
{Heap before GC invocations=15 (full 3):
 PSYoungGen      total 322560K, used 306012K [0x00000000eab00000, 0x0000000100000000, 0x0000000100000000)
  eden space 295936K, 100% used [0x00000000eab00000,0x00000000fcc00000,0x00000000fcc00000)
  from space 26624K, 37% used [0x00000000fcc00000,0x00000000fd5d7380,0x00000000fe600000)
  to   space 26624K, 0% used [0x00000000fe600000,0x00000000fe600000,0x0000000100000000)
 ParOldGen       total 699392K, used 49371K [0x00000000c0000000, 0x00000000eab00000, 0x00000000eab00000)
  object space 699392K, 7% used [0x00000000c0000000,0x00000000c3036c98,0x00000000eab00000)
 Metaspace       used 68332K, capacity 71968K, committed 72192K, reserved 1112064K
  class space    used 9065K, capacity 9675K, committed 9728K, reserved 1048576K
Event: 65.867 GC heap after
Heap after GC invocations=15 (full 3):
 PSYoungGen      total 323072K, used 11225K [0x00000000eab00000, 0x0000000100000000, 0x0000000100000000)
  eden space 296448K, 0% used [0x00000000eab00000,0x00000000eab00000,0x00000000fcc80000)
  from space 26624K, 42% used [0x00000000fe600000,0x00000000ff0f6768,0x0000000100000000)
  to   space 26112K, 0% used [0x00000000fcc80000,0x00000000fcc80000,0x00000000fe600000)
 ParOldGen       total 699392K, used 50527K [0x00000000c0000000, 0x00000000eab00000, 0x00000000eab00000)
  object space 699392K, 7% used [0x00000000c0000000,0x00000000c3157ce0,0x00000000eab00000)
 Metaspace       used 68332K, capacity 71968K, committed 72192K, reserved 1112064K
  class space    used 9065K, capacity 9675K, committed 9728K, reserved 1048576K
}

Deoptimization events (0 events):
No events

Internal exceptions (10 events):
Event: 85.428 Thread 0x000000001f370800 Implicit null exception at 0x00000000043cba31 to 0x00000000043cbc06
Event: 85.428 Thread 0x000000001f370800 Exception <a 'java/lang/NullPointerException'> (0x00000000f57fe328) thrown at [C:\re\workspace\8-2-build-windows-amd64-cygwin\jdk8u131\8869\hotspot\src\share\vm\runtime\sharedRuntime.cpp, line 605]
Event: 85.428 Thread 0x000000001f370800 Implicit null exception at 0x00000000043cba31 to 0x00000000043cbc06
Event: 85.428 Thread 0x000000001f370800 Exception <a 'java/lang/NullPointerException'> (0x00000000f57fe530) thrown at [C:\re\workspace\8-2-build-windows-amd64-cygwin\jdk8u131\8869\hotspot\src\share\vm\runtime\sharedRuntime.cpp, line 605]
Event: 85.428 Thread 0x000000001f370800 Implicit null exception at 0x00000000043cba31 to 0x00000000043cbc06
Event: 85.428 Thread 0x000000001f370800 Exception <a 'java/lang/NullPointerException'> (0x00000000f57fe738) thrown at [C:\re\workspace\8-2-build-windows-amd64-cygwin\jdk8u131\8869\hotspot\src\share\vm\runtime\sharedRuntime.cpp, line 605]
Event: 85.428 Thread 0x000000001f370800 Implicit null exception at 0x00000000043cba31 to 0x00000000043cbc06
Event: 85.428 Thread 0x000000001f370800 Exception <a 'java/lang/NullPointerException'> (0x00000000f57fe940) thrown at [C:\re\workspace\8-2-build-windows-amd64-cygwin\jdk8u131\8869\hotspot\src\share\vm\runtime\sharedRuntime.cpp, line 605]
Event: 85.428 Thread 0x000000001f370800 Implicit null exception at 0x00000000043cba31 to 0x00000000043cbc06
Event: 85.428 Thread 0x000000001f370800 Exception <a 'java/lang/NullPointerException'> (0x00000000f57feb48) thrown at [C:\re\workspace\8-2-build-windows-amd64-cygwin\jdk8u131\8869\hotspot\src\share\vm\runtime\sharedRuntime.cpp, line 605]

Events (10 events):
Event: 82.515 Thread 0x000000001f0bf800 DEOPT PACKING pc=0x0000000003c16ddc sp=0x0000000023a1f180
Event: 82.515 Thread 0x000000001f0bf800 DEOPT UNPACKING pc=0x00000000034b787f sp=0x0000000023a1ef10 mode 0
Event: 82.769 Executing VM operation: RevokeBias
Event: 82.770 Executing VM operation: RevokeBias done
Event: 82.770 Thread 0x000000001f376000 Thread exited: 0x000000001f376000
Event: 84.011 Thread 0x000000001f0c0800 DEOPT PACKING pc=0x0000000003c16ddc sp=0x0000000023b1f350
Event: 84.011 Thread 0x000000001f0c0800 DEOPT UNPACKING pc=0x00000000034b787f sp=0x0000000023b1f0e0 mode 0
Event: 84.023 Thread 0x000000001f377800 Thread added: 0x000000001f377800
Event: 85.419 Thread 0x000000001f0c1000 DEOPT PACKING pc=0x0000000003c16ddc sp=0x0000000023c1f0f0
Event: 85.419 Thread 0x000000001f0c1000 DEOPT UNPACKING pc=0x00000000034b787f sp=0x0000000023c1ee80 mode 0


Dynamic libraries:
0x00007ff7edab0000 - 0x00007ff7edae7000 	C:\Program Files\Java\jdk1.8.0_131\bin\java.exe
0x00007ff8b9600000 - 0x00007ff8b97e1000 	C:\WINDOWS\SYSTEM32\ntdll.dll
0x00007ff8b9030000 - 0x00007ff8b90e2000 	C:\WINDOWS\System32\KERNEL32.DLL
0x00007ff8b5c10000 - 0x00007ff8b5e83000 	C:\WINDOWS\System32\KERNELBASE.dll
0x00007ff8b7190000 - 0x00007ff8b7231000 	C:\WINDOWS\System32\ADVAPI32.dll
0x00007ff8b8f90000 - 0x00007ff8b902e000 	C:\WINDOWS\System32\msvcrt.dll
0x00007ff8b6b00000 - 0x00007ff8b6b5b000 	C:\WINDOWS\System32\sechost.dll
0x00007ff8b8e60000 - 0x00007ff8b8f84000 	C:\WINDOWS\System32\RPCRT4.dll
0x00007ff8b7240000 - 0x00007ff8b73d0000 	C:\WINDOWS\System32\USER32.dll
0x00007ff8b59b0000 - 0x00007ff8b59d0000 	C:\WINDOWS\System32\win32u.dll
0x00007ff8b6ad0000 - 0x00007ff8b6af8000 	C:\WINDOWS\System32\GDI32.dll
0x00007ff8b56d0000 - 0x00007ff8b5862000 	C:\WINDOWS\System32\gdi32full.dll
0x00007ff8b58e0000 - 0x00007ff8b597f000 	C:\WINDOWS\System32\msvcp_win.dll
0x00007ff8b65a0000 - 0x00007ff8b669a000 	C:\WINDOWS\System32\ucrtbase.dll
0x00007ff8a9a60000 - 0x00007ff8a9cc9000 	C:\WINDOWS\WinSxS\amd64_microsoft.windows.common-controls_6595b64144ccf1df_6.0.17134.472_none_fb3f9af53068156d\COMCTL32.dll
0x00007ff8b6bf0000 - 0x00007ff8b6f12000 	C:\WINDOWS\System32\combase.dll
0x00007ff8b6860000 - 0x00007ff8b68da000 	C:\WINDOWS\System32\bcryptPrimitives.dll
0x00007ff8b6bc0000 - 0x00007ff8b6bed000 	C:\WINDOWS\System32\IMM32.DLL
0x0000000077990000 - 0x0000000077a62000 	C:\Program Files\Java\jdk1.8.0_131\jre\bin\msvcr100.dll
0x0000000076740000 - 0x0000000076fdc000 	C:\Program Files\Java\jdk1.8.0_131\jre\bin\server\jvm.dll
0x00007ff8b5980000 - 0x00007ff8b59a3000 	C:\WINDOWS\System32\WINMM.dll
0x00007ff8b5630000 - 0x00007ff8b565a000 	C:\WINDOWS\System32\WINMMBASE.dll
0x00007ff8b59d0000 - 0x00007ff8b5a19000 	C:\WINDOWS\System32\cfgmgr32.dll
0x00007ff8b7010000 - 0x00007ff8b7018000 	C:\WINDOWS\System32\PSAPI.DLL
0x00007ff8a4090000 - 0x00007ff8a4099000 	C:\WINDOWS\SYSTEM32\WSOCK32.dll
0x00007ff8b6f20000 - 0x00007ff8b6f8c000 	C:\WINDOWS\System32\WS2_32.dll
0x00007ff8ae740000 - 0x00007ff8ae74a000 	C:\WINDOWS\SYSTEM32\VERSION.dll
0x00000000500d0000 - 0x00000000500df000 	C:\Program Files\Java\jdk1.8.0_131\jre\bin\verify.dll
0x0000000077bb0000 - 0x0000000077bd9000 	C:\Program Files\Java\jdk1.8.0_131\jre\bin\java.dll
0x0000000077b60000 - 0x0000000077b83000 	C:\Program Files\Java\jdk1.8.0_131\jre\bin\instrument.dll
0x0000000077b90000 - 0x0000000077ba6000 	C:\Program Files\Java\jdk1.8.0_131\jre\bin\zip.dll
0x00007ff8b7a00000 - 0x00007ff8b8e40000 	C:\WINDOWS\System32\SHELL32.dll
0x00007ff8b9520000 - 0x00007ff8b95c9000 	C:\WINDOWS\System32\shcore.dll
0x00007ff8b5e90000 - 0x00007ff8b659d000 	C:\WINDOWS\System32\windows.storage.dll
0x00007ff8b6b60000 - 0x00007ff8b6bb1000 	C:\WINDOWS\System32\shlwapi.dll
0x00007ff8b5690000 - 0x00007ff8b56a1000 	C:\WINDOWS\System32\kernel.appcore.dll
0x00007ff8b56b0000 - 0x00007ff8b56cf000 	C:\WINDOWS\System32\profapi.dll
0x00007ff8b66a0000 - 0x00007ff8b66ec000 	C:\WINDOWS\System32\powrprof.dll
0x00007ff8b5680000 - 0x00007ff8b568a000 	C:\WINDOWS\System32\FLTLIB.DLL
0x00007ff8aa530000 - 0x00007ff8aa54a000 	C:\Program Files\JetBrains\IntelliJ IDEA 2018.3.2\bin\breakgen64.dll
0x0000000077970000 - 0x000000007798a000 	C:\Program Files\Java\jdk1.8.0_131\jre\bin\net.dll
0x00007ff8b4e90000 - 0x00007ff8b4ef6000 	C:\WINDOWS\system32\mswsock.dll
0x00000000500c0000 - 0x00000000500cd000 	C:\Program Files\Java\jdk1.8.0_131\jre\bin\management.dll
0x0000000077950000 - 0x0000000077961000 	C:\Program Files\Java\jdk1.8.0_131\jre\bin\nio.dll
0x00007ff8a1160000 - 0x00007ff8a1176000 	C:\WINDOWS\system32\napinsp.dll
0x00007ff8a1100000 - 0x00007ff8a111a000 	C:\WINDOWS\system32\pnrpnsp.dll
0x00007ff8b0260000 - 0x00007ff8b0279000 	C:\WINDOWS\system32\NLAapi.dll
0x00007ff8b4c50000 - 0x00007ff8b4d0e000 	C:\WINDOWS\SYSTEM32\DNSAPI.dll
0x00007ff8b9270000 - 0x00007ff8b9278000 	C:\WINDOWS\System32\NSI.dll
0x00007ff8b4c10000 - 0x00007ff8b4c48000 	C:\WINDOWS\SYSTEM32\IPHLPAPI.DLL
0x00007ff8a0d90000 - 0x00007ff8a0d9e000 	C:\WINDOWS\System32\winrnr.dll
0x00007ff8aecd0000 - 0x00007ff8aece5000 	C:\WINDOWS\System32\wshbth.dll
0x00007ff8aac20000 - 0x00007ff8aac2a000 	C:\Windows\System32\rasadhlp.dll
0x00007ff8aacc0000 - 0x00007ff8aad32000 	C:\WINDOWS\System32\fwpuclnt.dll
0x00007ff8b5170000 - 0x00007ff8b5195000 	C:\WINDOWS\SYSTEM32\bcrypt.dll
0x00007ff8b5040000 - 0x00007ff8b5057000 	C:\WINDOWS\SYSTEM32\CRYPTSP.dll
0x00007ff8b4a70000 - 0x00007ff8b4aa3000 	C:\WINDOWS\system32\rsaenh.dll
0x00007ff8b5560000 - 0x00007ff8b5588000 	C:\WINDOWS\SYSTEM32\USERENV.dll
0x00007ff8b5060000 - 0x00007ff8b506b000 	C:\WINDOWS\SYSTEM32\CRYPTBASE.dll
0x00007ff8ad250000 - 0x00007ff8ad266000 	C:\WINDOWS\SYSTEM32\dhcpcsvc6.DLL
0x00007ff8ae470000 - 0x00007ff8ae48a000 	C:\WINDOWS\SYSTEM32\dhcpcsvc.DLL
0x0000000077920000 - 0x0000000077944000 	C:\Program Files\Java\jdk1.8.0_131\jre\bin\sunec.dll
0x00000000765a0000 - 0x0000000076738000 	C:\Program Files\Java\jdk1.8.0_131\jre\bin\awt.dll
0x00007ff8b7930000 - 0x00007ff8b79f2000 	C:\WINDOWS\System32\OLEAUT32.dll
0x00007ff8b2a60000 - 0x00007ff8b2aeb000 	C:\WINDOWS\SYSTEM32\apphelp.dll
0x00007ff89e550000 - 0x00007ff89e60b000 	C:\Users\Administrator\.javacpp\cache\ffmpeg-4.0.2-1.4.3-windows-x86_64.jar\org\bytedeco\javacpp\windows-x86_64\avutil-56.dll
0x000000006fe00000 - 0x000000006fee7000 	C:\Users\Administrator\.javacpp\cache\ffmpeg-4.0.2-1.4.3-windows-x86_64.jar\org\bytedeco\javacpp\windows-x86_64\jniavutil.dll
0x00007ff8a9eb0000 - 0x00007ff8a9ed7000 	C:\Users\Administrator\.javacpp\cache\ffmpeg-4.0.2-1.4.3-windows-x86_64.jar\org\bytedeco\javacpp\windows-x86_64\swresample-3.dll
0x0000000070080000 - 0x00000000700ae000 	C:\Users\Administrator\.javacpp\cache\ffmpeg-4.0.2-1.4.3-windows-x86_64.jar\org\bytedeco\javacpp\windows-x86_64\jniswresample.dll
0x00007ff879ee0000 - 0x00007ff87c161000 	C:\Users\Administrator\.javacpp\cache\ffmpeg-4.0.2-1.4.3-windows-x86_64.jar\org\bytedeco\javacpp\windows-x86_64\avcodec-58.dll
0x00007ff8b6970000 - 0x00007ff8b6ac1000 	C:\WINDOWS\System32\ole32.dll
0x000000006a1c0000 - 0x000000006a424000 	C:\Users\Administrator\.javacpp\cache\ffmpeg-4.0.2-1.4.3-windows-x86_64.jar\org\bytedeco\javacpp\windows-x86_64\jniavcodec.dll
0x00007ff89a0c0000 - 0x00007ff89a581000 	C:\Users\Administrator\.javacpp\cache\ffmpeg-4.0.2-1.4.3-windows-x86_64.jar\org\bytedeco\javacpp\windows-x86_64\avformat-58.dll
0x00007ff8b5a20000 - 0x00007ff8b5c02000 	C:\WINDOWS\System32\CRYPT32.dll
0x00007ff8b5660000 - 0x00007ff8b5672000 	C:\WINDOWS\System32\MSASN1.dll
0x000000006abc0000 - 0x000000006ad0a000 	C:\Users\Administrator\.javacpp\cache\ffmpeg-4.0.2-1.4.3-windows-x86_64.jar\org\bytedeco\javacpp\windows-x86_64\jniavformat.dll
0x00007ff89c600000 - 0x00007ff89c695000 	C:\Users\Administrator\.javacpp\cache\ffmpeg-4.0.2-1.4.3-windows-x86_64.jar\org\bytedeco\javacpp\windows-x86_64\swscale-5.dll
0x0000000067cc0000 - 0x0000000067cf6000 	C:\Users\Administrator\.javacpp\cache\ffmpeg-4.0.2-1.4.3-windows-x86_64.jar\org\bytedeco\javacpp\windows-x86_64\jniswscale.dll
0x00007ff8a7560000 - 0x00007ff8a758a000 	C:\Users\Administrator\.javacpp\cache\ffmpeg-4.0.2-1.4.3-windows-x86_64.jar\org\bytedeco\javacpp\windows-x86_64\postproc-55.dll
0x000000006a0c0000 - 0x000000006a0ed000 	C:\Users\Administrator\.javacpp\cache\ffmpeg-4.0.2-1.4.3-windows-x86_64.jar\org\bytedeco\javacpp\windows-x86_64\jnipostproc.dll
0x00007ff896a50000 - 0x00007ff896dd1000 	C:\Users\Administrator\.javacpp\cache\ffmpeg-4.0.2-1.4.3-windows-x86_64.jar\org\bytedeco\javacpp\windows-x86_64\avfilter-7.dll
0x0000000064400000 - 0x0000000064477000 	C:\Users\Administrator\.javacpp\cache\ffmpeg-4.0.2-1.4.3-windows-x86_64.jar\org\bytedeco\javacpp\windows-x86_64\jniavfilter.dll
0x00007ff8a7080000 - 0x00007ff8a70ac000 	C:\Users\Administrator\.javacpp\cache\ffmpeg-4.0.2-1.4.3-windows-x86_64.jar\org\bytedeco\javacpp\windows-x86_64\avdevice-58.dll
0x00007ff8a9e90000 - 0x00007ff8a9ea8000 	C:\WINDOWS\SYSTEM32\AVICAP32.dll
0x00007ff89f580000 - 0x00007ff89f5a9000 	C:\WINDOWS\SYSTEM32\MSVFW32.dll
0x00000000013a0000 - 0x00000000013d9000 	C:\Users\Administrator\.javacpp\cache\ffmpeg-4.0.2-1.4.3-windows-x86_64.jar\org\bytedeco\javacpp\windows-x86_64\jniavdevice.dll
0x00007ff8af910000 - 0x00007ff8afad9000 	C:\WINDOWS\SYSTEM32\dbghelp.dll

VM Arguments:
jvm_args: -Xms1g -Xmx1g -XX:TieredStopAtLevel=1 -Xverify:none -Dspring.output.ansi.enabled=always -Dcom.sun.management.jmxremote -Dcom.sun.management.jmxremote.port=63558 -Dcom.sun.management.jmxremote.authenticate=false -Dcom.sun.management.jmxremote.ssl=false -Djava.rmi.server.hostname=localhost -Dspring.liveBeansView.mbeanDomain -Dspring.application.admin.enabled=true -javaagent:C:\Program Files\JetBrains\IntelliJ IDEA 2018.3.2\lib\idea_rt.jar=63559:C:\Program Files\JetBrains\IntelliJ IDEA 2018.3.2\bin -Dfile.encoding=UTF-8 
java_command: com.nieyue.Application
java_class_path (initial): C:\Users\Administrator\AppData\Local\Temp\classpath662783282.jar;C:\Program Files\JetBrains\IntelliJ IDEA 2018.3.2\lib\idea_rt.jar
Launcher Type: SUN_STANDARD

Environment Variables:
JAVA_HOME=C:\Program Files\Java\jdk1.8.0_131
CLASSPATH=.;C:\Program Files\Java\jdk1.8.0_131\lib\dt.jar;C:\Program Files\Java\jdk1.8.0_131\lib\tools.jar;
PATH=C:\ProgramData\Oracle\Java\javapath;C:\Program Files\Java\jdk1.8.0_131\bin;C:\Program Files\Java\jdk1.8.0_131\jre\bin;C:\windows\system32;C:\windows;C:\windows\System32\Wbem;C:\windows\System32\WindowsPowerShell\v1.0\;C:\Program Files\nodejs\;C:\Program Files\nodejs;C:\Program Files (x86)\MySQL\MySQL Fabric 1.5.2 & MySQL Utilities 1.5.2 1.5\;C:\Program Files (x86)\MySQL\MySQL Fabric 1.5.2 & MySQL Utilities 1.5.2 1.5\Doctrine extensions for PHP\;C:\Program Files\MySQL\MySQL Server 5.6\bin;C:\Program Files\Git\bin;C:\Program Files\Intel\WiFi\bin\;C:\Program Files\Common Files\Intel\WirelessCommon\;C:\Program Files (x86)\NVIDIA Corporation\PhysX\Common;E:\nieyue\gradle\gradle-3.5\bin;C:\Python27;C:\Program Files\Git;E:\nieyue\AndroidStudio\SDKTools\android-sdk-windows\platforms;E:\nieyue\AndroidStudio\SDKTools\android-sdk-windows\tools;E:\nieyue\AndroidStudio\SDKTools\android-sdk-windows\platform-tools;C:\Program Files\TortoiseSVN\bin;C:\Program Files\MongoDB\Server\3.6\bin;E:\nieyue\PHP;C:\Program Files (x86)\Microsoft SQL Server\100\Tools\Binn\;C:\Program Files (x86)\Microsoft SQL Server\100\DTS\Binn\;C:\Program Files (x86)\Microsoft SQL Server\100\Tools\Binn\VSShell\Common7\IDE\;C:\Program Files (x86)\Microsoft VS Code\bin;C:\WINDOWS\system32;C:\WINDOWS;C:\WINDOWS\System32\Wbem;C:\WINDOWS\System32\WindowsPowerShell\v1.0\;C:\WINDOWS\System32\OpenSSH\;E:\nieyue\maven\apache-maven-3.3.3\bin;C:\Go\bin;E:\nieyue\IntelliJIDE\golang\bin;E:\nieyue\Python\Scripts\;E:\nieyue\Python\;C:\Users\Administrator\AppData\Local\Microsoft\WindowsApps;C:\Users\Administrator\AppData\Roaming\npm;C:\Program Files (x86)\Microsoft VS Code\bin;C:\Program Files\Intel\WiFi\bin\;C:\Program Files\Common Files\Intel\WirelessCommon\;;C:\Program Files\JetBrains\IntelliJ IDEA 2018.3.2\bin;;C:\Users\Administrator\go\bin
USERNAME=Administrator
OS=Windows_NT
PROCESSOR_IDENTIFIER=Intel64 Family 6 Model 70 Stepping 1, GenuineIntel



---------------  S Y S T E M  ---------------

OS: Windows 10.0 , 64 bit Build 17134 (10.0.17134.1)

CPU:total 8 (initial active 8) (4 cores per cpu, 2 threads per core) family 6 model 70 stepping 1, cmov, cx8, fxsr, mmx, sse, sse2, sse3, ssse3, sse4.1, sse4.2, popcnt, avx, avx2, aes, clmul, erms, lzcnt, ht, tsc, tscinvbit, bmi1, bmi2

Memory: 4k page, physical 8313132k(1302600k free), swap 14546716k(1265880k free)

vm_info: Java HotSpot(TM) 64-Bit Server VM (25.131-b11) for windows-amd64 JRE (1.8.0_131-b11), built on Mar 15 2017 01:23:53 by "java_re" with MS VC++ 10.0 (VS2010)

time: Sun Jan 06 19:26:17 2019
elapsed time: 85 seconds (0d 0h 1m 25s)

