#
# A fatal error has been detected by the Java Runtime Environment:
#
#  EXCEPTION_ACCESS_VIOLATION (0xc0000005) at pc=0x000007feecf5ec3c, pid=13760, tid=0x0000000000003138
#
# JRE version: Java(TM) SE Runtime Environment (8.0_131-b11) (build 1.8.0_131-b11)
# Java VM: Java HotSpot(TM) 64-Bit Server VM (25.131-b11 mixed mode windows-amd64 compressed oops)
# Problematic frame:
# C  [avformat-58.dll+0x4ec3c]
#
# Failed to write core dump. Minidumps are not enabled by default on client versions of Windows
#
# If you would like to submit a bug report, please visit:
#   http://bugreport.java.com/bugreport/crash.jsp
# The crash happened outside the Java Virtual Machine in native code.
# See problematic frame for where to report the bug.
#

---------------  T H R E A D  ---------------

Current thread (0x0000000027d3a800):  JavaThread "录像工作线程0" [_thread_in_native, id=12600, stack(0x0000000046130000,0x0000000046230000)]

siginfo: ExceptionCode=0xc0000005, writing address 0x00000000454b00f0

Registers:
RAX=0x0000000000000000, RBX=0x00000000002ce8e0, RCX=0x00000000002df200, RDX=0x0000000045119f00
RSP=0x000000004622ec20, RBP=0x0000000000000000, RSI=0x0000000000000000, RDI=0x00000000ffffffff
R8 =0x0000000045119f00, R9 =0x0000000000000001, R10=0x0000000045119f00, R11=0x0000000000000000
R12=0x8000000000000000, R13=0x00000000002d0fc0, R14=0x00000000452b0080, R15=0x000000000000000b
RIP=0x000007feecf5ec3c, EFLAGS=0x0000000000010206

Top of Stack: (sp=0x000000004622ec20)
0x000000004622ec20:   0000000000000000 0000000000000000
0x000000004622ec30:   0000000000000000 0000000000000000
0x000000004622ec40:   0000000000000000 0000000000000000
0x000000004622ec50:   0000000000000000 0000000000000000
0x000000004622ec60:   00000000452b0080 0000000000055593
0x000000004622ec70:   0000000000000000 0000000000000000
0x000000004622ec80:   0000000000000000 0000000000000000
0x000000004622ec90:   0000000000000000 8000000000000000
0x000000004622eca0:   0000000000000000 0000000000000000
0x000000004622ecb0:   0000000000000000 0000000000000000
0x000000004622ecc0:   0000000000000000 0000000000000000
0x000000004622ecd0:   0000000000000000 00000000002ce8e0
0x000000004622ece0:   00000000002d0fc0 00000000002d0fc0
0x000000004622ecf0:   000000004622ef30 8000000000000000
0x000000004622ed00:   00000000002d0fc0 000000004622ef30
0x000000004622ed10:   0000000000000000 000007feed078c4b 

Instructions: (pc=0x000007feecf5ec3c)
0x000007feecf5ec1c:   7e fd ff 49 8b 4d 20 89 c6 83 e6 1f e8 33 a4 fd
0x000007feecf5ec2c:   ff 4c 8b 74 24 40 44 8d 78 0b 49 8b 4d 20 89 c5
0x000007feecf5ec3c:   45 01 be 70 00 20 00 e8 18 a4 fd ff 49 8b 4d 20
0x000007feecf5ec4c:   41 89 c4 e8 6c 7e fd ff 89 c3 49 8b 4d 20 31 d2 


Register to memory mapping:

RAX=0x0000000000000000 is an unknown value
RBX=0x00000000002ce8e0 is an unknown value
RCX=0x00000000002df200 is an unknown value
RDX=0x0000000045119f00 is an unknown value
RSP=0x000000004622ec20 is pointing into the stack for thread: 0x0000000027d3a800
RBP=0x0000000000000000 is an unknown value
RSI=0x0000000000000000 is an unknown value
RDI=0x00000000ffffffff is an unknown value
R8 =0x0000000045119f00 is an unknown value
R9 =0x0000000000000001 is an unknown value
R10=0x0000000045119f00 is an unknown value
R11=0x0000000000000000 is an unknown value
R12=0x8000000000000000 is an unknown value
R13=0x00000000002d0fc0 is an unknown value
R14=0x00000000452b0080 is an unknown value
R15=0x000000000000000b is an unknown value


Stack: [0x0000000046130000,0x0000000046230000],  sp=0x000000004622ec20,  free space=1019k
Native frames: (J=compiled Java code, j=interpreted, Vv=VM code, C=native code)

Java frames: (J=compiled Java code, j=interpreted, Vv=VM code)
j  org.bytedeco.javacpp.avformat.av_read_frame(Lorg/bytedeco/javacpp/avformat$AVFormatContext;Lorg/bytedeco/javacpp/avcodec$AVPacket;)I+0
j  com.nieyue.javacv.recorder.FFmpegFrameGrabberPlus.grabFrame(ZZZZ)Lorg/bytedeco/javacv/Frame;+335
j  com.nieyue.javacv.recorder.FFmpegFrameGrabberPlus.grab()Lorg/bytedeco/javacv/Frame;+5
j  org.bytedeco.javacv.FrameGrabber.grabFrame()Lorg/bytedeco/javacv/Frame;+1
j  com.nieyue.javacv.recorder.RecordThread.codecLoop()V+79
j  com.nieyue.javacv.recorder.RecordThread.run()V+39
v  ~StubRoutines::call_stub

---------------  P R O C E S S  ---------------

Java Threads: ( => current thread )
  0x000000002efe2800 JavaThread "DestroyJavaVM" [_thread_blocked, id=13564, stack(0x00000000024e0000,0x00000000025e0000)]
  0x0000000027d3a000 JavaThread "Thread-50" [_thread_in_native, id=12504, stack(0x0000000046d90000,0x0000000046e90000)]
=>0x0000000027d3a800 JavaThread "录像工作线程0" [_thread_in_native, id=12600, stack(0x0000000046130000,0x0000000046230000)]
  0x000000002efe1800 JavaThread "elastic-evictor-1" daemon [_thread_blocked, id=14052, stack(0x0000000044fb0000,0x00000000450b0000)]
  0x000000002efe1000 JavaThread "SimplePauseDetectorThread_2" daemon [_thread_blocked, id=10152, stack(0x0000000044bd0000,0x0000000044cd0000)]
  0x000000002efe0000 JavaThread "SimplePauseDetectorThread_1" daemon [_thread_blocked, id=12352, stack(0x0000000044a90000,0x0000000044b90000)]
  0x000000002efdf800 JavaThread "SimplePauseDetectorThread_0" daemon [_thread_blocked, id=13100, stack(0x0000000044960000,0x0000000044a60000)]
  0x000000002efde800 JavaThread "Thread-46" daemon [_thread_blocked, id=11928, stack(0x00000000420b0000,0x00000000421b0000)]
  0x000000002efde000 JavaThread "lettuce-eventExecutorLoop-1-2" daemon [_thread_blocked, id=7256, stack(0x0000000044760000,0x0000000044860000)]
  0x000000002efdd000 JavaThread "lettuce-nioEventLoop-4-1" daemon [_thread_in_native, id=9516, stack(0x00000000411f0000,0x00000000412f0000)]
  0x000000002efdc800 JavaThread "ObjectCleanerThread" daemon [_thread_blocked, id=11840, stack(0x0000000041b20000,0x0000000041c20000)]
  0x000000002efdb800 JavaThread "JavaCPP Deallocator" daemon [_thread_blocked, id=7284, stack(0x00000000434d0000,0x00000000435d0000)]
  0x000000002e9cb000 JavaThread "pool-1-thread-2" [_thread_blocked, id=11564, stack(0x0000000043140000,0x0000000043240000)]
  0x000000002e9ca800 JavaThread "AMQP Connection 127.0.0.1:5672" [_thread_in_native, id=11076, stack(0x0000000042f50000,0x0000000043050000)]
  0x000000002e9c7800 JavaThread "RMI TCP Connection(idle)" daemon [_thread_blocked, id=10512, stack(0x0000000042850000,0x0000000042950000)]
  0x000000002e9c8000 JavaThread "RMI TCP Connection(13)-127.0.0.1" daemon [_thread_in_native, id=13792, stack(0x0000000042990000,0x0000000042a90000)]
  0x000000002e9c6800 JavaThread "SessionValidationThread-1" daemon [_thread_blocked, id=14264, stack(0x00000000418b0000,0x00000000419b0000)]
  0x000000002e9c6000 JavaThread "http-nio-8080-AsyncTimeout" daemon [_thread_blocked, id=11104, stack(0x00000000422d0000,0x00000000423d0000)]
  0x000000002e9c5000 JavaThread "http-nio-8080-Acceptor-0" daemon [_thread_in_native, id=11308, stack(0x00000000421b0000,0x00000000422b0000)]
  0x000000002e9c4800 JavaThread "http-nio-8080-ClientPoller-1" daemon [_thread_in_native, id=11072, stack(0x0000000041fb0000,0x00000000420b0000)]
  0x000000002e9c3800 JavaThread "http-nio-8080-ClientPoller-0" daemon [_thread_in_native, id=13300, stack(0x0000000041e00000,0x0000000041f00000)]
  0x000000002e9c3000 JavaThread "http-nio-8080-exec-200" daemon [_thread_blocked, id=13060, stack(0x0000000041c20000,0x0000000041d20000)]
  0x000000002e9c2000 JavaThread "http-nio-8080-exec-199" daemon [_thread_blocked, id=14192, stack(0x00000000419f0000,0x0000000041af0000)]
  0x000000002e9c1800 JavaThread "http-nio-8080-exec-198" daemon [_thread_blocked, id=14220, stack(0x00000000417a0000,0x00000000418a0000)]
  0x000000002e9c0800 JavaThread "http-nio-8080-exec-197" daemon [_thread_blocked, id=9976, stack(0x00000000416a0000,0x00000000417a0000)]
  0x000000002e9c0000 JavaThread "http-nio-8080-exec-196" daemon [_thread_blocked, id=10524, stack(0x000000003f290000,0x000000003f390000)]
  0x000000002e9bf000 JavaThread "http-nio-8080-exec-195" daemon [_thread_blocked, id=9204, stack(0x0000000041580000,0x0000000041680000)]
  0x000000002e9be800 JavaThread "http-nio-8080-exec-194" daemon [_thread_blocked, id=11584, stack(0x000000003e380000,0x000000003e480000)]
  0x000000002e9bd800 JavaThread "http-nio-8080-exec-193" daemon [_thread_blocked, id=13584, stack(0x00000000413f0000,0x00000000414f0000)]
  0x000000002e9bd000 JavaThread "http-nio-8080-exec-192" daemon [_thread_blocked, id=10724, stack(0x00000000412f0000,0x00000000413f0000)]
  0x000000002e9bc000 JavaThread "http-nio-8080-exec-191" daemon [_thread_blocked, id=11484, stack(0x00000000410e0000,0x00000000411e0000)]
  0x000000002e9a1000 JavaThread "http-nio-8080-exec-190" daemon [_thread_blocked, id=11476, stack(0x0000000040ef0000,0x0000000040ff0000)]
  0x000000002e9a0800 JavaThread "http-nio-8080-exec-189" daemon [_thread_blocked, id=13788, stack(0x0000000040d40000,0x0000000040e40000)]
  0x000000002e99f800 JavaThread "http-nio-8080-exec-188" daemon [_thread_blocked, id=13832, stack(0x0000000040bb0000,0x0000000040cb0000)]
  0x000000002e99f000 JavaThread "http-nio-8080-exec-187" daemon [_thread_blocked, id=8240, stack(0x00000000409c0000,0x0000000040ac0000)]
  0x000000002e99e000 JavaThread "http-nio-8080-exec-186" daemon [_thread_blocked, id=14064, stack(0x00000000404d0000,0x00000000405d0000)]
  0x000000002e99d800 JavaThread "http-nio-8080-exec-185" daemon [_thread_blocked, id=12460, stack(0x00000000408c0000,0x00000000409c0000)]
  0x000000002e99c800 JavaThread "http-nio-8080-exec-184" daemon [_thread_blocked, id=13728, stack(0x000000003f730000,0x000000003f830000)]
  0x000000002e99c000 JavaThread "http-nio-8080-exec-183" daemon [_thread_blocked, id=12928, stack(0x0000000040770000,0x0000000040870000)]
  0x000000002e99b000 JavaThread "http-nio-8080-exec-182" daemon [_thread_blocked, id=13996, stack(0x00000000405d0000,0x00000000406d0000)]
  0x000000002e99a800 JavaThread "http-nio-8080-exec-181" daemon [_thread_blocked, id=9892, stack(0x000000003ff20000,0x0000000040020000)]
  0x000000002e999800 JavaThread "http-nio-8080-exec-180" daemon [_thread_blocked, id=4916, stack(0x0000000040390000,0x0000000040490000)]
  0x000000002e999000 JavaThread "http-nio-8080-exec-179" daemon [_thread_blocked, id=13368, stack(0x0000000040200000,0x0000000040300000)]
  0x000000002e998000 JavaThread "http-nio-8080-exec-178" daemon [_thread_blocked, id=10008, stack(0x0000000040020000,0x0000000040120000)]
  0x000000002e997800 JavaThread "http-nio-8080-exec-177" daemon [_thread_blocked, id=11240, stack(0x000000003fe10000,0x000000003ff10000)]
  0x000000002e996800 JavaThread "http-nio-8080-exec-176" daemon [_thread_blocked, id=13800, stack(0x000000003f4b0000,0x000000003f5b0000)]
  0x000000002e996000 JavaThread "http-nio-8080-exec-175" daemon [_thread_blocked, id=7292, stack(0x000000003fcb0000,0x000000003fdb0000)]
  0x000000002e995000 JavaThread "http-nio-8080-exec-174" daemon [_thread_blocked, id=11536, stack(0x000000003fb70000,0x000000003fc70000)]
  0x000000002e994800 JavaThread "http-nio-8080-exec-173" daemon [_thread_blocked, id=11588, stack(0x000000003fa00000,0x000000003fb00000)]
  0x000000002e993800 JavaThread "http-nio-8080-exec-172" daemon [_thread_blocked, id=360, stack(0x000000003f830000,0x000000003f930000)]
  0x000000002e993000 JavaThread "http-nio-8080-exec-171" daemon [_thread_blocked, id=14268, stack(0x000000003f600000,0x000000003f700000)]
  0x000000002e992000 JavaThread "http-nio-8080-exec-170" daemon [_thread_blocked, id=6376, stack(0x000000003f390000,0x000000003f490000)]
  0x000000002e968800 JavaThread "http-nio-8080-exec-169" daemon [_thread_blocked, id=4696, stack(0x000000003f190000,0x000000003f290000)]
  0x000000002e968000 JavaThread "http-nio-8080-exec-168" daemon [_thread_blocked, id=14076, stack(0x000000003efe0000,0x000000003f0e0000)]
  0x000000002e967000 JavaThread "http-nio-8080-exec-167" daemon [_thread_blocked, id=10044, stack(0x000000003e970000,0x000000003ea70000)]
  0x000000002e966800 JavaThread "http-nio-8080-exec-166" daemon [_thread_blocked, id=12688, stack(0x000000003ee50000,0x000000003ef50000)]
  0x000000002e965800 JavaThread "http-nio-8080-exec-165" daemon [_thread_blocked, id=11540, stack(0x000000003ecd0000,0x000000003edd0000)]
  0x000000002e965000 JavaThread "http-nio-8080-exec-164" daemon [_thread_blocked, id=9444, stack(0x000000003ebb0000,0x000000003ecb0000)]
  0x000000002e964000 JavaThread "http-nio-8080-exec-163" daemon [_thread_blocked, id=7308, stack(0x000000003ea70000,0x000000003eb70000)]
  0x000000002e963800 JavaThread "http-nio-8080-exec-162" daemon [_thread_blocked, id=8696, stack(0x000000003e7d0000,0x000000003e8d0000)]
  0x000000002e962800 JavaThread "http-nio-8080-exec-161" daemon [_thread_blocked, id=9960, stack(0x000000003dd60000,0x000000003de60000)]
  0x000000002e962000 JavaThread "http-nio-8080-exec-160" daemon [_thread_blocked, id=7808, stack(0x000000003e5d0000,0x000000003e6d0000)]
  0x000000002e961000 JavaThread "http-nio-8080-exec-159" daemon [_thread_blocked, id=13196, stack(0x000000003e480000,0x000000003e580000)]
  0x000000002e960800 JavaThread "http-nio-8080-exec-158" daemon [_thread_blocked, id=11400, stack(0x000000003e270000,0x000000003e370000)]
  0x000000002e95f800 JavaThread "http-nio-8080-exec-157" daemon [_thread_blocked, id=13988, stack(0x000000003e0b0000,0x000000003e1b0000)]
  0x000000002e95f000 JavaThread "http-nio-8080-exec-156" daemon [_thread_blocked, id=11516, stack(0x000000003d1d0000,0x000000003d2d0000)]
  0x000000002e95e000 JavaThread "http-nio-8080-exec-155" daemon [_thread_blocked, id=9432, stack(0x000000003dfb0000,0x000000003e0b0000)]
  0x000000002e95d800 JavaThread "http-nio-8080-exec-154" daemon [_thread_blocked, id=14000, stack(0x000000003de70000,0x000000003df70000)]
  0x000000002e95c800 JavaThread "http-nio-8080-exec-153" daemon [_thread_blocked, id=13816, stack(0x000000003cfa0000,0x000000003d0a0000)]
  0x000000002e95c000 JavaThread "http-nio-8080-exec-152" daemon [_thread_blocked, id=13084, stack(0x000000003dc10000,0x000000003dd10000)]
  0x000000002e95b000 JavaThread "http-nio-8080-exec-151" daemon [_thread_blocked, id=6760, stack(0x000000003db00000,0x000000003dc00000)]
  0x000000002e95a800 JavaThread "http-nio-8080-exec-150" daemon [_thread_blocked, id=9592, stack(0x000000003d9a0000,0x000000003daa0000)]
  0x000000002e959800 JavaThread "http-nio-8080-exec-149" daemon [_thread_blocked, id=9924, stack(0x000000003d7a0000,0x000000003d8a0000)]
  0x000000002e946000 JavaThread "http-nio-8080-exec-148" daemon [_thread_blocked, id=6168, stack(0x000000003bc10000,0x000000003bd10000)]
  0x000000002e945000 JavaThread "http-nio-8080-exec-147" daemon [_thread_blocked, id=13320, stack(0x000000003d5f0000,0x000000003d6f0000)]
  0x000000002e944800 JavaThread "http-nio-8080-exec-146" daemon [_thread_blocked, id=13408, stack(0x000000003d480000,0x000000003d580000)]
  0x000000002e943800 JavaThread "http-nio-8080-exec-145" daemon [_thread_blocked, id=10480, stack(0x000000003d300000,0x000000003d400000)]
  0x000000002e943000 JavaThread "http-nio-8080-exec-144" daemon [_thread_blocked, id=7280, stack(0x000000003d0c0000,0x000000003d1c0000)]
  0x000000002e942000 JavaThread "http-nio-8080-exec-143" daemon [_thread_blocked, id=12312, stack(0x000000003cbf0000,0x000000003ccf0000)]
  0x000000002e941800 JavaThread "http-nio-8080-exec-142" daemon [_thread_blocked, id=10696, stack(0x000000003ce70000,0x000000003cf70000)]
  0x000000002e940800 JavaThread "http-nio-8080-exec-141" daemon [_thread_blocked, id=1184, stack(0x000000003cd00000,0x000000003ce00000)]
  0x000000002e940000 JavaThread "http-nio-8080-exec-140" daemon [_thread_blocked, id=13360, stack(0x000000003ca80000,0x000000003cb80000)]
  0x000000002e93f000 JavaThread "http-nio-8080-exec-139" daemon [_thread_blocked, id=13580, stack(0x0000000039100000,0x0000000039200000)]
  0x000000002e93a000 JavaThread "http-nio-8080-exec-138" daemon [_thread_blocked, id=8700, stack(0x000000003c930000,0x000000003ca30000)]
  0x000000002e939000 JavaThread "http-nio-8080-exec-137" daemon [_thread_blocked, id=13052, stack(0x000000003c510000,0x000000003c610000)]
  0x000000002e938800 JavaThread "http-nio-8080-exec-136" daemon [_thread_blocked, id=11836, stack(0x000000003c7d0000,0x000000003c8d0000)]
  0x000000002e937800 JavaThread "http-nio-8080-exec-135" daemon [_thread_blocked, id=13156, stack(0x000000003c6c0000,0x000000003c7c0000)]
  0x000000002e937000 JavaThread "http-nio-8080-exec-134" daemon [_thread_blocked, id=14272, stack(0x000000003c400000,0x000000003c500000)]
  0x000000002e936000 JavaThread "http-nio-8080-exec-133" daemon [_thread_blocked, id=8356, stack(0x000000003b540000,0x000000003b640000)]
  0x000000002e935800 JavaThread "http-nio-8080-exec-132" daemon [_thread_blocked, id=10000, stack(0x000000003c2d0000,0x000000003c3d0000)]
  0x000000002e934800 JavaThread "http-nio-8080-exec-131" daemon [_thread_blocked, id=2940, stack(0x000000003c1a0000,0x000000003c2a0000)]
  0x000000002e934000 JavaThread "http-nio-8080-exec-130" daemon [_thread_blocked, id=3380, stack(0x000000003c080000,0x000000003c180000)]
  0x000000002e933000 JavaThread "http-nio-8080-exec-129" daemon [_thread_blocked, id=12868, stack(0x000000003bec0000,0x000000003bfc0000)]
  0x000000002e926000 JavaThread "http-nio-8080-exec-128" daemon [_thread_blocked, id=10668, stack(0x000000003adf0000,0x000000003aef0000)]
  0x000000002e925000 JavaThread "http-nio-8080-exec-127" daemon [_thread_blocked, id=14084, stack(0x000000003bd10000,0x000000003be10000)]
  0x000000002e924800 JavaThread "http-nio-8080-exec-126" daemon [_thread_blocked, id=11856, stack(0x000000003bb10000,0x000000003bc10000)]
  0x000000002e923800 JavaThread "http-nio-8080-exec-125" daemon [_thread_blocked, id=10492, stack(0x000000003b990000,0x000000003ba90000)]
  0x000000002e923000 JavaThread "http-nio-8080-exec-124" daemon [_thread_blocked, id=12920, stack(0x000000003b830000,0x000000003b930000)]
  0x000000002e922000 JavaThread "http-nio-8080-exec-123" daemon [_thread_blocked, id=13896, stack(0x000000003b190000,0x000000003b290000)]
  0x000000002e921800 JavaThread "http-nio-8080-exec-122" daemon [_thread_blocked, id=11028, stack(0x000000003b670000,0x000000003b770000)]
  0x000000002e920800 JavaThread "http-nio-8080-exec-121" daemon [_thread_blocked, id=12748, stack(0x000000003b440000,0x000000003b540000)]
  0x000000002e920000 JavaThread "http-nio-8080-exec-120" daemon [_thread_blocked, id=2140, stack(0x000000003aa50000,0x000000003ab50000)]
  0x000000002e91f000 JavaThread "http-nio-8080-exec-119" daemon [_thread_blocked, id=11212, stack(0x000000003b2a0000,0x000000003b3a0000)]
  0x000000002e912000 JavaThread "http-nio-8080-exec-118" daemon [_thread_blocked, id=11196, stack(0x000000003b090000,0x000000003b190000)]
  0x000000002e911000 JavaThread "http-nio-8080-exec-117" daemon [_thread_blocked, id=12612, stack(0x000000003a800000,0x000000003a900000)]
  0x000000002e910800 JavaThread "http-nio-8080-exec-116" daemon [_thread_blocked, id=13804, stack(0x000000003af20000,0x000000003b020000)]
  0x000000002e90f800 JavaThread "http-nio-8080-exec-115" daemon [_thread_blocked, id=13420, stack(0x000000003a0d0000,0x000000003a1d0000)]
  0x000000002e90f000 JavaThread "http-nio-8080-exec-114" daemon [_thread_blocked, id=13016, stack(0x000000003acf0000,0x000000003adf0000)]
  0x000000002e90e000 JavaThread "http-nio-8080-exec-113" daemon [_thread_blocked, id=12944, stack(0x000000003ab50000,0x000000003ac50000)]
  0x000000002e90d800 JavaThread "http-nio-8080-exec-112" daemon [_thread_blocked, id=9716, stack(0x000000003a950000,0x000000003aa50000)]
  0x000000002e90c800 JavaThread "http-nio-8080-exec-111" daemon [_thread_blocked, id=14176, stack(0x000000003a6e0000,0x000000003a7e0000)]
  0x000000002e90c000 JavaThread "http-nio-8080-exec-110" daemon [_thread_blocked, id=14284, stack(0x000000003a5e0000,0x000000003a6e0000)]
  0x000000002e90b000 JavaThread "http-nio-8080-exec-109" daemon [_thread_blocked, id=7856, stack(0x000000003a4e0000,0x000000003a5e0000)]
  0x000000002e8f6000 JavaThread "http-nio-8080-exec-108" daemon [_thread_blocked, id=9880, stack(0x000000003a3e0000,0x000000003a4e0000)]
  0x000000002e8f5000 JavaThread "http-nio-8080-exec-107" daemon [_thread_blocked, id=14260, stack(0x000000003a210000,0x000000003a310000)]
  0x000000002e8f4800 JavaThread "http-nio-8080-exec-106" daemon [_thread_blocked, id=13628, stack(0x0000000039fd0000,0x000000003a0d0000)]
  0x000000002e8f3800 JavaThread "http-nio-8080-exec-105" daemon [_thread_blocked, id=13416, stack(0x0000000039df0000,0x0000000039ef0000)]
  0x000000002e8f3000 JavaThread "http-nio-8080-exec-104" daemon [_thread_blocked, id=3752, stack(0x0000000039cf0000,0x0000000039df0000)]
  0x000000002e8f2000 JavaThread "http-nio-8080-exec-103" daemon [_thread_blocked, id=8952, stack(0x0000000039ba0000,0x0000000039ca0000)]
  0x000000002e8f1800 JavaThread "http-nio-8080-exec-102" daemon [_thread_blocked, id=13924, stack(0x0000000037940000,0x0000000037a40000)]
  0x000000002e8f0800 JavaThread "http-nio-8080-exec-101" daemon [_thread_blocked, id=13488, stack(0x0000000039a40000,0x0000000039b40000)]
  0x000000002e8f0000 JavaThread "http-nio-8080-exec-100" daemon [_thread_blocked, id=11432, stack(0x00000000373e0000,0x00000000374e0000)]
  0x000000002e8ef000 JavaThread "http-nio-8080-exec-99" daemon [_thread_blocked, id=9840, stack(0x0000000034e60000,0x0000000034f60000)]
  0x000000002e8d6000 JavaThread "http-nio-8080-exec-98" daemon [_thread_blocked, id=11520, stack(0x0000000039900000,0x0000000039a00000)]
  0x000000002e8d5000 JavaThread "http-nio-8080-exec-97" daemon [_thread_blocked, id=13500, stack(0x00000000397e0000,0x00000000398e0000)]
  0x000000002e8d4800 JavaThread "http-nio-8080-exec-96" daemon [_thread_blocked, id=6412, stack(0x00000000396c0000,0x00000000397c0000)]
  0x000000002e8d3800 JavaThread "http-nio-8080-exec-95" daemon [_thread_blocked, id=11604, stack(0x00000000394f0000,0x00000000395f0000)]
  0x000000002e8d3000 JavaThread "http-nio-8080-exec-94" daemon [_thread_blocked, id=11060, stack(0x00000000393e0000,0x00000000394e0000)]
  0x000000002e8d2000 JavaThread "http-nio-8080-exec-93" daemon [_thread_blocked, id=9460, stack(0x0000000039200000,0x0000000039300000)]
  0x000000002e8d1800 JavaThread "http-nio-8080-exec-92" daemon [_thread_blocked, id=9888, stack(0x0000000039000000,0x0000000039100000)]
  0x000000002e6ab800 JavaThread "http-nio-8080-exec-91" daemon [_thread_blocked, id=14188, stack(0x0000000038ef0000,0x0000000038ff0000)]
  0x000000002e8d0800 JavaThread "http-nio-8080-exec-90" daemon [_thread_blocked, id=13364, stack(0x0000000038d90000,0x0000000038e90000)]
  0x000000002e8d0000 JavaThread "http-nio-8080-exec-89" daemon [_thread_blocked, id=10760, stack(0x00000000383c0000,0x00000000384c0000)]
  0x000000002e8cf000 JavaThread "http-nio-8080-exec-88" daemon [_thread_blocked, id=12032, stack(0x0000000038c00000,0x0000000038d00000)]
  0x000000002e8c4000 JavaThread "http-nio-8080-exec-87" daemon [_thread_blocked, id=10180, stack(0x0000000038a40000,0x0000000038b40000)]
  0x000000002e8c3000 JavaThread "http-nio-8080-exec-86" daemon [_thread_blocked, id=12392, stack(0x0000000038870000,0x0000000038970000)]
  0x000000002e8c2800 JavaThread "http-nio-8080-exec-85" daemon [_thread_blocked, id=12532, stack(0x00000000386c0000,0x00000000387c0000)]
  0x000000002e8c1800 JavaThread "http-nio-8080-exec-84" daemon [_thread_blocked, id=13332, stack(0x0000000038510000,0x0000000038610000)]
  0x000000002e8c1000 JavaThread "http-nio-8080-exec-83" daemon [_thread_blocked, id=11376, stack(0x00000000362c0000,0x00000000363c0000)]
  0x000000002e8c0000 JavaThread "http-nio-8080-exec-82" daemon [_thread_blocked, id=13836, stack(0x0000000038120000,0x0000000038220000)]
  0x000000002e8bf800 JavaThread "http-nio-8080-exec-81" daemon [_thread_blocked, id=13028, stack(0x0000000038290000,0x0000000038390000)]
  0x000000002e8be800 JavaThread "http-nio-8080-exec-80" daemon [_thread_blocked, id=12452, stack(0x0000000037fe0000,0x00000000380e0000)]
  0x000000002e8be000 JavaThread "http-nio-8080-exec-79" daemon [_thread_blocked, id=11552, stack(0x0000000036920000,0x0000000036a20000)]
  0x000000002e8bd000 JavaThread "http-nio-8080-exec-78" daemon [_thread_blocked, id=7512, stack(0x0000000037ba0000,0x0000000037ca0000)]
  0x000000002e8b2000 JavaThread "http-nio-8080-exec-77" daemon [_thread_blocked, id=13400, stack(0x0000000037df0000,0x0000000037ef0000)]
  0x000000002e8b1000 JavaThread "http-nio-8080-exec-76" daemon [_thread_blocked, id=13344, stack(0x0000000037ca0000,0x0000000037da0000)]
  0x000000002e8b0800 JavaThread "http-nio-8080-exec-75" daemon [_thread_blocked, id=3848, stack(0x0000000037a50000,0x0000000037b50000)]
  0x000000002e8af800 JavaThread "http-nio-8080-exec-74" daemon [_thread_blocked, id=12776, stack(0x0000000037610000,0x0000000037710000)]
  0x000000002e8af000 JavaThread "http-nio-8080-exec-73" daemon [_thread_blocked, id=13968, stack(0x0000000037840000,0x0000000037940000)]
  0x000000002e8ae000 JavaThread "http-nio-8080-exec-72" daemon [_thread_blocked, id=13652, stack(0x0000000037730000,0x0000000037830000)]
  0x000000002e8ad800 JavaThread "http-nio-8080-exec-71" daemon [_thread_blocked, id=6356, stack(0x00000000374e0000,0x00000000375e0000)]
  0x000000002e8ac800 JavaThread "http-nio-8080-exec-70" daemon [_thread_blocked, id=13376, stack(0x0000000037010000,0x0000000037110000)]
  0x000000002e8ac000 JavaThread "http-nio-8080-exec-69" daemon [_thread_blocked, id=9736, stack(0x00000000372e0000,0x00000000373e0000)]
  0x000000002e8ab000 JavaThread "http-nio-8080-exec-68" daemon [_thread_blocked, id=11624, stack(0x0000000037160000,0x0000000037260000)]
  0x000000002e8a2000 JavaThread "http-nio-8080-exec-67" daemon [_thread_blocked, id=12044, stack(0x0000000036f00000,0x0000000037000000)]
  0x000000002e8a1000 JavaThread "http-nio-8080-exec-66" daemon [_thread_blocked, id=4636, stack(0x0000000036c90000,0x0000000036d90000)]
  0x000000002e8a0800 JavaThread "http-nio-8080-exec-65" daemon [_thread_blocked, id=8324, stack(0x0000000036e00000,0x0000000036f00000)]
  0x000000002e89f800 JavaThread "http-nio-8080-exec-64" daemon [_thread_blocked, id=12292, stack(0x0000000036b90000,0x0000000036c90000)]
  0x000000002e89f000 JavaThread "http-nio-8080-exec-63" daemon [_thread_blocked, id=9668, stack(0x0000000036a20000,0x0000000036b20000)]
  0x000000002e89e000 JavaThread "http-nio-8080-exec-62" daemon [_thread_blocked, id=13892, stack(0x0000000036530000,0x0000000036630000)]
  0x000000002e89d800 JavaThread "http-nio-8080-exec-61" daemon [_thread_blocked, id=7776, stack(0x0000000036800000,0x0000000036900000)]
  0x000000002e89c800 JavaThread "http-nio-8080-exec-60" daemon [_thread_blocked, id=12636, stack(0x0000000036680000,0x0000000036780000)]
  0x000000002e89c000 JavaThread "http-nio-8080-exec-59" daemon [_thread_blocked, id=11040, stack(0x00000000363c0000,0x00000000364c0000)]
  0x000000002e89b000 JavaThread "http-nio-8080-exec-58" daemon [_thread_blocked, id=10808, stack(0x00000000360b0000,0x00000000361b0000)]
  0x000000002e6c4800 JavaThread "http-nio-8080-exec-57" daemon [_thread_blocked, id=13980, stack(0x00000000361c0000,0x00000000362c0000)]
  0x000000002e6c3800 JavaThread "http-nio-8080-exec-56" daemon [_thread_blocked, id=7508, stack(0x0000000035ed0000,0x0000000035fd0000)]
  0x000000002e6c3000 JavaThread "http-nio-8080-exec-55" daemon [_thread_blocked, id=12844, stack(0x00000000347b0000,0x00000000348b0000)]
  0x000000002e6c2000 JavaThread "http-nio-8080-exec-54" daemon [_thread_blocked, id=14016, stack(0x0000000035dc0000,0x0000000035ec0000)]
  0x000000002e6c1800 JavaThread "http-nio-8080-exec-53" daemon [_thread_blocked, id=12872, stack(0x00000000357d0000,0x00000000358d0000)]
  0x000000002e6c0800 JavaThread "http-nio-8080-exec-52" daemon [_thread_blocked, id=9628, stack(0x0000000035bd0000,0x0000000035cd0000)]
  0x000000002e6c0000 JavaThread "http-nio-8080-exec-51" daemon [_thread_blocked, id=6152, stack(0x0000000035ab0000,0x0000000035bb0000)]
  0x000000002e6bf000 JavaThread "http-nio-8080-exec-50" daemon [_thread_blocked, id=8884, stack(0x0000000035900000,0x0000000035a00000)]
  0x000000002e6be800 JavaThread "http-nio-8080-exec-49" daemon [_thread_blocked, id=10280, stack(0x0000000034d30000,0x0000000034e30000)]
  0x000000002e6bd800 JavaThread "http-nio-8080-exec-48" daemon [_thread_blocked, id=6556, stack(0x00000000356d0000,0x00000000357d0000)]
  0x000000002e6af800 JavaThread "http-nio-8080-exec-47" daemon [_thread_blocked, id=13716, stack(0x0000000035530000,0x0000000035630000)]
  0x000000002e6ae800 JavaThread "http-nio-8080-exec-46" daemon [_thread_blocked, id=14200, stack(0x00000000353b0000,0x00000000354b0000)]
  0x000000002e6ae000 JavaThread "http-nio-8080-exec-45" daemon [_thread_blocked, id=11096, stack(0x0000000035210000,0x0000000035310000)]
  0x000000002e6ad000 JavaThread "http-nio-8080-exec-44" daemon [_thread_blocked, id=11048, stack(0x00000000350e0000,0x00000000351e0000)]
  0x000000002e6ac800 JavaThread "http-nio-8080-exec-43" daemon [_thread_blocked, id=9948, stack(0x0000000034fc0000,0x00000000350c0000)]
  0x000000002e6ab000 JavaThread "http-nio-8080-exec-42" daemon [_thread_blocked, id=9520, stack(0x0000000034c10000,0x0000000034d10000)]
  0x000000002e6aa000 JavaThread "http-nio-8080-exec-41" daemon [_thread_blocked, id=13192, stack(0x0000000034530000,0x0000000034630000)]
  0x000000002e6a9800 JavaThread "http-nio-8080-exec-40" daemon [_thread_blocked, id=10776, stack(0x0000000034a90000,0x0000000034b90000)]
  0x000000002e6a8800 JavaThread "http-nio-8080-exec-39" daemon [_thread_blocked, id=12700, stack(0x00000000348d0000,0x00000000349d0000)]
  0x000000002e699800 JavaThread "http-nio-8080-exec-38" daemon [_thread_blocked, id=11988, stack(0x00000000346a0000,0x00000000347a0000)]
  0x000000002e698800 JavaThread "http-nio-8080-exec-37" daemon [_thread_blocked, id=10616, stack(0x00000000340e0000,0x00000000341e0000)]
  0x000000002e698000 JavaThread "http-nio-8080-exec-36" daemon [_thread_blocked, id=2252, stack(0x0000000034420000,0x0000000034520000)]
  0x000000002e697000 JavaThread "http-nio-8080-exec-35" daemon [_thread_blocked, id=13020, stack(0x0000000034270000,0x0000000034370000)]
  0x000000002e696800 JavaThread "http-nio-8080-exec-34" daemon [_thread_blocked, id=11452, stack(0x0000000033fd0000,0x00000000340d0000)]
  0x000000002e695800 JavaThread "http-nio-8080-exec-33" daemon [_thread_blocked, id=13772, stack(0x0000000033d40000,0x0000000033e40000)]
  0x000000002e695000 JavaThread "http-nio-8080-exec-32" daemon [_thread_blocked, id=12080, stack(0x0000000033e90000,0x0000000033f90000)]
  0x000000002e694000 JavaThread "http-nio-8080-exec-31" daemon [_thread_blocked, id=11108, stack(0x0000000033bb0000,0x0000000033cb0000)]
  0x000000002e693800 JavaThread "http-nio-8080-exec-30" daemon [_thread_blocked, id=11412, stack(0x00000000338b0000,0x00000000339b0000)]
  0x000000002e692800 JavaThread "http-nio-8080-exec-29" daemon [_thread_blocked, id=11348, stack(0x0000000033670000,0x0000000033770000)]
  0x000000002e685800 JavaThread "http-nio-8080-exec-28" daemon [_thread_blocked, id=8572, stack(0x0000000033a00000,0x0000000033b00000)]
  0x000000002e684800 JavaThread "http-nio-8080-exec-27" daemon [_thread_blocked, id=7388, stack(0x00000000337b0000,0x00000000338b0000)]
  0x000000002e684000 JavaThread "http-nio-8080-exec-26" daemon [_thread_blocked, id=12980, stack(0x0000000033520000,0x0000000033620000)]
  0x000000002e683000 JavaThread "http-nio-8080-exec-25" daemon [_thread_blocked, id=5900, stack(0x0000000032ff0000,0x00000000330f0000)]
  0x000000002e682800 JavaThread "http-nio-8080-exec-24" daemon [_thread_blocked, id=11272, stack(0x0000000033420000,0x0000000033520000)]
  0x000000002e681800 JavaThread "http-nio-8080-exec-23" daemon [_thread_blocked, id=12800, stack(0x0000000033290000,0x0000000033390000)]
  0x000000002e681000 JavaThread "http-nio-8080-exec-22" daemon [_thread_blocked, id=14060, stack(0x00000000330f0000,0x00000000331f0000)]
  0x000000002e680000 JavaThread "http-nio-8080-exec-21" daemon [_thread_blocked, id=14328, stack(0x000000002da50000,0x000000002db50000)]
  0x000000002e67f800 JavaThread "http-nio-8080-exec-20" daemon [_thread_blocked, id=10484, stack(0x0000000032100000,0x0000000032200000)]
  0x000000002e67e800 JavaThread "http-nio-8080-exec-19" daemon [_thread_blocked, id=10860, stack(0x0000000032ca0000,0x0000000032da0000)]
  0x000000002e677800 JavaThread "http-nio-8080-exec-18" daemon [_thread_blocked, id=13556, stack(0x0000000032e10000,0x0000000032f10000)]
  0x000000002e676800 JavaThread "http-nio-8080-exec-17" daemon [_thread_blocked, id=11136, stack(0x00000000325f0000,0x00000000326f0000)]
  0x000000002e676000 JavaThread "http-nio-8080-exec-16" daemon [_thread_blocked, id=8196, stack(0x0000000032b90000,0x0000000032c90000)]
  0x000000002e675000 JavaThread "http-nio-8080-exec-15" daemon [_thread_blocked, id=11512, stack(0x0000000032a50000,0x0000000032b50000)]
  0x000000002e674800 JavaThread "http-nio-8080-exec-14" daemon [_thread_blocked, id=13808, stack(0x00000000328a0000,0x00000000329a0000)]
  0x000000002e673800 JavaThread "http-nio-8080-exec-13" daemon [_thread_blocked, id=9608, stack(0x0000000032710000,0x0000000032810000)]
  0x000000002e673000 JavaThread "http-nio-8080-exec-12" daemon [_thread_blocked, id=11036, stack(0x0000000031ad0000,0x0000000031bd0000)]
  0x000000002e672000 JavaThread "http-nio-8080-exec-11" daemon [_thread_blocked, id=6508, stack(0x0000000032450000,0x0000000032550000)]
  0x000000002e671800 JavaThread "http-nio-8080-exec-10" daemon [_thread_blocked, id=14156, stack(0x0000000032340000,0x0000000032440000)]
  0x000000002e670800 JavaThread "http-nio-8080-exec-9" daemon [_thread_blocked, id=14224, stack(0x0000000031eb0000,0x0000000031fb0000)]
  0x000000002797f000 JavaThread "http-nio-8080-exec-8" daemon [_thread_blocked, id=10228, stack(0x0000000032210000,0x0000000032310000)]
  0x000000002797e000 JavaThread "http-nio-8080-exec-7" daemon [_thread_blocked, id=10748, stack(0x0000000032000000,0x0000000032100000)]
  0x000000002797d800 JavaThread "http-nio-8080-exec-6" daemon [_thread_blocked, id=11708, stack(0x0000000030e90000,0x0000000030f90000)]
  0x000000002797c800 JavaThread "http-nio-8080-exec-5" daemon [_thread_blocked, id=8520, stack(0x0000000031d70000,0x0000000031e70000)]
  0x000000002797c000 JavaThread "http-nio-8080-exec-4" daemon [_thread_blocked, id=9476, stack(0x0000000031be0000,0x0000000031ce0000)]
  0x000000002797b000 JavaThread "http-nio-8080-exec-3" daemon [_thread_blocked, id=12276, stack(0x000000002d290000,0x000000002d390000)]
  0x000000002797a800 JavaThread "http-nio-8080-exec-2" daemon [_thread_blocked, id=14308, stack(0x00000000319d0000,0x0000000031ad0000)]
  0x0000000027979800 JavaThread "http-nio-8080-exec-1" daemon [_thread_blocked, id=1432, stack(0x00000000318c0000,0x00000000319c0000)]
  0x0000000027979000 JavaThread "NioBlockingSelector.BlockPoller-1" daemon [_thread_in_native, id=7380, stack(0x00000000316f0000,0x00000000317f0000)]
  0x0000000027978000 JavaThread "Live Reload Server" daemon [_thread_in_native, id=12588, stack(0x0000000031160000,0x0000000031260000)]
  0x000000002e825000 JavaThread "File Watcher" daemon [_thread_blocked, id=11576, stack(0x0000000030ff0000,0x00000000310f0000)]
  0x000000002e824000 JavaThread "Timer-0" daemon [_thread_blocked, id=9804, stack(0x0000000030900000,0x0000000030a00000)]
  0x000000002e823800 JavaThread "quartzScheduler_QuartzSchedulerThread" [_thread_blocked, id=13684, stack(0x0000000030d40000,0x0000000030e40000)]
  0x000000002e822800 JavaThread "quartzScheduler_Worker-10" [_thread_blocked, id=13204, stack(0x0000000030be0000,0x0000000030ce0000)]
  0x000000002e822000 JavaThread "quartzScheduler_Worker-9" [_thread_blocked, id=12616, stack(0x0000000030a40000,0x0000000030b40000)]
  0x000000002e821000 JavaThread "quartzScheduler_Worker-8" [_thread_blocked, id=12412, stack(0x0000000030500000,0x0000000030600000)]
  0x000000002e820800 JavaThread "quartzScheduler_Worker-7" [_thread_blocked, id=11360, stack(0x00000000307b0000,0x00000000308b0000)]
  0x000000002e81f800 JavaThread "quartzScheduler_Worker-6" [_thread_blocked, id=10736, stack(0x0000000030120000,0x0000000030220000)]
  0x000000002e81f000 JavaThread "quartzScheduler_Worker-5" [_thread_blocked, id=8716, stack(0x0000000030610000,0x0000000030710000)]
  0x000000002e81e000 JavaThread "quartzScheduler_Worker-4" [_thread_blocked, id=13704, stack(0x0000000030390000,0x0000000030490000)]
  0x0000000027d40000 JavaThread "quartzScheduler_Worker-3" [_thread_blocked, id=13608, stack(0x0000000030220000,0x0000000030320000)]
  0x0000000027d3e800 JavaThread "quartzScheduler_Worker-2" [_thread_blocked, id=13668, stack(0x000000002fe50000,0x000000002ff50000)]
  0x0000000027d3f000 JavaThread "quartzScheduler_Worker-1" [_thread_blocked, id=12256, stack(0x0000000030010000,0x0000000030110000)]
  0x0000000027d3d800 JavaThread "container-0" [_thread_blocked, id=14244, stack(0x000000002f850000,0x000000002f950000)]
  0x0000000027d3d000 JavaThread "ContainerBackgroundProcessor[StandardEngine[Tomcat]]" daemon [_thread_blocked, id=5452, stack(0x000000002f950000,0x000000002fa50000)]
  0x0000000027d3c000 JavaThread "SimplePauseDetectorThread_0" daemon [_thread_blocked, id=14288, stack(0x000000002f4c0000,0x000000002f5c0000)]
  0x0000000027d3b800 JavaThread "Thread-18" daemon [_thread_blocked, id=8208, stack(0x000000002f3a0000,0x000000002f4a0000)]
  0x0000000027d39000 JavaThread "lettuce-eventExecutorLoop-1-1" daemon [_thread_blocked, id=9156, stack(0x0000000029f10000,0x000000002a010000)]
  0x0000000027d38800 JavaThread "RMI TCP Connection(idle)" daemon [_thread_blocked, id=14136, stack(0x000000002d390000,0x000000002d490000)]
  0x0000000027d37800 JavaThread "mybatis-plus MapperRefresh" [_thread_blocked, id=13336, stack(0x000000002d180000,0x000000002d280000)]
  0x0000000027d37000 JavaThread "System Clock" daemon [_thread_blocked, id=11336, stack(0x000000002cfe0000,0x000000002d0e0000)]
  0x0000000027d36000 JavaThread "Druid-ConnectionPool-Destroy-292168053" daemon [_thread_blocked, id=12344, stack(0x000000002ceb0000,0x000000002cfb0000)]
  0x0000000027d35800 JavaThread "Druid-ConnectionPool-Create-292168053" daemon [_thread_blocked, id=12856, stack(0x000000002cd00000,0x000000002ce00000)]
  0x0000000027d34800 JavaThread "Abandoned connection cleanup thread" daemon [_thread_blocked, id=14128, stack(0x000000002ca00000,0x000000002cb00000)]
  0x0000000027d33000 JavaThread "RMI TCP Connection(idle)" daemon [_thread_blocked, id=13340, stack(0x000000002c0e0000,0x000000002c1e0000)]
  0x0000000027d32800 JavaThread "RMI TCP Connection(idle)" daemon [_thread_blocked, id=11668, stack(0x000000002bfd0000,0x000000002c0d0000)]
  0x0000000027d31800 JavaThread "RMI TCP Connection(idle)" daemon [_thread_blocked, id=13148, stack(0x000000002bea0000,0x000000002bfa0000)]
  0x0000000027d31000 JavaThread "RMI Scheduler(0)" daemon [_thread_blocked, id=12372, stack(0x000000002a380000,0x000000002a480000)]
  0x0000000027d10000 JavaThread "RMI TCP Connection(idle)" daemon [_thread_blocked, id=10896, stack(0x000000002a200000,0x000000002a300000)]
  0x0000000027c66800 JavaThread "RMI TCP Connection(idle)" daemon [_thread_blocked, id=11156, stack(0x000000002a010000,0x000000002a110000)]
  0x0000000027a86000 JavaThread "RMI TCP Accept-0" daemon [_thread_in_native, id=9692, stack(0x0000000029400000,0x0000000029500000)]
  0x00000000279d7000 JavaThread "RMI TCP Accept-57054" daemon [_thread_in_native, id=12840, stack(0x0000000029030000,0x0000000029130000)]
  0x00000000279cf800 JavaThread "RMI TCP Accept-0" daemon [_thread_in_native, id=10660, stack(0x0000000029240000,0x0000000029340000)]
  0x0000000027761000 JavaThread "Service Thread" daemon [_thread_blocked, id=14008, stack(0x0000000028d50000,0x0000000028e50000)]
  0x000000002767e000 JavaThread "C1 CompilerThread2" daemon [_thread_blocked, id=13388, stack(0x0000000028b90000,0x0000000028c90000)]
  0x000000002767c800 JavaThread "C2 CompilerThread1" daemon [_thread_blocked, id=14124, stack(0x0000000028670000,0x0000000028770000)]
  0x000000002767c000 JavaThread "C2 CompilerThread0" daemon [_thread_blocked, id=10328, stack(0x00000000288e0000,0x00000000289e0000)]
  0x000000002767a000 JavaThread "Monitor Ctrl-Break" daemon [_thread_in_native, id=12208, stack(0x00000000287c0000,0x00000000288c0000)]
  0x0000000026742800 JavaThread "Attach Listener" daemon [_thread_blocked, id=10864, stack(0x0000000026d80000,0x0000000026e80000)]
  0x00000000253d3800 JavaThread "Signal Dispatcher" daemon [_thread_blocked, id=14100, stack(0x0000000026ba0000,0x0000000026ca0000)]
  0x00000000253be000 JavaThread "Finalizer" daemon [_thread_blocked, id=12580, stack(0x0000000026630000,0x0000000026730000)]
  0x0000000025377000 JavaThread "Reference Handler" daemon [_thread_blocked, id=13548, stack(0x00000000264b0000,0x00000000265b0000)]

Other Threads:
  0x000000002536f800 VMThread [stack: 0x00000000262f0000,0x00000000263f0000] [id=13900]
  0x0000000027a8a000 WatcherThread [stack: 0x0000000029630000,0x0000000029730000] [id=13964]

VM state:not at safepoint (normal execution)

VM Mutex/Monitor currently owned by a thread: None

Heap:
 PSYoungGen      total 1653760K, used 1405177K [0x0000000715900000, 0x000000077eb80000, 0x00000007c0000000)
  eden space 1626624K, 86% used [0x0000000715900000,0x000000076b53e730,0x0000000778d80000)
  from space 27136K, 0% used [0x000000077d100000,0x000000077d100000,0x000000077eb80000)
  to   space 36864K, 0% used [0x000000077a380000,0x000000077a380000,0x000000077c780000)
 ParOldGen       total 238080K, used 45695K [0x00000005c0a00000, 0x00000005cf280000, 0x0000000715900000)
  object space 238080K, 19% used [0x00000005c0a00000,0x00000005c369fc10,0x00000005cf280000)
 Metaspace       used 68655K, capacity 72282K, committed 72528K, reserved 1112064K
  class space    used 9126K, capacity 9762K, committed 9856K, reserved 1048576K

Card table byte_map: [0x0000000011b80000,0x0000000012b80000] byte_map_base: 0x000000000ed7b000

Marking Bits: (ParMarkBitMap*) 0x000000007016c720
 Begin Bits: [0x0000000013a30000, 0x000000001ba08000)
 End Bits:   [0x000000001ba08000, 0x00000000239e0000)

Polling page: 0x0000000000310000

CodeCache: size=245760Kb used=15311Kb max_used=15311Kb free=230449Kb
 bounds [0x00000000027c0000, 0x00000000036c0000, 0x00000000117c0000]
 total_blobs=8654 nmethods=8007 adapters=558
 compilation: enabled

Compilation events (10 events):
Event: 60.471 Thread 0x000000002767e000 8158   !   1       org.bytedeco.javacpp.PointerPointer::<init> (117 bytes)
Event: 60.471 Thread 0x000000002767e000 nmethod 8158 0x00000000036b3850 code [0x00000000036b3aa0, 0x00000000036b4168]
Event: 60.480 Thread 0x000000002767e000 8162       1       org.bytedeco.javacpp.Pointer::equals (82 bytes)
Event: 60.480 Thread 0x000000002767e000 nmethod 8162 0x00000000036b5210 code [0x00000000036b5380, 0x00000000036b55d0]
Event: 60.480 Thread 0x000000002767e000 8164       1       java.nio.DirectByteBuffer::asFloatBuffer (151 bytes)
Event: 60.480 Thread 0x000000002767e000 nmethod 8164 0x00000000036b5690 code [0x00000000036b5800, 0x00000000036b5ad8]
Event: 60.480 Thread 0x000000002767e000 8165       1       org.bytedeco.javacpp.PointerPointer::<init> (14 bytes)
Event: 60.481 Thread 0x000000002767e000 nmethod 8165 0x00000000036b5c50 code [0x00000000036b5dc0, 0x00000000036b5f98]
Event: 60.481 Thread 0x000000002767e000 8166       1       java.nio.DirectShortBufferU::isDirect (2 bytes)
Event: 60.481 Thread 0x000000002767e000 nmethod 8166 0x00000000036b6090 code [0x00000000036b61e0, 0x00000000036b62f0]

GC Heap History (10 events):
Event: 4.917 GC heap before
{Heap before GC invocations=7 (full 2):
 PSYoungGen      total 543744K, used 21497K [0x0000000715900000, 0x0000000753200000, 0x00000007c0000000)
  eden space 522240K, 0% used [0x0000000715900000,0x0000000715900000,0x0000000735700000)
  from space 21504K, 99% used [0x0000000735700000,0x0000000736bfe598,0x0000000736c00000)
  to   space 25600K, 0% used [0x0000000751900000,0x0000000751900000,0x0000000753200000)
 ParOldGen       total 146432K, used 7883K [0x00000005c0a00000, 0x00000005c9900000, 0x0000000715900000)
  object space 146432K, 5% used [0x00000005c0a00000,0x00000005c11b2ea0,0x00000005c9900000)
 Metaspace       used 34700K, capacity 35948K, committed 36048K, reserved 1081344K
  class space    used 4567K, capacity 4840K, committed 4864K, reserved 1048576K
Event: 5.059 GC heap after
Heap after GC invocations=7 (full 2):
 PSYoungGen      total 543744K, used 0K [0x0000000715900000, 0x0000000753200000, 0x00000007c0000000)
  eden space 522240K, 0% used [0x0000000715900000,0x0000000715900000,0x0000000735700000)
  from space 21504K, 0% used [0x0000000735700000,0x0000000735700000,0x0000000736c00000)
  to   space 25600K, 0% used [0x0000000751900000,0x0000000751900000,0x0000000753200000)
 ParOldGen       total 192512K, used 28621K [0x00000005c0a00000, 0x00000005cc600000, 0x0000000715900000)
  object space 192512K, 14% used [0x00000005c0a00000,0x00000005c25f35a8,0x00000005cc600000)
 Metaspace       used 34700K, capacity 35948K, committed 36048K, reserved 1081344K
  class space    used 4567K, capacity 4840K, committed 4864K, reserved 1048576K
}
Event: 7.813 GC heap before
{Heap before GC invocations=8 (full 2):
 PSYoungGen      total 543744K, used 522240K [0x0000000715900000, 0x0000000753200000, 0x00000007c0000000)
  eden space 522240K, 100% used [0x0000000715900000,0x0000000735700000,0x0000000735700000)
  from space 21504K, 0% used [0x0000000735700000,0x0000000735700000,0x0000000736c00000)
  to   space 25600K, 0% used [0x0000000751900000,0x0000000751900000,0x0000000753200000)
 ParOldGen       total 192512K, used 28621K [0x00000005c0a00000, 0x00000005cc600000, 0x0000000715900000)
  object space 192512K, 14% used [0x00000005c0a00000,0x00000005c25f35a8,0x00000005cc600000)
 Metaspace       used 47838K, capacity 49938K, committed 50128K, reserved 1093632K
  class space    used 6137K, capacity 6539K, committed 6656K, reserved 1048576K
Event: 7.829 GC heap after
Heap after GC invocations=8 (full 2):
 PSYoungGen      total 964096K, used 20417K [0x0000000715900000, 0x0000000752d00000, 0x00000007c0000000)
  eden space 943616K, 0% used [0x0000000715900000,0x0000000715900000,0x000000074f280000)
  from space 20480K, 99% used [0x0000000751900000,0x0000000752cf0538,0x0000000752d00000)
  to   space 27648K, 0% used [0x000000074f700000,0x000000074f700000,0x0000000751200000)
 ParOldGen       total 192512K, used 28629K [0x00000005c0a00000, 0x00000005cc600000, 0x0000000715900000)
  object space 192512K, 14% used [0x00000005c0a00000,0x00000005c25f55a8,0x00000005cc600000)
 Metaspace       used 47838K, capacity 49938K, committed 50128K, reserved 1093632K
  class space    used 6137K, capacity 6539K, committed 6656K, reserved 1048576K
}
Event: 11.611 GC heap before
{Heap before GC invocations=9 (full 2):
 PSYoungGen      total 964096K, used 964033K [0x0000000715900000, 0x0000000752d00000, 0x00000007c0000000)
  eden space 943616K, 100% used [0x0000000715900000,0x000000074f280000,0x000000074f280000)
  from space 20480K, 99% used [0x0000000751900000,0x0000000752cf0538,0x0000000752d00000)
  to   space 27648K, 0% used [0x000000074f700000,0x000000074f700000,0x0000000751200000)
 ParOldGen       total 192512K, used 28629K [0x00000005c0a00000, 0x00000005cc600000, 0x0000000715900000)
  object space 192512K, 14% used [0x00000005c0a00000,0x00000005c25f55a8,0x00000005cc600000)
 Metaspace       used 56585K, capacity 59388K, committed 59728K, reserved 1101824K
  class space    used 7457K, capacity 7981K, committed 8064K, reserved 1048576K
Event: 11.633 GC heap after
Heap after GC invocations=9 (full 2):
 PSYoungGen      total 975872K, used 27619K [0x0000000715900000, 0x000000077f300000, 0x00000007c0000000)
  eden space 948224K, 0% used [0x0000000715900000,0x0000000715900000,0x000000074f700000)
  from space 27648K, 99% used [0x000000074f700000,0x00000007511f8ce0,0x0000000751200000)
  to   space 34816K, 0% used [0x000000077d100000,0x000000077d100000,0x000000077f300000)
 ParOldGen       total 192512K, used 34007K [0x00000005c0a00000, 0x00000005cc600000, 0x0000000715900000)
  object space 192512K, 17% used [0x00000005c0a00000,0x00000005c2b35f58,0x00000005cc600000)
 Metaspace       used 56585K, capacity 59388K, committed 59728K, reserved 1101824K
  class space    used 7457K, capacity 7981K, committed 8064K, reserved 1048576K
}
Event: 12.677 GC heap before
{Heap before GC invocations=10 (full 2):
 PSYoungGen      total 975872K, used 340252K [0x0000000715900000, 0x000000077f300000, 0x00000007c0000000)
  eden space 948224K, 32% used [0x0000000715900000,0x0000000728a4e4b0,0x000000074f700000)
  from space 27648K, 99% used [0x000000074f700000,0x00000007511f8ce0,0x0000000751200000)
  to   space 34816K, 0% used [0x000000077d100000,0x000000077d100000,0x000000077f300000)
 ParOldGen       total 192512K, used 34007K [0x00000005c0a00000, 0x00000005cc600000, 0x0000000715900000)
  object space 192512K, 17% used [0x00000005c0a00000,0x00000005c2b35f58,0x00000005cc600000)
 Metaspace       used 57251K, capacity 60054K, committed 60080K, reserved 1101824K
  class space    used 7551K, capacity 8050K, committed 8064K, reserved 1048576K
Event: 12.695 GC heap after
Heap after GC invocations=10 (full 2):
 PSYoungGen      total 1653760K, used 26680K [0x0000000715900000, 0x000000077eb80000, 0x00000007c0000000)
  eden space 1626624K, 0% used [0x0000000715900000,0x0000000715900000,0x0000000778d80000)
  from space 27136K, 98% used [0x000000077d100000,0x000000077eb0e100,0x000000077eb80000)
  to   space 36864K, 0% used [0x000000077a380000,0x000000077a380000,0x000000077c780000)
 ParOldGen       total 192512K, used 34015K [0x00000005c0a00000, 0x00000005cc600000, 0x0000000715900000)
  object space 192512K, 17% used [0x00000005c0a00000,0x00000005c2b37f58,0x00000005cc600000)
 Metaspace       used 57251K, capacity 60054K, committed 60080K, reserved 1101824K
  class space    used 7551K, capacity 8050K, committed 8064K, reserved 1048576K
}
Event: 12.695 GC heap before
{Heap before GC invocations=11 (full 3):
 PSYoungGen      total 1653760K, used 26680K [0x0000000715900000, 0x000000077eb80000, 0x00000007c0000000)
  eden space 1626624K, 0% used [0x0000000715900000,0x0000000715900000,0x0000000778d80000)
  from space 27136K, 98% used [0x000000077d100000,0x000000077eb0e100,0x000000077eb80000)
  to   space 36864K, 0% used [0x000000077a380000,0x000000077a380000,0x000000077c780000)
 ParOldGen       total 192512K, used 34015K [0x00000005c0a00000, 0x00000005cc600000, 0x0000000715900000)
  object space 192512K, 17% used [0x00000005c0a00000,0x00000005c2b37f58,0x00000005cc600000)
 Metaspace       used 57251K, capacity 60054K, committed 60080K, reserved 1101824K
  class space    used 7551K, capacity 8050K, committed 8064K, reserved 1048576K
Event: 12.853 GC heap after
Heap after GC invocations=11 (full 3):
 PSYoungGen      total 1653760K, used 0K [0x0000000715900000, 0x000000077eb80000, 0x00000007c0000000)
  eden space 1626624K, 0% used [0x0000000715900000,0x0000000715900000,0x0000000778d80000)
  from space 27136K, 0% used [0x000000077d100000,0x000000077d100000,0x000000077eb80000)
  to   space 36864K, 0% used [0x000000077a380000,0x000000077a380000,0x000000077c780000)
 ParOldGen       total 238080K, used 45695K [0x00000005c0a00000, 0x00000005cf280000, 0x0000000715900000)
  object space 238080K, 19% used [0x00000005c0a00000,0x00000005c369fc10,0x00000005cf280000)
 Metaspace       used 57217K, capacity 60000K, committed 60080K, reserved 1101824K
  class space    used 7546K, capacity 8041K, committed 8064K, reserved 1048576K
}

Deoptimization events (0 events):
No events

Internal exceptions (10 events):
Event: 14.002 Thread 0x0000000027b8c000 Exception <a 'java/lang/ArrayIndexOutOfBoundsException'> (0x000000075a78a398) thrown at [C:\re\workspace\8-2-build-windows-amd64-cygwin\jdk8u131\8869\hotspot\src\share\vm\runtime\sharedRuntime.cpp, line 605]
Event: 14.006 Thread 0x0000000027b8c000 Exception <a 'java/lang/ArrayIndexOutOfBoundsException'> (0x000000075a7a9340) thrown at [C:\re\workspace\8-2-build-windows-amd64-cygwin\jdk8u131\8869\hotspot\src\share\vm\runtime\sharedRuntime.cpp, line 605]
Event: 14.010 Thread 0x0000000027b8c000 Exception <a 'java/lang/ArrayIndexOutOfBoundsException'> (0x000000075a7c1528) thrown at [C:\re\workspace\8-2-build-windows-amd64-cygwin\jdk8u131\8869\hotspot\src\share\vm\runtime\sharedRuntime.cpp, line 605]
Event: 14.017 Thread 0x0000000027b8c000 Exception <a 'java/lang/ArrayIndexOutOfBoundsException'> (0x000000075a8d48f8) thrown at [C:\re\workspace\8-2-build-windows-amd64-cygwin\jdk8u131\8869\hotspot\src\share\vm\runtime\sharedRuntime.cpp, line 605]
Event: 14.165 Thread 0x000000002efdd000 Exception <a 'java/lang/ArrayIndexOutOfBoundsException'> (0x000000075d728af0) thrown at [C:\re\workspace\8-2-build-windows-amd64-cygwin\jdk8u131\8869\hotspot\src\share\vm\runtime\sharedRuntime.cpp, line 605]
Event: 14.165 Thread 0x000000002efdd000 Exception <a 'java/lang/ArrayIndexOutOfBoundsException'> (0x000000075d7299e0) thrown at [C:\re\workspace\8-2-build-windows-amd64-cygwin\jdk8u131\8869\hotspot\src\share\vm\runtime\sharedRuntime.cpp, line 605]
Event: 14.259 Thread 0x000000002e9c8000 Exception <a 'java/lang/ArrayIndexOutOfBoundsException'> (0x000000075ebbad20) thrown at [C:\re\workspace\8-2-build-windows-amd64-cygwin\jdk8u131\8869\hotspot\src\share\vm\runtime\sharedRuntime.cpp, line 605]
Event: 28.523 Thread 0x000000002e9ca800 Exception <a 'java/net/SocketTimeoutException': Read timed out> (0x000000074f2a3ad8) thrown at [C:\re\workspace\8-2-build-windows-amd64-cygwin\jdk8u131\8869\hotspot\src\share\vm\prims\jni.cpp, line 735]
Event: 43.522 Thread 0x000000002e9ca800 Exception <a 'java/net/SocketTimeoutException': Read timed out> (0x000000074f2a41b0) thrown at [C:\re\workspace\8-2-build-windows-amd64-cygwin\jdk8u131\8869\hotspot\src\share\vm\prims\jni.cpp, line 735]
Event: 58.521 Thread 0x000000002e9ca800 Exception <a 'java/net/SocketTimeoutException': Read timed out> (0x000000074f2a4408) thrown at [C:\re\workspace\8-2-build-windows-amd64-cygwin\jdk8u131\8869\hotspot\src\share\vm\prims\jni.cpp, line 735]

Events (10 events):
Event: 58.374 loading class org/bytedeco/javacpp/Pointer$2 done
Event: 58.374 loading class java/util/WeakHashMap$KeyIterator
Event: 58.374 loading class java/util/WeakHashMap$KeyIterator done
Event: 58.374 Thread 0x0000000027b87000 Thread exited: 0x0000000027b87000
Event: 58.375 loading class org/springframework/boot/devtools/restart/SilentExitExceptionHandler$SilentExitException
Event: 58.375 loading class org/springframework/boot/devtools/restart/SilentExitExceptionHandler$SilentExitException done
Event: 58.375 Executing VM operation: RevokeBias
Event: 58.375 Executing VM operation: RevokeBias done
Event: 58.375 Thread 0x00000000021ae800 Thread exited: 0x00000000021ae800
Event: 58.376 Thread 0x000000002efe2800 Thread added: 0x000000002efe2800


Dynamic libraries:
0x000000013fc80000 - 0x000000013fcb7000 	C:\Program Files\Java\jdk1.8.0_131\bin\java.exe
0x0000000077a80000 - 0x0000000077c1f000 	C:\Windows\SYSTEM32\ntdll.dll
0x0000000077960000 - 0x0000000077a7f000 	C:\Windows\system32\kernel32.dll
0x000007fefd980000 - 0x000007fefd9ea000 	C:\Windows\system32\KERNELBASE.dll
0x000007fefe0b0000 - 0x000007fefe18b000 	C:\Windows\system32\ADVAPI32.dll
0x000007fefe770000 - 0x000007fefe80f000 	C:\Windows\system32\msvcrt.dll
0x000007fefe090000 - 0x000007fefe0af000 	C:\Windows\SYSTEM32\sechost.dll
0x000007fefe4b0000 - 0x000007fefe5dd000 	C:\Windows\system32\RPCRT4.dll
0x0000000077860000 - 0x000000007795a000 	C:\Windows\system32\USER32.dll
0x000007fefdf50000 - 0x000007fefdfb7000 	C:\Windows\system32\GDI32.dll
0x000007fefe4a0000 - 0x000007fefe4ae000 	C:\Windows\system32\LPK.dll
0x000007feffb00000 - 0x000007feffbcb000 	C:\Windows\system32\USP10.dll
0x000007fefbf00000 - 0x000007fefc0f4000 	C:\Windows\WinSxS\amd64_microsoft.windows.common-controls_6595b64144ccf1df_6.0.7601.18837_none_fa3b1e3d17594757\COMCTL32.dll
0x000007feff8a0000 - 0x000007feff911000 	C:\Windows\system32\SHLWAPI.dll
0x000007fefdf20000 - 0x000007fefdf4e000 	C:\Windows\system32\IMM32.DLL
0x000007feffbd0000 - 0x000007feffcd9000 	C:\Windows\system32\MSCTF.dll
0x0000000062ec0000 - 0x0000000062f92000 	C:\Program Files\Java\jdk1.8.0_131\jre\bin\msvcr100.dll
0x000000006f950000 - 0x00000000701ec000 	C:\Program Files\Java\jdk1.8.0_131\jre\bin\server\jvm.dll
0x000007fef1130000 - 0x000007fef1139000 	C:\Windows\system32\WSOCK32.dll
0x000007fefe450000 - 0x000007fefe49d000 	C:\Windows\system32\WS2_32.dll
0x000007fefdfe0000 - 0x000007fefdfe8000 	C:\Windows\system32\NSI.dll
0x000007fefda20000 - 0x000007fefda5b000 	C:\Windows\system32\WINMM.dll
0x000007fefc860000 - 0x000007fefc86c000 	C:\Windows\system32\VERSION.dll
0x0000000077c20000 - 0x0000000077c27000 	C:\Windows\system32\PSAPI.DLL
0x0000000063e30000 - 0x0000000063e3f000 	C:\Program Files\Java\jdk1.8.0_131\jre\bin\verify.dll
0x0000000063e00000 - 0x0000000063e29000 	C:\Program Files\Java\jdk1.8.0_131\jre\bin\java.dll
0x0000000063d40000 - 0x0000000063d63000 	C:\Program Files\Java\jdk1.8.0_131\jre\bin\instrument.dll
0x0000000063d70000 - 0x0000000063d86000 	C:\Program Files\Java\jdk1.8.0_131\jre\bin\zip.dll
0x000007fefeb10000 - 0x000007feff89a000 	C:\Windows\system32\SHELL32.dll
0x000007fefdbf0000 - 0x000007fefddef000 	C:\Windows\system32\ole32.dll
0x000007fefd740000 - 0x000007fefd74f000 	C:\Windows\system32\profapi.dll
0x000007fef79a0000 - 0x000007fef79ba000 	E:\nieyue\idea\bin\breakgen64.dll
0x0000000063ca0000 - 0x0000000063cba000 	C:\Program Files\Java\jdk1.8.0_131\jre\bin\net.dll
0x000007fefcf30000 - 0x000007fefcf85000 	C:\Windows\system32\mswsock.dll
0x000007fefcf20000 - 0x000007fefcf27000 	C:\Windows\System32\wship6.dll
0x0000000063e40000 - 0x0000000063e4d000 	C:\Program Files\Java\jdk1.8.0_131\jre\bin\management.dll
0x0000000063c80000 - 0x0000000063c91000 	C:\Program Files\Java\jdk1.8.0_131\jre\bin\nio.dll
0x000007fefb420000 - 0x000007fefb435000 	C:\Windows\system32\NLAapi.dll
0x000007fef5860000 - 0x000007fef5875000 	C:\Windows\system32\napinsp.dll
0x000007fef5840000 - 0x000007fef5859000 	C:\Windows\system32\pnrpnsp.dll
0x000007fefcdb0000 - 0x000007fefce0b000 	C:\Windows\system32\DNSAPI.dll
0x000007fef5830000 - 0x000007fef583b000 	C:\Windows\System32\winrnr.dll
0x0000000072920000 - 0x0000000072946000 	C:\Program Files\Bonjour\mdnsNSP.dll
0x000007fefb2c0000 - 0x000007fefb2e7000 	C:\Windows\system32\Iphlpapi.DLL
0x000007fefb2b0000 - 0x000007fefb2bb000 	C:\Windows\system32\WINNSI.DLL
0x000007fefc930000 - 0x000007fefc937000 	C:\Windows\System32\wshtcpip.dll
0x000007fef8890000 - 0x000007fef8898000 	C:\Windows\system32\rasadhlp.dll
0x000007fef9f60000 - 0x000007fef9fb3000 	C:\Windows\System32\fwpuclnt.dll
0x000007fefd080000 - 0x000007fefd098000 	C:\Windows\system32\CRYPTSP.dll
0x000007fefcc90000 - 0x000007fefccd7000 	C:\Windows\system32\rsaenh.dll
0x000007fefca50000 - 0x000007fefca6e000 	C:\Windows\system32\USERENV.dll
0x000007fefd630000 - 0x000007fefd63f000 	C:\Windows\system32\CRYPTBASE.dll
0x000007fef9ea0000 - 0x000007fef9eb8000 	C:\Windows\system32\dhcpcsvc.DLL
0x000007fef9e60000 - 0x000007fef9e71000 	C:\Windows\system32\dhcpcsvc6.DLL
0x0000000063a60000 - 0x0000000063a84000 	C:\Program Files\Java\jdk1.8.0_131\jre\bin\sunec.dll
0x0000000061750000 - 0x00000000618e8000 	C:\Program Files\Java\jdk1.8.0_131\jre\bin\awt.dll
0x000007fefe370000 - 0x000007fefe44a000 	C:\Windows\system32\OLEAUT32.dll
0x000007feee4a0000 - 0x000007feee55b000 	C:\Users\Administrator\.javacpp\cache\ffmpeg-4.0.2-1.4.3-windows-x86_64.jar\org\bytedeco\javacpp\windows-x86_64\avutil-56.dll
0x000007fefd0e0000 - 0x000007fefd102000 	C:\Windows\system32\bcrypt.dll
0x000000002a110000 - 0x000000002a1f7000 	C:\Users\Administrator\.javacpp\cache\ffmpeg-4.0.2-1.4.3-windows-x86_64.jar\org\bytedeco\javacpp\windows-x86_64\jniavutil.dll
0x000007fef0230000 - 0x000007fef0257000 	C:\Users\Administrator\.javacpp\cache\ffmpeg-4.0.2-1.4.3-windows-x86_64.jar\org\bytedeco\javacpp\windows-x86_64\swresample-3.dll
0x00000000024b0000 - 0x00000000024de000 	C:\Users\Administrator\.javacpp\cache\ffmpeg-4.0.2-1.4.3-windows-x86_64.jar\org\bytedeco\javacpp\windows-x86_64\jniswresample.dll
0x000007fee8de0000 - 0x000007feeb061000 	C:\Users\Administrator\.javacpp\cache\ffmpeg-4.0.2-1.4.3-windows-x86_64.jar\org\bytedeco\javacpp\windows-x86_64\avcodec-58.dll
0x000000006a1c0000 - 0x000000006a424000 	C:\Users\Administrator\.javacpp\cache\ffmpeg-4.0.2-1.4.3-windows-x86_64.jar\org\bytedeco\javacpp\windows-x86_64\jniavcodec.dll
0x000007feecf10000 - 0x000007feed3d1000 	C:\Users\Administrator\.javacpp\cache\ffmpeg-4.0.2-1.4.3-windows-x86_64.jar\org\bytedeco\javacpp\windows-x86_64\avformat-58.dll
0x000007fefd810000 - 0x000007fefd97d000 	C:\Windows\system32\CRYPT32.dll
0x000007fefd7e0000 - 0x000007fefd7ef000 	C:\Windows\system32\MSASN1.dll
0x000000006abc0000 - 0x000000006ad0a000 	C:\Users\Administrator\.javacpp\cache\ffmpeg-4.0.2-1.4.3-windows-x86_64.jar\org\bytedeco\javacpp\windows-x86_64\jniavformat.dll
0x000007feeebf0000 - 0x000007feeec85000 	C:\Users\Administrator\.javacpp\cache\ffmpeg-4.0.2-1.4.3-windows-x86_64.jar\org\bytedeco\javacpp\windows-x86_64\swscale-5.dll
0x0000000067cc0000 - 0x0000000067cf6000 	C:\Users\Administrator\.javacpp\cache\ffmpeg-4.0.2-1.4.3-windows-x86_64.jar\org\bytedeco\javacpp\windows-x86_64\jniswscale.dll
0x000007feeef40000 - 0x000007feeef6a000 	C:\Users\Administrator\.javacpp\cache\ffmpeg-4.0.2-1.4.3-windows-x86_64.jar\org\bytedeco\javacpp\windows-x86_64\postproc-55.dll
0x000000006a0c0000 - 0x000000006a0ed000 	C:\Users\Administrator\.javacpp\cache\ffmpeg-4.0.2-1.4.3-windows-x86_64.jar\org\bytedeco\javacpp\windows-x86_64\jnipostproc.dll
0x000007feeda30000 - 0x000007feeddb1000 	C:\Users\Administrator\.javacpp\cache\ffmpeg-4.0.2-1.4.3-windows-x86_64.jar\org\bytedeco\javacpp\windows-x86_64\avfilter-7.dll
0x0000000064400000 - 0x0000000064477000 	C:\Users\Administrator\.javacpp\cache\ffmpeg-4.0.2-1.4.3-windows-x86_64.jar\org\bytedeco\javacpp\windows-x86_64\jniavfilter.dll
0x000007feeee50000 - 0x000007feeee7c000 	C:\Users\Administrator\.javacpp\cache\ffmpeg-4.0.2-1.4.3-windows-x86_64.jar\org\bytedeco\javacpp\windows-x86_64\avdevice-58.dll
0x000007fef0210000 - 0x000007fef0227000 	C:\Windows\system32\AVICAP32.dll
0x000007feeecf0000 - 0x000007feeed19000 	C:\Windows\system32\MSVFW32.dll
0x0000000013630000 - 0x0000000013669000 	C:\Users\Administrator\.javacpp\cache\ffmpeg-4.0.2-1.4.3-windows-x86_64.jar\org\bytedeco\javacpp\windows-x86_64\jniavdevice.dll
0x000007fef6ab0000 - 0x000007fef6bd5000 	C:\Windows\system32\dbghelp.dll

VM Arguments:
jvm_args: -XX:TieredStopAtLevel=1 -Xverify:none -Dspring.output.ansi.enabled=always -Dcom.sun.management.jmxremote -Dcom.sun.management.jmxremote.port=57054 -Dcom.sun.management.jmxremote.authenticate=false -Dcom.sun.management.jmxremote.ssl=false -Djava.rmi.server.hostname=localhost -Dspring.liveBeansView.mbeanDomain -Dspring.application.admin.enabled=true -javaagent:E:\nieyue\idea\lib\idea_rt.jar=57055:E:\nieyue\idea\bin -Dfile.encoding=UTF-8 
java_command: com.nieyue.Application
java_class_path (initial): C:\Users\Administrator\AppData\Local\Temp\classpath811335004.jar;E:\nieyue\idea\lib\idea_rt.jar
Launcher Type: SUN_STANDARD

Environment Variables:
JAVA_HOME=C:\Program Files\Java\jdk1.8.0_131
CLASSPATH=.;C:\Program Files\Java\jdk1.8.0_131\lib\dt.jar;C:\Program Files\Java\jdk1.8.0_131\lib\tools.jar;
PATH=C:\ProgramData\Oracle\Java\javapath;C:\Program Files\Java\jdk1.8.0_131\bin;C:\Program Files\Java\jdk1.8.0_131\jre\bin;C:\Windows\system32;C:\Windows;C:\Windows\System32\Wbem;C:\Windows\System32\WindowsPowerShell\v1.0\;C:\Program Files\nodejs;C:\Program Files (x86)\Git\bin;C:\Program Files (x86)\MySQL\MySQL Fabric 1.5.2 & MySQL Utilities 1.5.2 1.5\;C:\Program Files (x86)\MySQL\MySQL Fabric 1.5.2 & MySQL Utilities 1.5.2 1.5\Doctrine extensions for PHP\;C:\Program Files\MySQL\MySQL Server 5.6\bin;C:\Users\Administrator\AppData\Roaming\npm;D:\java\spring-boot-cli\spring-1.5.1.RELEASE\bin;D:\java\maven\apache-maven-3.3.3\bin;D:\java\gradle\gradle-3.5\bin;C:\MinGW\bin;C:\Python27;D:\java\AndroidStudio\SDKTools\platforms;D:\java\AndroidStudio\SDKTools\platform-tools;D:\java\AndroidStudio\SDKTools\tools;C:\Users\Administrator\source\repos\Dll2\Debug;C:\javalibrarypath;C:\Program Files\TortoiseSVN\bin;E:\WAMPP\php;C:\Program Files (x86)\Microsoft SQL Server\100\Tools\Binn\;C:\Program Files\Microsoft SQL Server\100\Tools\Binn\;C:\Program Files\Microsoft SQL Server\100\DTS\Binn\;C:\Program Files (x86)\Microsoft SQL Server\100\DTS\Binn\;C:\Program Files (x86)\Microsoft SQL Server\100\Tools\Binn\VSShell\Common7\IDE\;D:\java\Pyton\python3;C:\Program Files\nodejs\;D:\java\Pyton\python3\Scripts;;D:\java\VSCODE\Microsoft VS Code\bin;C:\javalibrarypath;E:\Fiddler;C:\Users\Administrator\AppData\Roaming\npm
USERNAME=Administrator
OS=Windows_NT
PROCESSOR_IDENTIFIER=Intel64 Family 6 Model 94 Stepping 3, GenuineIntel



---------------  S Y S T E M  ---------------

OS: Windows 7 , 64 bit Build 7601 (6.1.7601.24308)

CPU:total 4 (initial active 4) (4 cores per cpu, 1 threads per core) family 6 model 94 stepping 3, cmov, cx8, fxsr, mmx, sse, sse2, sse3, ssse3, sse4.1, sse4.2, popcnt, avx, avx2, aes, clmul, erms, rtm, 3dnowpref, lzcnt, tsc, tscinvbit, bmi1, bmi2, adx

Memory: 4k page, physical 33505792k(13790920k free), swap 67009684k(45015584k free)

vm_info: Java HotSpot(TM) 64-Bit Server VM (25.131-b11) for windows-amd64 JRE (1.8.0_131-b11), built on Mar 15 2017 01:23:53 by "java_re" with MS VC++ 10.0 (VS2010)

time: Tue Jan 08 19:08:50 2019
elapsed time: 63 seconds (0d 0h 1m 3s)

