#
# A fatal error has been detected by the Java Runtime Environment:
#
#  EXCEPTION_ACCESS_VIOLATION (0xc0000005) at pc=0x00007ff88e180926, pid=6228, tid=0x0000000000005a84
#
# JRE version: Java(TM) SE Runtime Environment (8.0_131-b11) (build 1.8.0_131-b11)
# Java VM: Java HotSpot(TM) 64-Bit Server VM (25.131-b11 mixed mode windows-amd64 compressed oops)
# Problematic frame:
# C  [avformat-58.dll+0x50926]
#
# Failed to write core dump. Minidumps are not enabled by default on client versions of Windows
#
# If you would like to submit a bug report, please visit:
#   http://bugreport.java.com/bugreport/crash.jsp
# The crash happened outside the Java Virtual Machine in native code.
# See problematic frame for where to report the bug.
#

---------------  T H R E A D  ---------------

Current thread (0x000000002114c800):  JavaThread "http-nio-8080-exec-3" daemon [_thread_in_native, id=23172, stack(0x0000000024850000,0x0000000024950000)]

siginfo: ExceptionCode=0xc0000005, reading address 0x0000000000000100

Registers:
RAX=0x00007ff88e4bef80, RBX=0x0000000034c959c0, RCX=0x0000000034ca1640, RDX=0x0000000000000000
RSP=0x000000002494b910, RBP=0x000000002494bba0, RSI=0x0000000034ca1640, RDI=0x0000000000000000
R8 =0x0000000000000001, R9 =0x0000000000000002, R10=0x000000000000033a, R11=0x0000000076f4e3a8
R12=0x0000000000000000, R13=0x000000002494ba80, R14=0x000000002494bbc0, R15=0x000000002114c800
RIP=0x00007ff88e180926, EFLAGS=0x0000000000010246

Top of Stack: (sp=0x000000002494b910)
0x000000002494b910:   0000000000001448 0000000034ca1640
0x000000002494b920:   00007ff89e574ee6 0000000034ca1640
0x000000002494b930:   0000000000000000 00000000e104ff68
0x000000002494b940:   000000002494bba0 00007ff88e211458
0x000000002494b950:   000000002494bbb8 000000002494bb90
0x000000002494b960:   000000002114c800 0000000034ca1640
0x000000002494b970:   0000000000000000 00000000e104ff68
0x000000002494b980:   000000002494bba0 000000002494ba90
0x000000002494b990:   000000002494bbb8 000000002494bb90
0x000000002494b9a0:   0000000000000001 0000000034ca1640
0x000000002494b9b0:   0000000000000000 8000000000000000
0x000000002494b9c0:   000000002494bba0 0000000000000000
0x000000002494b9d0:   000000002494ba80 000000002494bbc0
0x000000002494b9e0:   000000002114c800 00007ff88e2150d0
0x000000002494b9f0:   0000000000000000 0000000076957895
0x000000002494ba00:   0000000000000bad 0000000000000bad 

Instructions: (pc=0x00007ff88e180926)
0x00007ff88e180906:   41 54 55 57 56 53 48 81 ec 98 00 00 00 48 8b 79
0x00007ff88e180916:   18 48 8b 59 20 31 d2 48 89 ce 41 b8 01 00 00 00
0x00007ff88e180926:   8b af 00 01 00 00 48 89 d9 e8 8c 26 fd ff 48 89
0x00007ff88e180936:   44 24 30 83 e5 04 85 ed 0f 85 0c 01 00 00 f6 87 


Register to memory mapping:

RAX=0x00007ff88e4bef80 is an unknown value
RBX=0x0000000034c959c0 is an unknown value
RCX=0x0000000034ca1640 is an unknown value
RDX=0x0000000000000000 is an unknown value
RSP=0x000000002494b910 is pointing into the stack for thread: 0x000000002114c800
RBP=0x000000002494bba0 is pointing into the stack for thread: 0x000000002114c800
RSI=0x0000000034ca1640 is an unknown value
RDI=0x0000000000000000 is an unknown value
R8 =0x0000000000000001 is an unknown value
R9 =0x0000000000000002 is an unknown value
R10=0x000000000000033a is an unknown value
R11=0x0000000076f4e3a8 is an unknown value
R12=0x0000000000000000 is an unknown value
R13=0x000000002494ba80 is pointing into the stack for thread: 0x000000002114c800
R14=0x000000002494bbc0 is pointing into the stack for thread: 0x000000002114c800
R15=0x000000002114c800 is a thread


Stack: [0x0000000024850000,0x0000000024950000],  sp=0x000000002494b910,  free space=1006k
Native frames: (J=compiled Java code, j=interpreted, Vv=VM code, C=native code)
C  [avformat-58.dll+0x50926]
C  [avformat-58.dll+0xe50d0]
C  0x0000000003057f74

Java frames: (J=compiled Java code, j=interpreted, Vv=VM code)
j  org.bytedeco.javacpp.avformat.av_write_trailer(Lorg/bytedeco/javacpp/avformat$AVFormatContext;)I+0
j  org.bytedeco.javacv.FFmpegFrameRecorder.stop()V+124
j  com.nieyue.util.CVUtil.stopThread(Ljava/lang/Long;)Z+157
j  com.nieyue.service.impl.LiveServiceImpl.changeStatus(Ljava/lang/Long;Ljava/lang/Integer;)Z+173
j  com.nieyue.service.impl.LiveServiceImpl$$FastClassBySpringCGLIB$$49c9ab6.invoke(ILjava/lang/Object;[Ljava/lang/Object;)Ljava/lang/Object;+187
j  org.springframework.cglib.proxy.MethodProxy.invoke(Ljava/lang/Object;[Ljava/lang/Object;)Ljava/lang/Object;+19
j  org.springframework.aop.framework.CglibAopProxy$CglibMethodInvocation.invokeJoinpoint()Ljava/lang/Object;+19
j  org.springframework.aop.framework.ReflectiveMethodInvocation.proceed()Ljava/lang/Object;+19
j  org.springframework.transaction.interceptor.TransactionInterceptor$$Lambda$732.proceedWithInvocation()Ljava/lang/Object;+4
j  org.springframework.transaction.interceptor.TransactionAspectSupport.invokeWithinTransaction(Ljava/lang/reflect/Method;Ljava/lang/Class;Lorg/springframework/transaction/interceptor/TransactionAspectSupport$InvocationCallback;)Ljava/lang/Object;+73
j  org.springframework.transaction.interceptor.TransactionInterceptor.invoke(Lorg/aopalliance/intercept/MethodInvocation;)Ljava/lang/Object;+42
j  org.springframework.aop.framework.ReflectiveMethodInvocation.proceed()Ljava/lang/Object;+101
j  org.springframework.aop.framework.CglibAopProxy$DynamicAdvisedInterceptor.intercept(Ljava/lang/Object;Ljava/lang/reflect/Method;[Ljava/lang/Object;Lorg/springframework/cglib/proxy/MethodProxy;)Ljava/lang/Object;+133
j  com.nieyue.service.impl.LiveServiceImpl$$EnhancerBySpringCGLIB$$a351e92c.changeStatus(Ljava/lang/Long;Ljava/lang/Integer;)Z+40
j  com.nieyue.controller.LiveController.changeStatus(Ljava/lang/Long;Ljava/lang/Integer;Ljavax/servlet/http/HttpSession;)Lcom/nieyue/util/StateResultList;+13
v  ~StubRoutines::call_stub
J 1708  sun.reflect.NativeMethodAccessorImpl.invoke0(Ljava/lang/reflect/Method;Ljava/lang/Object;[Ljava/lang/Object;)Ljava/lang/Object; (0 bytes) @ 0x00000000033e2c3f [0x00000000033e2bc0+0x7f]
J 1706 C1 sun.reflect.NativeMethodAccessorImpl.invoke(Ljava/lang/Object;[Ljava/lang/Object;)Ljava/lang/Object; (104 bytes) @ 0x00000000033e339c [0x00000000033e3020+0x37c]
J 1163 C1 sun.reflect.DelegatingMethodAccessorImpl.invoke(Ljava/lang/Object;[Ljava/lang/Object;)Ljava/lang/Object; (10 bytes) @ 0x000000000331ec24 [0x000000000331ebe0+0x44]
J 1103 C1 java.lang.reflect.Method.invoke(Ljava/lang/Object;[Ljava/lang/Object;)Ljava/lang/Object; (62 bytes) @ 0x0000000003307b94 [0x0000000003307aa0+0xf4]
j  org.springframework.web.method.support.InvocableHandlerMethod.doInvoke([Ljava/lang/Object;)Ljava/lang/Object;+16
j  org.springframework.web.method.support.InvocableHandlerMethod.invokeForRequest(Lorg/springframework/web/context/request/NativeWebRequest;Lorg/springframework/web/method/support/ModelAndViewContainer;[Ljava/lang/Object;)Ljava/lang/Object;+75
j  org.springframework.web.servlet.mvc.method.annotation.ServletInvocableHandlerMethod.invokeAndHandle(Lorg/springframework/web/context/request/ServletWebRequest;Lorg/springframework/web/method/support/ModelAndViewContainer;[Ljava/lang/Object;)V+4
j  org.springframework.web.servlet.mvc.method.annotation.RequestMappingHandlerAdapter.invokeHandlerMethod(Ljavax/servlet/http/HttpServletRequest;Ljavax/servlet/http/HttpServletResponse;Lorg/springframework/web/method/HandlerMethod;)Lorg/springframework/web/servlet/ModelAndView;+276
j  org.springframework.web.servlet.mvc.method.annotation.RequestMappingHandlerAdapter.handleInternal(Ljavax/servlet/http/HttpServletRequest;Ljavax/servlet/http/HttpServletResponse;Lorg/springframework/web/method/HandlerMethod;)Lorg/springframework/web/servlet/ModelAndView;+81
j  org.springframework.web.servlet.mvc.method.AbstractHandlerMethodAdapter.handle(Ljavax/servlet/http/HttpServletRequest;Ljavax/servlet/http/HttpServletResponse;Ljava/lang/Object;)Lorg/springframework/web/servlet/ModelAndView;+7
j  org.springframework.web.servlet.DispatcherServlet.doDispatch(Ljavax/servlet/http/HttpServletRequest;Ljavax/servlet/http/HttpServletResponse;)V+310
j  org.springframework.web.servlet.DispatcherServlet.doService(Ljavax/servlet/http/HttpServletRequest;Ljavax/servlet/http/HttpServletResponse;)V+308
j  org.springframework.web.servlet.FrameworkServlet.processRequest(Ljavax/servlet/http/HttpServletRequest;Ljavax/servlet/http/HttpServletResponse;)V+71
j  org.springframework.web.servlet.FrameworkServlet.doPost(Ljavax/servlet/http/HttpServletRequest;Ljavax/servlet/http/HttpServletResponse;)V+3
j  javax.servlet.http.HttpServlet.service(Ljavax/servlet/http/HttpServletRequest;Ljavax/servlet/http/HttpServletResponse;)V+149
j  org.springframework.web.servlet.FrameworkServlet.service(Ljavax/servlet/http/HttpServletRequest;Ljavax/servlet/http/HttpServletResponse;)V+33
j  javax.servlet.http.HttpServlet.service(Ljavax/servlet/ServletRequest;Ljavax/servlet/ServletResponse;)V+30
j  org.apache.catalina.core.ApplicationFilterChain.internalDoFilter(Ljavax/servlet/ServletRequest;Ljavax/servlet/ServletResponse;)V+304
j  org.apache.catalina.core.ApplicationFilterChain.doFilter(Ljavax/servlet/ServletRequest;Ljavax/servlet/ServletResponse;)V+101
j  org.apache.tomcat.websocket.server.WsFilter.doFilter(Ljavax/servlet/ServletRequest;Ljavax/servlet/ServletResponse;Ljavax/servlet/FilterChain;)V+21
j  org.apache.catalina.core.ApplicationFilterChain.internalDoFilter(Ljavax/servlet/ServletRequest;Ljavax/servlet/ServletResponse;)V+135
j  org.apache.catalina.core.ApplicationFilterChain.doFilter(Ljavax/servlet/ServletRequest;Ljavax/servlet/ServletResponse;)V+101
j  org.apache.shiro.web.servlet.ProxiedFilterChain.doFilter(Ljavax/servlet/ServletRequest;Ljavax/servlet/ServletResponse;)V+50
j  org.apache.shiro.web.servlet.AdviceFilter.executeChain(Ljavax/servlet/ServletRequest;Ljavax/servlet/ServletResponse;Ljavax/servlet/FilterChain;)V+3
j  org.apache.shiro.web.servlet.AdviceFilter.doFilterInternal(Ljavax/servlet/ServletRequest;Ljavax/servlet/ServletResponse;Ljavax/servlet/FilterChain;)V+64
j  org.apache.shiro.web.servlet.OncePerRequestFilter.doFilter(Ljavax/servlet/ServletRequest;Ljavax/servlet/ServletResponse;Ljavax/servlet/FilterChain;)V+113
j  org.apache.shiro.web.servlet.ProxiedFilterChain.doFilter(Ljavax/servlet/ServletRequest;Ljavax/servlet/ServletResponse;)V+130
j  org.apache.shiro.web.servlet.AdviceFilter.executeChain(Ljavax/servlet/ServletRequest;Ljavax/servlet/ServletResponse;Ljavax/servlet/FilterChain;)V+3
j  org.apache.shiro.web.servlet.AdviceFilter.doFilterInternal(Ljavax/servlet/ServletRequest;Ljavax/servlet/ServletResponse;Ljavax/servlet/FilterChain;)V+64
j  org.apache.shiro.web.servlet.OncePerRequestFilter.doFilter(Ljavax/servlet/ServletRequest;Ljavax/servlet/ServletResponse;Ljavax/servlet/FilterChain;)V+113
j  org.apache.shiro.web.servlet.ProxiedFilterChain.doFilter(Ljavax/servlet/ServletRequest;Ljavax/servlet/ServletResponse;)V+130
j  org.apache.shiro.web.servlet.AbstractShiroFilter.executeChain(Ljavax/servlet/ServletRequest;Ljavax/servlet/ServletResponse;Ljavax/servlet/FilterChain;)V+13
j  org.apache.shiro.web.servlet.AbstractShiroFilter$1.call()Ljava/lang/Object;+31
j  org.apache.shiro.subject.support.SubjectCallable.doCall(Ljava/util/concurrent/Callable;)Ljava/lang/Object;+1
j  org.apache.shiro.subject.support.SubjectCallable.call()Ljava/lang/Object;+14
j  org.apache.shiro.subject.support.DelegatingSubject.execute(Ljava/util/concurrent/Callable;)Ljava/lang/Object;+7
j  org.apache.shiro.web.servlet.AbstractShiroFilter.doFilterInternal(Ljavax/servlet/ServletRequest;Ljavax/servlet/ServletResponse;Ljavax/servlet/FilterChain;)V+47
j  org.apache.shiro.web.servlet.OncePerRequestFilter.doFilter(Ljavax/servlet/ServletRequest;Ljavax/servlet/ServletResponse;Ljavax/servlet/FilterChain;)V+113
j  org.apache.catalina.core.ApplicationFilterChain.internalDoFilter(Ljavax/servlet/ServletRequest;Ljavax/servlet/ServletResponse;)V+135
j  org.apache.catalina.core.ApplicationFilterChain.doFilter(Ljavax/servlet/ServletRequest;Ljavax/servlet/ServletResponse;)V+101
j  com.nieyue.filter.CORSFilter.doFilter(Ljavax/servlet/ServletRequest;Ljavax/servlet/ServletResponse;Ljavax/servlet/FilterChain;)V+79
j  org.apache.catalina.core.ApplicationFilterChain.internalDoFilter(Ljavax/servlet/ServletRequest;Ljavax/servlet/ServletResponse;)V+135
j  org.apache.catalina.core.ApplicationFilterChain.doFilter(Ljavax/servlet/ServletRequest;Ljavax/servlet/ServletResponse;)V+101
j  org.springframework.boot.actuate.metrics.web.servlet.WebMvcMetricsFilter.filterAndRecordMetrics(Ljavax/servlet/http/HttpServletRequest;Ljavax/servlet/http/HttpServletResponse;Ljavax/servlet/FilterChain;Ljava/lang/Object;)V+23
j  org.springframework.boot.actuate.metrics.web.servlet.WebMvcMetricsFilter.filterAndRecordMetrics(Ljavax/servlet/http/HttpServletRequest;Ljavax/servlet/http/HttpServletResponse;Ljavax/servlet/FilterChain;)V+39
j  org.springframework.boot.actuate.metrics.web.servlet.WebMvcMetricsFilter.doFilterInternal(Ljavax/servlet/http/HttpServletRequest;Ljavax/servlet/http/HttpServletResponse;Ljavax/servlet/FilterChain;)V+4
j  org.springframework.web.filter.OncePerRequestFilter.doFilter(Ljavax/servlet/ServletRequest;Ljavax/servlet/ServletResponse;Ljavax/servlet/FilterChain;)V+111
j  org.apache.catalina.core.ApplicationFilterChain.internalDoFilter(Ljavax/servlet/ServletRequest;Ljavax/servlet/ServletResponse;)V+135
j  org.apache.catalina.core.ApplicationFilterChain.doFilter(Ljavax/servlet/ServletRequest;Ljavax/servlet/ServletResponse;)V+101
j  com.alibaba.druid.support.http.WebStatFilter.doFilter(Ljavax/servlet/ServletRequest;Ljavax/servlet/ServletResponse;Ljavax/servlet/FilterChain;)V+190
j  org.apache.catalina.core.ApplicationFilterChain.internalDoFilter(Ljavax/servlet/ServletRequest;Ljavax/servlet/ServletResponse;)V+135
j  org.apache.catalina.core.ApplicationFilterChain.doFilter(Ljavax/servlet/ServletRequest;Ljavax/servlet/ServletResponse;)V+101
j  org.springframework.boot.actuate.web.trace.servlet.HttpTraceFilter.doFilterInternal(Ljavax/servlet/http/HttpServletRequest;Ljavax/servlet/http/HttpServletResponse;Ljavax/servlet/FilterChain;)V+49
j  org.springframework.web.filter.OncePerRequestFilter.doFilter(Ljavax/servlet/ServletRequest;Ljavax/servlet/ServletResponse;Ljavax/servlet/FilterChain;)V+111
j  org.apache.catalina.core.ApplicationFilterChain.internalDoFilter(Ljavax/servlet/ServletRequest;Ljavax/servlet/ServletResponse;)V+135
j  org.apache.catalina.core.ApplicationFilterChain.doFilter(Ljavax/servlet/ServletRequest;Ljavax/servlet/ServletResponse;)V+101
j  org.springframework.web.filter.CharacterEncodingFilter.doFilterInternal(Ljavax/servlet/http/HttpServletRequest;Ljavax/servlet/http/HttpServletResponse;Ljavax/servlet/FilterChain;)V+53
j  org.springframework.web.filter.OncePerRequestFilter.doFilter(Ljavax/servlet/ServletRequest;Ljavax/servlet/ServletResponse;Ljavax/servlet/FilterChain;)V+111
j  org.apache.catalina.core.ApplicationFilterChain.internalDoFilter(Ljavax/servlet/ServletRequest;Ljavax/servlet/ServletResponse;)V+135
j  org.apache.catalina.core.ApplicationFilterChain.doFilter(Ljavax/servlet/ServletRequest;Ljavax/servlet/ServletResponse;)V+101
j  org.apache.catalina.core.StandardWrapperValve.invoke(Lorg/apache/catalina/connector/Request;Lorg/apache/catalina/connector/Response;)V+688
j  org.apache.catalina.core.StandardContextValve.invoke(Lorg/apache/catalina/connector/Request;Lorg/apache/catalina/connector/Response;)V+166
j  org.apache.catalina.authenticator.AuthenticatorBase.invoke(Lorg/apache/catalina/connector/Request;Lorg/apache/catalina/connector/Response;)V+254
j  org.apache.catalina.core.StandardHostValve.invoke(Lorg/apache/catalina/connector/Request;Lorg/apache/catalina/connector/Response;)V+138
j  org.apache.catalina.valves.ErrorReportValve.invoke(Lorg/apache/catalina/connector/Request;Lorg/apache/catalina/connector/Response;)V+6
j  org.apache.catalina.core.StandardEngineValve.invoke(Lorg/apache/catalina/connector/Request;Lorg/apache/catalina/connector/Response;)V+71
j  org.apache.catalina.connector.CoyoteAdapter.service(Lorg/apache/coyote/Request;Lorg/apache/coyote/Response;)V+199
j  org.apache.coyote.http11.Http11Processor.service(Lorg/apache/tomcat/util/net/SocketWrapperBase;)Lorg/apache/tomcat/util/net/AbstractEndpoint$Handler$SocketState;+806
j  org.apache.coyote.AbstractProcessorLight.process(Lorg/apache/tomcat/util/net/SocketWrapperBase;Lorg/apache/tomcat/util/net/SocketEvent;)Lorg/apache/tomcat/util/net/AbstractEndpoint$Handler$SocketState;+113
j  org.apache.coyote.AbstractProtocol$ConnectionHandler.process(Lorg/apache/tomcat/util/net/SocketWrapperBase;Lorg/apache/tomcat/util/net/SocketEvent;)Lorg/apache/tomcat/util/net/AbstractEndpoint$Handler$SocketState;+378
j  org.apache.tomcat.util.net.NioEndpoint$SocketProcessor.doRun()V+191
j  org.apache.tomcat.util.net.SocketProcessorBase.run()V+21
j  java.util.concurrent.ThreadPoolExecutor.runWorker(Ljava/util/concurrent/ThreadPoolExecutor$Worker;)V+95
j  java.util.concurrent.ThreadPoolExecutor$Worker.run()V+5
j  org.apache.tomcat.util.threads.TaskThread$WrappingRunnable.run()V+4
j  java.lang.Thread.run()V+11
v  ~StubRoutines::call_stub

---------------  P R O C E S S  ---------------

Java Threads: ( => current thread )
  0x00000000215b7000 JavaThread "commons-pool-evictor-thread" daemon [_thread_blocked, id=15112, stack(0x0000000037e80000,0x0000000037f80000)]
  0x00000000215b4800 JavaThread "elastic-evictor-1" daemon [_thread_blocked, id=26572, stack(0x0000000034ae0000,0x0000000034be0000)]
  0x00000000215b6000 JavaThread "SimplePauseDetectorThread_2" daemon [_thread_blocked, id=28556, stack(0x00000000349e0000,0x0000000034ae0000)]
  0x00000000215b5800 JavaThread "SimplePauseDetectorThread_1" daemon [_thread_blocked, id=5468, stack(0x00000000348e0000,0x00000000349e0000)]
  0x00000000215ad000 JavaThread "SimplePauseDetectorThread_0" daemon [_thread_blocked, id=7116, stack(0x00000000347e0000,0x00000000348e0000)]
  0x00000000215b4000 JavaThread "Thread-65" daemon [_thread_blocked, id=23152, stack(0x00000000346e0000,0x00000000347e0000)]
  0x00000000215ac800 JavaThread "lettuce-eventExecutorLoop-1-2" daemon [_thread_blocked, id=23340, stack(0x00000000345e0000,0x00000000346e0000)]
  0x00000000215b3000 JavaThread "lettuce-nioEventLoop-4-1" daemon [_thread_in_native, id=15272, stack(0x00000000334d0000,0x00000000335d0000)]
  0x00000000215ab800 JavaThread "ObjectCleanerThread" daemon [_thread_blocked, id=6480, stack(0x00000000333d0000,0x00000000334d0000)]
  0x00000000215b2800 JavaThread "DestroyJavaVM" [_thread_blocked, id=17176, stack(0x0000000002c70000,0x0000000002d70000)]
  0x00000000215b1800 JavaThread "JavaCPP Deallocator" daemon [_thread_blocked, id=4376, stack(0x0000000032200000,0x0000000032300000)]
  0x00000000215b1000 JavaThread "RMI TCP Connection(idle)" daemon [_thread_blocked, id=27096, stack(0x0000000031e00000,0x0000000031f00000)]
  0x00000000215a9800 JavaThread "RMI TCP Connection(idle)" daemon [_thread_blocked, id=15384, stack(0x0000000031a00000,0x0000000031b00000)]
  0x00000000215ae800 JavaThread "RMI TCP Connection(idle)" daemon [_thread_blocked, id=21304, stack(0x0000000031800000,0x0000000031900000)]
  0x00000000215aa000 JavaThread "SessionValidationThread-1" daemon [_thread_blocked, id=9180, stack(0x0000000031600000,0x0000000031700000)]
  0x00000000215ae000 JavaThread "http-nio-8080-AsyncTimeout" daemon [_thread_blocked, id=24544, stack(0x0000000031500000,0x0000000031600000)]
  0x00000000215a2000 JavaThread "http-nio-8080-Acceptor-0" daemon [_thread_in_native, id=17012, stack(0x0000000031400000,0x0000000031500000)]
  0x00000000215a8800 JavaThread "http-nio-8080-ClientPoller-1" daemon [_thread_in_native, id=20988, stack(0x0000000031300000,0x0000000031400000)]
  0x00000000215a7000 JavaThread "http-nio-8080-ClientPoller-0" daemon [_thread_in_native, id=6780, stack(0x0000000031200000,0x0000000031300000)]
  0x00000000215a6800 JavaThread "http-nio-8080-exec-200" daemon [_thread_blocked, id=25976, stack(0x0000000031100000,0x0000000031200000)]
  0x00000000215a1000 JavaThread "http-nio-8080-exec-199" daemon [_thread_blocked, id=9704, stack(0x0000000031000000,0x0000000031100000)]
  0x00000000215a5800 JavaThread "http-nio-8080-exec-198" daemon [_thread_blocked, id=30596, stack(0x0000000030f00000,0x0000000031000000)]
  0x00000000215a5000 JavaThread "http-nio-8080-exec-197" daemon [_thread_blocked, id=11500, stack(0x0000000030e00000,0x0000000030f00000)]
  0x00000000215a4000 JavaThread "http-nio-8080-exec-196" daemon [_thread_blocked, id=14064, stack(0x0000000030a50000,0x0000000030b50000)]
  0x00000000215a2800 JavaThread "http-nio-8080-exec-195" daemon [_thread_blocked, id=10132, stack(0x0000000030950000,0x0000000030a50000)]
  0x00000000215a8000 JavaThread "http-nio-8080-exec-194" daemon [_thread_blocked, id=17004, stack(0x0000000030850000,0x0000000030950000)]
  0x00000000215a3800 JavaThread "http-nio-8080-exec-193" daemon [_thread_blocked, id=2060, stack(0x0000000030750000,0x0000000030850000)]
  0x0000000021574000 JavaThread "http-nio-8080-exec-192" daemon [_thread_blocked, id=9056, stack(0x0000000030650000,0x0000000030750000)]
  0x0000000021573000 JavaThread "http-nio-8080-exec-191" daemon [_thread_blocked, id=2372, stack(0x0000000030550000,0x0000000030650000)]
  0x0000000021572800 JavaThread "http-nio-8080-exec-190" daemon [_thread_blocked, id=23892, stack(0x0000000030450000,0x0000000030550000)]
  0x0000000021571800 JavaThread "http-nio-8080-exec-189" daemon [_thread_blocked, id=13820, stack(0x0000000030350000,0x0000000030450000)]
  0x0000000021571000 JavaThread "http-nio-8080-exec-188" daemon [_thread_blocked, id=30460, stack(0x0000000030250000,0x0000000030350000)]
  0x0000000021569800 JavaThread "http-nio-8080-exec-187" daemon [_thread_blocked, id=12920, stack(0x0000000030150000,0x0000000030250000)]
  0x0000000021570000 JavaThread "http-nio-8080-exec-186" daemon [_thread_blocked, id=14584, stack(0x0000000030050000,0x0000000030150000)]
  0x0000000021568800 JavaThread "http-nio-8080-exec-185" daemon [_thread_blocked, id=26668, stack(0x000000002ff50000,0x0000000030050000)]
  0x000000002156f800 JavaThread "http-nio-8080-exec-184" daemon [_thread_blocked, id=21500, stack(0x000000002fe50000,0x000000002ff50000)]
  0x000000002156a000 JavaThread "http-nio-8080-exec-183" daemon [_thread_blocked, id=10596, stack(0x000000002fd50000,0x000000002fe50000)]
  0x000000002156e800 JavaThread "http-nio-8080-exec-182" daemon [_thread_blocked, id=15712, stack(0x000000002fc50000,0x000000002fd50000)]
  0x000000002156e000 JavaThread "http-nio-8080-exec-181" daemon [_thread_blocked, id=8972, stack(0x000000002fb50000,0x000000002fc50000)]
  0x000000002156d000 JavaThread "http-nio-8080-exec-180" daemon [_thread_blocked, id=11784, stack(0x000000002fa50000,0x000000002fb50000)]
  0x000000002156c800 JavaThread "http-nio-8080-exec-179" daemon [_thread_blocked, id=24096, stack(0x000000002f950000,0x000000002fa50000)]
  0x000000002156b800 JavaThread "http-nio-8080-exec-178" daemon [_thread_blocked, id=7368, stack(0x000000002f850000,0x000000002f950000)]
  0x000000002156b000 JavaThread "http-nio-8080-exec-177" daemon [_thread_blocked, id=13760, stack(0x000000002f750000,0x000000002f850000)]
  0x0000000021561000 JavaThread "http-nio-8080-exec-176" daemon [_thread_blocked, id=25892, stack(0x000000002f650000,0x000000002f750000)]
  0x0000000021562000 JavaThread "http-nio-8080-exec-175" daemon [_thread_blocked, id=27244, stack(0x000000002f550000,0x000000002f650000)]
  0x0000000021567000 JavaThread "http-nio-8080-exec-174" daemon [_thread_blocked, id=18908, stack(0x000000002f450000,0x000000002f550000)]
  0x0000000021568000 JavaThread "http-nio-8080-exec-173" daemon [_thread_blocked, id=30364, stack(0x000000002f350000,0x000000002f450000)]
  0x0000000021566800 JavaThread "http-nio-8080-exec-172" daemon [_thread_blocked, id=17620, stack(0x000000002f250000,0x000000002f350000)]
  0x0000000021565800 JavaThread "http-nio-8080-exec-171" daemon [_thread_blocked, id=9420, stack(0x000000002f150000,0x000000002f250000)]
  0x0000000021565000 JavaThread "http-nio-8080-exec-170" daemon [_thread_blocked, id=14280, stack(0x000000002f050000,0x000000002f150000)]
  0x0000000021563800 JavaThread "http-nio-8080-exec-169" daemon [_thread_blocked, id=8292, stack(0x000000002ef50000,0x000000002f050000)]
  0x0000000021564000 JavaThread "http-nio-8080-exec-168" daemon [_thread_blocked, id=5656, stack(0x000000002ee50000,0x000000002ef50000)]
  0x0000000021562800 JavaThread "http-nio-8080-exec-167" daemon [_thread_blocked, id=29456, stack(0x000000002ed50000,0x000000002ee50000)]
  0x0000000021559800 JavaThread "http-nio-8080-exec-166" daemon [_thread_blocked, id=23760, stack(0x000000002ec50000,0x000000002ed50000)]
  0x0000000021560800 JavaThread "http-nio-8080-exec-165" daemon [_thread_blocked, id=28232, stack(0x000000002eb50000,0x000000002ec50000)]
  0x0000000021559000 JavaThread "http-nio-8080-exec-164" daemon [_thread_blocked, id=9656, stack(0x000000002ea50000,0x000000002eb50000)]
  0x000000002155f800 JavaThread "http-nio-8080-exec-163" daemon [_thread_blocked, id=8460, stack(0x000000002e950000,0x000000002ea50000)]
  0x000000002155f000 JavaThread "http-nio-8080-exec-162" daemon [_thread_blocked, id=28108, stack(0x000000002e850000,0x000000002e950000)]
  0x0000000021557800 JavaThread "http-nio-8080-exec-161" daemon [_thread_blocked, id=11980, stack(0x000000002e750000,0x000000002e850000)]
  0x000000002155e000 JavaThread "http-nio-8080-exec-160" daemon [_thread_blocked, id=24232, stack(0x000000002e650000,0x000000002e750000)]
  0x0000000021556800 JavaThread "http-nio-8080-exec-159" daemon [_thread_blocked, id=7196, stack(0x000000002e550000,0x000000002e650000)]
  0x000000002155d800 JavaThread "http-nio-8080-exec-158" daemon [_thread_blocked, id=30272, stack(0x000000002e450000,0x000000002e550000)]
  0x0000000021558000 JavaThread "http-nio-8080-exec-157" daemon [_thread_blocked, id=27760, stack(0x000000002e350000,0x000000002e450000)]
  0x000000002155c800 JavaThread "http-nio-8080-exec-156" daemon [_thread_blocked, id=6456, stack(0x000000002e250000,0x000000002e350000)]
  0x000000002155c000 JavaThread "http-nio-8080-exec-155" daemon [_thread_blocked, id=26940, stack(0x000000002e150000,0x000000002e250000)]
  0x0000000021556000 JavaThread "http-nio-8080-exec-154" daemon [_thread_blocked, id=13524, stack(0x000000002e050000,0x000000002e150000)]
  0x0000000021555000 JavaThread "http-nio-8080-exec-153" daemon [_thread_blocked, id=7972, stack(0x000000002df50000,0x000000002e050000)]
  0x000000002155b000 JavaThread "http-nio-8080-exec-152" daemon [_thread_blocked, id=232, stack(0x000000002de50000,0x000000002df50000)]
  0x000000002155a800 JavaThread "http-nio-8080-exec-151" daemon [_thread_blocked, id=14104, stack(0x000000002dd50000,0x000000002de50000)]
  0x0000000021542800 JavaThread "http-nio-8080-exec-150" daemon [_thread_blocked, id=12720, stack(0x000000002dc50000,0x000000002dd50000)]
  0x0000000021541000 JavaThread "http-nio-8080-exec-149" daemon [_thread_blocked, id=23820, stack(0x000000002db50000,0x000000002dc50000)]
  0x0000000021542000 JavaThread "http-nio-8080-exec-148" daemon [_thread_blocked, id=19880, stack(0x000000002da50000,0x000000002db50000)]
  0x0000000021540800 JavaThread "http-nio-8080-exec-147" daemon [_thread_blocked, id=20096, stack(0x000000002d950000,0x000000002da50000)]
  0x000000002153f800 JavaThread "http-nio-8080-exec-146" daemon [_thread_blocked, id=3236, stack(0x000000002d850000,0x000000002d950000)]
  0x000000002153f000 JavaThread "http-nio-8080-exec-145" daemon [_thread_blocked, id=28000, stack(0x000000002d750000,0x000000002d850000)]
  0x0000000021544000 JavaThread "http-nio-8080-exec-144" daemon [_thread_blocked, id=8320, stack(0x000000002d650000,0x000000002d750000)]
  0x000000002153e000 JavaThread "http-nio-8080-exec-143" daemon [_thread_blocked, id=18852, stack(0x000000002d550000,0x000000002d650000)]
  0x0000000021543800 JavaThread "http-nio-8080-exec-142" daemon [_thread_blocked, id=22744, stack(0x000000002d450000,0x000000002d550000)]
  0x0000000021536800 JavaThread "http-nio-8080-exec-141" daemon [_thread_blocked, id=20656, stack(0x000000002d350000,0x000000002d450000)]
  0x000000002153d800 JavaThread "http-nio-8080-exec-140" daemon [_thread_blocked, id=13720, stack(0x000000002d250000,0x000000002d350000)]
  0x0000000021536000 JavaThread "http-nio-8080-exec-139" daemon [_thread_blocked, id=27600, stack(0x000000002d150000,0x000000002d250000)]
  0x000000002153c800 JavaThread "http-nio-8080-exec-138" daemon [_thread_blocked, id=1036, stack(0x000000002d050000,0x000000002d150000)]
  0x0000000021535000 JavaThread "http-nio-8080-exec-137" daemon [_thread_blocked, id=16612, stack(0x000000002cf50000,0x000000002d050000)]
  0x0000000021537800 JavaThread "http-nio-8080-exec-136" daemon [_thread_blocked, id=30488, stack(0x000000002ce50000,0x000000002cf50000)]
  0x000000002153a800 JavaThread "http-nio-8080-exec-135" daemon [_thread_blocked, id=16320, stack(0x000000002cd50000,0x000000002ce50000)]
  0x000000002153c000 JavaThread "http-nio-8080-exec-134" daemon [_thread_blocked, id=9368, stack(0x000000002cc50000,0x000000002cd50000)]
  0x0000000021539000 JavaThread "http-nio-8080-exec-133" daemon [_thread_blocked, id=27880, stack(0x000000002cb50000,0x000000002cc50000)]
  0x0000000021538000 JavaThread "http-nio-8080-exec-132" daemon [_thread_blocked, id=27224, stack(0x000000002ca50000,0x000000002cb50000)]
  0x000000002153b000 JavaThread "http-nio-8080-exec-131" daemon [_thread_blocked, id=18804, stack(0x000000002c950000,0x000000002ca50000)]
  0x0000000021539800 JavaThread "http-nio-8080-exec-130" daemon [_thread_blocked, id=6320, stack(0x000000002c850000,0x000000002c950000)]
  0x00000000214d7000 JavaThread "http-nio-8080-exec-129" daemon [_thread_blocked, id=15884, stack(0x000000002c750000,0x000000002c850000)]
  0x0000000021500800 JavaThread "http-nio-8080-exec-128" daemon [_thread_blocked, id=17772, stack(0x000000002c650000,0x000000002c750000)]
  0x0000000021502800 JavaThread "http-nio-8080-exec-127" daemon [_thread_blocked, id=20028, stack(0x000000002c550000,0x000000002c650000)]
  0x0000000021503800 JavaThread "http-nio-8080-exec-126" daemon [_thread_blocked, id=13376, stack(0x000000002c450000,0x000000002c550000)]
  0x0000000021502000 JavaThread "http-nio-8080-exec-125" daemon [_thread_blocked, id=30544, stack(0x000000002c350000,0x000000002c450000)]
  0x0000000021504000 JavaThread "http-nio-8080-exec-124" daemon [_thread_blocked, id=880, stack(0x000000002c250000,0x000000002c350000)]
  0x00000000214ff800 JavaThread "http-nio-8080-exec-123" daemon [_thread_blocked, id=8656, stack(0x000000002c150000,0x000000002c250000)]
  0x0000000021501000 JavaThread "http-nio-8080-exec-122" daemon [_thread_blocked, id=2020, stack(0x000000002c050000,0x000000002c150000)]
  0x00000000214f8000 JavaThread "http-nio-8080-exec-121" daemon [_thread_blocked, id=2220, stack(0x000000002bf50000,0x000000002c050000)]
  0x00000000214ff000 JavaThread "http-nio-8080-exec-120" daemon [_thread_blocked, id=2300, stack(0x000000002be50000,0x000000002bf50000)]
  0x00000000214fe000 JavaThread "http-nio-8080-exec-119" daemon [_thread_blocked, id=5472, stack(0x000000002bd50000,0x000000002be50000)]
  0x00000000214fd800 JavaThread "http-nio-8080-exec-118" daemon [_thread_blocked, id=20344, stack(0x000000002bc50000,0x000000002bd50000)]
  0x00000000214fc800 JavaThread "http-nio-8080-exec-117" daemon [_thread_blocked, id=4664, stack(0x000000002bb50000,0x000000002bc50000)]
  0x00000000214fb000 JavaThread "http-nio-8080-exec-116" daemon [_thread_blocked, id=13588, stack(0x000000002ba50000,0x000000002bb50000)]
  0x00000000214fa800 JavaThread "http-nio-8080-exec-115" daemon [_thread_blocked, id=19804, stack(0x000000002b950000,0x000000002ba50000)]
  0x00000000214f9800 JavaThread "http-nio-8080-exec-114" daemon [_thread_blocked, id=19480, stack(0x000000002b850000,0x000000002b950000)]
  0x00000000214f5000 JavaThread "http-nio-8080-exec-113" daemon [_thread_blocked, id=3052, stack(0x000000002b750000,0x000000002b850000)]
  0x00000000214f7800 JavaThread "http-nio-8080-exec-112" daemon [_thread_blocked, id=3096, stack(0x000000002b650000,0x000000002b750000)]
  0x00000000214f6800 JavaThread "http-nio-8080-exec-111" daemon [_thread_blocked, id=20928, stack(0x000000002b550000,0x000000002b650000)]
  0x00000000214f6000 JavaThread "http-nio-8080-exec-110" daemon [_thread_blocked, id=10644, stack(0x000000002b450000,0x000000002b550000)]
  0x00000000214f9000 JavaThread "http-nio-8080-exec-109" daemon [_thread_blocked, id=12304, stack(0x000000002b350000,0x000000002b450000)]
  0x00000000214fc000 JavaThread "http-nio-8080-exec-108" daemon [_thread_blocked, id=26928, stack(0x000000002b250000,0x000000002b350000)]
  0x00000000214e0000 JavaThread "http-nio-8080-exec-107" daemon [_thread_blocked, id=23796, stack(0x000000002b150000,0x000000002b250000)]
  0x00000000214df800 JavaThread "http-nio-8080-exec-106" daemon [_thread_blocked, id=8900, stack(0x000000002b050000,0x000000002b150000)]
  0x00000000214dd000 JavaThread "http-nio-8080-exec-105" daemon [_thread_blocked, id=16752, stack(0x000000002af50000,0x000000002b050000)]
  0x00000000214de800 JavaThread "http-nio-8080-exec-104" daemon [_thread_blocked, id=24624, stack(0x000000002ae50000,0x000000002af50000)]
  0x00000000214de000 JavaThread "http-nio-8080-exec-103" daemon [_thread_blocked, id=9564, stack(0x000000002ad50000,0x000000002ae50000)]
  0x00000000214d5800 JavaThread "http-nio-8080-exec-102" daemon [_thread_blocked, id=17476, stack(0x000000002ac50000,0x000000002ad50000)]
  0x00000000214dc800 JavaThread "http-nio-8080-exec-101" daemon [_thread_blocked, id=19716, stack(0x000000002ab50000,0x000000002ac50000)]
  0x00000000214d6800 JavaThread "http-nio-8080-exec-100" daemon [_thread_blocked, id=21664, stack(0x000000002aa50000,0x000000002ab50000)]
  0x00000000214d8800 JavaThread "http-nio-8080-exec-99" daemon [_thread_blocked, id=22160, stack(0x000000002a950000,0x000000002aa50000)]
  0x00000000214d5000 JavaThread "http-nio-8080-exec-98" daemon [_thread_blocked, id=25392, stack(0x000000002a850000,0x000000002a950000)]
  0x00000000214db800 JavaThread "http-nio-8080-exec-97" daemon [_thread_blocked, id=28176, stack(0x000000002a750000,0x000000002a850000)]
  0x00000000214db000 JavaThread "http-nio-8080-exec-96" daemon [_thread_blocked, id=25248, stack(0x000000002a650000,0x000000002a750000)]
  0x00000000214d9800 JavaThread "http-nio-8080-exec-95" daemon [_thread_blocked, id=23680, stack(0x000000002a550000,0x000000002a650000)]
  0x00000000214da000 JavaThread "http-nio-8080-exec-94" daemon [_thread_blocked, id=18104, stack(0x000000002a450000,0x000000002a550000)]
  0x00000000214d1000 JavaThread "http-nio-8080-exec-93" daemon [_thread_blocked, id=23144, stack(0x000000002a350000,0x000000002a450000)]
  0x00000000214d4000 JavaThread "http-nio-8080-exec-92" daemon [_thread_blocked, id=21152, stack(0x000000002a150000,0x000000002a250000)]
  0x00000000214d8000 JavaThread "http-nio-8080-exec-91" daemon [_thread_blocked, id=20392, stack(0x000000002a050000,0x000000002a150000)]
  0x00000000214d3800 JavaThread "http-nio-8080-exec-90" daemon [_thread_blocked, id=27168, stack(0x0000000029f50000,0x000000002a050000)]
  0x00000000214d2800 JavaThread "http-nio-8080-exec-89" daemon [_thread_blocked, id=5804, stack(0x0000000029e50000,0x0000000029f50000)]
  0x00000000214d2000 JavaThread "http-nio-8080-exec-88" daemon [_thread_blocked, id=20632, stack(0x0000000029d50000,0x0000000029e50000)]
  0x0000000021265800 JavaThread "http-nio-8080-exec-87" daemon [_thread_blocked, id=2604, stack(0x0000000029c50000,0x0000000029d50000)]
  0x0000000021264800 JavaThread "http-nio-8080-exec-86" daemon [_thread_blocked, id=25624, stack(0x0000000029b50000,0x0000000029c50000)]
  0x000000002126a000 JavaThread "http-nio-8080-exec-85" daemon [_thread_blocked, id=28896, stack(0x0000000029a50000,0x0000000029b50000)]
  0x0000000021267000 JavaThread "http-nio-8080-exec-84" daemon [_thread_blocked, id=10672, stack(0x0000000029950000,0x0000000029a50000)]
  0x0000000021266000 JavaThread "http-nio-8080-exec-83" daemon [_thread_blocked, id=23312, stack(0x0000000029850000,0x0000000029950000)]
  0x0000000021268800 JavaThread "http-nio-8080-exec-82" daemon [_thread_blocked, id=16472, stack(0x0000000029750000,0x0000000029850000)]
  0x0000000021267800 JavaThread "http-nio-8080-exec-81" daemon [_thread_blocked, id=24264, stack(0x0000000029650000,0x0000000029750000)]
  0x0000000021269000 JavaThread "http-nio-8080-exec-80" daemon [_thread_blocked, id=13748, stack(0x0000000029550000,0x0000000029650000)]
  0x0000000021263000 JavaThread "http-nio-8080-exec-79" daemon [_thread_blocked, id=17992, stack(0x0000000029450000,0x0000000029550000)]
  0x0000000021262800 JavaThread "http-nio-8080-exec-78" daemon [_thread_blocked, id=25292, stack(0x0000000029350000,0x0000000029450000)]
  0x0000000021264000 JavaThread "http-nio-8080-exec-77" daemon [_thread_blocked, id=6896, stack(0x0000000029250000,0x0000000029350000)]
  0x000000002125f800 JavaThread "http-nio-8080-exec-76" daemon [_thread_blocked, id=10692, stack(0x0000000029150000,0x0000000029250000)]
  0x000000002125e800 JavaThread "http-nio-8080-exec-75" daemon [_thread_blocked, id=12048, stack(0x0000000029050000,0x0000000029150000)]
  0x000000002125d000 JavaThread "http-nio-8080-exec-74" daemon [_thread_blocked, id=19548, stack(0x0000000028f50000,0x0000000029050000)]
  0x000000002125c800 JavaThread "http-nio-8080-exec-73" daemon [_thread_blocked, id=1140, stack(0x0000000028e50000,0x0000000028f50000)]
  0x000000002125b000 JavaThread "http-nio-8080-exec-72" daemon [_thread_blocked, id=3152, stack(0x0000000028d50000,0x0000000028e50000)]
  0x0000000021261800 JavaThread "http-nio-8080-exec-71" daemon [_thread_blocked, id=22488, stack(0x0000000028c50000,0x0000000028d50000)]
  0x000000002125b800 JavaThread "http-nio-8080-exec-70" daemon [_thread_blocked, id=26616, stack(0x0000000028b50000,0x0000000028c50000)]
  0x0000000021261000 JavaThread "http-nio-8080-exec-69" daemon [_thread_blocked, id=15028, stack(0x0000000028a50000,0x0000000028b50000)]
  0x000000002125e000 JavaThread "http-nio-8080-exec-68" daemon [_thread_blocked, id=16740, stack(0x0000000028950000,0x0000000028a50000)]
  0x0000000021260000 JavaThread "http-nio-8080-exec-67" daemon [_thread_blocked, id=1200, stack(0x0000000028850000,0x0000000028950000)]
  0x000000002123e000 JavaThread "http-nio-8080-exec-66" daemon [_thread_blocked, id=13548, stack(0x0000000028750000,0x0000000028850000)]
  0x000000002123d000 JavaThread "http-nio-8080-exec-65" daemon [_thread_blocked, id=5552, stack(0x0000000028650000,0x0000000028750000)]
  0x000000002123b800 JavaThread "http-nio-8080-exec-64" daemon [_thread_blocked, id=25372, stack(0x0000000028550000,0x0000000028650000)]
  0x000000002123b000 JavaThread "http-nio-8080-exec-63" daemon [_thread_blocked, id=22124, stack(0x0000000028450000,0x0000000028550000)]
  0x000000002123c800 JavaThread "http-nio-8080-exec-62" daemon [_thread_blocked, id=21564, stack(0x0000000028350000,0x0000000028450000)]
  0x000000002123a000 JavaThread "http-nio-8080-exec-61" daemon [_thread_blocked, id=17252, stack(0x0000000028250000,0x0000000028350000)]
  0x0000000021239800 JavaThread "http-nio-8080-exec-60" daemon [_thread_blocked, id=6292, stack(0x0000000028150000,0x0000000028250000)]
  0x0000000021232000 JavaThread "http-nio-8080-exec-59" daemon [_thread_blocked, id=23188, stack(0x0000000028050000,0x0000000028150000)]
  0x0000000021238800 JavaThread "http-nio-8080-exec-58" daemon [_thread_blocked, id=21588, stack(0x0000000027f50000,0x0000000028050000)]
  0x0000000021231000 JavaThread "http-nio-8080-exec-57" daemon [_thread_blocked, id=18696, stack(0x0000000027e50000,0x0000000027f50000)]
  0x0000000021238000 JavaThread "http-nio-8080-exec-56" daemon [_thread_blocked, id=26704, stack(0x0000000027d50000,0x0000000027e50000)]
  0x0000000021230800 JavaThread "http-nio-8080-exec-55" daemon [_thread_blocked, id=28328, stack(0x0000000027c50000,0x0000000027d50000)]
  0x0000000021237000 JavaThread "http-nio-8080-exec-54" daemon [_thread_blocked, id=29668, stack(0x0000000027b50000,0x0000000027c50000)]
  0x0000000021236800 JavaThread "http-nio-8080-exec-53" daemon [_thread_blocked, id=15120, stack(0x0000000027a50000,0x0000000027b50000)]
  0x0000000021234000 JavaThread "http-nio-8080-exec-52" daemon [_thread_blocked, id=8588, stack(0x0000000027950000,0x0000000027a50000)]
  0x0000000021233800 JavaThread "http-nio-8080-exec-51" daemon [_thread_blocked, id=236, stack(0x0000000027850000,0x0000000027950000)]
  0x0000000021232800 JavaThread "http-nio-8080-exec-50" daemon [_thread_blocked, id=17180, stack(0x0000000027750000,0x0000000027850000)]
  0x000000002122f000 JavaThread "http-nio-8080-exec-49" daemon [_thread_blocked, id=23816, stack(0x0000000027650000,0x0000000027750000)]
  0x0000000021235800 JavaThread "http-nio-8080-exec-48" daemon [_thread_blocked, id=12632, stack(0x0000000027550000,0x0000000027650000)]
  0x0000000021235000 JavaThread "http-nio-8080-exec-47" daemon [_thread_blocked, id=15164, stack(0x0000000027450000,0x0000000027550000)]
  0x000000002122f800 JavaThread "http-nio-8080-exec-46" daemon [_thread_blocked, id=5256, stack(0x0000000027350000,0x0000000027450000)]
  0x000000002105b000 JavaThread "http-nio-8080-exec-45" daemon [_thread_blocked, id=18016, stack(0x0000000027250000,0x0000000027350000)]
  0x000000002105a000 JavaThread "http-nio-8080-exec-44" daemon [_thread_blocked, id=24740, stack(0x0000000027150000,0x0000000027250000)]
  0x000000002105f800 JavaThread "http-nio-8080-exec-43" daemon [_thread_blocked, id=30048, stack(0x0000000027050000,0x0000000027150000)]
  0x0000000021059800 JavaThread "http-nio-8080-exec-42" daemon [_thread_blocked, id=3132, stack(0x0000000026f50000,0x0000000027050000)]
  0x000000002105b800 JavaThread "http-nio-8080-exec-41" daemon [_thread_blocked, id=2272, stack(0x0000000026e50000,0x0000000026f50000)]
  0x000000002105e800 JavaThread "http-nio-8080-exec-40" daemon [_thread_blocked, id=20944, stack(0x0000000026d50000,0x0000000026e50000)]
  0x000000002105e000 JavaThread "http-nio-8080-exec-39" daemon [_thread_blocked, id=24628, stack(0x0000000026c50000,0x0000000026d50000)]
  0x000000002105d000 JavaThread "http-nio-8080-exec-38" daemon [_thread_blocked, id=30592, stack(0x0000000026b50000,0x0000000026c50000)]
  0x000000002105c800 JavaThread "http-nio-8080-exec-37" daemon [_thread_blocked, id=19756, stack(0x0000000026a50000,0x0000000026b50000)]
  0x0000000021052800 JavaThread "http-nio-8080-exec-36" daemon [_thread_blocked, id=22180, stack(0x0000000026950000,0x0000000026a50000)]
  0x0000000021053800 JavaThread "http-nio-8080-exec-35" daemon [_thread_blocked, id=29008, stack(0x0000000026850000,0x0000000026950000)]
  0x0000000021052000 JavaThread "http-nio-8080-exec-34" daemon [_thread_blocked, id=7240, stack(0x0000000026750000,0x0000000026850000)]
  0x0000000021058800 JavaThread "http-nio-8080-exec-33" daemon [_thread_blocked, id=10456, stack(0x0000000026650000,0x0000000026750000)]
  0x0000000021058000 JavaThread "http-nio-8080-exec-32" daemon [_thread_blocked, id=13396, stack(0x0000000026550000,0x0000000026650000)]
  0x0000000021055000 JavaThread "http-nio-8080-exec-31" daemon [_thread_blocked, id=15780, stack(0x0000000026450000,0x0000000026550000)]
  0x0000000021051000 JavaThread "http-nio-8080-exec-30" daemon [_thread_blocked, id=3684, stack(0x0000000026350000,0x0000000026450000)]
  0x0000000021056800 JavaThread "http-nio-8080-exec-29" daemon [_thread_blocked, id=22776, stack(0x0000000026250000,0x0000000026350000)]
  0x0000000021050800 JavaThread "http-nio-8080-exec-28" daemon [_thread_blocked, id=19912, stack(0x0000000026150000,0x0000000026250000)]
  0x0000000021057000 JavaThread "http-nio-8080-exec-27" daemon [_thread_blocked, id=24300, stack(0x0000000026050000,0x0000000026150000)]
  0x0000000021055800 JavaThread "http-nio-8080-exec-26" daemon [_thread_blocked, id=21028, stack(0x0000000025f50000,0x0000000026050000)]
  0x0000000021054000 JavaThread "http-nio-8080-exec-25" daemon [_thread_blocked, id=27576, stack(0x0000000025e50000,0x0000000025f50000)]
  0x00000000210b5000 JavaThread "http-nio-8080-exec-24" daemon [_thread_blocked, id=17144, stack(0x0000000025d50000,0x0000000025e50000)]
  0x00000000210b7800 JavaThread "http-nio-8080-exec-23" daemon [_thread_blocked, id=3460, stack(0x0000000025c50000,0x0000000025d50000)]
  0x00000000210b6000 JavaThread "http-nio-8080-exec-22" daemon [_thread_blocked, id=15876, stack(0x0000000025b50000,0x0000000025c50000)]
  0x00000000210b9800 JavaThread "http-nio-8080-exec-21" daemon [_thread_blocked, id=19824, stack(0x0000000025a50000,0x0000000025b50000)]
  0x00000000210b8000 JavaThread "http-nio-8080-exec-20" daemon [_thread_blocked, id=7940, stack(0x0000000025950000,0x0000000025a50000)]
  0x00000000210bb000 JavaThread "http-nio-8080-exec-19" daemon [_thread_blocked, id=22304, stack(0x0000000025850000,0x0000000025950000)]
  0x00000000210b4800 JavaThread "http-nio-8080-exec-18" daemon [_thread_blocked, id=6472, stack(0x0000000025750000,0x0000000025850000)]
  0x00000000210ba800 JavaThread "http-nio-8080-exec-17" daemon [_thread_blocked, id=7768, stack(0x0000000025650000,0x0000000025750000)]
  0x00000000210b9000 JavaThread "http-nio-8080-exec-16" daemon [_thread_blocked, id=6972, stack(0x0000000025550000,0x0000000025650000)]
  0x00000000210b6800 JavaThread "http-nio-8080-exec-15" daemon [_thread_blocked, id=6460, stack(0x0000000025450000,0x0000000025550000)]
  0x00000000210ad000 JavaThread "http-nio-8080-exec-14" daemon [_thread_blocked, id=18512, stack(0x0000000025350000,0x0000000025450000)]
  0x00000000210b1800 JavaThread "http-nio-8080-exec-13" daemon [_thread_blocked, id=30076, stack(0x0000000025250000,0x0000000025350000)]
  0x00000000210b3800 JavaThread "http-nio-8080-exec-12" daemon [_thread_blocked, id=8516, stack(0x0000000025150000,0x0000000025250000)]
  0x00000000210b0000 JavaThread "http-nio-8080-exec-11" daemon [_thread_blocked, id=26024, stack(0x0000000025050000,0x0000000025150000)]
  0x00000000210b3000 JavaThread "http-nio-8080-exec-10" daemon [_thread_blocked, id=10796, stack(0x0000000024f50000,0x0000000025050000)]
  0x00000000210ac000 JavaThread "http-nio-8080-exec-9" daemon [_thread_blocked, id=14936, stack(0x0000000024e50000,0x0000000024f50000)]
  0x00000000210af000 JavaThread "http-nio-8080-exec-8" daemon [_thread_blocked, id=13416, stack(0x0000000024d50000,0x0000000024e50000)]
  0x00000000210ad800 JavaThread "http-nio-8080-exec-7" daemon [_thread_blocked, id=30680, stack(0x0000000024c50000,0x0000000024d50000)]
  0x00000000210b0800 JavaThread "http-nio-8080-exec-6" daemon [_thread_blocked, id=1100, stack(0x0000000024b50000,0x0000000024c50000)]
  0x00000000210ae800 JavaThread "http-nio-8080-exec-5" daemon [_thread_blocked, id=9164, stack(0x0000000024a50000,0x0000000024b50000)]
  0x00000000210b2000 JavaThread "http-nio-8080-exec-4" daemon [_thread_blocked, id=16572, stack(0x0000000024950000,0x0000000024a50000)]
=>0x000000002114c800 JavaThread "http-nio-8080-exec-3" daemon [_thread_in_native, id=23172, stack(0x0000000024850000,0x0000000024950000)]
  0x000000002114a800 JavaThread "http-nio-8080-exec-2" daemon [_thread_blocked, id=7944, stack(0x0000000024750000,0x0000000024850000)]
  0x0000000021151800 JavaThread "http-nio-8080-exec-1" daemon [_thread_blocked, id=15192, stack(0x0000000024650000,0x0000000024750000)]
  0x000000002114e800 JavaThread "NioBlockingSelector.BlockPoller-1" daemon [_thread_in_native, id=17484, stack(0x0000000024550000,0x0000000024650000)]
  0x000000002114c000 JavaThread "Live Reload Server" daemon [_thread_in_native, id=2548, stack(0x0000000023e50000,0x0000000023f50000)]
  0x000000002114b000 JavaThread "File Watcher" daemon [_thread_blocked, id=11192, stack(0x0000000023c50000,0x0000000023d50000)]
  0x0000000021149800 JavaThread "Timer-0" daemon [_thread_blocked, id=2860, stack(0x0000000023a50000,0x0000000023b50000)]
  0x0000000021150000 JavaThread "quartzScheduler_QuartzSchedulerThread" [_thread_blocked, id=11484, stack(0x0000000023950000,0x0000000023a50000)]
  0x000000002114d800 JavaThread "quartzScheduler_Worker-10" [_thread_blocked, id=8432, stack(0x0000000023850000,0x0000000023950000)]
  0x000000002114f000 JavaThread "quartzScheduler_Worker-9" [_thread_blocked, id=23060, stack(0x0000000023750000,0x0000000023850000)]
  0x0000000021150800 JavaThread "quartzScheduler_Worker-8" [_thread_blocked, id=22872, stack(0x0000000023650000,0x0000000023750000)]
  0x0000000021142000 JavaThread "quartzScheduler_Worker-7" [_thread_blocked, id=26436, stack(0x0000000023550000,0x0000000023650000)]
  0x0000000021143800 JavaThread "quartzScheduler_Worker-6" [_thread_blocked, id=9024, stack(0x0000000023450000,0x0000000023550000)]
  0x0000000021147800 JavaThread "quartzScheduler_Worker-5" [_thread_blocked, id=24408, stack(0x0000000023350000,0x0000000023450000)]
  0x0000000021146800 JavaThread "quartzScheduler_Worker-4" [_thread_blocked, id=14864, stack(0x0000000023250000,0x0000000023350000)]
  0x0000000021149000 JavaThread "quartzScheduler_Worker-3" [_thread_blocked, id=25780, stack(0x0000000023150000,0x0000000023250000)]
  0x0000000021144800 JavaThread "quartzScheduler_Worker-2" [_thread_blocked, id=15732, stack(0x0000000023050000,0x0000000023150000)]
  0x0000000021146000 JavaThread "quartzScheduler_Worker-1" [_thread_blocked, id=19048, stack(0x0000000022f50000,0x0000000023050000)]
  0x0000000021148000 JavaThread "SimplePauseDetectorThread_0" daemon [_thread_blocked, id=22076, stack(0x0000000022750000,0x0000000022850000)]
  0x0000000021145000 JavaThread "Thread-32" daemon [_thread_blocked, id=11328, stack(0x0000000022650000,0x0000000022750000)]
  0x0000000021143000 JavaThread "container-0" [_thread_blocked, id=27656, stack(0x0000000022450000,0x0000000022550000)]
  0x000000001ba3b000 JavaThread "ContainerBackgroundProcessor[StandardEngine[Tomcat]]" daemon [_thread_blocked, id=2552, stack(0x0000000022350000,0x0000000022450000)]
  0x000000001ba36800 JavaThread "lettuce-eventExecutorLoop-1-1" daemon [_thread_blocked, id=21868, stack(0x0000000020580000,0x0000000020680000)]
  0x000000001ba34000 JavaThread "mybatis-plus MapperRefresh" [_thread_blocked, id=28820, stack(0x000000001fe80000,0x000000001ff80000)]
  0x000000001ba38800 JavaThread "System Clock" daemon [_thread_blocked, id=20068, stack(0x000000001fd80000,0x000000001fe80000)]
  0x000000001ba3a000 JavaThread "Druid-ConnectionPool-Destroy-2046486986" daemon [_thread_blocked, id=13976, stack(0x000000001fc80000,0x000000001fd80000)]
  0x000000001ba38000 JavaThread "Druid-ConnectionPool-Create-2046486986" daemon [_thread_blocked, id=30256, stack(0x000000001fb80000,0x000000001fc80000)]
  0x000000001ba37000 JavaThread "Abandoned connection cleanup thread" daemon [_thread_blocked, id=18636, stack(0x000000001f780000,0x000000001f880000)]
  0x000000001b2b8000 JavaThread "RMI Scheduler(0)" daemon [_thread_blocked, id=10364, stack(0x000000001c9b0000,0x000000001cab0000)]
  0x000000001b2b7800 JavaThread "RMI TCP Connection(idle)" daemon [_thread_blocked, id=21228, stack(0x000000001c8b0000,0x000000001c9b0000)]
  0x000000001b2b3800 JavaThread "RMI TCP Connection(idle)" daemon [_thread_blocked, id=22936, stack(0x000000001c7b0000,0x000000001c8b0000)]
  0x000000001b1de800 JavaThread "RMI TCP Accept-0" daemon [_thread_in_native, id=28620, stack(0x000000001c5b0000,0x000000001c6b0000)]
  0x000000001b1b2000 JavaThread "RMI TCP Accept-57897" daemon [_thread_in_native, id=8144, stack(0x000000001c4b0000,0x000000001c5b0000)]
  0x000000001b1b1000 JavaThread "RMI TCP Accept-0" daemon [_thread_in_native, id=29940, stack(0x000000001c3b0000,0x000000001c4b0000)]
  0x000000001af8c000 JavaThread "Service Thread" daemon [_thread_blocked, id=13012, stack(0x000000001c2b0000,0x000000001c3b0000)]
  0x000000001af3c800 JavaThread "C1 CompilerThread3" daemon [_thread_blocked, id=3136, stack(0x000000001c1b0000,0x000000001c2b0000)]
  0x000000001aee7800 JavaThread "C2 CompilerThread2" daemon [_thread_blocked, id=1244, stack(0x000000001c0b0000,0x000000001c1b0000)]
  0x000000001aee6000 JavaThread "C2 CompilerThread1" daemon [_thread_blocked, id=30180, stack(0x000000001bfb0000,0x000000001c0b0000)]
  0x000000001adde000 JavaThread "C2 CompilerThread0" daemon [_thread_blocked, id=24904, stack(0x000000001beb0000,0x000000001bfb0000)]
  0x000000001aee0800 JavaThread "Monitor Ctrl-Break" daemon [_thread_in_native, id=15804, stack(0x000000001bdb0000,0x000000001beb0000)]
  0x0000000019f18800 JavaThread "Attach Listener" daemon [_thread_blocked, id=13848, stack(0x000000001a4e0000,0x000000001a5e0000)]
  0x0000000019f17000 JavaThread "Signal Dispatcher" daemon [_thread_blocked, id=12216, stack(0x000000001a3e0000,0x000000001a4e0000)]
  0x0000000019f00800 JavaThread "Finalizer" daemon [_thread_blocked, id=6508, stack(0x000000001a2e0000,0x000000001a3e0000)]
  0x000000001800d800 JavaThread "Reference Handler" daemon [_thread_blocked, id=15576, stack(0x0000000019de0000,0x0000000019ee0000)]

Other Threads:
  0x0000000018009000 VMThread [stack: 0x0000000019ce0000,0x0000000019de0000] [id=10232]
  0x000000001b1df800 WatcherThread [stack: 0x000000001c6b0000,0x000000001c7b0000] [id=4312]

VM state:not at safepoint (normal execution)

VM Mutex/Monitor currently owned by a thread: None

Heap:
 PSYoungGen      total 434176K, used 230692K [0x00000000d5b80000, 0x00000000f3900000, 0x0000000100000000)
  eden space 408576K, 53% used [0x00000000d5b80000,0x00000000e3221ec0,0x00000000eea80000)
  from space 25600K, 42% used [0x00000000eea80000,0x00000000ef527450,0x00000000f0380000)
  to   space 24064K, 0% used [0x00000000f2180000,0x00000000f2180000,0x00000000f3900000)
 ParOldGen       total 156160K, used 49703K [0x0000000081200000, 0x000000008aa80000, 0x00000000d5b80000)
  object space 156160K, 31% used [0x0000000081200000,0x0000000084289dd8,0x000000008aa80000)
 Metaspace       used 68536K, capacity 72126K, committed 72192K, reserved 1112064K
  class space    used 9101K, capacity 9708K, committed 9728K, reserved 1048576K

Card table byte_map: [0x0000000012400000,0x0000000012800000] byte_map_base: 0x0000000011ff7000

Marking Bits: (ParMarkBitMap*) 0x0000000076f5c720
 Begin Bits: [0x00000000132b0000, 0x0000000015268000)
 End Bits:   [0x0000000015268000, 0x0000000017220000)

Polling page: 0x0000000000b50000

CodeCache: size=245760Kb used=15336Kb max_used=15398Kb free=230423Kb
 bounds [0x0000000003040000, 0x0000000003f50000, 0x0000000012040000]
 total_blobs=8701 nmethods=8046 adapters=566
 compilation: enabled

Compilation events (10 events):
Event: 67.108 Thread 0x000000001af3c800 8204       1       org.springframework.aop.framework.ReflectiveMethodInvocation::getThis (5 bytes)
Event: 67.108 Thread 0x000000001af3c800 nmethod 8204 0x0000000003b1b010 code [0x0000000003b1b160, 0x0000000003b1b270]
Event: 67.108 Thread 0x000000001af3c800 8205       1       org.springframework.transaction.support.DefaultTransactionDefinition::getPropagationBehavior (5 bytes)
Event: 67.108 Thread 0x000000001af3c800 nmethod 8205 0x0000000003b1ad50 code [0x0000000003b1aea0, 0x0000000003b1afb0]
Event: 67.108 Thread 0x000000001af3c800 8206       1       org.springframework.transaction.support.DefaultTransactionDefinition::getTimeout (5 bytes)
Event: 67.108 Thread 0x000000001af3c800 nmethod 8206 0x0000000003b1aa90 code [0x0000000003b1abe0, 0x0000000003b1acf0]
Event: 67.108 Thread 0x000000001af3c800 8207       1       org.springframework.transaction.support.DefaultTransactionDefinition::getIsolationLevel (5 bytes)
Event: 67.108 Thread 0x000000001af3c800 nmethod 8207 0x0000000003b1a7d0 code [0x0000000003b1a920, 0x0000000003b1aa30]
Event: 67.109 Thread 0x000000001af3c800 8208       1       java.nio.Buffer::clear (20 bytes)
Event: 67.109 Thread 0x000000001af3c800 nmethod 8208 0x0000000003b1a4d0 code [0x0000000003b1a620, 0x0000000003b1a750]

GC Heap History (10 events):
Event: 17.965 GC heap before
{Heap before GC invocations=16 (full 2):
 PSYoungGen      total 310784K, used 309360K [0x00000000d5b80000, 0x00000000ee000000, 0x0000000100000000)
  eden space 292864K, 100% used [0x00000000d5b80000,0x00000000e7980000,0x00000000e7980000)
  from space 17920K, 92% used [0x00000000e7980000,0x00000000e899c118,0x00000000e8b00000)
  to   space 19456K, 0% used [0x00000000ecd00000,0x00000000ecd00000,0x00000000ee000000)
 ParOldGen       total 97280K, used 22798K [0x0000000081200000, 0x0000000087100000, 0x00000000d5b80000)
  object space 97280K, 23% used [0x0000000081200000,0x0000000082843ad0,0x0000000087100000)
 Metaspace       used 52604K, capacity 55172K, committed 55296K, reserved 1097728K
  class space    used 6865K, capacity 7334K, committed 7424K, reserved 1048576K
Event: 17.984 GC heap after
Heap after GC invocations=16 (full 2):
 PSYoungGen      total 374784K, used 19448K [0x00000000d5b80000, 0x00000000ee500000, 0x0000000100000000)
  eden space 355328K, 0% used [0x00000000d5b80000,0x00000000d5b80000,0x00000000eb680000)
  from space 19456K, 99% used [0x00000000ecd00000,0x00000000edffe0f0,0x00000000ee000000)
  to   space 23040K, 0% used [0x00000000eb680000,0x00000000eb680000,0x00000000ecd00000)
 ParOldGen       total 97280K, used 25310K [0x0000000081200000, 0x0000000087100000, 0x00000000d5b80000)
  object space 97280K, 26% used [0x0000000081200000,0x0000000082ab7a38,0x0000000087100000)
 Metaspace       used 52604K, capacity 55172K, committed 55296K, reserved 1097728K
  class space    used 6865K, capacity 7334K, committed 7424K, reserved 1048576K
}
Event: 20.384 GC heap before
{Heap before GC invocations=17 (full 2):
 PSYoungGen      total 374784K, used 357317K [0x00000000d5b80000, 0x00000000ee500000, 0x0000000100000000)
  eden space 355328K, 95% used [0x00000000d5b80000,0x00000000ea5734a0,0x00000000eb680000)
  from space 19456K, 99% used [0x00000000ecd00000,0x00000000edffe0f0,0x00000000ee000000)
  to   space 23040K, 0% used [0x00000000eb680000,0x00000000eb680000,0x00000000ecd00000)
 ParOldGen       total 97280K, used 25310K [0x0000000081200000, 0x0000000087100000, 0x00000000d5b80000)
  object space 97280K, 26% used [0x0000000081200000,0x0000000082ab7a38,0x0000000087100000)
 Metaspace       used 56274K, capacity 59078K, committed 59136K, reserved 1099776K
  class space    used 7410K, capacity 7910K, committed 7936K, reserved 1048576K
Event: 20.410 GC heap after
Heap after GC invocations=17 (full 2):
 PSYoungGen      total 378368K, used 19769K [0x00000000d5b80000, 0x00000000f3300000, 0x0000000100000000)
  eden space 355328K, 0% used [0x00000000d5b80000,0x00000000d5b80000,0x00000000eb680000)
  from space 23040K, 85% used [0x00000000eb680000,0x00000000ec9ce7f8,0x00000000ecd00000)
  to   space 25088K, 0% used [0x00000000f1a80000,0x00000000f1a80000,0x00000000f3300000)
 ParOldGen       total 97280K, used 34695K [0x0000000081200000, 0x0000000087100000, 0x00000000d5b80000)
  object space 97280K, 35% used [0x0000000081200000,0x00000000833e1f28,0x0000000087100000)
 Metaspace       used 56274K, capacity 59078K, committed 59136K, reserved 1099776K
  class space    used 7410K, capacity 7910K, committed 7936K, reserved 1048576K
}
Event: 20.410 GC heap before
{Heap before GC invocations=18 (full 3):
 PSYoungGen      total 378368K, used 19769K [0x00000000d5b80000, 0x00000000f3300000, 0x0000000100000000)
  eden space 355328K, 0% used [0x00000000d5b80000,0x00000000d5b80000,0x00000000eb680000)
  from space 23040K, 85% used [0x00000000eb680000,0x00000000ec9ce7f8,0x00000000ecd00000)
  to   space 25088K, 0% used [0x00000000f1a80000,0x00000000f1a80000,0x00000000f3300000)
 ParOldGen       total 97280K, used 34695K [0x0000000081200000, 0x0000000087100000, 0x00000000d5b80000)
  object space 97280K, 35% used [0x0000000081200000,0x00000000833e1f28,0x0000000087100000)
 Metaspace       used 56274K, capacity 59078K, committed 59136K, reserved 1099776K
  class space    used 7410K, capacity 7910K, committed 7936K, reserved 1048576K
Event: 21.003 GC heap after
Heap after GC invocations=18 (full 3):
 PSYoungGen      total 378368K, used 0K [0x00000000d5b80000, 0x00000000f3300000, 0x0000000100000000)
  eden space 355328K, 0% used [0x00000000d5b80000,0x00000000d5b80000,0x00000000eb680000)
  from space 23040K, 0% used [0x00000000eb680000,0x00000000eb680000,0x00000000ecd00000)
  to   space 25088K, 0% used [0x00000000f1a80000,0x00000000f1a80000,0x00000000f3300000)
 ParOldGen       total 156160K, used 49687K [0x0000000081200000, 0x000000008aa80000, 0x00000000d5b80000)
  object space 156160K, 31% used [0x0000000081200000,0x0000000084285dd8,0x000000008aa80000)
 Metaspace       used 56240K, capacity 59024K, committed 59136K, reserved 1099776K
  class space    used 7405K, capacity 7901K, committed 7936K, reserved 1048576K
}
Event: 23.029 GC heap before
{Heap before GC invocations=19 (full 3):
 PSYoungGen      total 378368K, used 355328K [0x00000000d5b80000, 0x00000000f3300000, 0x0000000100000000)
  eden space 355328K, 100% used [0x00000000d5b80000,0x00000000eb680000,0x00000000eb680000)
  from space 23040K, 0% used [0x00000000eb680000,0x00000000eb680000,0x00000000ecd00000)
  to   space 25088K, 0% used [0x00000000f1a80000,0x00000000f1a80000,0x00000000f3300000)
 ParOldGen       total 156160K, used 49687K [0x0000000081200000, 0x000000008aa80000, 0x00000000d5b80000)
  object space 156160K, 31% used [0x0000000081200000,0x0000000084285dd8,0x000000008aa80000)
 Metaspace       used 57033K, capacity 59892K, committed 60160K, reserved 1101824K
  class space    used 7550K, capacity 8073K, committed 8192K, reserved 1048576K
Event: 23.036 GC heap after
Heap after GC invocations=19 (full 3):
 PSYoungGen      total 406528K, used 1648K [0x00000000d5b80000, 0x00000000f1c80000, 0x0000000100000000)
  eden space 404480K, 0% used [0x00000000d5b80000,0x00000000d5b80000,0x00000000ee680000)
  from space 2048K, 80% used [0x00000000f1a80000,0x00000000f1c1c1b0,0x00000000f1c80000)
  to   space 25600K, 0% used [0x00000000eea80000,0x00000000eea80000,0x00000000f0380000)
 ParOldGen       total 156160K, used 49695K [0x0000000081200000, 0x000000008aa80000, 0x00000000d5b80000)
  object space 156160K, 31% used [0x0000000081200000,0x0000000084287dd8,0x000000008aa80000)
 Metaspace       used 57033K, capacity 59892K, committed 60160K, reserved 1101824K
  class space    used 7550K, capacity 8073K, committed 8192K, reserved 1048576K
}
Event: 24.735 GC heap before
{Heap before GC invocations=20 (full 3):
 PSYoungGen      total 406528K, used 406128K [0x00000000d5b80000, 0x00000000f1c80000, 0x0000000100000000)
  eden space 404480K, 100% used [0x00000000d5b80000,0x00000000ee680000,0x00000000ee680000)
  from space 2048K, 80% used [0x00000000f1a80000,0x00000000f1c1c1b0,0x00000000f1c80000)
  to   space 25600K, 0% used [0x00000000eea80000,0x00000000eea80000,0x00000000f0380000)
 ParOldGen       total 156160K, used 49695K [0x0000000081200000, 0x000000008aa80000, 0x00000000d5b80000)
  object space 156160K, 31% used [0x0000000081200000,0x0000000084287dd8,0x000000008aa80000)
 Metaspace       used 63798K, capacity 67320K, committed 67456K, reserved 1107968K
  class space    used 8477K, capacity 9079K, committed 9088K, reserved 1048576K
Event: 24.749 GC heap after
Heap after GC invocations=20 (full 3):
 PSYoungGen      total 434176K, used 10909K [0x00000000d5b80000, 0x00000000f3900000, 0x0000000100000000)
  eden space 408576K, 0% used [0x00000000d5b80000,0x00000000d5b80000,0x00000000eea80000)
  from space 25600K, 42% used [0x00000000eea80000,0x00000000ef527450,0x00000000f0380000)
  to   space 24064K, 0% used [0x00000000f2180000,0x00000000f2180000,0x00000000f3900000)
 ParOldGen       total 156160K, used 49703K [0x0000000081200000, 0x000000008aa80000, 0x00000000d5b80000)
  object space 156160K, 31% used [0x0000000081200000,0x0000000084289dd8,0x000000008aa80000)
 Metaspace       used 63798K, capacity 67320K, committed 67456K, reserved 1107968K
  class space    used 8477K, capacity 9079K, committed 9088K, reserved 1048576K
}

Deoptimization events (0 events):
No events

Internal exceptions (10 events):
Event: 24.606 Thread 0x000000001b445000 Exception <a 'java/lang/ArrayIndexOutOfBoundsException'> (0x00000000edcbf608) thrown at [C:\re\workspace\8-2-build-windows-amd64-cygwin\jdk8u131\8869\hotspot\src\share\vm\runtime\sharedRuntime.cpp, line 605]
Event: 24.623 Thread 0x00000000215b1000 Exception <a 'java/net/ConnectException': Connection refused: connect> (0x00000000dc01bac8) thrown at [C:\re\workspace\8-2-build-windows-amd64-cygwin\jdk8u131\8869\hotspot\src\share\vm\prims\jni.cpp, line 735]
Event: 25.642 Thread 0x00000000215b1000 Exception <a 'java/net/ConnectException': Connection refused: connect> (0x00000000d9d92f68) thrown at [C:\re\workspace\8-2-build-windows-amd64-cygwin\jdk8u131\8869\hotspot\src\share\vm\prims\jni.cpp, line 735]
Event: 25.675 Thread 0x00000000215b1000 Exception <a 'java/lang/ArrayIndexOutOfBoundsException'> (0x00000000da66b280) thrown at [C:\re\workspace\8-2-build-windows-amd64-cygwin\jdk8u131\8869\hotspot\src\share\vm\runtime\sharedRuntime.cpp, line 605]
Event: 26.831 Thread 0x00000000215b3000 Exception <a 'java/lang/ArrayIndexOutOfBoundsException'> (0x00000000dda16ec0) thrown at [C:\re\workspace\8-2-build-windows-amd64-cygwin\jdk8u131\8869\hotspot\src\share\vm\runtime\sharedRuntime.cpp, line 605]
Event: 26.831 Thread 0x00000000215b3000 Exception <a 'java/lang/ArrayIndexOutOfBoundsException'> (0x00000000dda17db0) thrown at [C:\re\workspace\8-2-build-windows-amd64-cygwin\jdk8u131\8869\hotspot\src\share\vm\runtime\sharedRuntime.cpp, line 605]
Event: 27.025 Thread 0x00000000215b1000 Exception <a 'java/lang/ArrayIndexOutOfBoundsException'> (0x00000000de68f380) thrown at [C:\re\workspace\8-2-build-windows-amd64-cygwin\jdk8u131\8869\hotspot\src\share\vm\runtime\sharedRuntime.cpp, line 605]
Event: 67.096 Thread 0x000000002114c800 Exception <a 'java/lang/ArrayIndexOutOfBoundsException'> (0x00000000e31335d8) thrown at [C:\re\workspace\8-2-build-windows-amd64-cygwin\jdk8u131\8869\hotspot\src\share\vm\runtime\sharedRuntime.cpp, line 605]
Event: 67.112 Thread 0x00000000215ab000 Implicit null exception at 0x0000000003f2718e to 0x0000000003f27b03
Event: 67.112 Thread 0x00000000215ab000 Exception <a 'java/lang/NullPointerException'> (0x00000000e2d5d9d0) thrown at [C:\re\workspace\8-2-build-windows-amd64-cygwin\jdk8u131\8869\hotspot\src\share\vm\runtime\sharedRuntime.cpp, line 605]

Events (10 events):
Event: 67.097 loading class org/apache/ibatis/reflection/ParamNameUtil
Event: 67.097 loading class org/apache/ibatis/reflection/ParamNameUtil done
Event: 67.098 loading class com/alibaba/druid/sql/parser/SQLSelectParser$1
Event: 67.098 loading class com/alibaba/druid/sql/parser/SQLSelectParser$1 done
Event: 67.101 loading class com/alibaba/druid/proxy/jdbc/JdbcParameterLong
Event: 67.101 loading class com/alibaba/druid/proxy/jdbc/JdbcParameterLong done
Event: 67.103 Executing VM operation: RevokeBias
Event: 67.103 Executing VM operation: RevokeBias done
Event: 67.113 Executing VM operation: RevokeBias
Event: 67.114 Executing VM operation: RevokeBias done


Dynamic libraries:
0x00007ff7edab0000 - 0x00007ff7edae7000 	C:\Program Files\Java\jdk1.8.0_131\bin\java.exe
0x00007ff8b9600000 - 0x00007ff8b97e1000 	C:\WINDOWS\SYSTEM32\ntdll.dll
0x00007ff8b9030000 - 0x00007ff8b90e2000 	C:\WINDOWS\System32\KERNEL32.DLL
0x00007ff8b5c10000 - 0x00007ff8b5e83000 	C:\WINDOWS\System32\KERNELBASE.dll
0x00007ff8b7190000 - 0x00007ff8b7231000 	C:\WINDOWS\System32\ADVAPI32.dll
0x00007ff8b8f90000 - 0x00007ff8b902e000 	C:\WINDOWS\System32\msvcrt.dll
0x00007ff8b6b00000 - 0x00007ff8b6b5b000 	C:\WINDOWS\System32\sechost.dll
0x00007ff8b8e60000 - 0x00007ff8b8f84000 	C:\WINDOWS\System32\RPCRT4.dll
0x00007ff8b7240000 - 0x00007ff8b73d0000 	C:\WINDOWS\System32\USER32.dll
0x00007ff8b59b0000 - 0x00007ff8b59d0000 	C:\WINDOWS\System32\win32u.dll
0x00007ff8b6ad0000 - 0x00007ff8b6af8000 	C:\WINDOWS\System32\GDI32.dll
0x00007ff8b56d0000 - 0x00007ff8b5862000 	C:\WINDOWS\System32\gdi32full.dll
0x00007ff8b58e0000 - 0x00007ff8b597f000 	C:\WINDOWS\System32\msvcp_win.dll
0x00007ff8b65a0000 - 0x00007ff8b669a000 	C:\WINDOWS\System32\ucrtbase.dll
0x00007ff8a9a60000 - 0x00007ff8a9cc9000 	C:\WINDOWS\WinSxS\amd64_microsoft.windows.common-controls_6595b64144ccf1df_6.0.17134.472_none_fb3f9af53068156d\COMCTL32.dll
0x00007ff8b6bf0000 - 0x00007ff8b6f12000 	C:\WINDOWS\System32\combase.dll
0x00007ff8b6860000 - 0x00007ff8b68da000 	C:\WINDOWS\System32\bcryptPrimitives.dll
0x00007ff8b6bc0000 - 0x00007ff8b6bed000 	C:\WINDOWS\System32\IMM32.DLL
0x0000000077990000 - 0x0000000077a62000 	C:\Program Files\Java\jdk1.8.0_131\jre\bin\msvcr100.dll
0x0000000076740000 - 0x0000000076fdc000 	C:\Program Files\Java\jdk1.8.0_131\jre\bin\server\jvm.dll
0x00007ff8b5980000 - 0x00007ff8b59a3000 	C:\WINDOWS\System32\WINMM.dll
0x00007ff8b5630000 - 0x00007ff8b565a000 	C:\WINDOWS\System32\WINMMBASE.dll
0x00007ff8b59d0000 - 0x00007ff8b5a19000 	C:\WINDOWS\System32\cfgmgr32.dll
0x00007ff8b7010000 - 0x00007ff8b7018000 	C:\WINDOWS\System32\PSAPI.DLL
0x00007ff8a4090000 - 0x00007ff8a4099000 	C:\WINDOWS\SYSTEM32\WSOCK32.dll
0x00007ff8b6f20000 - 0x00007ff8b6f8c000 	C:\WINDOWS\System32\WS2_32.dll
0x00007ff8ae740000 - 0x00007ff8ae74a000 	C:\WINDOWS\SYSTEM32\VERSION.dll
0x00000000500d0000 - 0x00000000500df000 	C:\Program Files\Java\jdk1.8.0_131\jre\bin\verify.dll
0x0000000077bb0000 - 0x0000000077bd9000 	C:\Program Files\Java\jdk1.8.0_131\jre\bin\java.dll
0x0000000077b60000 - 0x0000000077b83000 	C:\Program Files\Java\jdk1.8.0_131\jre\bin\instrument.dll
0x0000000077b90000 - 0x0000000077ba6000 	C:\Program Files\Java\jdk1.8.0_131\jre\bin\zip.dll
0x00007ff8b7a00000 - 0x00007ff8b8e40000 	C:\WINDOWS\System32\SHELL32.dll
0x00007ff8b9520000 - 0x00007ff8b95c9000 	C:\WINDOWS\System32\shcore.dll
0x00007ff8b5e90000 - 0x00007ff8b659d000 	C:\WINDOWS\System32\windows.storage.dll
0x00007ff8b6b60000 - 0x00007ff8b6bb1000 	C:\WINDOWS\System32\shlwapi.dll
0x00007ff8b5690000 - 0x00007ff8b56a1000 	C:\WINDOWS\System32\kernel.appcore.dll
0x00007ff8b56b0000 - 0x00007ff8b56cf000 	C:\WINDOWS\System32\profapi.dll
0x00007ff8b66a0000 - 0x00007ff8b66ec000 	C:\WINDOWS\System32\powrprof.dll
0x00007ff8b5680000 - 0x00007ff8b568a000 	C:\WINDOWS\System32\FLTLIB.DLL
0x00007ff8aa530000 - 0x00007ff8aa54a000 	C:\Program Files\JetBrains\IntelliJ IDEA 2018.3.2\bin\breakgen64.dll
0x0000000077970000 - 0x000000007798a000 	C:\Program Files\Java\jdk1.8.0_131\jre\bin\net.dll
0x00007ff8b4e90000 - 0x00007ff8b4ef6000 	C:\WINDOWS\system32\mswsock.dll
0x00000000500c0000 - 0x00000000500cd000 	C:\Program Files\Java\jdk1.8.0_131\jre\bin\management.dll
0x0000000077950000 - 0x0000000077961000 	C:\Program Files\Java\jdk1.8.0_131\jre\bin\nio.dll
0x00007ff8a1160000 - 0x00007ff8a1176000 	C:\WINDOWS\system32\napinsp.dll
0x00007ff8a1100000 - 0x00007ff8a111a000 	C:\WINDOWS\system32\pnrpnsp.dll
0x00007ff8b0260000 - 0x00007ff8b0279000 	C:\WINDOWS\system32\NLAapi.dll
0x00007ff8b4c50000 - 0x00007ff8b4d0e000 	C:\WINDOWS\SYSTEM32\DNSAPI.dll
0x00007ff8b9270000 - 0x00007ff8b9278000 	C:\WINDOWS\System32\NSI.dll
0x00007ff8b4c10000 - 0x00007ff8b4c48000 	C:\WINDOWS\SYSTEM32\IPHLPAPI.DLL
0x00007ff8a0d90000 - 0x00007ff8a0d9e000 	C:\WINDOWS\System32\winrnr.dll
0x00007ff8aecd0000 - 0x00007ff8aece5000 	C:\WINDOWS\System32\wshbth.dll
0x00007ff8aac20000 - 0x00007ff8aac2a000 	C:\Windows\System32\rasadhlp.dll
0x00007ff8aacc0000 - 0x00007ff8aad32000 	C:\WINDOWS\System32\fwpuclnt.dll
0x00007ff8b5170000 - 0x00007ff8b5195000 	C:\WINDOWS\SYSTEM32\bcrypt.dll
0x00007ff8b5040000 - 0x00007ff8b5057000 	C:\WINDOWS\SYSTEM32\CRYPTSP.dll
0x00007ff8b4a70000 - 0x00007ff8b4aa3000 	C:\WINDOWS\system32\rsaenh.dll
0x00007ff8b5560000 - 0x00007ff8b5588000 	C:\WINDOWS\SYSTEM32\USERENV.dll
0x00007ff8b5060000 - 0x00007ff8b506b000 	C:\WINDOWS\SYSTEM32\CRYPTBASE.dll
0x00007ff8ad250000 - 0x00007ff8ad266000 	C:\WINDOWS\SYSTEM32\dhcpcsvc6.DLL
0x00007ff8ae470000 - 0x00007ff8ae48a000 	C:\WINDOWS\SYSTEM32\dhcpcsvc.DLL
0x0000000077920000 - 0x0000000077944000 	C:\Program Files\Java\jdk1.8.0_131\jre\bin\sunec.dll
0x00000000765a0000 - 0x0000000076738000 	C:\Program Files\Java\jdk1.8.0_131\jre\bin\awt.dll
0x00007ff8b7930000 - 0x00007ff8b79f2000 	C:\WINDOWS\System32\OLEAUT32.dll
0x00007ff8b2a60000 - 0x00007ff8b2aeb000 	C:\WINDOWS\SYSTEM32\apphelp.dll
0x00007ff89e550000 - 0x00007ff89e60b000 	C:\Users\Administrator\.javacpp\cache\ffmpeg-4.0.2-1.4.3-windows-x86_64.jar\org\bytedeco\javacpp\windows-x86_64\avutil-56.dll
0x000000006fe00000 - 0x000000006fee7000 	C:\Users\Administrator\.javacpp\cache\ffmpeg-4.0.2-1.4.3-windows-x86_64.jar\org\bytedeco\javacpp\windows-x86_64\jniavutil.dll
0x00007ff8a9eb0000 - 0x00007ff8a9ed7000 	C:\Users\Administrator\.javacpp\cache\ffmpeg-4.0.2-1.4.3-windows-x86_64.jar\org\bytedeco\javacpp\windows-x86_64\swresample-3.dll
0x0000000070080000 - 0x00000000700ae000 	C:\Users\Administrator\.javacpp\cache\ffmpeg-4.0.2-1.4.3-windows-x86_64.jar\org\bytedeco\javacpp\windows-x86_64\jniswresample.dll
0x00007ff879ee0000 - 0x00007ff87c161000 	C:\Users\Administrator\.javacpp\cache\ffmpeg-4.0.2-1.4.3-windows-x86_64.jar\org\bytedeco\javacpp\windows-x86_64\avcodec-58.dll
0x00007ff8b6970000 - 0x00007ff8b6ac1000 	C:\WINDOWS\System32\ole32.dll
0x000000006a1c0000 - 0x000000006a424000 	C:\Users\Administrator\.javacpp\cache\ffmpeg-4.0.2-1.4.3-windows-x86_64.jar\org\bytedeco\javacpp\windows-x86_64\jniavcodec.dll
0x00007ff88e130000 - 0x00007ff88e5f1000 	C:\Users\Administrator\.javacpp\cache\ffmpeg-4.0.2-1.4.3-windows-x86_64.jar\org\bytedeco\javacpp\windows-x86_64\avformat-58.dll
0x00007ff8b5a20000 - 0x00007ff8b5c02000 	C:\WINDOWS\System32\CRYPT32.dll
0x00007ff8b5660000 - 0x00007ff8b5672000 	C:\WINDOWS\System32\MSASN1.dll
0x000000006abc0000 - 0x000000006ad0a000 	C:\Users\Administrator\.javacpp\cache\ffmpeg-4.0.2-1.4.3-windows-x86_64.jar\org\bytedeco\javacpp\windows-x86_64\jniavformat.dll
0x00007ff89c4d0000 - 0x00007ff89c565000 	C:\Users\Administrator\.javacpp\cache\ffmpeg-4.0.2-1.4.3-windows-x86_64.jar\org\bytedeco\javacpp\windows-x86_64\swscale-5.dll
0x0000000067cc0000 - 0x0000000067cf6000 	C:\Users\Administrator\.javacpp\cache\ffmpeg-4.0.2-1.4.3-windows-x86_64.jar\org\bytedeco\javacpp\windows-x86_64\jniswscale.dll
0x00007ff8a7560000 - 0x00007ff8a758a000 	C:\Users\Administrator\.javacpp\cache\ffmpeg-4.0.2-1.4.3-windows-x86_64.jar\org\bytedeco\javacpp\windows-x86_64\postproc-55.dll
0x000000006a0c0000 - 0x000000006a0ed000 	C:\Users\Administrator\.javacpp\cache\ffmpeg-4.0.2-1.4.3-windows-x86_64.jar\org\bytedeco\javacpp\windows-x86_64\jnipostproc.dll
0x00007ff896a50000 - 0x00007ff896dd1000 	C:\Users\Administrator\.javacpp\cache\ffmpeg-4.0.2-1.4.3-windows-x86_64.jar\org\bytedeco\javacpp\windows-x86_64\avfilter-7.dll
0x0000000064400000 - 0x0000000064477000 	C:\Users\Administrator\.javacpp\cache\ffmpeg-4.0.2-1.4.3-windows-x86_64.jar\org\bytedeco\javacpp\windows-x86_64\jniavfilter.dll
0x00007ff8a7080000 - 0x00007ff8a70ac000 	C:\Users\Administrator\.javacpp\cache\ffmpeg-4.0.2-1.4.3-windows-x86_64.jar\org\bytedeco\javacpp\windows-x86_64\avdevice-58.dll
0x00007ff8aa550000 - 0x00007ff8aa568000 	C:\WINDOWS\SYSTEM32\AVICAP32.dll
0x00007ff89f580000 - 0x00007ff89f5a9000 	C:\WINDOWS\SYSTEM32\MSVFW32.dll
0x000000001cc60000 - 0x000000001cc99000 	C:\Users\Administrator\.javacpp\cache\ffmpeg-4.0.2-1.4.3-windows-x86_64.jar\org\bytedeco\javacpp\windows-x86_64\jniavdevice.dll
0x00007ff8af910000 - 0x00007ff8afad9000 	C:\WINDOWS\SYSTEM32\dbghelp.dll

VM Arguments:
jvm_args: -XX:TieredStopAtLevel=1 -Xverify:none -Dspring.output.ansi.enabled=always -Dcom.sun.management.jmxremote -Dcom.sun.management.jmxremote.port=57897 -Dcom.sun.management.jmxremote.authenticate=false -Dcom.sun.management.jmxremote.ssl=false -Djava.rmi.server.hostname=localhost -Dspring.liveBeansView.mbeanDomain -Dspring.application.admin.enabled=true -javaagent:C:\Program Files\JetBrains\IntelliJ IDEA 2018.3.2\lib\idea_rt.jar=57898:C:\Program Files\JetBrains\IntelliJ IDEA 2018.3.2\bin -Dfile.encoding=UTF-8 
java_command: com.nieyue.Application
java_class_path (initial): C:\Users\Administrator\AppData\Local\Temp\classpath2052606527.jar;C:\Program Files\JetBrains\IntelliJ IDEA 2018.3.2\lib\idea_rt.jar
Launcher Type: SUN_STANDARD

Environment Variables:
JAVA_HOME=C:\Program Files\Java\jdk1.8.0_131
CLASSPATH=.;C:\Program Files\Java\jdk1.8.0_131\lib\dt.jar;C:\Program Files\Java\jdk1.8.0_131\lib\tools.jar;
PATH=C:\ProgramData\Oracle\Java\javapath;C:\Program Files\Java\jdk1.8.0_131\bin;C:\Program Files\Java\jdk1.8.0_131\jre\bin;C:\windows\system32;C:\windows;C:\windows\System32\Wbem;C:\windows\System32\WindowsPowerShell\v1.0\;C:\Program Files\nodejs\;C:\Program Files\nodejs;C:\Program Files (x86)\MySQL\MySQL Fabric 1.5.2 & MySQL Utilities 1.5.2 1.5\;C:\Program Files (x86)\MySQL\MySQL Fabric 1.5.2 & MySQL Utilities 1.5.2 1.5\Doctrine extensions for PHP\;C:\Program Files\MySQL\MySQL Server 5.6\bin;C:\Program Files\Git\bin;C:\Program Files\Intel\WiFi\bin\;C:\Program Files\Common Files\Intel\WirelessCommon\;C:\Program Files (x86)\NVIDIA Corporation\PhysX\Common;E:\nieyue\gradle\gradle-3.5\bin;C:\Python27;C:\Program Files\Git;E:\nieyue\AndroidStudio\SDKTools\android-sdk-windows\platforms;E:\nieyue\AndroidStudio\SDKTools\android-sdk-windows\tools;E:\nieyue\AndroidStudio\SDKTools\android-sdk-windows\platform-tools;C:\Program Files\TortoiseSVN\bin;C:\Program Files\MongoDB\Server\3.6\bin;E:\nieyue\PHP;C:\Program Files (x86)\Microsoft SQL Server\100\Tools\Binn\;C:\Program Files (x86)\Microsoft SQL Server\100\DTS\Binn\;C:\Program Files (x86)\Microsoft SQL Server\100\Tools\Binn\VSShell\Common7\IDE\;C:\Program Files (x86)\Microsoft VS Code\bin;C:\WINDOWS\system32;C:\WINDOWS;C:\WINDOWS\System32\Wbem;C:\WINDOWS\System32\WindowsPowerShell\v1.0\;C:\WINDOWS\System32\OpenSSH\;E:\nieyue\maven\apache-maven-3.3.3\bin;C:\Go\bin;E:\nieyue\IntelliJIDE\golang\bin;E:\nieyue\Python\Scripts\;E:\nieyue\Python\;C:\Users\Administrator\AppData\Local\Microsoft\WindowsApps;C:\Users\Administrator\AppData\Roaming\npm;C:\Program Files (x86)\Microsoft VS Code\bin;C:\Program Files\Intel\WiFi\bin\;C:\Program Files\Common Files\Intel\WirelessCommon\;;C:\Program Files\JetBrains\IntelliJ IDEA 2018.3.2\bin;;C:\Users\Administrator\go\bin
USERNAME=Administrator
OS=Windows_NT
PROCESSOR_IDENTIFIER=Intel64 Family 6 Model 70 Stepping 1, GenuineIntel



---------------  S Y S T E M  ---------------

OS: Windows 10.0 , 64 bit Build 17134 (10.0.17134.1)

CPU:total 8 (initial active 8) (4 cores per cpu, 2 threads per core) family 6 model 70 stepping 1, cmov, cx8, fxsr, mmx, sse, sse2, sse3, ssse3, sse4.1, sse4.2, popcnt, avx, avx2, aes, clmul, erms, lzcnt, ht, tsc, tscinvbit, bmi1, bmi2

Memory: 4k page, physical 8313132k(1611576k free), swap 14546716k(1648240k free)

vm_info: Java HotSpot(TM) 64-Bit Server VM (25.131-b11) for windows-amd64 JRE (1.8.0_131-b11), built on Mar 15 2017 01:23:53 by "java_re" with MS VC++ 10.0 (VS2010)

time: Sun Jan 06 20:18:09 2019
elapsed time: 67 seconds (0d 0h 1m 7s)

