#
# A fatal error has been detected by the Java Runtime Environment:
#
#  EXCEPTION_ACCESS_VIOLATION (0xc0000005) at pc=0x000007feea105f6d, pid=12688, tid=0x0000000000001d18
#
# JRE version: Java(TM) SE Runtime Environment (8.0_131-b11) (build 1.8.0_131-b11)
# Java VM: Java HotSpot(TM) 64-Bit Server VM (25.131-b11 mixed mode windows-amd64 compressed oops)
# Problematic frame:
# C  [avformat-58.dll+0xe5f6d]
#
# Failed to write core dump. Minidumps are not enabled by default on client versions of Windows
#
# If you would like to submit a bug report, please visit:
#   http://bugreport.java.com/bugreport/crash.jsp
# The crash happened outside the Java Virtual Machine in native code.
# See problematic frame for where to report the bug.
#

---------------  T H R E A D  ---------------

Current thread (0x0000000028d2c800):  JavaThread "录像工作线程0" [_thread_in_native, id=7448, stack(0x0000000029e70000,0x0000000029f70000)]

siginfo: ExceptionCode=0xc0000005, writing address 0x0000000000000000

Registers:
RAX=0x00000000ffffffff, RBX=0x0000000029be2900, RCX=0x0000000000000000, RDX=0x8000000000000000
RSP=0x0000000029f6efc0, RBP=0x0000000029aa6840, RSI=0x000000000045e810, RDI=0x8000000000000000
R8 =0x0000000000000000, R9 =0x0000000110e292e6, R10=0x000000000045e810, R11=0x000000006ff4bd80
R12=0x0000000000000000, R13=0x0000000024d93db8, R14=0x0000000000000001, R15=0x0000000028d2c800
RIP=0x000007feea105f6d, EFLAGS=0x0000000000010246

Top of Stack: (sp=0x0000000029f6efc0)
0x0000000029f6efc0:   0000ae4cb7857fc2 00000007c0002368
0x0000000029f6efd0:   0000000001efe3e0 000000006ff37895
0x0000000029f6efe0:   0000000000000000 000000000045e810
0x0000000029f6eff0:   00000007c0000208 000000071d998d40
0x0000000029f6f000:   0000000001efe3e0 000000006fddb328
0x0000000029f6f010:   0000000000000000 0000000029f6f0a0
0x0000000029f6f020:   0000000000000047 0000000000000000
0x0000000029f6f030:   00000000277a8bc0 00000000270101c0
0x0000000029f6f040:   0000000029f6f098 0000000029f6eff8
0x0000000029f6f050:   0000000070316448 00000000276d6d70
0x0000000029f6f060:   0000000000000058 0000000000000040
0x0000000029f6f070:   0000000000015335 000000000000000d
0x0000000029f6f080:   0000000024d93dc0 0000000028d2c800
0x0000000029f6f090:   0000000029f6f1a0 00000000277a8bc0
0x0000000029f6f0a0:   0000000024d93dc0 0000000028d2c800
0x0000000029f6f0b0:   00000000277a8bb8 00000000277a8bc0 

Instructions: (pc=0x000007feea105f6d)
0x000007feea105f4d:   85 6e 01 00 00 48 8b 83 f8 02 00 00 4c 89 8b f0
0x000007feea105f5d:   00 00 00 48 8b 48 48 48 8b 83 d0 00 00 00 8b 00
0x000007feea105f6d:   4c 89 09 85 c0 0f 84 b8 04 00 00 83 f8 01 75 73
0x000007feea105f7d:   f6 46 29 20 0f 84 5e 0b 00 00 48 8b 46 18 8b 48 


Register to memory mapping:

RAX=0x00000000ffffffff is an unknown value
RBX=0x0000000029be2900 is an unknown value
RCX=0x0000000000000000 is an unknown value
RDX=0x8000000000000000 is an unknown value
RSP=0x0000000029f6efc0 is pointing into the stack for thread: 0x0000000028d2c800
RBP=0x0000000029aa6840 is an unknown value
RSI=0x000000000045e810 is an unknown value
RDI=0x8000000000000000 is an unknown value
R8 =0x0000000000000000 is an unknown value
R9 =0x0000000110e292e6 is an unknown value
R10=0x000000000045e810 is an unknown value
R11=0x000000006ff4bd80 is an unknown value
R12=0x0000000000000000 is an unknown value
R13=0x0000000024d93db8 is pointing into metadata
R14=0x0000000000000001 is an unknown value
R15=0x0000000028d2c800 is a thread


Stack: [0x0000000029e70000,0x0000000029f70000],  sp=0x0000000029f6efc0,  free space=1019k
Native frames: (J=compiled Java code, j=interpreted, Vv=VM code, C=native code)
C  [avformat-58.dll+0xe5f6d]
C  [avformat-58.dll+0xe87d2]
C  0x000000000251100c

Java frames: (J=compiled Java code, j=interpreted, Vv=VM code)
j  org.bytedeco.javacpp.avformat.av_interleaved_write_frame(Lorg/bytedeco/javacpp/avformat$AVFormatContext;Lorg/bytedeco/javacpp/avcodec$AVPacket;)I+0
j  org.bytedeco.javacv.FFmpegFrameRecorder.writePacket(ILorg/bytedeco/javacpp/avcodec$AVPacket;)V+75
j  org.bytedeco.javacv.FFmpegFrameRecorder.recordPacket(Lorg/bytedeco/javacpp/avcodec$AVPacket;)Z+270
j  com.nieyue.javacv.recorder.RecordThread.forwardLoop()V+136
j  com.nieyue.javacv.recorder.RecordThread.run()V+63
v  ~StubRoutines::call_stub

---------------  P R O C E S S  ---------------

Java Threads: ( => current thread )
=>0x0000000028d2c800 JavaThread "录像工作线程0" [_thread_in_native, id=7448, stack(0x0000000029e70000,0x0000000029f70000)]
  0x0000000028428800 JavaThread "JavaCPP Deallocator" daemon [_thread_blocked, id=12920, stack(0x0000000029460000,0x0000000029560000)]
  0x00000000275fc000 JavaThread "Service Thread" daemon [_thread_blocked, id=12284, stack(0x0000000027ff0000,0x00000000280f0000)]
  0x000000002755b000 JavaThread "C1 CompilerThread2" daemon [_thread_blocked, id=12960, stack(0x0000000027df0000,0x0000000027ef0000)]
  0x0000000027558000 JavaThread "C2 CompilerThread1" daemon [_thread_blocked, id=8672, stack(0x0000000027cc0000,0x0000000027dc0000)]
  0x000000002754d000 JavaThread "C2 CompilerThread0" daemon [_thread_blocked, id=12512, stack(0x0000000027b60000,0x0000000027c60000)]
  0x00000000265c3800 JavaThread "JDWP Command Reader" daemon [_thread_in_native, id=10676, stack(0x0000000026e20000,0x0000000026f20000)]
  0x00000000265bc800 JavaThread "JDWP Event Helper Thread" daemon [_thread_blocked, id=11252, stack(0x00000000270c0000,0x00000000271c0000)]
  0x000000002526d000 JavaThread "JDWP Transport Listener: dt_socket" daemon [_thread_blocked, id=12732, stack(0x0000000026f40000,0x0000000027040000)]
  0x00000000265a1000 JavaThread "Attach Listener" daemon [_thread_blocked, id=12604, stack(0x0000000026bc0000,0x0000000026cc0000)]
  0x00000000265a0800 JavaThread "Signal Dispatcher" daemon [_thread_blocked, id=808, stack(0x0000000026a70000,0x0000000026b70000)]
  0x000000002524a800 JavaThread "Finalizer" daemon [_thread_blocked, id=12332, stack(0x0000000026490000,0x0000000026590000)]
  0x0000000025203000 JavaThread "Reference Handler" daemon [_thread_blocked, id=12800, stack(0x00000000261b0000,0x00000000262b0000)]
  0x0000000001f38800 JavaThread "main" [_thread_in_Java, id=10352, stack(0x0000000002270000,0x0000000002370000)]

Other Threads:
  0x00000000251fb800 VMThread [stack: 0x00000000262c0000,0x00000000263c0000] [id=12936]
  0x0000000027678000 WatcherThread [stack: 0x00000000281f0000,0x00000000282f0000] [id=11556]

VM state:not at safepoint (normal execution)

VM Mutex/Monitor currently owned by a thread: None

Heap:
 PSYoungGen      total 153088K, used 47026K [0x0000000715900000, 0x0000000720380000, 0x00000007c0000000)
  eden space 131584K, 33% used [0x0000000715900000,0x00000007183dde10,0x000000071d980000)
  from space 21504K, 14% used [0x000000071d980000,0x000000071dc8ec30,0x000000071ee80000)
  to   space 21504K, 0% used [0x000000071ee80000,0x000000071ee80000,0x0000000720380000)
 ParOldGen       total 349696K, used 8K [0x00000005c0a00000, 0x00000005d5f80000, 0x0000000715900000)
  object space 349696K, 0% used [0x00000005c0a00000,0x00000005c0a02000,0x00000005d5f80000)
 Metaspace       used 6554K, capacity 6582K, committed 6656K, reserved 1056768K
  class space    used 714K, capacity 721K, committed 768K, reserved 1048576K

Card table byte_map: [0x00000000118b0000,0x00000000128b0000] byte_map_base: 0x000000000eaab000

Marking Bits: (ParMarkBitMap*) 0x000000007053c720
 Begin Bits: [0x00000000138c0000, 0x000000001b898000)
 End Bits:   [0x000000001b898000, 0x0000000023870000)

Polling page: 0x00000000001a0000

CodeCache: size=245760Kb used=3729Kb max_used=3745Kb free=242030Kb
 bounds [0x00000000024f0000, 0x00000000028a0000, 0x00000000114f0000]
 total_blobs=1029 nmethods=721 adapters=229
 compilation: enabled

Compilation events (10 events):
Event: 5.134 Thread 0x000000002755b000  715       3       java.nio.charset.Charset::atBugLevel (44 bytes)
Event: 5.135 Thread 0x000000002755b000 nmethod 715 0x0000000002889b50 code [0x0000000002889d00, 0x000000000288a298]
Event: 5.138 Thread 0x000000002755b000  718   !   3       com.sun.proxy.$Proxy1::preload (29 bytes)
Event: 5.138 Thread 0x000000002755b000 nmethod 718 0x0000000002888bd0 code [0x0000000002888d80, 0x00000000028891f8]
Event: 5.138 Thread 0x000000002755b000  716   !   3       com.sun.proxy.$Proxy1::pragma (29 bytes)
Event: 5.138 Thread 0x000000002755b000 nmethod 716 0x0000000002888350 code [0x0000000002888500, 0x0000000002888978]
Event: 5.138 Thread 0x000000002755b000  717   !   3       com.sun.proxy.$Proxy1::exclude (29 bytes)
Event: 5.138 Thread 0x000000002755b000 nmethod 717 0x0000000002887ad0 code [0x0000000002887c80, 0x00000000028880f8]
Event: 5.138 Thread 0x000000002754d000  721 %     4       sun.nio.fs.WindowsPathParser::normalize @ 18 (233 bytes)
Event: 5.173 Thread 0x000000002754d000 nmethod 721% 0x000000000289bb10 code [0x000000000289bce0, 0x000000000289d038]

GC Heap History (2 events):
Event: 3.906 GC heap before
{Heap before GC invocations=1 (full 0):
 PSYoungGen      total 153088K, used 131584K [0x0000000715900000, 0x0000000720380000, 0x00000007c0000000)
  eden space 131584K, 100% used [0x0000000715900000,0x000000071d980000,0x000000071d980000)
  from space 21504K, 0% used [0x000000071ee80000,0x000000071ee80000,0x0000000720380000)
  to   space 21504K, 0% used [0x000000071d980000,0x000000071d980000,0x000000071ee80000)
 ParOldGen       total 349696K, used 0K [0x00000005c0a00000, 0x00000005d5f80000, 0x0000000715900000)
  object space 349696K, 0% used [0x00000005c0a00000,0x00000005c0a00000,0x00000005d5f80000)
 Metaspace       used 6336K, capacity 6374K, committed 6656K, reserved 1056768K
  class space    used 705K, capacity 721K, committed 768K, reserved 1048576K
Event: 3.909 GC heap after
Heap after GC invocations=1 (full 0):
 PSYoungGen      total 153088K, used 3131K [0x0000000715900000, 0x0000000720380000, 0x00000007c0000000)
  eden space 131584K, 0% used [0x0000000715900000,0x0000000715900000,0x000000071d980000)
  from space 21504K, 14% used [0x000000071d980000,0x000000071dc8ec30,0x000000071ee80000)
  to   space 21504K, 0% used [0x000000071ee80000,0x000000071ee80000,0x0000000720380000)
 ParOldGen       total 349696K, used 8K [0x00000005c0a00000, 0x00000005d5f80000, 0x0000000715900000)
  object space 349696K, 0% used [0x00000005c0a00000,0x00000005c0a02000,0x00000005d5f80000)
 Metaspace       used 6336K, capacity 6374K, committed 6656K, reserved 1056768K
  class space    used 705K, capacity 721K, committed 768K, reserved 1048576K
}

Deoptimization events (3 events):
Event: 0.380 Thread 0x0000000001f38800 Uncommon trap: reason=unstable_if action=reinterpret pc=0x000000000265b530 method=sun.misc.MetaIndex.mayContain(Ljava/lang/String;)Z @ 13
Event: 0.528 Thread 0x0000000001f38800 Uncommon trap: reason=unstable_if action=reinterpret pc=0x00000000026c23f4 method=java.io.WinNTFileSystem.normalize(Ljava/lang/String;II)Ljava/lang/String; @ 8
Event: 5.561 Thread 0x0000000001f38800 Uncommon trap: reason=unstable_if action=reinterpret pc=0x000000000280eb7c method=sun.misc.URLClassPath$FileLoader.getResource(Ljava/lang/String;Z)Lsun/misc/Resource; @ 139

Internal exceptions (10 events):
Event: 0.252 Thread 0x0000000001f38800 Exception <a 'java/security/PrivilegedActionException'> (0x0000000716230640) thrown at [C:\re\workspace\8-2-build-windows-amd64-cygwin\jdk8u131\8869\hotspot\src\share\vm\prims\jvm.cpp, line 1390]
Event: 0.252 Thread 0x0000000001f38800 Exception <a 'java/security/PrivilegedActionException'> (0x0000000716230850) thrown at [C:\re\workspace\8-2-build-windows-amd64-cygwin\jdk8u131\8869\hotspot\src\share\vm\prims\jvm.cpp, line 1390]
Event: 0.253 Thread 0x0000000001f38800 Exception <a 'java/security/PrivilegedActionException'> (0x00000007162397b0) thrown at [C:\re\workspace\8-2-build-windows-amd64-cygwin\jdk8u131\8869\hotspot\src\share\vm\prims\jvm.cpp, line 1390]
Event: 0.253 Thread 0x0000000001f38800 Exception <a 'java/security/PrivilegedActionException'> (0x00000007162399c0) thrown at [C:\re\workspace\8-2-build-windows-amd64-cygwin\jdk8u131\8869\hotspot\src\share\vm\prims\jvm.cpp, line 1390]
Event: 0.254 Thread 0x0000000001f38800 Exception <a 'java/security/PrivilegedActionException'> (0x0000000716240a18) thrown at [C:\re\workspace\8-2-build-windows-amd64-cygwin\jdk8u131\8869\hotspot\src\share\vm\prims\jvm.cpp, line 1390]
Event: 0.254 Thread 0x0000000001f38800 Exception <a 'java/security/PrivilegedActionException'> (0x0000000716240c28) thrown at [C:\re\workspace\8-2-build-windows-amd64-cygwin\jdk8u131\8869\hotspot\src\share\vm\prims\jvm.cpp, line 1390]
Event: 0.380 Thread 0x0000000001f38800 Exception <a 'java/security/PrivilegedActionException'> (0x0000000716918260) thrown at [C:\re\workspace\8-2-build-windows-amd64-cygwin\jdk8u131\8869\hotspot\src\share\vm\prims\jvm.cpp, line 1390]
Event: 0.380 Thread 0x0000000001f38800 Exception <a 'java/security/PrivilegedActionException'> (0x0000000716918470) thrown at [C:\re\workspace\8-2-build-windows-amd64-cygwin\jdk8u131\8869\hotspot\src\share\vm\prims\jvm.cpp, line 1390]
Event: 0.382 Thread 0x0000000001f38800 Exception <a 'java/security/PrivilegedActionException'> (0x000000071691c380) thrown at [C:\re\workspace\8-2-build-windows-amd64-cygwin\jdk8u131\8869\hotspot\src\share\vm\prims\jvm.cpp, line 1390]
Event: 0.382 Thread 0x0000000001f38800 Exception <a 'java/security/PrivilegedActionException'> (0x000000071691c590) thrown at [C:\re\workspace\8-2-build-windows-amd64-cygwin\jdk8u131\8869\hotspot\src\share\vm\prims\jvm.cpp, line 1390]

Events (10 events):
Event: 5.562 Thread 0x0000000001f38800 DEOPT UNPACKING pc=0x000000000253787f sp=0x000000000236c880 mode 1
Event: 5.562 Executing VM operation: RevokeBias
Event: 5.562 Executing VM operation: RevokeBias done
Event: 5.562 Thread 0x0000000001f38800 DEOPT PACKING pc=0x000000000267f844 sp=0x000000000236cbb0
Event: 5.562 Thread 0x0000000001f38800 DEOPT UNPACKING pc=0x000000000253787f sp=0x000000000236c9d0 mode 1
Event: 5.562 Executing VM operation: RevokeBias
Event: 5.562 Executing VM operation: RevokeBias done
Event: 5.562 Thread 0x0000000001f38800 DEOPT PACKING pc=0x000000000267f5dc sp=0x000000000236cd40
Event: 5.562 Thread 0x0000000001f38800 DEOPT UNPACKING pc=0x000000000253787f sp=0x000000000236cb60 mode 1
Event: 5.562 Thread 0x0000000028d2c800 Thread added: 0x0000000028d2c800


Dynamic libraries:
0x000000013fca0000 - 0x000000013fcd7000 	C:\Program Files\Java\jdk1.8.0_131\bin\java.exe
0x0000000077890000 - 0x0000000077a2f000 	C:\Windows\SYSTEM32\ntdll.dll
0x0000000077770000 - 0x000000007788f000 	C:\Windows\system32\kernel32.dll
0x000007fefd700000 - 0x000007fefd76a000 	C:\Windows\system32\KERNELBASE.dll
0x000007fefdc30000 - 0x000007fefdd0b000 	C:\Windows\system32\ADVAPI32.dll
0x000007feff4c0000 - 0x000007feff55f000 	C:\Windows\system32\msvcrt.dll
0x000007feff2b0000 - 0x000007feff2cf000 	C:\Windows\SYSTEM32\sechost.dll
0x000007fefdee0000 - 0x000007fefe00d000 	C:\Windows\system32\RPCRT4.dll
0x0000000077530000 - 0x000000007762a000 	C:\Windows\system32\USER32.dll
0x000007fefee00000 - 0x000007fefee67000 	C:\Windows\system32\GDI32.dll
0x000007fefee70000 - 0x000007fefee7e000 	C:\Windows\system32\LPK.dll
0x000007fefda00000 - 0x000007fefdacb000 	C:\Windows\system32\USP10.dll
0x000007fefbd10000 - 0x000007fefbf04000 	C:\Windows\WinSxS\amd64_microsoft.windows.common-controls_6595b64144ccf1df_6.0.7601.18837_none_fa3b1e3d17594757\COMCTL32.dll
0x000007feff230000 - 0x000007feff2a1000 	C:\Windows\system32\SHLWAPI.dll
0x000007fefdeb0000 - 0x000007fefdede000 	C:\Windows\system32\IMM32.DLL
0x000007feff2d0000 - 0x000007feff3d9000 	C:\Windows\system32\MSCTF.dll
0x0000000078bc0000 - 0x0000000078c92000 	C:\Program Files\Java\jdk1.8.0_131\jre\bin\msvcr100.dll
0x000000006fd20000 - 0x00000000705bc000 	C:\Program Files\Java\jdk1.8.0_131\jre\bin\server\jvm.dll
0x000007fef8f70000 - 0x000007fef8f79000 	C:\Windows\system32\WSOCK32.dll
0x000007feff470000 - 0x000007feff4bd000 	C:\Windows\system32\WS2_32.dll
0x000007feff990000 - 0x000007feff998000 	C:\Windows\system32\NSI.dll
0x000007fefd7b0000 - 0x000007fefd7eb000 	C:\Windows\system32\WINMM.dll
0x000007fefc670000 - 0x000007fefc67c000 	C:\Windows\system32\VERSION.dll
0x0000000077a40000 - 0x0000000077a47000 	C:\Windows\system32\PSAPI.DLL
0x000000005c610000 - 0x000000005c61f000 	C:\Program Files\Java\jdk1.8.0_131\jre\bin\verify.dll
0x000000006d200000 - 0x000000006d229000 	C:\Program Files\Java\jdk1.8.0_131\jre\bin\java.dll
0x000000006ca60000 - 0x000000006ca95000 	C:\Program Files\Java\jdk1.8.0_131\jre\bin\jdwp.dll
0x00000000001c0000 - 0x00000000001c8000 	C:\Program Files\Java\jdk1.8.0_131\jre\bin\npt.dll
0x000000006d130000 - 0x000000006d153000 	C:\Program Files\Java\jdk1.8.0_131\jre\bin\instrument.dll
0x0000000071040000 - 0x0000000071056000 	C:\Program Files\Java\jdk1.8.0_131\jre\bin\zip.dll
0x000007fefe070000 - 0x000007fefedfa000 	C:\Windows\system32\SHELL32.dll
0x000007feff010000 - 0x000007feff20f000 	C:\Windows\system32\ole32.dll
0x000007fefd550000 - 0x000007fefd55f000 	C:\Windows\system32\profapi.dll
0x000000006ce50000 - 0x000000006ce59000 	C:\Program Files\Java\jdk1.8.0_131\jre\bin\dt_socket.dll
0x000007fefcce0000 - 0x000007fefcd35000 	C:\Windows\system32\mswsock.dll
0x000007fefc740000 - 0x000007fefc747000 	C:\Windows\System32\wshtcpip.dll
0x000007feee4b0000 - 0x000007feee56d000 	C:\Users\Administrator\.javacpp\cache\ffmpeg-4.1-1.4.4-windows-x86_64.jar\org\bytedeco\javacpp\windows-x86_64\avutil-56.dll
0x000007fefcee0000 - 0x000007fefcf02000 	C:\Windows\system32\bcrypt.dll
0x00000000020a0000 - 0x00000000020ba000 	C:\Program Files\Java\jdk1.8.0_131\jre\bin\net.dll
0x000007fefcf90000 - 0x000007fefcf97000 	C:\Windows\System32\wship6.dll
0x000000006fcc0000 - 0x000000006fcd1000 	C:\Program Files\Java\jdk1.8.0_131\jre\bin\nio.dll
0x00000000279c0000 - 0x0000000027aac000 	C:\Users\Administrator\.javacpp\cache\ffmpeg-4.1-1.4.4-windows-x86_64.jar\org\bytedeco\javacpp\windows-x86_64\jniavutil.dll
0x000007feee480000 - 0x000007feee4a7000 	C:\Users\Administrator\.javacpp\cache\ffmpeg-4.1-1.4.4-windows-x86_64.jar\org\bytedeco\javacpp\windows-x86_64\swresample-3.dll
0x0000000002470000 - 0x000000000249e000 	C:\Users\Administrator\.javacpp\cache\ffmpeg-4.1-1.4.4-windows-x86_64.jar\org\bytedeco\javacpp\windows-x86_64\jniswresample.dll
0x000007feea560000 - 0x000007feed69b000 	C:\Users\Administrator\.javacpp\cache\ffmpeg-4.1-1.4.4-windows-x86_64.jar\org\bytedeco\javacpp\windows-x86_64\avcodec-58.dll
0x000000006a1c0000 - 0x000000006a42c000 	C:\Users\Administrator\.javacpp\cache\ffmpeg-4.1-1.4.4-windows-x86_64.jar\org\bytedeco\javacpp\windows-x86_64\jniavcodec.dll
0x000007feea020000 - 0x000007feea559000 	C:\Users\Administrator\.javacpp\cache\ffmpeg-4.1-1.4.4-windows-x86_64.jar\org\bytedeco\javacpp\windows-x86_64\avformat-58.dll
0x000007fefd890000 - 0x000007fefd9fd000 	C:\Windows\system32\CRYPT32.dll
0x000007fefd5f0000 - 0x000007fefd5ff000 	C:\Windows\system32\MSASN1.dll
0x000000006abc0000 - 0x000000006ad0f000 	C:\Users\Administrator\.javacpp\cache\ffmpeg-4.1-1.4.4-windows-x86_64.jar\org\bytedeco\javacpp\windows-x86_64\jniavformat.dll
0x000007feee0d0000 - 0x000007feee166000 	C:\Users\Administrator\.javacpp\cache\ffmpeg-4.1-1.4.4-windows-x86_64.jar\org\bytedeco\javacpp\windows-x86_64\swscale-5.dll
0x0000000067cc0000 - 0x0000000067cf6000 	C:\Users\Administrator\.javacpp\cache\ffmpeg-4.1-1.4.4-windows-x86_64.jar\org\bytedeco\javacpp\windows-x86_64\jniswscale.dll
0x000007feef490000 - 0x000007feef4ba000 	C:\Users\Administrator\.javacpp\cache\ffmpeg-4.1-1.4.4-windows-x86_64.jar\org\bytedeco\javacpp\windows-x86_64\postproc-55.dll
0x000000006a0c0000 - 0x000000006a0ed000 	C:\Users\Administrator\.javacpp\cache\ffmpeg-4.1-1.4.4-windows-x86_64.jar\org\bytedeco\javacpp\windows-x86_64\jnipostproc.dll
0x000007fee9c60000 - 0x000007feea020000 	C:\Users\Administrator\.javacpp\cache\ffmpeg-4.1-1.4.4-windows-x86_64.jar\org\bytedeco\javacpp\windows-x86_64\avfilter-7.dll
0x0000000064400000 - 0x0000000064478000 	C:\Users\Administrator\.javacpp\cache\ffmpeg-4.1-1.4.4-windows-x86_64.jar\org\bytedeco\javacpp\windows-x86_64\jniavfilter.dll
0x000007feee0a0000 - 0x000007feee0cc000 	C:\Users\Administrator\.javacpp\cache\ffmpeg-4.1-1.4.4-windows-x86_64.jar\org\bytedeco\javacpp\windows-x86_64\avdevice-58.dll
0x000007fefdad0000 - 0x000007fefdbaa000 	C:\Windows\system32\OLEAUT32.dll
0x000007feef180000 - 0x000007feef197000 	C:\Windows\system32\AVICAP32.dll
0x000007fee9c30000 - 0x000007fee9c59000 	C:\Windows\system32\MSVFW32.dll
0x00000000024a0000 - 0x00000000024d9000 	C:\Users\Administrator\.javacpp\cache\ffmpeg-4.1-1.4.4-windows-x86_64.jar\org\bytedeco\javacpp\windows-x86_64\jniavdevice.dll
0x000007fefce50000 - 0x000007fefce9c000 	C:\Windows\system32\bcryptprimitives.dll
0x000007fefb230000 - 0x000007fefb245000 	C:\Windows\system32\NLAapi.dll
0x000007fef5f40000 - 0x000007fef5f55000 	C:\Windows\system32\napinsp.dll
0x000007fef5f20000 - 0x000007fef5f39000 	C:\Windows\system32\pnrpnsp.dll
0x000007fefcb70000 - 0x000007fefcbcb000 	C:\Windows\system32\DNSAPI.dll
0x000007fef5f10000 - 0x000007fef5f1b000 	C:\Windows\System32\winrnr.dll
0x0000000066950000 - 0x0000000066976000 	C:\Program Files\Bonjour\mdnsNSP.dll
0x000007fefb0d0000 - 0x000007fefb0f7000 	C:\Windows\system32\Iphlpapi.DLL
0x000007fefb0c0000 - 0x000007fefb0cb000 	C:\Windows\system32\WINNSI.DLL
0x000007fef5f60000 - 0x000007fef5f68000 	C:\Windows\system32\rasadhlp.dll
0x000007fef9d70000 - 0x000007fef9dc3000 	C:\Windows\System32\fwpuclnt.dll
0x000007fef71e0000 - 0x000007fef7305000 	C:\Windows\system32\dbghelp.dll

VM Arguments:
jvm_args: -agentlib:jdwp=transport=dt_socket,address=127.0.0.1:64890,suspend=y,server=n -javaagent:E:\nieyue\idea\lib\rt\debugger-agent.jar=file:/C:/Users/Administrator/AppData/Local/Temp/capture.props -Dfile.encoding=UTF-8 
java_command: com.nieyue.javacv.CVUtil2
java_class_path (initial): C:\Users\Administrator\AppData\Local\Temp\classpath1831938720.jar;E:\nieyue\idea\lib\rt\debugger-agent.jar
Launcher Type: SUN_STANDARD

Environment Variables:
JAVA_HOME=C:\Program Files\Java\jdk1.8.0_131
CLASSPATH=.;C:\Program Files\Java\jdk1.8.0_131\lib\dt.jar;C:\Program Files\Java\jdk1.8.0_131\lib\tools.jar;
PATH=C:\ProgramData\Oracle\Java\javapath;C:\Program Files\Java\jdk1.8.0_131\bin;C:\Program Files\Java\jdk1.8.0_131\jre\bin;C:\Windows\system32;C:\Windows;C:\Windows\System32\Wbem;C:\Windows\System32\WindowsPowerShell\v1.0\;C:\Program Files\nodejs;C:\Program Files (x86)\Git\bin;C:\Program Files (x86)\MySQL\MySQL Fabric 1.5.2 & MySQL Utilities 1.5.2 1.5\;C:\Program Files (x86)\MySQL\MySQL Fabric 1.5.2 & MySQL Utilities 1.5.2 1.5\Doctrine extensions for PHP\;C:\Program Files\MySQL\MySQL Server 5.6\bin;C:\Users\Administrator\AppData\Roaming\npm;D:\java\spring-boot-cli\spring-1.5.1.RELEASE\bin;D:\java\maven\apache-maven-3.3.3\bin;D:\java\gradle\gradle-3.5\bin;C:\MinGW\bin;C:\Python27;D:\java\AndroidStudio\SDKTools\platforms;D:\java\AndroidStudio\SDKTools\platform-tools;D:\java\AndroidStudio\SDKTools\tools;C:\Users\Administrator\source\repos\Dll2\Debug;C:\javalibrarypath;C:\Program Files\TortoiseSVN\bin;E:\WAMPP\php;C:\Program Files (x86)\Microsoft SQL Server\100\Tools\Binn\;C:\Program Files\Microsoft SQL Server\100\Tools\Binn\;C:\Program Files\Microsoft SQL Server\100\DTS\Binn\;C:\Program Files (x86)\Microsoft SQL Server\100\DTS\Binn\;C:\Program Files (x86)\Microsoft SQL Server\100\Tools\Binn\VSShell\Common7\IDE\;D:\java\Pyton\python3;C:\Program Files\nodejs\;D:\java\Pyton\python3\Scripts;;D:\java\VSCODE\Microsoft VS Code\bin;C:\javalibrarypath;E:\Fiddler;C:\Users\Administrator\AppData\Roaming\npm
USERNAME=Administrator
OS=Windows_NT
PROCESSOR_IDENTIFIER=Intel64 Family 6 Model 94 Stepping 3, GenuineIntel



---------------  S Y S T E M  ---------------

OS: Windows 7 , 64 bit Build 7601 (6.1.7601.24335)

CPU:total 4 (initial active 4) (4 cores per cpu, 1 threads per core) family 6 model 94 stepping 3, cmov, cx8, fxsr, mmx, sse, sse2, sse3, ssse3, sse4.1, sse4.2, popcnt, avx, avx2, aes, clmul, erms, rtm, 3dnowpref, lzcnt, tsc, tscinvbit, bmi1, bmi2, adx

Memory: 4k page, physical 33505792k(15810264k free), swap 67009680k(46547716k free)

vm_info: Java HotSpot(TM) 64-Bit Server VM (25.131-b11) for windows-amd64 JRE (1.8.0_131-b11), built on Mar 15 2017 01:23:53 by "java_re" with MS VC++ 10.0 (VS2010)

time: Thu Jan 17 19:25:22 2019
elapsed time: 5 seconds (0d 0h 0m 5s)

