#
# A fatal error has been detected by the Java Runtime Environment:
#
#  EXCEPTION_ACCESS_VIOLATION (0xc0000005) at pc=0x000007feecf5ec3c, pid=13932, tid=0x0000000000003608
#
# JRE version: Java(TM) SE Runtime Environment (8.0_131-b11) (build 1.8.0_131-b11)
# Java VM: Java HotSpot(TM) 64-Bit Server VM (25.131-b11 mixed mode windows-amd64 compressed oops)
# Problematic frame:
# C  [avformat-58.dll+0x4ec3c]
#
# Failed to write core dump. Minidumps are not enabled by default on client versions of Windows
#
# If you would like to submit a bug report, please visit:
#   http://bugreport.java.com/bugreport/crash.jsp
# The crash happened outside the Java Virtual Machine in native code.
# See problematic frame for where to report the bug.
#

---------------  T H R E A D  ---------------

Current thread (0x00000000280b3800):  JavaThread "录像工作线程0" [_thread_in_native, id=13832, stack(0x000000002c720000,0x000000002c820000)]

siginfo: ExceptionCode=0xc0000005, writing address 0x000000002a7900f0

Registers:
RAX=0x0000000000000000, RBX=0x0000000000500030, RCX=0x000000002a179cc0, RDX=0x000000002a17e0c0
RSP=0x000000002c81e980, RBP=0x0000000000000000, RSI=0x0000000000000000, RDI=0x00000000ffffffff
R8 =0x000000002a17e0c0, R9 =0x0000000000000001, R10=0x000000002a17e0c0, R11=0x0000000000000000
R12=0x8000000000000000, R13=0x0000000000503000, R14=0x000000002a590080, R15=0x000000000000000b
RIP=0x000007feecf5ec3c, EFLAGS=0x0000000000010206

Top of Stack: (sp=0x000000002c81e980)
0x000000002c81e980:   0000000000000000 0000000000000000
0x000000002c81e990:   0000000000000000 0000000000000000
0x000000002c81e9a0:   0000000000000000 0000000000000000
0x000000002c81e9b0:   0000000000000000 0000000000000000
0x000000002c81e9c0:   000000002a590080 0000000000075e25
0x000000002c81e9d0:   0000000000000000 0000000000000000
0x000000002c81e9e0:   0000000000000000 0000000000000000
0x000000002c81e9f0:   0000000000000000 8000000000000000
0x000000002c81ea00:   0000000000000000 0000000000000000
0x000000002c81ea10:   0000000000000000 0000000000000000
0x000000002c81ea20:   0000000000000000 0000000000000000
0x000000002c81ea30:   0000000000000000 0000000000500030
0x000000002c81ea40:   0000000000503000 0000000000503000
0x000000002c81ea50:   000000002c81ec90 8000000000000000
0x000000002c81ea60:   0000000000503000 000000002c81ec90
0x000000002c81ea70:   0000000000000000 000007feed078c4b 

Instructions: (pc=0x000007feecf5ec3c)
0x000007feecf5ec1c:   7e fd ff 49 8b 4d 20 89 c6 83 e6 1f e8 33 a4 fd
0x000007feecf5ec2c:   ff 4c 8b 74 24 40 44 8d 78 0b 49 8b 4d 20 89 c5
0x000007feecf5ec3c:   45 01 be 70 00 20 00 e8 18 a4 fd ff 49 8b 4d 20
0x000007feecf5ec4c:   41 89 c4 e8 6c 7e fd ff 89 c3 49 8b 4d 20 31 d2 


Register to memory mapping:

RAX=0x0000000000000000 is an unknown value
RBX=0x0000000000500030 is an unknown value
RCX=0x000000002a179cc0 is an unknown value
RDX=0x000000002a17e0c0 is an unknown value
RSP=0x000000002c81e980 is pointing into the stack for thread: 0x00000000280b3800
RBP=0x0000000000000000 is an unknown value
RSI=0x0000000000000000 is an unknown value
RDI=0x00000000ffffffff is an unknown value
R8 =0x000000002a17e0c0 is an unknown value
R9 =0x0000000000000001 is an unknown value
R10=0x000000002a17e0c0 is an unknown value
R11=0x0000000000000000 is an unknown value
R12=0x8000000000000000 is an unknown value
R13=0x0000000000503000 is an unknown value
R14=0x000000002a590080 is an unknown value
R15=0x000000000000000b is an unknown value


Stack: [0x000000002c720000,0x000000002c820000],  sp=0x000000002c81e980,  free space=1018k
Native frames: (J=compiled Java code, j=interpreted, Vv=VM code, C=native code)

Java frames: (J=compiled Java code, j=interpreted, Vv=VM code)
j  org.bytedeco.javacpp.avformat.av_read_frame(Lorg/bytedeco/javacpp/avformat$AVFormatContext;Lorg/bytedeco/javacpp/avcodec$AVPacket;)I+0
j  com.nieyue.javacv.recorder.FFmpegFrameGrabberPlus.grabFrame(ZZZZ)Lorg/bytedeco/javacv/Frame;+335
j  com.nieyue.javacv.recorder.FFmpegFrameGrabberPlus.grab()Lorg/bytedeco/javacv/Frame;+5
j  org.bytedeco.javacv.FrameGrabber.grabFrame()Lorg/bytedeco/javacv/Frame;+1
j  com.nieyue.javacv.recorder.RecordThread.codecLoop()V+82
j  com.nieyue.javacv.recorder.RecordThread.run()V+48
v  ~StubRoutines::call_stub

---------------  P R O C E S S  ---------------

Java Threads: ( => current thread )
  0x0000000027eb3000 JavaThread "Thread-0" [_thread_in_native, id=14260, stack(0x000000002c950000,0x000000002ca50000)]
  0x00000000020c8000 JavaThread "DestroyJavaVM" [_thread_blocked, id=13564, stack(0x0000000002380000,0x0000000002480000)]
=>0x00000000280b3800 JavaThread "录像工作线程0" [_thread_in_native, id=13832, stack(0x000000002c720000,0x000000002c820000)]
  0x0000000027d50000 JavaThread "JavaCPP Deallocator" daemon [_thread_blocked, id=14320, stack(0x0000000029070000,0x0000000029170000)]
  0x00000000276fc800 JavaThread "Service Thread" daemon [_thread_blocked, id=13376, stack(0x0000000028ba0000,0x0000000028ca0000)]
  0x000000002761f000 JavaThread "C1 CompilerThread2" daemon [_thread_blocked, id=10592, stack(0x0000000026670000,0x0000000026770000)]
  0x000000002767b800 JavaThread "C2 CompilerThread1" daemon [_thread_blocked, id=13612, stack(0x00000000289d0000,0x0000000028ad0000)]
  0x000000002767b000 JavaThread "C2 CompilerThread0" daemon [_thread_blocked, id=11072, stack(0x0000000028810000,0x0000000028910000)]
  0x0000000027679800 JavaThread "Monitor Ctrl-Break" daemon [_thread_in_native, id=13232, stack(0x0000000028630000,0x0000000028730000)]
  0x00000000268d0800 JavaThread "Attach Listener" daemon [_thread_blocked, id=14016, stack(0x0000000026d20000,0x0000000026e20000)]
  0x00000000251f8000 JavaThread "Signal Dispatcher" daemon [_thread_blocked, id=7964, stack(0x0000000026430000,0x0000000026530000)]
  0x00000000251dd800 JavaThread "Finalizer" daemon [_thread_blocked, id=9560, stack(0x00000000267c0000,0x00000000268c0000)]
  0x0000000025196800 JavaThread "Reference Handler" daemon [_thread_blocked, id=14232, stack(0x0000000026570000,0x0000000026670000)]

Other Threads:
  0x000000002518f000 VMThread [stack: 0x0000000026320000,0x0000000026420000] [id=12532]
  0x0000000027783000 WatcherThread [stack: 0x0000000028df0000,0x0000000028ef0000] [id=10148]

VM state:not at safepoint (normal execution)

VM Mutex/Monitor currently owned by a thread: None

Heap:
 PSYoungGen      total 153088K, used 47582K [0x0000000715900000, 0x0000000720380000, 0x00000007c0000000)
  eden space 131584K, 33% used [0x0000000715900000,0x00000007183e87a8,0x000000071d980000)
  from space 21504K, 16% used [0x000000071d980000,0x000000071dd0f340,0x000000071ee80000)
  to   space 21504K, 0% used [0x000000071ee80000,0x000000071ee80000,0x0000000720380000)
 ParOldGen       total 349696K, used 16K [0x00000005c0a00000, 0x00000005d5f80000, 0x0000000715900000)
  object space 349696K, 0% used [0x00000005c0a00000,0x00000005c0a04000,0x00000005d5f80000)
 Metaspace       used 6727K, capacity 6806K, committed 6912K, reserved 1056768K
  class space    used 736K, capacity 753K, committed 768K, reserved 1048576K

Card table byte_map: [0x0000000011840000,0x0000000012840000] byte_map_base: 0x000000000ea3b000

Marking Bits: (ParMarkBitMap*) 0x0000000063abc720
 Begin Bits: [0x0000000013850000, 0x000000001b828000)
 End Bits:   [0x000000001b828000, 0x0000000023800000)

Polling page: 0x0000000000110000

CodeCache: size=245760Kb used=3751Kb max_used=3751Kb free=242008Kb
 bounds [0x0000000002480000, 0x0000000002830000, 0x0000000011480000]
 total_blobs=1123 nmethods=798 adapters=238
 compilation: enabled

Compilation events (10 events):
Event: 13.378 Thread 0x000000002761f000  794       3       java.nio.ByteBuffer::arrayOffset (35 bytes)
Event: 13.378 Thread 0x000000002761f000 nmethod 794 0x000000000282b1d0 code [0x000000000282b360, 0x000000000282b678]
Event: 13.690 Thread 0x000000002761f000  795       3       java.util.Date::<init> (8 bytes)
Event: 13.690 Thread 0x000000002761f000 nmethod 795 0x000000000282b7d0 code [0x000000000282b940, 0x000000000282bb70]
Event: 13.690 Thread 0x000000002761f000  796       3       java.util.Date::<init> (10 bytes)
Event: 13.690 Thread 0x000000002761f000 nmethod 796 0x000000000282bc50 code [0x000000000282bda0, 0x000000000282bf50]
Event: 15.378 Thread 0x000000002761f000  797       3       java.nio.CharBuffer::arrayOffset (35 bytes)
Event: 15.378 Thread 0x000000002761f000 nmethod 797 0x000000000282c010 code [0x000000000282c1a0, 0x000000000282c4b8]
Event: 17.377 Thread 0x000000002761f000  798       3       java.nio.charset.CoderResult::isUnderflow (13 bytes)
Event: 17.378 Thread 0x000000002761f000 nmethod 798 0x000000000282c610 code [0x000000000282c760, 0x000000000282c910]

GC Heap History (2 events):
Event: 9.759 GC heap before
{Heap before GC invocations=1 (full 0):
 PSYoungGen      total 153088K, used 131584K [0x0000000715900000, 0x0000000720380000, 0x00000007c0000000)
  eden space 131584K, 100% used [0x0000000715900000,0x000000071d980000,0x000000071d980000)
  from space 21504K, 0% used [0x000000071ee80000,0x000000071ee80000,0x0000000720380000)
  to   space 21504K, 0% used [0x000000071d980000,0x000000071d980000,0x000000071ee80000)
 ParOldGen       total 349696K, used 0K [0x00000005c0a00000, 0x00000005d5f80000, 0x0000000715900000)
  object space 349696K, 0% used [0x00000005c0a00000,0x00000005c0a00000,0x00000005d5f80000)
 Metaspace       used 6449K, capacity 6550K, committed 6656K, reserved 1056768K
  class space    used 722K, capacity 753K, committed 768K, reserved 1048576K
Event: 9.764 GC heap after
Heap after GC invocations=1 (full 0):
 PSYoungGen      total 153088K, used 3644K [0x0000000715900000, 0x0000000720380000, 0x00000007c0000000)
  eden space 131584K, 0% used [0x0000000715900000,0x0000000715900000,0x000000071d980000)
  from space 21504K, 16% used [0x000000071d980000,0x000000071dd0f340,0x000000071ee80000)
  to   space 21504K, 0% used [0x000000071ee80000,0x000000071ee80000,0x0000000720380000)
 ParOldGen       total 349696K, used 16K [0x00000005c0a00000, 0x00000005d5f80000, 0x0000000715900000)
  object space 349696K, 0% used [0x00000005c0a00000,0x00000005c0a04000,0x00000005d5f80000)
 Metaspace       used 6449K, capacity 6550K, committed 6656K, reserved 1056768K
  class space    used 722K, capacity 753K, committed 768K, reserved 1048576K
}

Deoptimization events (1 events):
Event: 0.405 Thread 0x00000000020c8000 Uncommon trap: reason=unstable_if action=reinterpret pc=0x000000000263c2d0 method=java.io.WinNTFileSystem.normalize(Ljava/lang/String;II)Ljava/lang/String; @ 8

Internal exceptions (10 events):
Event: 0.268 Thread 0x00000000020c8000 Exception <a 'java/security/PrivilegedActionException'> (0x00000007168b0b38) thrown at [C:\re\workspace\8-2-build-windows-amd64-cygwin\jdk8u131\8869\hotspot\src\share\vm\prims\jvm.cpp, line 1390]
Event: 0.268 Thread 0x00000000020c8000 Exception <a 'java/security/PrivilegedActionException'> (0x00000007168b0d48) thrown at [C:\re\workspace\8-2-build-windows-amd64-cygwin\jdk8u131\8869\hotspot\src\share\vm\prims\jvm.cpp, line 1390]
Event: 0.268 Thread 0x00000000020c8000 Exception <a 'java/security/PrivilegedActionException'> (0x00000007168b24c0) thrown at [C:\re\workspace\8-2-build-windows-amd64-cygwin\jdk8u131\8869\hotspot\src\share\vm\prims\jvm.cpp, line 1390]
Event: 0.268 Thread 0x00000000020c8000 Exception <a 'java/security/PrivilegedActionException'> (0x00000007168b26d0) thrown at [C:\re\workspace\8-2-build-windows-amd64-cygwin\jdk8u131\8869\hotspot\src\share\vm\prims\jvm.cpp, line 1390]
Event: 0.268 Thread 0x00000000020c8000 Exception <a 'java/security/PrivilegedActionException'> (0x00000007168b3ea8) thrown at [C:\re\workspace\8-2-build-windows-amd64-cygwin\jdk8u131\8869\hotspot\src\share\vm\prims\jvm.cpp, line 1390]
Event: 0.268 Thread 0x00000000020c8000 Exception <a 'java/security/PrivilegedActionException'> (0x00000007168b40b8) thrown at [C:\re\workspace\8-2-build-windows-amd64-cygwin\jdk8u131\8869\hotspot\src\share\vm\prims\jvm.cpp, line 1390]
Event: 0.351 Thread 0x00000000020c8000 Exception <a 'java/security/PrivilegedActionException'> (0x0000000717139a98) thrown at [C:\re\workspace\8-2-build-windows-amd64-cygwin\jdk8u131\8869\hotspot\src\share\vm\prims\jvm.cpp, line 1390]
Event: 0.351 Thread 0x00000000020c8000 Exception <a 'java/security/PrivilegedActionException'> (0x0000000717139ca8) thrown at [C:\re\workspace\8-2-build-windows-amd64-cygwin\jdk8u131\8869\hotspot\src\share\vm\prims\jvm.cpp, line 1390]
Event: 0.352 Thread 0x00000000020c8000 Exception <a 'java/security/PrivilegedActionException'> (0x000000071713dbb8) thrown at [C:\re\workspace\8-2-build-windows-amd64-cygwin\jdk8u131\8869\hotspot\src\share\vm\prims\jvm.cpp, line 1390]
Event: 0.352 Thread 0x00000000020c8000 Exception <a 'java/security/PrivilegedActionException'> (0x000000071713ddc8) thrown at [C:\re\workspace\8-2-build-windows-amd64-cygwin\jdk8u131\8869\hotspot\src\share\vm\prims\jvm.cpp, line 1390]

Events (10 events):
Event: 10.378 loading class java/nio/DirectFloatBufferU
Event: 10.378 loading class java/nio/FloatBuffer
Event: 10.379 loading class java/nio/FloatBuffer done
Event: 10.379 loading class java/nio/DirectFloatBufferU done
Event: 10.379 loading class java/nio/DirectShortBufferU
Event: 10.379 loading class java/nio/ShortBuffer
Event: 10.379 loading class java/nio/ShortBuffer done
Event: 10.379 loading class java/nio/DirectShortBufferU done
Event: 10.379 loading class org/bytedeco/javacpp/Pointer$2
Event: 10.379 loading class org/bytedeco/javacpp/Pointer$2 done


Dynamic libraries:
0x000000013f180000 - 0x000000013f1b7000 	C:\Program Files\Java\jdk1.8.0_131\bin\java.exe
0x0000000077a80000 - 0x0000000077c1f000 	C:\Windows\SYSTEM32\ntdll.dll
0x0000000077960000 - 0x0000000077a7f000 	C:\Windows\system32\kernel32.dll
0x000007fefd980000 - 0x000007fefd9ea000 	C:\Windows\system32\KERNELBASE.dll
0x000007fefe0b0000 - 0x000007fefe18b000 	C:\Windows\system32\ADVAPI32.dll
0x000007fefe770000 - 0x000007fefe80f000 	C:\Windows\system32\msvcrt.dll
0x000007fefe090000 - 0x000007fefe0af000 	C:\Windows\SYSTEM32\sechost.dll
0x000007fefe4b0000 - 0x000007fefe5dd000 	C:\Windows\system32\RPCRT4.dll
0x0000000077860000 - 0x000000007795a000 	C:\Windows\system32\USER32.dll
0x000007fefdf50000 - 0x000007fefdfb7000 	C:\Windows\system32\GDI32.dll
0x000007fefe4a0000 - 0x000007fefe4ae000 	C:\Windows\system32\LPK.dll
0x000007feffb00000 - 0x000007feffbcb000 	C:\Windows\system32\USP10.dll
0x000007fefbf00000 - 0x000007fefc0f4000 	C:\Windows\WinSxS\amd64_microsoft.windows.common-controls_6595b64144ccf1df_6.0.7601.18837_none_fa3b1e3d17594757\COMCTL32.dll
0x000007feff8a0000 - 0x000007feff911000 	C:\Windows\system32\SHLWAPI.dll
0x000007fefdf20000 - 0x000007fefdf4e000 	C:\Windows\system32\IMM32.DLL
0x000007feffbd0000 - 0x000007feffcd9000 	C:\Windows\system32\MSCTF.dll
0x0000000063b40000 - 0x0000000063c12000 	C:\Program Files\Java\jdk1.8.0_131\jre\bin\msvcr100.dll
0x00000000632a0000 - 0x0000000063b3c000 	C:\Program Files\Java\jdk1.8.0_131\jre\bin\server\jvm.dll
0x000007fef1130000 - 0x000007fef1139000 	C:\Windows\system32\WSOCK32.dll
0x000007fefe450000 - 0x000007fefe49d000 	C:\Windows\system32\WS2_32.dll
0x000007fefdfe0000 - 0x000007fefdfe8000 	C:\Windows\system32\NSI.dll
0x000007fefda20000 - 0x000007fefda5b000 	C:\Windows\system32\WINMM.dll
0x000007fefc860000 - 0x000007fefc86c000 	C:\Windows\system32\VERSION.dll
0x0000000077c20000 - 0x0000000077c27000 	C:\Windows\system32\PSAPI.DLL
0x0000000063e50000 - 0x0000000063e5f000 	C:\Program Files\Java\jdk1.8.0_131\jre\bin\verify.dll
0x0000000063e20000 - 0x0000000063e49000 	C:\Program Files\Java\jdk1.8.0_131\jre\bin\java.dll
0x0000000063d60000 - 0x0000000063d83000 	C:\Program Files\Java\jdk1.8.0_131\jre\bin\instrument.dll
0x0000000063e00000 - 0x0000000063e16000 	C:\Program Files\Java\jdk1.8.0_131\jre\bin\zip.dll
0x000007fefeb10000 - 0x000007feff89a000 	C:\Windows\system32\SHELL32.dll
0x000007fefdbf0000 - 0x000007fefddef000 	C:\Windows\system32\ole32.dll
0x000007fefd740000 - 0x000007fefd74f000 	C:\Windows\system32\profapi.dll
0x000007fef1080000 - 0x000007fef109a000 	E:\nieyue\idea\bin\breakgen64.dll
0x0000000063d40000 - 0x0000000063d5a000 	C:\Program Files\Java\jdk1.8.0_131\jre\bin\net.dll
0x000007fefcf30000 - 0x000007fefcf85000 	C:\Windows\system32\mswsock.dll
0x000007fefcf20000 - 0x000007fefcf27000 	C:\Windows\System32\wship6.dll
0x000007feee4a0000 - 0x000007feee55b000 	C:\Users\Administrator\.javacpp\cache\ffmpeg-4.0.2-1.4.3-windows-x86_64.jar\org\bytedeco\javacpp\windows-x86_64\avutil-56.dll
0x000007fefd0e0000 - 0x000007fefd102000 	C:\Windows\system32\bcrypt.dll
0x0000000063d20000 - 0x0000000063d31000 	C:\Program Files\Java\jdk1.8.0_131\jre\bin\nio.dll
0x000000006fe00000 - 0x000000006fee7000 	C:\Users\Administrator\.javacpp\cache\ffmpeg-4.0.2-1.4.3-windows-x86_64.jar\org\bytedeco\javacpp\windows-x86_64\jniavutil.dll
0x000007fef0230000 - 0x000007fef0257000 	C:\Users\Administrator\.javacpp\cache\ffmpeg-4.0.2-1.4.3-windows-x86_64.jar\org\bytedeco\javacpp\windows-x86_64\swresample-3.dll
0x0000000070080000 - 0x00000000700ae000 	C:\Users\Administrator\.javacpp\cache\ffmpeg-4.0.2-1.4.3-windows-x86_64.jar\org\bytedeco\javacpp\windows-x86_64\jniswresample.dll
0x000007fee8ec0000 - 0x000007feeb141000 	C:\Users\Administrator\.javacpp\cache\ffmpeg-4.0.2-1.4.3-windows-x86_64.jar\org\bytedeco\javacpp\windows-x86_64\avcodec-58.dll
0x000000006a1c0000 - 0x000000006a424000 	C:\Users\Administrator\.javacpp\cache\ffmpeg-4.0.2-1.4.3-windows-x86_64.jar\org\bytedeco\javacpp\windows-x86_64\jniavcodec.dll
0x000007feecf10000 - 0x000007feed3d1000 	C:\Users\Administrator\.javacpp\cache\ffmpeg-4.0.2-1.4.3-windows-x86_64.jar\org\bytedeco\javacpp\windows-x86_64\avformat-58.dll
0x000007fefd810000 - 0x000007fefd97d000 	C:\Windows\system32\CRYPT32.dll
0x000007fefd7e0000 - 0x000007fefd7ef000 	C:\Windows\system32\MSASN1.dll
0x000000006abc0000 - 0x000000006ad0a000 	C:\Users\Administrator\.javacpp\cache\ffmpeg-4.0.2-1.4.3-windows-x86_64.jar\org\bytedeco\javacpp\windows-x86_64\jniavformat.dll
0x000007feeebf0000 - 0x000007feeec85000 	C:\Users\Administrator\.javacpp\cache\ffmpeg-4.0.2-1.4.3-windows-x86_64.jar\org\bytedeco\javacpp\windows-x86_64\swscale-5.dll
0x0000000067cc0000 - 0x0000000067cf6000 	C:\Users\Administrator\.javacpp\cache\ffmpeg-4.0.2-1.4.3-windows-x86_64.jar\org\bytedeco\javacpp\windows-x86_64\jniswscale.dll
0x000007feeef40000 - 0x000007feeef6a000 	C:\Users\Administrator\.javacpp\cache\ffmpeg-4.0.2-1.4.3-windows-x86_64.jar\org\bytedeco\javacpp\windows-x86_64\postproc-55.dll
0x000000006a0c0000 - 0x000000006a0ed000 	C:\Users\Administrator\.javacpp\cache\ffmpeg-4.0.2-1.4.3-windows-x86_64.jar\org\bytedeco\javacpp\windows-x86_64\jnipostproc.dll
0x000007feeda30000 - 0x000007feeddb1000 	C:\Users\Administrator\.javacpp\cache\ffmpeg-4.0.2-1.4.3-windows-x86_64.jar\org\bytedeco\javacpp\windows-x86_64\avfilter-7.dll
0x0000000064400000 - 0x0000000064477000 	C:\Users\Administrator\.javacpp\cache\ffmpeg-4.0.2-1.4.3-windows-x86_64.jar\org\bytedeco\javacpp\windows-x86_64\jniavfilter.dll
0x000007feeed10000 - 0x000007feeed3c000 	C:\Users\Administrator\.javacpp\cache\ffmpeg-4.0.2-1.4.3-windows-x86_64.jar\org\bytedeco\javacpp\windows-x86_64\avdevice-58.dll
0x000007fefe370000 - 0x000007fefe44a000 	C:\Windows\system32\OLEAUT32.dll
0x000007fef79a0000 - 0x000007fef79b7000 	C:\Windows\system32\AVICAP32.dll
0x000007feeee50000 - 0x000007feeee79000 	C:\Windows\system32\MSVFW32.dll
0x00000000003f0000 - 0x0000000000429000 	C:\Users\Administrator\.javacpp\cache\ffmpeg-4.0.2-1.4.3-windows-x86_64.jar\org\bytedeco\javacpp\windows-x86_64\jniavdevice.dll
0x000007fefc930000 - 0x000007fefc937000 	C:\Windows\System32\wshtcpip.dll
0x000007fefcdb0000 - 0x000007fefce0b000 	C:\Windows\system32\DNSAPI.dll
0x0000000072920000 - 0x0000000072946000 	C:\Program Files\Bonjour\mdnsNSP.dll
0x000007fefb2c0000 - 0x000007fefb2e7000 	C:\Windows\system32\Iphlpapi.DLL
0x000007fefb2b0000 - 0x000007fefb2bb000 	C:\Windows\system32\WINNSI.DLL
0x000007fef8890000 - 0x000007fef8898000 	C:\Windows\system32\rasadhlp.dll
0x000007fef9f60000 - 0x000007fef9fb3000 	C:\Windows\System32\fwpuclnt.dll
0x000007fef6ab0000 - 0x000007fef6bd5000 	C:\Windows\system32\dbghelp.dll

VM Arguments:
jvm_args: -javaagent:E:\nieyue\idea\lib\idea_rt.jar=49634:E:\nieyue\idea\bin -Dfile.encoding=UTF-8 
java_command: com.nieyue.javacv.CVUtil2
java_class_path (initial): C:\Users\Administrator\AppData\Local\Temp\classpath950349716.jar;E:\nieyue\idea\lib\idea_rt.jar
Launcher Type: SUN_STANDARD

Environment Variables:
JAVA_HOME=C:\Program Files\Java\jdk1.8.0_131
CLASSPATH=.;C:\Program Files\Java\jdk1.8.0_131\lib\dt.jar;C:\Program Files\Java\jdk1.8.0_131\lib\tools.jar;
PATH=C:\ProgramData\Oracle\Java\javapath;C:\Program Files\Java\jdk1.8.0_131\bin;C:\Program Files\Java\jdk1.8.0_131\jre\bin;C:\Windows\system32;C:\Windows;C:\Windows\System32\Wbem;C:\Windows\System32\WindowsPowerShell\v1.0\;C:\Program Files\nodejs;C:\Program Files (x86)\Git\bin;C:\Program Files (x86)\MySQL\MySQL Fabric 1.5.2 & MySQL Utilities 1.5.2 1.5\;C:\Program Files (x86)\MySQL\MySQL Fabric 1.5.2 & MySQL Utilities 1.5.2 1.5\Doctrine extensions for PHP\;C:\Program Files\MySQL\MySQL Server 5.6\bin;C:\Users\Administrator\AppData\Roaming\npm;D:\java\spring-boot-cli\spring-1.5.1.RELEASE\bin;D:\java\maven\apache-maven-3.3.3\bin;D:\java\gradle\gradle-3.5\bin;C:\MinGW\bin;C:\Python27;D:\java\AndroidStudio\SDKTools\platforms;D:\java\AndroidStudio\SDKTools\platform-tools;D:\java\AndroidStudio\SDKTools\tools;C:\Users\Administrator\source\repos\Dll2\Debug;C:\javalibrarypath;C:\Program Files\TortoiseSVN\bin;E:\WAMPP\php;C:\Program Files (x86)\Microsoft SQL Server\100\Tools\Binn\;C:\Program Files\Microsoft SQL Server\100\Tools\Binn\;C:\Program Files\Microsoft SQL Server\100\DTS\Binn\;C:\Program Files (x86)\Microsoft SQL Server\100\DTS\Binn\;C:\Program Files (x86)\Microsoft SQL Server\100\Tools\Binn\VSShell\Common7\IDE\;D:\java\Pyton\python3;C:\Program Files\nodejs\;D:\java\Pyton\python3\Scripts;;D:\java\VSCODE\Microsoft VS Code\bin;C:\javalibrarypath;E:\Fiddler;C:\Users\Administrator\AppData\Roaming\npm
USERNAME=Administrator
OS=Windows_NT
PROCESSOR_IDENTIFIER=Intel64 Family 6 Model 94 Stepping 3, GenuineIntel



---------------  S Y S T E M  ---------------

OS: Windows 7 , 64 bit Build 7601 (6.1.7601.24308)

CPU:total 4 (initial active 4) (4 cores per cpu, 1 threads per core) family 6 model 94 stepping 3, cmov, cx8, fxsr, mmx, sse, sse2, sse3, ssse3, sse4.1, sse4.2, popcnt, avx, avx2, aes, clmul, erms, rtm, 3dnowpref, lzcnt, tsc, tscinvbit, bmi1, bmi2, adx

Memory: 4k page, physical 33505792k(15027808k free), swap 67009684k(46287348k free)

vm_info: Java HotSpot(TM) 64-Bit Server VM (25.131-b11) for windows-amd64 JRE (1.8.0_131-b11), built on Mar 15 2017 01:23:53 by "java_re" with MS VC++ 10.0 (VS2010)

time: Tue Jan 08 18:25:23 2019
elapsed time: 19 seconds (0d 0h 0m 19s)

