#
# A fatal error has been detected by the Java Runtime Environment:
#
#  EXCEPTION_ACCESS_VIOLATION (0xc0000005) at pc=0x000007feed091bf4, pid=11748, tid=0x0000000000002704
#
# JRE version: Java(TM) SE Runtime Environment (8.0_131-b11) (build 1.8.0_131-b11)
# Java VM: Java HotSpot(TM) 64-Bit Server VM (25.131-b11 mixed mode windows-amd64 compressed oops)
# Problematic frame:
# C  [avformat-58.dll+0xe1bf4]
#
# Failed to write core dump. Minidumps are not enabled by default on client versions of Windows
#
# If you would like to submit a bug report, please visit:
#   http://bugreport.java.com/bugreport/crash.jsp
# The crash happened outside the Java Virtual Machine in native code.
# See problematic frame for where to report the bug.
#

---------------  T H R E A D  ---------------

Current thread (0x000000001a600000):  JavaThread "录像工作线程0" [_thread_in_native, id=9988, stack(0x000000001bc90000,0x000000001bd90000)]

siginfo: ExceptionCode=0xc0000005, reading address 0x0000000000000000

Registers:
RAX=0x0000000000000000, RBX=0x000000001b08abc0, RCX=0x000007feee0de6f8, RDX=0x8000000000000000
RSP=0x000000001bd8eac0, RBP=0x000000000055f1c0, RSI=0x0000000000520030, RDI=0x0000000000000000
R8 =0x0000000077770000, R9 =0x000000001bd8e644, R10=0x00000000c0000008, R11=0x0000000000000246
R12=0x0000000000000000, R13=0x0000000016db0578, R14=0x000000001bd8ed90, R15=0x000000001a600000
RIP=0x000007feed091bf4, EFLAGS=0x0000000000010206

Top of Stack: (sp=0x000000001bd8eac0)
0x000000001bd8eac0:   0000000000000000 0000000018fa7030
0x000000001bd8ead0:   0000000000000033 8000000000000000
0x000000001bd8eae0:   0000000000000000 0000000000520030
0x000000001bd8eaf0:   0000000000000004 0000000018fa6ff0
0x000000001bd8eb00:   000000001a600000 00000000566cb34f
0x000000001bd8eb10:   000000001939b580 000000001bd8ebd0
0x000000001bd8eb20:   000000001bd8ecc0 0000bb8000000800
0x000000001bd8eb30:   000000001729bd01 000000001bd8ecc0
0x000000001bd8eb40:   000000001a600000 000000001a600000
0x000000001bd8eb50:   0000000016db0580 000000001a600000
0x000000001bd8eb60:   0000000016db0580 000000001a600000
0x000000001bd8eb70:   0000000000000000 000000001bd8ecd8
0x000000001bd8eb80:   0000000018fa72c8 0000000018fa6ef0
0x000000001bd8eb90:   000000001a675040 00000000566cba31
0x000000001bd8eba0:   0000000018fa6ee0 000000001bd8ecc0
0x000000001bd8ebb0:   000000001bd8ec30 0000000018fa6ee0 

Instructions: (pc=0x000007feed091bf4)
0x000007feed091bd4:   64 3c 00 85 c0 0f 84 01 0c 00 00 48 8b 83 f0 02
0x000007feed091be4:   00 00 48 ba 00 00 00 00 00 00 00 80 48 8b 40 48
0x000007feed091bf4:   48 8b 00 48 39 d0 48 89 46 08 48 89 46 10 49 89
0x000007feed091c04:   c1 0f 84 2b fe ff ff e9 0e fe ff ff 48 8d bc 24 


Register to memory mapping:

RAX=0x0000000000000000 is an unknown value
RBX=0x000000001b08abc0 is an unknown value
RCX=0x000007feee0de6f8 is an unknown value
RDX=0x8000000000000000 is an unknown value
RSP=0x000000001bd8eac0 is pointing into the stack for thread: 0x000000001a600000
RBP=0x000000000055f1c0 is an unknown value
RSI=0x0000000000520030 is an unknown value
RDI=0x0000000000000000 is an unknown value
R8 =0x0000000077770000 is an unknown value
R9 =0x000000001bd8e644 is pointing into the stack for thread: 0x000000001a600000
R10=0x00000000c0000008 is an oop

[error occurred during error reporting (printing register info), id 0xc0000005]

Stack: [0x000000001bc90000,0x000000001bd90000],  sp=0x000000001bd8eac0,  free space=1018k
Native frames: (J=compiled Java code, j=interpreted, Vv=VM code, C=native code)
C  [avformat-58.dll+0xe1bf4]
C  [avformat-58.dll+0xe3664]
C  0x00000000025e7f74

Java frames: (J=compiled Java code, j=interpreted, Vv=VM code)
j  org.bytedeco.javacpp.avformat.av_write_frame(Lorg/bytedeco/javacpp/avformat$AVFormatContext;Lorg/bytedeco/javacpp/avcodec$AVPacket;)I+0
j  com.nieyue.javacv.recorder.FFmpegFrameRecorderPlus.writePacket(ILorg/bytedeco/javacpp/avcodec$AVPacket;)V+135
j  com.nieyue.javacv.recorder.FFmpegFrameRecorderPlus.recordPacket(Lorg/bytedeco/javacpp/avcodec$AVPacket;)Z+182
j  com.nieyue.javacv.recorder.RecordThread.forwardLoop()V+182
j  com.nieyue.javacv.recorder.RecordThread.run()V+45
v  ~StubRoutines::call_stub

---------------  P R O C E S S  ---------------

Java Threads: ( => current thread )
  0x0000000002158000 JavaThread "DestroyJavaVM" [_thread_blocked, id=11296, stack(0x00000000022d0000,0x00000000023d0000)]
=>0x000000001a600000 JavaThread "录像工作线程0" [_thread_in_native, id=9988, stack(0x000000001bc90000,0x000000001bd90000)]
  0x0000000019dc7000 JavaThread "JavaCPP Deallocator" daemon [_thread_blocked, id=12004, stack(0x000000001ae50000,0x000000001af50000)]
  0x0000000019040800 JavaThread "Service Thread" daemon [_thread_blocked, id=10992, stack(0x0000000019c80000,0x0000000019d80000)]
  0x0000000018ff3800 JavaThread "C1 CompilerThread2" daemon [_thread_blocked, id=1288, stack(0x0000000012170000,0x0000000012270000)]
  0x0000000018f8c800 JavaThread "C2 CompilerThread1" daemon [_thread_blocked, id=10096, stack(0x0000000019910000,0x0000000019a10000)]
  0x0000000018f8b800 JavaThread "C2 CompilerThread0" daemon [_thread_blocked, id=8608, stack(0x00000000196a0000,0x00000000197a0000)]
  0x0000000018f8a000 JavaThread "Monitor Ctrl-Break" daemon [_thread_in_native, id=11936, stack(0x0000000019500000,0x0000000019600000)]
  0x000000001729e800 JavaThread "Attach Listener" daemon [_thread_blocked, id=4576, stack(0x0000000018b30000,0x0000000018c30000)]
  0x0000000017290000 JavaThread "Signal Dispatcher" daemon [_thread_blocked, id=10388, stack(0x0000000018470000,0x0000000018570000)]
  0x000000001727b000 JavaThread "Finalizer" daemon [_thread_blocked, id=8912, stack(0x00000000185a0000,0x00000000186a0000)]
  0x0000000017234000 JavaThread "Reference Handler" daemon [_thread_blocked, id=1000, stack(0x00000000182e0000,0x00000000183e0000)]

Other Threads:
  0x000000001722c000 VMThread [stack: 0x00000000181b0000,0x00000000182b0000] [id=7380]
  0x00000000190f8800 WatcherThread [stack: 0x0000000019a40000,0x0000000019b40000] [id=11536]

VM state:not at safepoint (normal execution)

VM Mutex/Monitor currently owned by a thread: None

Heap:
 PSYoungGen      total 1835008K, used 251740K [0x0000000080080000, 0x0000000100000000, 0x0000000100000000)
  eden space 1573376K, 16% used [0x0000000080080000,0x000000008f6573d8,0x00000000e0100000)
  from space 261632K, 0% used [0x00000000f0080000,0x00000000f0080000,0x0000000100000000)
  to   space 261632K, 0% used [0x00000000e0100000,0x00000000e0100000,0x00000000f0080000)
 ParOldGen       total 512K, used 0K [0x0000000080000000, 0x0000000080080000, 0x0000000080080000)
  object space 512K, 0% used [0x0000000080000000,0x0000000080000000,0x0000000080080000)
 Metaspace       used 6624K, capacity 6742K, committed 6912K, reserved 1056768K
  class space    used 733K, capacity 753K, committed 768K, reserved 1048576K

Card table byte_map: [0x0000000011990000,0x0000000011da0000] byte_map_base: 0x0000000011590000

Marking Bits: (ParMarkBitMap*) 0x0000000056d0c720
 Begin Bits: [0x00000000124a0000, 0x00000000144a0000)
 End Bits:   [0x00000000144a0000, 0x00000000164a0000)

Polling page: 0x0000000000110000

CodeCache: size=245760Kb used=3500Kb max_used=3513Kb free=242259Kb
 bounds [0x00000000025d0000, 0x0000000002950000, 0x00000000115d0000]
 total_blobs=1005 nmethods=680 adapters=238
 compilation: enabled

Compilation events (10 events):
Event: 3.542 Thread 0x0000000018ff3800 nmethod 676 0x0000000002937290 code [0x0000000002937420, 0x00000000029377f8]
Event: 3.542 Thread 0x0000000018ff3800  673   !   3       com.sun.proxy.$Proxy1::pragma (29 bytes)
Event: 3.542 Thread 0x0000000018ff3800 nmethod 673 0x0000000002936b10 code [0x0000000002936ca0, 0x0000000002937078]
Event: 3.542 Thread 0x0000000018ff3800  674   !   3       com.sun.proxy.$Proxy1::exclude (29 bytes)
Event: 3.542 Thread 0x0000000018ff3800 nmethod 674 0x0000000002936390 code [0x0000000002936520, 0x00000000029368f8]
Event: 3.546 Thread 0x0000000018f8b800 nmethod 671% 0x000000000293d750 code [0x000000000293d940, 0x000000000293f478]
Event: 3.551 Thread 0x0000000018ff3800  679       3       java.nio.charset.Charset::atBugLevel (44 bytes)
Event: 3.551 Thread 0x0000000018ff3800 nmethod 679 0x000000000293ce50 code [0x000000000293d000, 0x000000000293d598]
Event: 3.558 Thread 0x0000000018f8c800  680       4       java.io.File::getName (42 bytes)
Event: 3.564 Thread 0x0000000018f8c800 nmethod 680 0x0000000002939290 code [0x0000000002939400, 0x0000000002939918]

GC Heap History (0 events):
No events

Deoptimization events (0 events):
No events

Internal exceptions (10 events):
Event: 0.225 Thread 0x0000000002158000 Exception <a 'java/security/PrivilegedActionException'> (0x000000008071a428) thrown at [C:\re\workspace\8-2-build-windows-amd64-cygwin\jdk8u131\8869\hotspot\src\share\vm\prims\jvm.cpp, line 1390]
Event: 0.225 Thread 0x0000000002158000 Exception <a 'java/security/PrivilegedActionException'> (0x000000008071a638) thrown at [C:\re\workspace\8-2-build-windows-amd64-cygwin\jdk8u131\8869\hotspot\src\share\vm\prims\jvm.cpp, line 1390]
Event: 0.228 Thread 0x0000000002158000 Exception <a 'java/security/PrivilegedActionException'> (0x000000008072a1e0) thrown at [C:\re\workspace\8-2-build-windows-amd64-cygwin\jdk8u131\8869\hotspot\src\share\vm\prims\jvm.cpp, line 1390]
Event: 0.228 Thread 0x0000000002158000 Exception <a 'java/security/PrivilegedActionException'> (0x000000008072a3f0) thrown at [C:\re\workspace\8-2-build-windows-amd64-cygwin\jdk8u131\8869\hotspot\src\share\vm\prims\jvm.cpp, line 1390]
Event: 0.229 Thread 0x0000000002158000 Exception <a 'java/security/PrivilegedActionException'> (0x00000000807331d8) thrown at [C:\re\workspace\8-2-build-windows-amd64-cygwin\jdk8u131\8869\hotspot\src\share\vm\prims\jvm.cpp, line 1390]
Event: 0.229 Thread 0x0000000002158000 Exception <a 'java/security/PrivilegedActionException'> (0x00000000807333e8) thrown at [C:\re\workspace\8-2-build-windows-amd64-cygwin\jdk8u131\8869\hotspot\src\share\vm\prims\jvm.cpp, line 1390]
Event: 0.324 Thread 0x0000000002158000 Exception <a 'java/security/PrivilegedActionException'> (0x0000000080a5dfa8) thrown at [C:\re\workspace\8-2-build-windows-amd64-cygwin\jdk8u131\8869\hotspot\src\share\vm\prims\jvm.cpp, line 1390]
Event: 0.324 Thread 0x0000000002158000 Exception <a 'java/security/PrivilegedActionException'> (0x0000000080a5e1b8) thrown at [C:\re\workspace\8-2-build-windows-amd64-cygwin\jdk8u131\8869\hotspot\src\share\vm\prims\jvm.cpp, line 1390]
Event: 0.325 Thread 0x0000000002158000 Exception <a 'java/security/PrivilegedActionException'> (0x0000000080a620c8) thrown at [C:\re\workspace\8-2-build-windows-amd64-cygwin\jdk8u131\8869\hotspot\src\share\vm\prims\jvm.cpp, line 1390]
Event: 0.325 Thread 0x0000000002158000 Exception <a 'java/security/PrivilegedActionException'> (0x0000000080a622d8) thrown at [C:\re\workspace\8-2-build-windows-amd64-cygwin\jdk8u131\8869\hotspot\src\share\vm\prims\jvm.cpp, line 1390]

Events (10 events):
Event: 3.326 loading class org/bytedeco/javacv/FrameRecorder$Exception done
Event: 3.327 loading class com/nieyue/javacv/recorder/FFmpegFrameRecorderPlus$WriteCallback
Event: 3.327 loading class com/nieyue/javacv/recorder/FFmpegFrameRecorderPlus$WriteCallback done
Event: 3.771 loading class com/nieyue/javacv/recorder/RecordThread
Event: 3.771 loading class com/nieyue/javacv/recorder/RecordThread done
Event: 3.772 loading class com/nieyue/javacv/recorder/RecordThread$1
Event: 3.772 loading class com/nieyue/javacv/recorder/RecordThread$1 done
Event: 3.773 Thread 0x000000001a600000 Thread added: 0x000000001a600000
Event: 3.773 Thread 0x0000000002158000 Thread exited: 0x0000000002158000
Event: 3.773 Thread 0x0000000002158000 Thread added: 0x0000000002158000


Dynamic libraries:
0x000000013fa10000 - 0x000000013fa47000 	C:\Program Files\Java\jdk1.8.0_131\bin\java.exe
0x0000000077770000 - 0x000000007790f000 	C:\Windows\SYSTEM32\ntdll.dll
0x0000000077410000 - 0x000000007752f000 	C:\Windows\system32\kernel32.dll
0x000007fefd7f0000 - 0x000007fefd85a000 	C:\Windows\system32\KERNELBASE.dll
0x000007fefe1f0000 - 0x000007fefe2cb000 	C:\Windows\system32\ADVAPI32.dll
0x000007feff420000 - 0x000007feff4bf000 	C:\Windows\system32\msvcrt.dll
0x000007fefe150000 - 0x000007fefe16f000 	C:\Windows\SYSTEM32\sechost.dll
0x000007fefdc20000 - 0x000007fefdd4d000 	C:\Windows\system32\RPCRT4.dll
0x0000000077530000 - 0x000000007762a000 	C:\Windows\system32\USER32.dll
0x000007fefdd50000 - 0x000007fefddb7000 	C:\Windows\system32\GDI32.dll
0x000007feff4e0000 - 0x000007feff4ee000 	C:\Windows\system32\LPK.dll
0x000007fefe3d0000 - 0x000007fefe49b000 	C:\Windows\system32\USP10.dll
0x000007fefbc30000 - 0x000007fefbe24000 	C:\Windows\WinSxS\amd64_microsoft.windows.common-controls_6595b64144ccf1df_6.0.7601.18837_none_fa3b1e3d17594757\COMCTL32.dll
0x000007fefe170000 - 0x000007fefe1e1000 	C:\Windows\system32\SHLWAPI.dll
0x000007feff6f0000 - 0x000007feff71e000 	C:\Windows\system32\IMM32.DLL
0x000007fefddc0000 - 0x000007fefdec9000 	C:\Windows\system32\MSCTF.dll
0x0000000057830000 - 0x0000000057902000 	C:\Program Files\Java\jdk1.8.0_131\jre\bin\msvcr100.dll
0x00000000564f0000 - 0x0000000056d8c000 	C:\Program Files\Java\jdk1.8.0_131\jre\bin\server\jvm.dll
0x000007fefc130000 - 0x000007fefc139000 	C:\Windows\system32\WSOCK32.dll
0x000007fefe060000 - 0x000007fefe0ad000 	C:\Windows\system32\WS2_32.dll
0x000007fefe680000 - 0x000007fefe688000 	C:\Windows\system32\NSI.dll
0x000007fefd7b0000 - 0x000007fefd7eb000 	C:\Windows\system32\WINMM.dll
0x000007fefc550000 - 0x000007fefc55c000 	C:\Windows\system32\VERSION.dll
0x0000000077910000 - 0x0000000077917000 	C:\Windows\system32\PSAPI.DLL
0x0000000057820000 - 0x000000005782f000 	C:\Program Files\Java\jdk1.8.0_131\jre\bin\verify.dll
0x00000000564c0000 - 0x00000000564e9000 	C:\Program Files\Java\jdk1.8.0_131\jre\bin\java.dll
0x00000000562a0000 - 0x00000000562c3000 	C:\Program Files\Java\jdk1.8.0_131\jre\bin\instrument.dll
0x00000000564a0000 - 0x00000000564b6000 	C:\Program Files\Java\jdk1.8.0_131\jre\bin\zip.dll
0x000007fefe690000 - 0x000007feff41a000 	C:\Windows\system32\SHELL32.dll
0x000007feff4f0000 - 0x000007feff6ef000 	C:\Windows\system32\ole32.dll
0x000007fefd430000 - 0x000007fefd43f000 	C:\Windows\system32\profapi.dll
0x000007fef21b0000 - 0x000007fef21ca000 	E:\nieyue\idea\bin\breakgen64.dll
0x0000000056480000 - 0x000000005649a000 	C:\Program Files\Java\jdk1.8.0_131\jre\bin\net.dll
0x000007fefcc20000 - 0x000007fefcc75000 	C:\Windows\system32\mswsock.dll
0x000007fefcc10000 - 0x000007fefcc17000 	C:\Windows\System32\wship6.dll
0x000007feee030000 - 0x000007feee0eb000 	C:\Users\Administrator\.javacpp\cache\ffmpeg-4.0.2-1.4.3-windows-x86_64.jar\org\bytedeco\javacpp\windows-x86_64\avutil-56.dll
0x000007fefcdd0000 - 0x000007fefcdf2000 	C:\Windows\system32\bcrypt.dll
0x0000000056460000 - 0x0000000056471000 	C:\Program Files\Java\jdk1.8.0_131\jre\bin\nio.dll
0x000000006fe00000 - 0x000000006fee7000 	C:\Users\Administrator\.javacpp\cache\ffmpeg-4.0.2-1.4.3-windows-x86_64.jar\org\bytedeco\javacpp\windows-x86_64\jniavutil.dll
0x000007fef0170000 - 0x000007fef0197000 	C:\Users\Administrator\.javacpp\cache\ffmpeg-4.0.2-1.4.3-windows-x86_64.jar\org\bytedeco\javacpp\windows-x86_64\swresample-3.dll
0x0000000070080000 - 0x00000000700ae000 	C:\Users\Administrator\.javacpp\cache\ffmpeg-4.0.2-1.4.3-windows-x86_64.jar\org\bytedeco\javacpp\windows-x86_64\jniswresample.dll
0x000007feea770000 - 0x000007feec9f1000 	C:\Users\Administrator\.javacpp\cache\ffmpeg-4.0.2-1.4.3-windows-x86_64.jar\org\bytedeco\javacpp\windows-x86_64\avcodec-58.dll
0x000000006a1c0000 - 0x000000006a424000 	C:\Users\Administrator\.javacpp\cache\ffmpeg-4.0.2-1.4.3-windows-x86_64.jar\org\bytedeco\javacpp\windows-x86_64\jniavcodec.dll
0x000007feecfb0000 - 0x000007feed471000 	C:\Users\Administrator\.javacpp\cache\ffmpeg-4.0.2-1.4.3-windows-x86_64.jar\org\bytedeco\javacpp\windows-x86_64\avformat-58.dll
0x000007fefd5e0000 - 0x000007fefd74d000 	C:\Windows\system32\CRYPT32.dll
0x000007fefd4d0000 - 0x000007fefd4df000 	C:\Windows\system32\MSASN1.dll
0x000000006abc0000 - 0x000000006ad0a000 	C:\Users\Administrator\.javacpp\cache\ffmpeg-4.0.2-1.4.3-windows-x86_64.jar\org\bytedeco\javacpp\windows-x86_64\jniavformat.dll
0x000007feedf90000 - 0x000007feee025000 	C:\Users\Administrator\.javacpp\cache\ffmpeg-4.0.2-1.4.3-windows-x86_64.jar\org\bytedeco\javacpp\windows-x86_64\swscale-5.dll
0x0000000067cc0000 - 0x0000000067cf6000 	C:\Users\Administrator\.javacpp\cache\ffmpeg-4.0.2-1.4.3-windows-x86_64.jar\org\bytedeco\javacpp\windows-x86_64\jniswscale.dll
0x000007feee860000 - 0x000007feee88a000 	C:\Users\Administrator\.javacpp\cache\ffmpeg-4.0.2-1.4.3-windows-x86_64.jar\org\bytedeco\javacpp\windows-x86_64\postproc-55.dll
0x000000006a0c0000 - 0x000000006a0ed000 	C:\Users\Administrator\.javacpp\cache\ffmpeg-4.0.2-1.4.3-windows-x86_64.jar\org\bytedeco\javacpp\windows-x86_64\jnipostproc.dll
0x000007feea3e0000 - 0x000007feea761000 	C:\Users\Administrator\.javacpp\cache\ffmpeg-4.0.2-1.4.3-windows-x86_64.jar\org\bytedeco\javacpp\windows-x86_64\avfilter-7.dll
0x0000000064400000 - 0x0000000064477000 	C:\Users\Administrator\.javacpp\cache\ffmpeg-4.0.2-1.4.3-windows-x86_64.jar\org\bytedeco\javacpp\windows-x86_64\jniavfilter.dll
0x000007feee5c0000 - 0x000007feee5ec000 	C:\Users\Administrator\.javacpp\cache\ffmpeg-4.0.2-1.4.3-windows-x86_64.jar\org\bytedeco\javacpp\windows-x86_64\avdevice-58.dll
0x000007fefd8e0000 - 0x000007fefd9ba000 	C:\Windows\system32\OLEAUT32.dll
0x000007fef36e0000 - 0x000007fef36f7000 	C:\Windows\system32\AVICAP32.dll
0x000007feee4e0000 - 0x000007feee509000 	C:\Windows\system32\MSVFW32.dll
0x0000000000310000 - 0x0000000000349000 	C:\Users\Administrator\.javacpp\cache\ffmpeg-4.0.2-1.4.3-windows-x86_64.jar\org\bytedeco\javacpp\windows-x86_64\jniavdevice.dll
0x000007fefc620000 - 0x000007fefc627000 	C:\Windows\System32\wshtcpip.dll
0x000007fefc8c0000 - 0x000007fefc90c000 	C:\Windows\system32\bcryptprimitives.dll
0x000007fefb110000 - 0x000007fefb125000 	C:\Windows\system32\NLAapi.dll
0x000007fef5230000 - 0x000007fef5245000 	C:\Windows\system32\napinsp.dll
0x000007fef5210000 - 0x000007fef5229000 	C:\Windows\system32\pnrpnsp.dll
0x000007fefcaa0000 - 0x000007fefcafb000 	C:\Windows\system32\DNSAPI.dll
0x000007fef5200000 - 0x000007fef520b000 	C:\Windows\System32\winrnr.dll
0x000000006ffd0000 - 0x000000006fff6000 	C:\Program Files\Bonjour\mdnsNSP.dll
0x000007fefafb0000 - 0x000007fefafd7000 	C:\Windows\system32\Iphlpapi.DLL
0x000007fefafa0000 - 0x000007fefafab000 	C:\Windows\system32\WINNSI.DLL
0x000007fef75c0000 - 0x000007fef75c8000 	C:\Windows\system32\rasadhlp.dll
0x000007fef9c50000 - 0x000007fef9ca3000 	C:\Windows\System32\fwpuclnt.dll
0x000007fef6550000 - 0x000007fef6675000 	C:\Windows\system32\dbghelp.dll

VM Arguments:
jvm_args: -Xmx2g -Xms2g -Xmn2g -javaagent:E:\nieyue\idea\lib\idea_rt.jar=56099:E:\nieyue\idea\bin -Dfile.encoding=UTF-8 
java_command: com.nieyue.javacv.CVUtil2
java_class_path (initial): C:\Users\Administrator\AppData\Local\Temp\classpath1169630123.jar;E:\nieyue\idea\lib\idea_rt.jar
Launcher Type: SUN_STANDARD

Environment Variables:
JAVA_HOME=C:\Program Files\Java\jdk1.8.0_131
CLASSPATH=.;C:\Program Files\Java\jdk1.8.0_131\lib\dt.jar;C:\Program Files\Java\jdk1.8.0_131\lib\tools.jar;
PATH=C:\ProgramData\Oracle\Java\javapath;C:\Program Files\Java\jdk1.8.0_131\bin;C:\Program Files\Java\jdk1.8.0_131\jre\bin;C:\Windows\system32;C:\Windows;C:\Windows\System32\Wbem;C:\Windows\System32\WindowsPowerShell\v1.0\;C:\Program Files\nodejs;C:\Program Files (x86)\Git\bin;C:\Program Files (x86)\MySQL\MySQL Fabric 1.5.2 & MySQL Utilities 1.5.2 1.5\;C:\Program Files (x86)\MySQL\MySQL Fabric 1.5.2 & MySQL Utilities 1.5.2 1.5\Doctrine extensions for PHP\;C:\Program Files\MySQL\MySQL Server 5.6\bin;C:\Users\Administrator\AppData\Roaming\npm;D:\java\spring-boot-cli\spring-1.5.1.RELEASE\bin;D:\java\maven\apache-maven-3.3.3\bin;D:\java\gradle\gradle-3.5\bin;C:\MinGW\bin;C:\Python27;D:\java\AndroidStudio\SDKTools\platforms;D:\java\AndroidStudio\SDKTools\platform-tools;D:\java\AndroidStudio\SDKTools\tools;C:\Users\Administrator\source\repos\Dll2\Debug;C:\javalibrarypath;C:\Program Files\TortoiseSVN\bin;E:\WAMPP\php;C:\Program Files (x86)\Microsoft SQL Server\100\Tools\Binn\;C:\Program Files\Microsoft SQL Server\100\Tools\Binn\;C:\Program Files\Microsoft SQL Server\100\DTS\Binn\;C:\Program Files (x86)\Microsoft SQL Server\100\DTS\Binn\;C:\Program Files (x86)\Microsoft SQL Server\100\Tools\Binn\VSShell\Common7\IDE\;D:\java\Pyton\python3;C:\Program Files\nodejs\;D:\java\Pyton\python3\Scripts;;D:\java\VSCODE\Microsoft VS Code\bin;C:\javalibrarypath;E:\Fiddler;C:\Users\Administrator\AppData\Roaming\npm
USERNAME=Administrator
OS=Windows_NT
PROCESSOR_IDENTIFIER=Intel64 Family 6 Model 94 Stepping 3, GenuineIntel



---------------  S Y S T E M  ---------------

OS: Windows 7 , 64 bit Build 7601 (6.1.7601.24308)

CPU:total 4 (initial active 4) (4 cores per cpu, 1 threads per core) family 6 model 94 stepping 3, cmov, cx8, fxsr, mmx, sse, sse2, sse3, ssse3, sse4.1, sse4.2, popcnt, avx, avx2, aes, clmul, erms, rtm, 3dnowpref, lzcnt, tsc, tscinvbit, bmi1, bmi2, adx

Memory: 4k page, physical 33505792k(16156804k free), swap 67009684k(45941420k free)

vm_info: Java HotSpot(TM) 64-Bit Server VM (25.131-b11) for windows-amd64 JRE (1.8.0_131-b11), built on Mar 15 2017 01:23:53 by "java_re" with MS VC++ 10.0 (VS2010)

time: Thu Jan 10 20:08:04 2019
elapsed time: 3 seconds (0d 0h 0m 3s)

